GCASM List File (GCBASIC 0.9 10/9/2014)

Symbols:
A 	EQU 	0
ACCESS 	EQU 	0
ACKDT 	EQU 	5
ACKEN 	EQU 	4
ACKSTAT 	EQU 	6
ADCON0 	EQU 	31
ADCON1 	EQU 	159
ADCS0 	EQU 	6
ADCS1 	EQU 	7
ADCS2 	EQU 	6
ADDEN 	EQU 	3
ADFM 	EQU 	7
ADIE 	EQU 	6
ADIF 	EQU 	6
ADON 	EQU 	0
ADRESH 	EQU 	30
ADRESL 	EQU 	158
ANOBIUM 	EQU 	277
ANOBIUM_H 	EQU 	781
B 	EQU 	1
BANKED 	EQU 	1
BASPROGRAMEND 	EQU 	275
BASPROGRAMSTART 	EQU 	5
BCLIE 	EQU 	3
BCLIF 	EQU 	3
BF 	EQU 	0
BRGH 	EQU 	2
C 	EQU 	0
C1INV 	EQU 	4
C1OUT 	EQU 	6
C2INV 	EQU 	5
C2OUT 	EQU 	7
CCP1CON 	EQU 	23
CCP1IE 	EQU 	2
CCP1IF 	EQU 	2
CCP1M0 	EQU 	0
CCP1M1 	EQU 	1
CCP1M2 	EQU 	2
CCP1M3 	EQU 	3
CCP1X 	EQU 	5
CCP1Y 	EQU 	4
CCP2CON 	EQU 	29
CCP2IE 	EQU 	0
CCP2IF 	EQU 	0
CCP2M0 	EQU 	0
CCP2M1 	EQU 	1
CCP2M2 	EQU 	2
CCP2M3 	EQU 	3
CCP2X 	EQU 	5
CCP2Y 	EQU 	4
CCPR1H 	EQU 	22
CCPR1L 	EQU 	21
CCPR2H 	EQU 	28
CCPR2L 	EQU 	27
CHS0 	EQU 	3
CHS1 	EQU 	4
CHS2 	EQU 	5
CIS 	EQU 	3
CKE 	EQU 	6
CKP 	EQU 	4
CM0 	EQU 	0
CM1 	EQU 	1
CM2 	EQU 	2
CMCON 	EQU 	156
CMIE 	EQU 	6
CMIF 	EQU 	6
CREN 	EQU 	4
CSRC 	EQU 	7
CURRCHARROW 	EQU 	32
CURRCOL 	EQU 	33
CURRPAGE 	EQU 	34
CVR0 	EQU 	0
CVR1 	EQU 	1
CVR2 	EQU 	2
CVR3 	EQU 	3
CVRCON 	EQU 	157
CVREN 	EQU 	7
CVROE 	EQU 	6
CVRR 	EQU 	5
D 	EQU 	5
DATA_ADDRESS 	EQU 	5
DC 	EQU 	1
DELAYTEMP 	EQU 	112
DELAYTEMP2 	EQU 	113
DELAYUS1 	EQU 	953
DELAYUS2 	EQU 	958
DELAYUS3 	EQU 	963
DELAYUS4 	EQU 	864
DELAYUS5 	EQU 	893
DELAY_MS 	EQU 	792
DIV8NOTNEG 	EQU 	1138
DMS_INNER 	EQU 	797
DMS_OUTER 	EQU 	795
DMS_START 	EQU 	793
D_A 	EQU 	5
EEADR 	EQU 	269
EEADRH 	EQU 	271
EECON1 	EQU 	396
EECON2 	EQU 	397
EEDATA 	EQU 	268
EEDATH 	EQU 	270
EEIE 	EQU 	4
EEIF 	EQU 	4
EEPGD 	EQU 	7
ELSE10_1 	EQU 	243
ELSE13_1 	EQU 	133
ELSE16_1 	EQU 	150
ELSE20_1 	EQU 	1065
ELSE21_1 	EQU 	1081
ENDIF1 	EQU 	188
ENDIF10 	EQU 	254
ENDIF13 	EQU 	166
ENDIF14 	EQU 	106
ENDIF15 	EQU 	112
ENDIF16 	EQU 	161
ENDIF18 	EQU 	1025
ENDIF19 	EQU 	1031
ENDIF2 	EQU 	273
ENDIF20 	EQU 	1068
ENDIF21 	EQU 	1084
ENDIF5 	EQU 	166
F 	EQU 	1
FERR 	EQU 	2
FN_GLCDREADBYTE 	EQU 	848
FSR 	EQU 	4
GCEN 	EQU 	7
GIE 	EQU 	7
GLCDBACKGROUND 	EQU 	35
GLCDBACKGROUND_H 	EQU 	36
GLCDBITNO 	EQU 	37
GLCDCHANGE 	EQU 	38
GLCDCLS 	EQU 	806
GLCDCOLOUR 	EQU 	39
GLCDCOLOUR_H 	EQU 	40
GLCDDATATEMP 	EQU 	41
GLCDFOREGROUND 	EQU 	42
GLCDFOREGROUND_H 	EQU 	43
GLCDREADBYTE 	EQU 	44
GLCDWRITEBYTE 	EQU 	896
GLCDX 	EQU 	45
GLCDXPOS 	EQU 	46
GLCDY 	EQU 	47
GLCDYPOS 	EQU 	48
GLCD_COUNT 	EQU 	49
GLCD_YORDINATE 	EQU 	50
GLCD_YORDINATE_H 	EQU 	51
GO 	EQU 	2
GO_DONE 	EQU 	2
HCOUNT 	EQU 	52
I2C_DATA 	EQU 	5
I2C_READ 	EQU 	2
I2C_START 	EQU 	3
I2C_STOP 	EQU 	4
IBF 	EQU 	7
IBOV 	EQU 	5
INDF 	EQU 	0
INITGLCD 	EQU 	966
INITSYS 	EQU 	1003
INTCON 	EQU 	11
INTE 	EQU 	4
INTEDG 	EQU 	6
INTF 	EQU 	1
IRP 	EQU 	7
LCDBYTE 	EQU 	53
MAXHEIGHT 	EQU 	54
NOT_A 	EQU 	5
NOT_ADDRESS 	EQU 	5
NOT_BO 	EQU 	0
NOT_BOR 	EQU 	0
NOT_DONE 	EQU 	2
NOT_PD 	EQU 	3
NOT_POR 	EQU 	1
NOT_RBPU 	EQU 	7
NOT_RC8 	EQU 	6
NOT_T1SYNC 	EQU 	2
NOT_TO 	EQU 	4
NOT_TX8 	EQU 	6
NOT_W 	EQU 	2
NOT_WRITE 	EQU 	2
OBF 	EQU 	6
OBJHEIGHT 	EQU 	55
OBJWIDTH 	EQU 	56
OERR 	EQU 	1
OLDGLCDXPOS 	EQU 	57
ONPAGEBOUNDARY 	EQU 	58
OPTION_REG 	EQU 	129
OPTMISEGLCDDRAW 	EQU 	59
P 	EQU 	4
PCFG0 	EQU 	0
PCFG1 	EQU 	1
PCFG2 	EQU 	2
PCFG3 	EQU 	3
PCL 	EQU 	2
PCLATH 	EQU 	10
PCON 	EQU 	142
PEIE 	EQU 	6
PEN 	EQU 	2
PIE1 	EQU 	140
PIE2 	EQU 	141
PIR1 	EQU 	12
PIR2 	EQU 	13
PORTA 	EQU 	5
PORTB 	EQU 	6
PORTC 	EQU 	7
PORTD 	EQU 	8
PORTE 	EQU 	9
PR2 	EQU 	146
PS0 	EQU 	0
PS1 	EQU 	1
PS2 	EQU 	2
PSA 	EQU 	3
PSET 	EQU 	1021
PSPIE 	EQU 	7
PSPIF 	EQU 	7
PSPMODE 	EQU 	4
R 	EQU 	2
RBIE 	EQU 	3
RBIF 	EQU 	0
RC8_9 	EQU 	6
RC9 	EQU 	6
RCD8 	EQU 	0
RCEN 	EQU 	3
RCIE 	EQU 	5
RCIF 	EQU 	5
RCREG 	EQU 	26
RCSTA 	EQU 	24
RD 	EQU 	0
READ_WRITE 	EQU 	2
RP0 	EQU 	5
RP1 	EQU 	6
RSEN 	EQU 	1
RX9 	EQU 	6
RX9D 	EQU 	0
R_W 	EQU 	2
S 	EQU 	3
SCLT16TRUE 	EQU 	1122
SEN 	EQU 	0
SMP 	EQU 	7
SPBRG 	EQU 	153
SPEN 	EQU 	7
SREN 	EQU 	5
SSPADD 	EQU 	147
SSPBUF 	EQU 	19
SSPCON 	EQU 	20
SSPCON2 	EQU 	145
SSPEN 	EQU 	5
SSPIE 	EQU 	3
SSPIF 	EQU 	3
SSPM0 	EQU 	0
SSPM1 	EQU 	1
SSPM2 	EQU 	2
SSPM3 	EQU 	3
SSPOV 	EQU 	6
SSPSTAT 	EQU 	148
STATUS 	EQU 	3
SYNC 	EQU 	4
SYSBITVAR0 	EQU 	60
SYSBYTETEMPA 	EQU 	117
SYSBYTETEMPB 	EQU 	121
SYSBYTETEMPX 	EQU 	112
SYSCOMPEQUAL 	EQU 	1096
SYSCOMPLESSTHAN 	EQU 	1102
SYSCOMPLESSTHAN16 	EQU 	1109
SYSDIV8START 	EQU 	1127
SYSDIVLOOP 	EQU 	116
SYSDIVSUB 	EQU 	1124
SYSFORLOOP1 	EQU 	68
SYSFORLOOP2 	EQU 	82
SYSFORLOOP3 	EQU 	135
SYSFORLOOP4 	EQU 	208
SYSFORLOOP5 	EQU 	228
SYSFORLOOP6 	EQU 	811
SYSFORLOOP7 	EQU 	814
SYSFORLOOP8 	EQU 	822
SYSFORLOOPEND1 	EQU 	188
SYSFORLOOPEND2 	EQU 	175
SYSFORLOOPEND3 	EQU 	166
SYSFORLOOPEND4 	EQU 	273
SYSFORLOOPEND5 	EQU 	264
SYSFORLOOPEND6 	EQU 	845
SYSFORLOOPEND7 	EQU 	839
SYSFORLOOPEND8 	EQU 	835
SYSREPEATLOOP1 	EQU 	1072
SYSREPEATLOOPEND1 	EQU 	1075
SYSREPEATTEMP1 	EQU 	61
SYSSTRINGA 	EQU 	119
SYSSTRINGA_H 	EQU 	120
SYSTEMP1 	EQU 	62
SYSTEMP2 	EQU 	63
SYSWAITLOOP1 	EQU 	905
SYSWAITTEMPMS 	EQU 	114
SYSWAITTEMPMS_H 	EQU 	115
SYSWAITTEMPUS 	EQU 	117
SYSWAITTEMPUS_H 	EQU 	118
SYSWORDTEMPA 	EQU 	117
SYSWORDTEMPA_H 	EQU 	118
SYSWORDTEMPB 	EQU 	121
SYSWORDTEMPB_H 	EQU 	122
T0CS 	EQU 	5
T0IE 	EQU 	5
T0IF 	EQU 	2
T0SE 	EQU 	4
T1CKPS0 	EQU 	4
T1CKPS1 	EQU 	5
T1CON 	EQU 	16
T1INSYNC 	EQU 	2
T1OSCEN 	EQU 	3
T1SYNC 	EQU 	2
T2CKPS0 	EQU 	0
T2CKPS1 	EQU 	1
T2CON 	EQU 	18
TABLEANOBIUM 	EQU 	297
TABLELEN 	EQU 	64
TABLELEN_H 	EQU 	65
TABLEREADPOSITION 	EQU 	66
TABLEREADPOSITION_H 	EQU 	67
TMR0 	EQU 	1
TMR0IE 	EQU 	5
TMR0IF 	EQU 	2
TMR1CS 	EQU 	1
TMR1H 	EQU 	15
TMR1IE 	EQU 	0
TMR1IF 	EQU 	0
TMR1L 	EQU 	14
TMR1ON 	EQU 	0
TMR2 	EQU 	17
TMR2IE 	EQU 	1
TMR2IF 	EQU 	1
TMR2ON 	EQU 	2
TOUTPS0 	EQU 	3
TOUTPS1 	EQU 	4
TOUTPS2 	EQU 	5
TOUTPS3 	EQU 	6
TRISA 	EQU 	133
TRISB 	EQU 	134
TRISC 	EQU 	135
TRISD 	EQU 	136
TRISE 	EQU 	137
TRISE0 	EQU 	0
TRISE1 	EQU 	1
TRISE2 	EQU 	2
TRMT 	EQU 	1
TX8_9 	EQU 	6
TX9 	EQU 	6
TX9D 	EQU 	0
TXD8 	EQU 	0
TXEN 	EQU 	5
TXIE 	EQU 	4
TXIF 	EQU 	4
TXREG 	EQU 	25
TXSTA 	EQU 	152
UA 	EQU 	1
W 	EQU 	0
WBYTE 	EQU 	68
WCOL 	EQU 	7
WHOLEYBYTES 	EQU 	69
WIDTHCOUNT 	EQU 	70
WR 	EQU 	1
WREN 	EQU 	2
WRERR 	EQU 	3
Z 	EQU 	2

Code:
Loc	Obj Code	Original Assembly
























































000000	2805	GOTO BASPROGRAMSTART

000004	0009	RETFIE



		BASPROGRAMSTART
000005	23EB	CALL INITSYS
000006	23C6	CALL INITGLCD

000007	01BB	CLRF OPTMISEGLCDDRAW
000008	3001	MOVLW 1
000009	00C2	MOVWF TABLEREADPOSITION
00000A	01C3	CLRF TABLEREADPOSITION_H
00000B	0842	MOVF TABLEREADPOSITION,W
00000C	00F7	MOVWF SYSSTRINGA
00000D	0843	MOVF TABLEREADPOSITION_H,W
00000E	00F8	MOVWF SYSSTRINGA_H
00000F	2115	CALL ANOBIUM
000010	00B8	MOVWF OBJWIDTH
000011	0AC2	INCF TABLEREADPOSITION,F
000012	1903	BTFSC STATUS,Z
000013	0AC3	INCF TABLEREADPOSITION_H,F
000014	0842	MOVF TABLEREADPOSITION,W
000015	00F7	MOVWF SYSSTRINGA
000016	0843	MOVF TABLEREADPOSITION_H,W
000017	00F8	MOVWF SYSSTRINGA_H
000018	2115	CALL ANOBIUM
000019	00B7	MOVWF OBJHEIGHT
00001A	0AC2	INCF TABLEREADPOSITION,F
00001B	1903	BTFSC STATUS,Z
00001C	0AC3	INCF TABLEREADPOSITION_H,F
00001D	01AE	CLRF GLCDXPOS
00001E	01B0	CLRF GLCDYPOS
00001F	082E	MOVF GLCDXPOS,W
000020	00B9	MOVWF OLDGLCDXPOS
000021	3003	MOVLW 3
000022	00C2	MOVWF TABLEREADPOSITION
000023	01C3	CLRF TABLEREADPOSITION_H
000024	0837	MOVF OBJHEIGHT,W
000025	00F5	MOVWF SYSBYTETEMPA
000026	3008	MOVLW 8
000027	00F9	MOVWF SYSBYTETEMPB
000028	2464	CALL SYSDIVSUB
000029	0875	MOVF SYSBYTETEMPA,W
00002A	00C5	MOVWF WHOLEYBYTES
00002B	0830	MOVF GLCDYPOS,W
00002C	00F5	MOVWF SYSBYTETEMPA
00002D	3008	MOVLW 8
00002E	00F9	MOVWF SYSBYTETEMPB
00002F	2464	CALL SYSDIVSUB
000030	0870	MOVF SYSBYTETEMPX,W
000031	00BE	MOVWF SYSTEMP1
000032	00F5	MOVWF SYSBYTETEMPA
000033	01F9	CLRF SYSBYTETEMPB
000034	2448	CALL SYSCOMPEQUAL
000035	0870	MOVF SYSBYTETEMPX,W
000036	00BA	MOVWF ONPAGEBOUNDARY
000037	08C5	MOVF WHOLEYBYTES,F
000038	1903	BTFSC STATUS, Z
000039	28BC	GOTO ENDIF1
00003A	30FF	MOVLW 255
00003B	00B4	MOVWF HCOUNT
00003C	0345	DECF WHOLEYBYTES,W
00003D	00BE	MOVWF SYSTEMP1
00003E	01F9	CLRF SYSBYTETEMPB
00003F	083E	MOVF SYSTEMP1,W
000040	00F5	MOVWF SYSBYTETEMPA
000041	244E	CALL SYSCOMPLESSTHAN
000042	1870	BTFSC SYSBYTETEMPX,0
000043	28BC	GOTO SYSFORLOOPEND1
		SYSFORLOOP1
000044	0AB4	INCF HCOUNT,F
000045	0834	MOVF HCOUNT,W
000046	0730	ADDWF GLCDYPOS,W
000047	00AF	MOVWF GLCDY
000048	30FF	MOVLW 255
000049	00C6	MOVWF WIDTHCOUNT
00004A	0338	DECF OBJWIDTH,W
00004B	00BE	MOVWF SYSTEMP1
00004C	01F9	CLRF SYSBYTETEMPB
00004D	083E	MOVF SYSTEMP1,W
00004E	00F5	MOVWF SYSBYTETEMPA
00004F	244E	CALL SYSCOMPLESSTHAN
000050	1870	BTFSC SYSBYTETEMPX,0
000051	28AF	GOTO SYSFORLOOPEND2
		SYSFORLOOP2
000052	0AC6	INCF WIDTHCOUNT,F
000053	0842	MOVF TABLEREADPOSITION,W
000054	00F7	MOVWF SYSSTRINGA
000055	0843	MOVF TABLEREADPOSITION_H,W
000056	00F8	MOVWF SYSSTRINGA_H
000057	2115	CALL ANOBIUM
000058	00C4	MOVWF WBYTE
000059	0AC2	INCF TABLEREADPOSITION,F
00005A	1903	BTFSC STATUS,Z
00005B	0AC3	INCF TABLEREADPOSITION_H,F
00005C	083B	MOVF OPTMISEGLCDDRAW,W
00005D	0244	SUBWF WBYTE,W
00005E	1903	BTFSC STATUS, Z
00005F	28A6	GOTO ENDIF5
000060	0A3A	INCF ONPAGEBOUNDARY,W
000061	1D03	BTFSS STATUS, Z
000062	2885	GOTO ELSE13_1
000063	0846	MOVF WIDTHCOUNT,W
000064	072E	ADDWF GLCDXPOS,W
000065	00AD	MOVWF GLCDX
000066	1B2D	BTFSC GLCDX,6
000067	286A	GOTO ENDIF14
000068	1685	BSF PORTA,5
000069	1205	BCF PORTA,4
		ENDIF14
00006A	1F2D	BTFSS GLCDX,6
00006B	2870	GOTO ENDIF15
00006C	1605	BSF PORTA,4
00006D	3040	MOVLW 64
00006E	02AD	SUBWF GLCDX,F
00006F	1285	BCF PORTA,5
		ENDIF15
000070	082F	MOVF GLCDY,W
000071	00F5	MOVWF SYSBYTETEMPA
000072	3008	MOVLW 8
000073	00F9	MOVWF SYSBYTETEMPB
000074	2464	CALL SYSDIVSUB
000075	0875	MOVF SYSBYTETEMPA,W
000076	00A2	MOVWF CURRPAGE
000077	1005	BCF PORTA,0
000078	30B8	MOVLW 184
000079	0422	IORWF CURRPAGE,W
00007A	00B5	MOVWF LCDBYTE
00007B	2380	CALL GLCDWRITEBYTE
00007C	3040	MOVLW 64
00007D	042D	IORWF GLCDX,W
00007E	00B5	MOVWF LCDBYTE
00007F	2380	CALL GLCDWRITEBYTE
000080	1405	BSF PORTA,0
000081	0844	MOVF WBYTE,W
000082	00B5	MOVWF LCDBYTE
000083	2380	CALL GLCDWRITEBYTE
000084	28A6	GOTO ENDIF13
		ELSE13_1
000085	30FF	MOVLW 255
000086	00A0	MOVWF CURRCHARROW
		SYSFORLOOP3
000087	0AA0	INCF CURRCHARROW,F
000088	1844	BTFSC WBYTE,0
000089	2896	GOTO ELSE16_1
00008A	0846	MOVF WIDTHCOUNT,W
00008B	072E	ADDWF GLCDXPOS,W
00008C	00AD	MOVWF GLCDX
00008D	0830	MOVF GLCDYPOS,W
00008E	0720	ADDWF CURRCHARROW,W
00008F	00AF	MOVWF GLCDY
000090	0823	MOVF GLCDBACKGROUND,W
000091	00A7	MOVWF GLCDCOLOUR
000092	0824	MOVF GLCDBACKGROUND_H,W
000093	00A8	MOVWF GLCDCOLOUR_H
000094	23FD	CALL PSET
000095	28A1	GOTO ENDIF16
		ELSE16_1
000096	0846	MOVF WIDTHCOUNT,W
000097	072E	ADDWF GLCDXPOS,W
000098	00AD	MOVWF GLCDX
000099	0830	MOVF GLCDYPOS,W
00009A	0720	ADDWF CURRCHARROW,W
00009B	00AF	MOVWF GLCDY
00009C	082A	MOVF GLCDFOREGROUND,W
00009D	00A7	MOVWF GLCDCOLOUR
00009E	082B	MOVF GLCDFOREGROUND_H,W
00009F	00A8	MOVWF GLCDCOLOUR_H
0000A0	23FD	CALL PSET
		ENDIF16
0000A1	0CC4	RRF WBYTE,F
0000A2	3007	MOVLW 7
0000A3	0220	SUBWF CURRCHARROW,W
0000A4	1C03	BTFSS STATUS, C
0000A5	2887	GOTO SYSFORLOOP3
		SYSFORLOOPEND3
		ENDIF13
		ENDIF5
0000A6	0338	DECF OBJWIDTH,W
0000A7	00BE	MOVWF SYSTEMP1
0000A8	0846	MOVF WIDTHCOUNT,W
0000A9	00F5	MOVWF SYSBYTETEMPA
0000AA	083E	MOVF SYSTEMP1,W
0000AB	00F9	MOVWF SYSBYTETEMPB
0000AC	244E	CALL SYSCOMPLESSTHAN
0000AD	1870	BTFSC SYSBYTETEMPX,0
0000AE	2852	GOTO SYSFORLOOP2
		SYSFORLOOPEND2
0000AF	0839	MOVF OLDGLCDXPOS,W
0000B0	00AE	MOVWF GLCDXPOS
0000B1	3008	MOVLW 8
0000B2	07B0	ADDWF GLCDYPOS,F
0000B3	0345	DECF WHOLEYBYTES,W
0000B4	00BE	MOVWF SYSTEMP1
0000B5	0834	MOVF HCOUNT,W
0000B6	00F5	MOVWF SYSBYTETEMPA
0000B7	083E	MOVF SYSTEMP1,W
0000B8	00F9	MOVWF SYSBYTETEMPB
0000B9	244E	CALL SYSCOMPLESSTHAN
0000BA	1870	BTFSC SYSBYTETEMPX,0
0000BB	2844	GOTO SYSFORLOOP1
		SYSFORLOOPEND1
		ENDIF1
0000BC	0837	MOVF OBJHEIGHT,W
0000BD	00F5	MOVWF SYSBYTETEMPA
0000BE	3008	MOVLW 8
0000BF	00F9	MOVWF SYSBYTETEMPB
0000C0	2464	CALL SYSDIVSUB
0000C1	0870	MOVF SYSBYTETEMPX,W
0000C2	00B6	MOVWF MAXHEIGHT
0000C3	08B6	MOVF MAXHEIGHT,F
0000C4	1903	BTFSC STATUS, Z
0000C5	2911	GOTO ENDIF2
0000C6	30FF	MOVLW 255
0000C7	00C6	MOVWF WIDTHCOUNT
0000C8	0338	DECF OBJWIDTH,W
0000C9	00BE	MOVWF SYSTEMP1
0000CA	01F9	CLRF SYSBYTETEMPB
0000CB	083E	MOVF SYSTEMP1,W
0000CC	00F5	MOVWF SYSBYTETEMPA
0000CD	244E	CALL SYSCOMPLESSTHAN
0000CE	1870	BTFSC SYSBYTETEMPX,0
0000CF	2911	GOTO SYSFORLOOPEND4
		SYSFORLOOP4
0000D0	0AC6	INCF WIDTHCOUNT,F
0000D1	0842	MOVF TABLEREADPOSITION,W
0000D2	00F7	MOVWF SYSSTRINGA
0000D3	0843	MOVF TABLEREADPOSITION_H,W
0000D4	00F8	MOVWF SYSSTRINGA_H
0000D5	2115	CALL ANOBIUM
0000D6	00C4	MOVWF WBYTE
0000D7	0AC2	INCF TABLEREADPOSITION,F
0000D8	1903	BTFSC STATUS,Z
0000D9	0AC3	INCF TABLEREADPOSITION_H,F
0000DA	30FF	MOVLW 255
0000DB	00A0	MOVWF CURRCHARROW
0000DC	0336	DECF MAXHEIGHT,W
0000DD	00BE	MOVWF SYSTEMP1
0000DE	01F9	CLRF SYSBYTETEMPB
0000DF	083E	MOVF SYSTEMP1,W
0000E0	00F5	MOVWF SYSBYTETEMPA
0000E1	244E	CALL SYSCOMPLESSTHAN
0000E2	1870	BTFSC SYSBYTETEMPX,0
0000E3	2908	GOTO SYSFORLOOPEND5
		SYSFORLOOP5
0000E4	0AA0	INCF CURRCHARROW,F
0000E5	1844	BTFSC WBYTE,0
0000E6	28F3	GOTO ELSE10_1
0000E7	0846	MOVF WIDTHCOUNT,W
0000E8	072E	ADDWF GLCDXPOS,W
0000E9	00AD	MOVWF GLCDX
0000EA	0830	MOVF GLCDYPOS,W
0000EB	0720	ADDWF CURRCHARROW,W
0000EC	00AF	MOVWF GLCDY
0000ED	0823	MOVF GLCDBACKGROUND,W
0000EE	00A7	MOVWF GLCDCOLOUR
0000EF	0824	MOVF GLCDBACKGROUND_H,W
0000F0	00A8	MOVWF GLCDCOLOUR_H
0000F1	23FD	CALL PSET
0000F2	28FE	GOTO ENDIF10
		ELSE10_1
0000F3	0846	MOVF WIDTHCOUNT,W
0000F4	072E	ADDWF GLCDXPOS,W
0000F5	00AD	MOVWF GLCDX
0000F6	0830	MOVF GLCDYPOS,W
0000F7	0720	ADDWF CURRCHARROW,W
0000F8	00AF	MOVWF GLCDY
0000F9	082A	MOVF GLCDFOREGROUND,W
0000FA	00A7	MOVWF GLCDCOLOUR
0000FB	082B	MOVF GLCDFOREGROUND_H,W
0000FC	00A8	MOVWF GLCDCOLOUR_H
0000FD	23FD	CALL PSET
		ENDIF10
0000FE	0CC4	RRF WBYTE,F
0000FF	0336	DECF MAXHEIGHT,W
000100	00BE	MOVWF SYSTEMP1
000101	0820	MOVF CURRCHARROW,W
000102	00F5	MOVWF SYSBYTETEMPA
000103	083E	MOVF SYSTEMP1,W
000104	00F9	MOVWF SYSBYTETEMPB
000105	244E	CALL SYSCOMPLESSTHAN
000106	1870	BTFSC SYSBYTETEMPX,0
000107	28E4	GOTO SYSFORLOOP5
		SYSFORLOOPEND5
000108	0338	DECF OBJWIDTH,W
000109	00BE	MOVWF SYSTEMP1
00010A	0846	MOVF WIDTHCOUNT,W
00010B	00F5	MOVWF SYSBYTETEMPA
00010C	083E	MOVF SYSTEMP1,W
00010D	00F9	MOVWF SYSBYTETEMPB
00010E	244E	CALL SYSCOMPLESSTHAN
00010F	1870	BTFSC SYSBYTETEMPX,0
000110	28D0	GOTO SYSFORLOOP4
		SYSFORLOOPEND4
		ENDIF2
000111	1205	BCF PORTA,4
000112	1285	BCF PORTA,5
		BASPROGRAMEND
000113	0063	SLEEP
000114	2913	GOTO BASPROGRAMEND


		ANOBIUM
000115	0877	MOVF SYSSTRINGA,W
000116	00F5	MOVWF SYSWORDTEMPA
000117	0878	MOVF SYSSTRINGA_H,W
000118	00F6	MOVWF SYSWORDTEMPA_H
000119	30E3	MOVLW 227
00011A	00F9	MOVWF SYSWORDTEMPB
00011B	3001	MOVLW 1
00011C	00FA	MOVWF SYSWORDTEMPB_H
00011D	2455	CALL SYSCOMPLESSTHAN16
00011E	1C70	BTFSS SYSBYTETEMPX,0
00011F	3400	RETLW 0
000120	0877	MOVF SYSSTRINGA, W
000121	3E2A	ADDLW LOW (1 + TABLEANOBIUM)
000122	00F7	MOVWF SYSSTRINGA
000123	3001	MOVLW HIGH TABLEANOBIUM
000124	1803	BTFSC STATUS, C
000125	3E01	ADDLW 1
000126	0778	ADDWF SYSSTRINGA_H, W
000127	008A	MOVWF PCLATH
000128	0877	MOVF SYSSTRINGA, W
		TABLEANOBIUM
000129	0082	MOVWF PCL
00012A	34E2	RETLW 226
00012B	343C	RETLW 60
00012C	3440	RETLW 64
00012D	3400	RETLW 0
00012E	3400	RETLW 0
00012F	3400	RETLW 0
000130	3400	RETLW 0
000131	3400	RETLW 0
000132	3400	RETLW 0
000133	3400	RETLW 0
000134	3400	RETLW 0
000135	3400	RETLW 0
000136	3400	RETLW 0
000137	3400	RETLW 0
000138	3400	RETLW 0
000139	3400	RETLW 0
00013A	3400	RETLW 0
00013B	3400	RETLW 0
00013C	3400	RETLW 0
00013D	3400	RETLW 0
00013E	3400	RETLW 0
00013F	3400	RETLW 0
000140	3400	RETLW 0
000141	3400	RETLW 0
000142	3400	RETLW 0
000143	3400	RETLW 0
000144	3400	RETLW 0
000145	3400	RETLW 0
000146	3400	RETLW 0
000147	3400	RETLW 0
000148	3400	RETLW 0
000149	3400	RETLW 0
00014A	3400	RETLW 0
00014B	3400	RETLW 0
00014C	3400	RETLW 0
00014D	3400	RETLW 0
00014E	3400	RETLW 0
00014F	3400	RETLW 0
000150	3480	RETLW 128
000151	34E0	RETLW 224
000152	3400	RETLW 0
000153	34C0	RETLW 192
000154	3400	RETLW 0
000155	3400	RETLW 0
000156	3400	RETLW 0
000157	3400	RETLW 0
000158	3400	RETLW 0
000159	3400	RETLW 0
00015A	3400	RETLW 0
00015B	3400	RETLW 0
00015C	3400	RETLW 0
00015D	3400	RETLW 0
00015E	3400	RETLW 0
00015F	3400	RETLW 0
000160	3400	RETLW 0
000161	3400	RETLW 0
000162	3400	RETLW 0
000163	3400	RETLW 0
000164	3400	RETLW 0
000165	3400	RETLW 0
000166	3400	RETLW 0
000167	3400	RETLW 0
000168	3400	RETLW 0
000169	3440	RETLW 64
00016A	34C0	RETLW 192
00016B	34B0	RETLW 176
00016C	3460	RETLW 96
00016D	34C0	RETLW 192
00016E	3480	RETLW 128
00016F	3400	RETLW 0
000170	3400	RETLW 0
000171	3400	RETLW 0
000172	3400	RETLW 0
000173	3400	RETLW 0
000174	3400	RETLW 0
000175	3400	RETLW 0
000176	3400	RETLW 0
000177	3400	RETLW 0
000178	3400	RETLW 0
000179	3400	RETLW 0
00017A	3400	RETLW 0
00017B	3400	RETLW 0
00017C	3400	RETLW 0
00017D	3400	RETLW 0
00017E	3400	RETLW 0
00017F	3400	RETLW 0
000180	3400	RETLW 0
000181	3400	RETLW 0
000182	3400	RETLW 0
000183	3400	RETLW 0
000184	3400	RETLW 0
000185	3400	RETLW 0
000186	3400	RETLW 0
000187	3400	RETLW 0
000188	3400	RETLW 0
000189	34C0	RETLW 192
00018A	3470	RETLW 112
00018B	34DE	RETLW 222
00018C	3473	RETLW 115
00018D	341C	RETLW 28
00018E	3407	RETLW 7
00018F	3401	RETLW 1
000190	3400	RETLW 0
000191	3400	RETLW 0
000192	3400	RETLW 0
000193	3400	RETLW 0
000194	3400	RETLW 0
000195	3400	RETLW 0
000196	3400	RETLW 0
000197	3400	RETLW 0
000198	3400	RETLW 0
000199	3400	RETLW 0
00019A	3400	RETLW 0
00019B	3400	RETLW 0
00019C	3400	RETLW 0
00019D	3400	RETLW 0
00019E	3400	RETLW 0
00019F	3400	RETLW 0
0001A0	3400	RETLW 0
0001A1	3400	RETLW 0
0001A2	3400	RETLW 0
0001A3	3400	RETLW 0
0001A4	3400	RETLW 0
0001A5	3400	RETLW 0
0001A6	3400	RETLW 0
0001A7	3401	RETLW 1
0001A8	3401	RETLW 1
0001A9	3403	RETLW 3
0001AA	3406	RETLW 6
0001AB	340D	RETLW 13
0001AC	341B	RETLW 27
0001AD	343E	RETLW 62
0001AE	34EC	RETLW 236
0001AF	3418	RETLW 24
0001B0	3410	RETLW 16
0001B1	3410	RETLW 16
0001B2	3410	RETLW 16
0001B3	3418	RETLW 24
0001B4	3418	RETLW 24
0001B5	3408	RETLW 8
0001B6	3408	RETLW 8
0001B7	340C	RETLW 12
0001B8	340C	RETLW 12
0001B9	340C	RETLW 12
0001BA	3404	RETLW 4
0001BB	3404	RETLW 4
0001BC	3404	RETLW 4
0001BD	3406	RETLW 6
0001BE	3406	RETLW 6
0001BF	3402	RETLW 2
0001C0	3402	RETLW 2
0001C1	3402	RETLW 2
0001C2	3403	RETLW 3
0001C3	3403	RETLW 3
0001C4	3401	RETLW 1
0001C5	3401	RETLW 1
0001C6	3403	RETLW 3
0001C7	340F	RETLW 15
0001C8	341C	RETLW 28
0001C9	3470	RETLW 112
0001CA	34E0	RETLW 224
0001CB	3480	RETLW 128
0001CC	3400	RETLW 0
0001CD	3400	RETLW 0
0001CE	3400	RETLW 0
0001CF	3400	RETLW 0
0001D0	3400	RETLW 0
0001D1	3400	RETLW 0
0001D2	3400	RETLW 0
0001D3	3400	RETLW 0
0001D4	3400	RETLW 0
0001D5	3400	RETLW 0
0001D6	3400	RETLW 0
0001D7	3400	RETLW 0
0001D8	3400	RETLW 0
0001D9	3400	RETLW 0
0001DA	3400	RETLW 0
0001DB	3400	RETLW 0
0001DC	3400	RETLW 0
0001DD	3400	RETLW 0
0001DE	3400	RETLW 0
0001DF	3400	RETLW 0
0001E0	3400	RETLW 0
0001E1	3400	RETLW 0
0001E2	3400	RETLW 0
0001E3	3400	RETLW 0
0001E4	3400	RETLW 0
0001E5	3400	RETLW 0
0001E6	3400	RETLW 0
0001E7	3400	RETLW 0
0001E8	3400	RETLW 0
0001E9	3400	RETLW 0
0001EA	34FF	RETLW 255
0001EB	3400	RETLW 0
0001EC	3400	RETLW 0
0001ED	3400	RETLW 0
0001EE	3400	RETLW 0
0001EF	3400	RETLW 0
0001F0	3400	RETLW 0
0001F1	3400	RETLW 0
0001F2	3400	RETLW 0
0001F3	3400	RETLW 0
0001F4	3400	RETLW 0
0001F5	3400	RETLW 0
0001F6	3400	RETLW 0
0001F7	3400	RETLW 0
0001F8	3400	RETLW 0
0001F9	3400	RETLW 0
0001FA	3400	RETLW 0
0001FB	3400	RETLW 0
0001FC	3400	RETLW 0
0001FD	3400	RETLW 0
0001FE	3400	RETLW 0
0001FF	3400	RETLW 0
000200	3400	RETLW 0
000201	3400	RETLW 0
000202	3400	RETLW 0
000203	3400	RETLW 0
000204	3400	RETLW 0
000205	3400	RETLW 0
000206	3400	RETLW 0
000207	3401	RETLW 1
000208	3407	RETLW 7
000209	340E	RETLW 14
00020A	3438	RETLW 56
00020B	3470	RETLW 112
00020C	34C0	RETLW 192
00020D	3480	RETLW 128
00020E	3400	RETLW 0
00020F	3400	RETLW 0
000210	3400	RETLW 0
000211	3400	RETLW 0
000212	3400	RETLW 0
000213	3400	RETLW 0
000214	3400	RETLW 0
000215	3400	RETLW 0
000216	3400	RETLW 0
000217	3400	RETLW 0
000218	3400	RETLW 0
000219	3400	RETLW 0
00021A	3400	RETLW 0
00021B	3400	RETLW 0
00021C	3400	RETLW 0
00021D	3400	RETLW 0
00021E	3400	RETLW 0
00021F	3400	RETLW 0
000220	3400	RETLW 0
000221	3400	RETLW 0
000222	3400	RETLW 0
000223	3400	RETLW 0
000224	3400	RETLW 0
000225	3400	RETLW 0
000226	34FF	RETLW 255
000227	3400	RETLW 0
000228	3400	RETLW 0
000229	3400	RETLW 0
00022A	3400	RETLW 0
00022B	3400	RETLW 0
00022C	3400	RETLW 0
00022D	3400	RETLW 0
00022E	3400	RETLW 0
00022F	3400	RETLW 0
000230	3400	RETLW 0
000231	3400	RETLW 0
000232	3400	RETLW 0
000233	3400	RETLW 0
000234	3400	RETLW 0
000235	3400	RETLW 0
000236	3400	RETLW 0
000237	3400	RETLW 0
000238	3400	RETLW 0
000239	3400	RETLW 0
00023A	3400	RETLW 0
00023B	3400	RETLW 0
00023C	3400	RETLW 0
00023D	3400	RETLW 0
00023E	3400	RETLW 0
00023F	3400	RETLW 0
000240	3400	RETLW 0
000241	3400	RETLW 0
000242	3400	RETLW 0
000243	3400	RETLW 0
000244	3400	RETLW 0
000245	3400	RETLW 0
000246	3400	RETLW 0
000247	3480	RETLW 128
000248	34C0	RETLW 192
000249	3463	RETLW 99
00024A	3436	RETLW 54
00024B	341C	RETLW 28
00024C	3400	RETLW 0
00024D	3400	RETLW 0
00024E	3400	RETLW 0
00024F	3400	RETLW 0
000250	3400	RETLW 0
000251	3400	RETLW 0
000252	3400	RETLW 0
000253	3400	RETLW 0
000254	3400	RETLW 0
000255	3400	RETLW 0
000256	3400	RETLW 0
000257	3400	RETLW 0
000258	3400	RETLW 0
000259	3400	RETLW 0
00025A	3400	RETLW 0
00025B	3400	RETLW 0
00025C	3400	RETLW 0
00025D	3400	RETLW 0
00025E	3400	RETLW 0
00025F	3400	RETLW 0
000260	3400	RETLW 0
000261	3400	RETLW 0
000262	3407	RETLW 7
000263	340C	RETLW 12
000264	3408	RETLW 8
000265	3418	RETLW 24
000266	3410	RETLW 16
000267	3430	RETLW 48
000268	3430	RETLW 48
000269	3420	RETLW 32
00026A	3460	RETLW 96
00026B	3440	RETLW 64
00026C	34C0	RETLW 192
00026D	34C0	RETLW 192
00026E	3480	RETLW 128
00026F	3480	RETLW 128
000270	3400	RETLW 0
000271	3400	RETLW 0
000272	3400	RETLW 0
000273	3400	RETLW 0
000274	3400	RETLW 0
000275	3400	RETLW 0
000276	3400	RETLW 0
000277	3400	RETLW 0
000278	3400	RETLW 0
000279	3400	RETLW 0
00027A	3400	RETLW 0
00027B	3400	RETLW 0
00027C	3480	RETLW 128
00027D	34C0	RETLW 192
00027E	3470	RETLW 112
00027F	3438	RETLW 56
000280	341C	RETLW 28
000281	340E	RETLW 14
000282	3403	RETLW 3
000283	3401	RETLW 1
000284	3400	RETLW 0
000285	3400	RETLW 0
000286	3400	RETLW 0
000287	3400	RETLW 0
000288	3400	RETLW 0
000289	3400	RETLW 0
00028A	3400	RETLW 0
00028B	3400	RETLW 0
00028C	3400	RETLW 0
00028D	3400	RETLW 0
00028E	3400	RETLW 0
00028F	3400	RETLW 0
000290	3400	RETLW 0
000291	3400	RETLW 0
000292	3400	RETLW 0
000293	3400	RETLW 0
000294	3400	RETLW 0
000295	3400	RETLW 0
000296	3400	RETLW 0
000297	3400	RETLW 0
000298	3400	RETLW 0
000299	3400	RETLW 0
00029A	3400	RETLW 0
00029B	3400	RETLW 0
00029C	34C0	RETLW 192
00029D	3420	RETLW 32
00029E	34C0	RETLW 192
00029F	3400	RETLW 0
0002A0	3400	RETLW 0
0002A1	3400	RETLW 0
0002A2	3400	RETLW 0
0002A3	3400	RETLW 0
0002A4	3400	RETLW 0
0002A5	3400	RETLW 0
0002A6	3400	RETLW 0
0002A7	3400	RETLW 0
0002A8	3400	RETLW 0
0002A9	3400	RETLW 0
0002AA	3400	RETLW 0
0002AB	3401	RETLW 1
0002AC	3401	RETLW 1
0002AD	3403	RETLW 3
0002AE	3403	RETLW 3
0002AF	3402	RETLW 2
0002B0	3406	RETLW 6
0002B1	3404	RETLW 4
0002B2	340C	RETLW 12
0002B3	34EC	RETLW 236
0002B4	3408	RETLW 8
0002B5	340C	RETLW 12
0002B6	3406	RETLW 6
0002B7	3403	RETLW 3
0002B8	3401	RETLW 1
0002B9	3400	RETLW 0
0002BA	3400	RETLW 0
0002BB	3420	RETLW 32
0002BC	3400	RETLW 0
0002BD	3400	RETLW 0
0002BE	3400	RETLW 0
0002BF	3400	RETLW 0
0002C0	3400	RETLW 0
0002C1	3400	RETLW 0
0002C2	3400	RETLW 0
0002C3	3400	RETLW 0
0002C4	3400	RETLW 0
0002C5	3400	RETLW 0
0002C6	3400	RETLW 0
0002C7	3400	RETLW 0
0002C8	3400	RETLW 0
0002C9	3400	RETLW 0
0002CA	3400	RETLW 0
0002CB	3400	RETLW 0
0002CC	3400	RETLW 0
0002CD	3400	RETLW 0
0002CE	3400	RETLW 0
0002CF	3400	RETLW 0
0002D0	3400	RETLW 0
0002D1	3400	RETLW 0
0002D2	3400	RETLW 0
0002D3	3400	RETLW 0
0002D4	3400	RETLW 0
0002D5	34C0	RETLW 192
0002D6	3438	RETLW 56
0002D7	3416	RETLW 22
0002D8	3411	RETLW 17
0002D9	3410	RETLW 16
0002DA	3411	RETLW 17
0002DB	3416	RETLW 22
0002DC	3438	RETLW 56
0002DD	34C0	RETLW 192
0002DE	3400	RETLW 0
0002DF	34FF	RETLW 255
0002E0	3402	RETLW 2
0002E1	3401	RETLW 1
0002E2	3401	RETLW 1
0002E3	3401	RETLW 1
0002E4	34FE	RETLW 254
0002E5	3400	RETLW 0
0002E6	3400	RETLW 0
0002E7	347E	RETLW 126
0002E8	3481	RETLW 129
0002E9	3481	RETLW 129
0002EA	3481	RETLW 129
0002EB	3481	RETLW 129
0002EC	347E	RETLW 126
0002ED	3400	RETLW 0
0002EE	3400	RETLW 0
0002EF	34FF	RETLW 255
0002F0	3442	RETLW 66
0002F1	3481	RETLW 129
0002F2	3481	RETLW 129
0002F3	3481	RETLW 129
0002F4	347E	RETLW 126
0002F5	3400	RETLW 0
0002F6	3400	RETLW 0
0002F7	34FF	RETLW 255
0002F8	3400	RETLW 0
0002F9	3400	RETLW 0
0002FA	347F	RETLW 127
0002FB	3480	RETLW 128
0002FC	3480	RETLW 128
0002FD	3480	RETLW 128
0002FE	3440	RETLW 64
0002FF	34FF	RETLW 255
000300	3400	RETLW 0
000301	3400	RETLW 0
000302	34FF	RETLW 255
000303	3402	RETLW 2
000304	3401	RETLW 1
000305	3401	RETLW 1
000306	3401	RETLW 1
000307	34FE	RETLW 254
000308	3402	RETLW 2
000309	3401	RETLW 1
00030A	3401	RETLW 1
00030B	3401	RETLW 1
00030C	34FE	RETLW 254


		ANOBIUM_H
00030D	0877	MOVF SYSSTRINGA,W
00030E	00F5	MOVWF SYSWORDTEMPA
00030F	0878	MOVF SYSSTRINGA_H,W
000310	00F6	MOVWF SYSWORDTEMPA_H
000311	3001	MOVLW 1
000312	00F9	MOVWF SYSWORDTEMPB
000313	01FA	CLRF SYSWORDTEMPB_H
000314	2455	CALL SYSCOMPLESSTHAN16
000315	1C70	BTFSS SYSBYTETEMPX,0
000316	3400	RETLW 0
000317	3401	RETLW 1


		DELAY_MS
000318	0AF3	INCF SYSWAITTEMPMS_H, F
		DMS_START
000319	30E3	MOVLW 227
00031A	00F1	MOVWF DELAYTEMP2
		DMS_OUTER
00031B	3006	MOVLW 6
00031C	00F0	MOVWF DELAYTEMP
		DMS_INNER
00031D	0BF0	DECFSZ DELAYTEMP, F
00031E	2B1D	GOTO DMS_INNER
00031F	0BF1	DECFSZ DELAYTEMP2, F
000320	2B1B	GOTO DMS_OUTER
000321	0BF2	DECFSZ SYSWAITTEMPMS, F
000322	2B19	GOTO DMS_START
000323	0BF3	DECFSZ SYSWAITTEMPMS_H, F
000324	2B19	GOTO DMS_START
000325	0008	RETURN


		GLCDCLS
000326	01B2	CLRF GLCD_YORDINATE
000327	01B3	CLRF GLCD_YORDINATE_H
000328	1605	BSF PORTA,4
000329	1285	BCF PORTA,5
00032A	01B1	CLRF GLCD_COUNT
		SYSFORLOOP6
00032B	0AB1	INCF GLCD_COUNT,F
00032C	30FF	MOVLW 255
00032D	00A2	MOVWF CURRPAGE
		SYSFORLOOP7
00032E	0AA2	INCF CURRPAGE,F
00032F	1005	BCF PORTA,0
000330	30B8	MOVLW 184
000331	0422	IORWF CURRPAGE,W
000332	00B5	MOVWF LCDBYTE
000333	2380	CALL GLCDWRITEBYTE
000334	30FF	MOVLW 255
000335	00A1	MOVWF CURRCOL
		SYSFORLOOP8
000336	0AA1	INCF CURRCOL,F
000337	1005	BCF PORTA,0
000338	3040	MOVLW 64
000339	0421	IORWF CURRCOL,W
00033A	00B5	MOVWF LCDBYTE
00033B	2380	CALL GLCDWRITEBYTE
00033C	1405	BSF PORTA,0
00033D	01B5	CLRF LCDBYTE
00033E	2380	CALL GLCDWRITEBYTE
00033F	303F	MOVLW 63
000340	0221	SUBWF CURRCOL,W
000341	1C03	BTFSS STATUS, C
000342	2B36	GOTO SYSFORLOOP8
		SYSFORLOOPEND8
000343	3007	MOVLW 7
000344	0222	SUBWF CURRPAGE,W
000345	1C03	BTFSS STATUS, C
000346	2B2E	GOTO SYSFORLOOP7
		SYSFORLOOPEND7
000347	1205	BCF PORTA,4
000348	1685	BSF PORTA,5
000349	3002	MOVLW 2
00034A	0231	SUBWF GLCD_COUNT,W
00034B	1C03	BTFSS STATUS, C
00034C	2B2B	GOTO SYSFORLOOP6
		SYSFORLOOPEND6
00034D	1205	BCF PORTA,4
00034E	1285	BCF PORTA,5
00034F	0008	RETURN


		FN_GLCDREADBYTE
000000	1683	BANKSEL TRISD
000000	1683 1303	BANKSEL TRISD
000352	1788	BSF TRISD,7
000353	1708	BSF TRISD,6
000354	1688	BSF TRISD,5
000355	1608	BSF TRISD,4
000356	1588	BSF TRISD,3
000357	1508	BSF TRISD,2
000358	1488	BSF TRISD,1
000359	1408	BSF TRISD,0
000000	1283	BANKSEL PORTA
000000	1283 1303	BANKSEL PORTA
00035C	1505	BSF PORTA,2
00035D	1485	BSF PORTA,1
00035E	3003	MOVLW 3
00035F	00F0	MOVWF DELAYTEMP
		DELAYUS4
000360	0BF0	DECFSZ DELAYTEMP,F
000361	2B60	GOTO DELAYUS4
000362	13AC	BCF GLCDREADBYTE,7
000363	1B88	BTFSC PORTD,7
000364	17AC	BSF GLCDREADBYTE,7
000365	132C	BCF GLCDREADBYTE,6
000366	1B08	BTFSC PORTD,6
000367	172C	BSF GLCDREADBYTE,6
000368	12AC	BCF GLCDREADBYTE,5
000369	1A88	BTFSC PORTD,5
00036A	16AC	BSF GLCDREADBYTE,5
00036B	122C	BCF GLCDREADBYTE,4
00036C	1A08	BTFSC PORTD,4
00036D	162C	BSF GLCDREADBYTE,4
00036E	11AC	BCF GLCDREADBYTE,3
00036F	1988	BTFSC PORTD,3
000370	15AC	BSF GLCDREADBYTE,3
000371	112C	BCF GLCDREADBYTE,2
000372	1908	BTFSC PORTD,2
000373	152C	BSF GLCDREADBYTE,2
000374	10AC	BCF GLCDREADBYTE,1
000375	1888	BTFSC PORTD,1
000376	14AC	BSF GLCDREADBYTE,1
000377	102C	BCF GLCDREADBYTE,0
000378	1808	BTFSC PORTD,0
000379	142C	BSF GLCDREADBYTE,0
00037A	1085	BCF PORTA,1
00037B	3003	MOVLW 3
00037C	00F0	MOVWF DELAYTEMP
		DELAYUS5
00037D	0BF0	DECFSZ DELAYTEMP,F
00037E	2B7D	GOTO DELAYUS5
00037F	0008	RETURN


		GLCDWRITEBYTE
000380	103C	BCF SYSBITVAR0,0
000381	1805	BTFSC PORTA,0
000382	143C	BSF SYSBITVAR0,0
000383	10BC	BCF SYSBITVAR0,1
000384	1A85	BTFSC PORTA,5
000385	14BC	BSF SYSBITVAR0,1
000386	1A05	BTFSC PORTA,4
000387	1285	BCF PORTA,5
000388	1005	BCF PORTA,0
		SYSWAITLOOP1
000389	2350	CALL FN_GLCDREADBYTE
00038A	1BAC	BTFSC GLCDREADBYTE,7
00038B	2B89	GOTO SYSWAITLOOP1
00038C	1005	BCF PORTA,0
00038D	183C	BTFSC SYSBITVAR0,0
00038E	1405	BSF PORTA,0
00038F	1285	BCF PORTA,5
000390	18BC	BTFSC SYSBITVAR0,1
000391	1685	BSF PORTA,5
000392	1105	BCF PORTA,2
000000	1683	BANKSEL TRISD
000000	1683 1303	BANKSEL TRISD
000395	1008	BCF TRISD,0
000396	1088	BCF TRISD,1
000397	1108	BCF TRISD,2
000398	1188	BCF TRISD,3
000399	1208	BCF TRISD,4
00039A	1288	BCF TRISD,5
00039B	1308	BCF TRISD,6
00039C	1388	BCF TRISD,7
000000	1283	BANKSEL PORTD
000000	1283 1303	BANKSEL PORTD
00039F	1388	BCF PORTD,7
0003A0	1BB5	BTFSC LCDBYTE,7
0003A1	1788	BSF PORTD,7
0003A2	1308	BCF PORTD,6
0003A3	1B35	BTFSC LCDBYTE,6
0003A4	1708	BSF PORTD,6
0003A5	1288	BCF PORTD,5
0003A6	1AB5	BTFSC LCDBYTE,5
0003A7	1688	BSF PORTD,5
0003A8	1208	BCF PORTD,4
0003A9	1A35	BTFSC LCDBYTE,4
0003AA	1608	BSF PORTD,4
0003AB	1188	BCF PORTD,3
0003AC	19B5	BTFSC LCDBYTE,3
0003AD	1588	BSF PORTD,3
0003AE	1108	BCF PORTD,2
0003AF	1935	BTFSC LCDBYTE,2
0003B0	1508	BSF PORTD,2
0003B1	1088	BCF PORTD,1
0003B2	18B5	BTFSC LCDBYTE,1
0003B3	1488	BSF PORTD,1
0003B4	1008	BCF PORTD,0
0003B5	1835	BTFSC LCDBYTE,0
0003B6	1408	BSF PORTD,0
0003B7	3003	MOVLW 3
0003B8	00F0	MOVWF DELAYTEMP
		DELAYUS1
0003B9	0BF0	DECFSZ DELAYTEMP,F
0003BA	2BB9	GOTO DELAYUS1
0003BB	1485	BSF PORTA,1
0003BC	3003	MOVLW 3
0003BD	00F0	MOVWF DELAYTEMP
		DELAYUS2
0003BE	0BF0	DECFSZ DELAYTEMP,F
0003BF	2BBE	GOTO DELAYUS2
0003C0	1085	BCF PORTA,1
0003C1	3003	MOVLW 3
0003C2	00F0	MOVWF DELAYTEMP
		DELAYUS3
0003C3	0BF0	DECFSZ DELAYTEMP,F
0003C4	2BC3	GOTO DELAYUS3
0003C5	0008	RETURN


		INITGLCD
000000	1683	BANKSEL TRISA
000000	1683 1303	BANKSEL TRISA
0003C8	1005	BCF TRISA,0
0003C9	1105	BCF TRISA,2
0003CA	1085	BCF TRISA,1
0003CB	1205	BCF TRISA,4
0003CC	1285	BCF TRISA,5
0003CD	1185	BCF TRISA,3
000000	1283	BANKSEL PORTA
000000	1283 1303	BANKSEL PORTA
0003D0	1185	BCF PORTA,3
0003D1	3001	MOVLW 1
0003D2	00F2	MOVWF SYSWAITTEMPMS
0003D3	01F3	CLRF SYSWAITTEMPMS_H
0003D4	2318	CALL DELAY_MS
0003D5	1585	BSF PORTA,3
0003D6	3001	MOVLW 1
0003D7	00F2	MOVWF SYSWAITTEMPMS
0003D8	01F3	CLRF SYSWAITTEMPMS_H
0003D9	2318	CALL DELAY_MS
0003DA	1605	BSF PORTA,4
0003DB	1685	BSF PORTA,5
0003DC	1005	BCF PORTA,0
0003DD	303F	MOVLW 63
0003DE	00B5	MOVWF LCDBYTE
0003DF	2380	CALL GLCDWRITEBYTE
0003E0	30C0	MOVLW 192
0003E1	00B5	MOVWF LCDBYTE
0003E2	2380	CALL GLCDWRITEBYTE
0003E3	1205	BCF PORTA,4
0003E4	1285	BCF PORTA,5
0003E5	01A3	CLRF GLCDBACKGROUND
0003E6	01A4	CLRF GLCDBACKGROUND_H
0003E7	3001	MOVLW 1
0003E8	00AA	MOVWF GLCDFOREGROUND
0003E9	01AB	CLRF GLCDFOREGROUND_H
0003EA	2B26	GOTO GLCDCLS


		INITSYS
0003EB	101F	BCF ADCON0,ADON
000000	1683	BANKSEL ADCON1
000000	1683 1303	BANKSEL ADCON1
0003EE	139F	BCF ADCON1,ADFM
0003EF	119F	BCF ADCON1,PCFG3
0003F0	151F	BSF ADCON1,PCFG2
0003F1	149F	BSF ADCON1,PCFG1
0003F2	101F	BCF ADCON1,PCFG0
0003F3	3007	MOVLW 7
0003F4	009C	MOVWF CMCON
000000	1283	BANKSEL PORTA
000000	1283 1303	BANKSEL PORTA
0003F7	0185	CLRF PORTA
0003F8	0186	CLRF PORTB
0003F9	0187	CLRF PORTC
0003FA	0188	CLRF PORTD
0003FB	0189	CLRF PORTE
0003FC	0008	RETURN


		PSET
0003FD	1B2D	BTFSC GLCDX,6
0003FE	2C01	GOTO ENDIF18
0003FF	1685	BSF PORTA,5
000400	1205	BCF PORTA,4
		ENDIF18
000401	1F2D	BTFSS GLCDX,6
000402	2C07	GOTO ENDIF19
000403	1605	BSF PORTA,4
000404	3040	MOVLW 64
000405	02AD	SUBWF GLCDX,F
000406	1285	BCF PORTA,5
		ENDIF19
000407	082F	MOVF GLCDY,W
000408	00F5	MOVWF SYSBYTETEMPA
000409	3008	MOVLW 8
00040A	00F9	MOVWF SYSBYTETEMPB
00040B	2464	CALL SYSDIVSUB
00040C	0875	MOVF SYSBYTETEMPA,W
00040D	00A2	MOVWF CURRPAGE
00040E	1005	BCF PORTA,0
00040F	30B8	MOVLW 184
000410	0422	IORWF CURRPAGE,W
000411	00B5	MOVWF LCDBYTE
000412	2380	CALL GLCDWRITEBYTE
000413	1005	BCF PORTA,0
000414	3040	MOVLW 64
000415	042D	IORWF GLCDX,W
000416	00B5	MOVWF LCDBYTE
000417	2380	CALL GLCDWRITEBYTE
000418	1405	BSF PORTA,0
000419	2350	CALL FN_GLCDREADBYTE
00041A	082C	MOVF GLCDREADBYTE,W
00041B	00A9	MOVWF GLCDDATATEMP
00041C	1405	BSF PORTA,0
00041D	2350	CALL FN_GLCDREADBYTE
00041E	082C	MOVF GLCDREADBYTE,W
00041F	00A9	MOVWF GLCDDATATEMP
000420	3007	MOVLW 7
000421	052F	ANDWF GLCDY,W
000422	00A5	MOVWF GLCDBITNO
000423	1827	BTFSC GLCDCOLOUR,0
000424	2C29	GOTO ELSE20_1
000425	30FE	MOVLW 254
000426	00A6	MOVWF GLCDCHANGE
000427	1403	BSF STATUS,C
000428	2C2C	GOTO ENDIF20
		ELSE20_1
000429	3001	MOVLW 1
00042A	00A6	MOVWF GLCDCHANGE
00042B	1003	BCF STATUS,C
		ENDIF20
00042C	0825	MOVF GLCDBITNO,W
00042D	00BD	MOVWF SYSREPEATTEMP1
00042E	1903	BTFSC STATUS,Z
00042F	2C33	GOTO SYSREPEATLOOPEND1
		SYSREPEATLOOP1
000430	0DA6	RLF GLCDCHANGE,F
000431	0BBD	DECFSZ SYSREPEATTEMP1,F
000432	2C30	GOTO SYSREPEATLOOP1
		SYSREPEATLOOPEND1
000433	1827	BTFSC GLCDCOLOUR,0
000434	2C39	GOTO ELSE21_1
000435	0829	MOVF GLCDDATATEMP,W
000436	0526	ANDWF GLCDCHANGE,W
000437	00A9	MOVWF GLCDDATATEMP
000438	2C3C	GOTO ENDIF21
		ELSE21_1
000439	0829	MOVF GLCDDATATEMP,W
00043A	0426	IORWF GLCDCHANGE,W
00043B	00A9	MOVWF GLCDDATATEMP
		ENDIF21
00043C	1005	BCF PORTA,0
00043D	3040	MOVLW 64
00043E	042D	IORWF GLCDX,W
00043F	00B5	MOVWF LCDBYTE
000440	2380	CALL GLCDWRITEBYTE
000441	1405	BSF PORTA,0
000442	0829	MOVF GLCDDATATEMP,W
000443	00B5	MOVWF LCDBYTE
000444	2380	CALL GLCDWRITEBYTE
000445	1205	BCF PORTA,4
000446	1285	BCF PORTA,5
000447	0008	RETURN


		SYSCOMPEQUAL
000448	01F0	CLRF SYSBYTETEMPX
000449	0875	MOVF SYSBYTETEMPA, W
00044A	0279	SUBWF SYSBYTETEMPB, W
00044B	1903	BTFSC STATUS, Z
00044C	09F0	COMF SYSBYTETEMPX,F
00044D	0008	RETURN


		SYSCOMPLESSTHAN
00044E	01F0	CLRF SYSBYTETEMPX
00044F	1403	BSF STATUS, C
000450	0879	MOVF SYSBYTETEMPB, W
000451	0275	SUBWF SYSBYTETEMPA, W
000452	1C03	BTFSS STATUS, C
000453	09F0	COMF SYSBYTETEMPX,F
000454	0008	RETURN


		SYSCOMPLESSTHAN16
000455	01F0	CLRF SYSBYTETEMPX
000456	0876	MOVF SYSWORDTEMPA_H,W
000457	027A	SUBWF SYSWORDTEMPB_H,W
000458	1C03	BTFSS STATUS,C
000459	0008	RETURN
00045A	087A	MOVF SYSWORDTEMPB_H,W
00045B	0276	SUBWF SYSWORDTEMPA_H,W
00045C	1C03	BTFSS STATUS,C
00045D	2C62	GOTO SCLT16TRUE
00045E	0879	MOVF SYSWORDTEMPB,W
00045F	0275	SUBWF SYSWORDTEMPA,W
000460	1803	BTFSC STATUS,C
000461	0008	RETURN
		SCLT16TRUE
000462	09F0	COMF SYSBYTETEMPX,F
000463	0008	RETURN


		SYSDIVSUB
000464	01F0	CLRF SYSBYTETEMPX
000465	3008	MOVLW 8
000466	00F4	MOVWF SYSDIVLOOP
		SYSDIV8START
000467	1003	BCF STATUS, C
000468	0DF5	RLF SYSBYTETEMPA, F
000469	0DF0	RLF SYSBYTETEMPX, F
00046A	0879	MOVF SYSBYTETEMPB, W
00046B	02F0	SUBWF SYSBYTETEMPX, F
00046C	1475	BSF SYSBYTETEMPA, 0
00046D	1803	BTFSC STATUS, C
00046E	2C72	GOTO DIV8NOTNEG
00046F	1075	BCF SYSBYTETEMPA, 0
000470	0879	MOVF SYSBYTETEMPB, W
000471	07F0	ADDWF SYSBYTETEMPX, F
		DIV8NOTNEG
000472	0BF4	DECFSZ SYSDIVLOOP, F
000473	2C67	GOTO SYSDIV8START
000474	0008	RETURN





