GCASM List File (GCBASIC 0.9 10/9/2014)

Symbols:
A 	EQU 	0
ACCESS 	EQU 	0
ACKDT 	EQU 	5
ACKEN 	EQU 	4
ACKSTAT 	EQU 	6
ADCON0 	EQU 	31
ADCON1 	EQU 	159
ADCS0 	EQU 	6
ADCS1 	EQU 	7
ADCS2 	EQU 	6
ADDEN 	EQU 	3
ADFM 	EQU 	7
ADIE 	EQU 	6
ADIF 	EQU 	6
ADON 	EQU 	0
ADRESH 	EQU 	30
ADRESL 	EQU 	158
B 	EQU 	1
BANKED 	EQU 	1
BASPROGRAMEND 	EQU 	50
BASPROGRAMSTART 	EQU 	5
BCLIE 	EQU 	3
BCLIF 	EQU 	3
BF 	EQU 	0
BRGH 	EQU 	2
C 	EQU 	0
C1INV 	EQU 	4
C1OUT 	EQU 	6
C2INV 	EQU 	5
C2OUT 	EQU 	7
CCP1CON 	EQU 	23
CCP1IE 	EQU 	2
CCP1IF 	EQU 	2
CCP1M0 	EQU 	0
CCP1M1 	EQU 	1
CCP1M2 	EQU 	2
CCP1M3 	EQU 	3
CCP1X 	EQU 	5
CCP1Y 	EQU 	4
CCP2CON 	EQU 	29
CCP2IE 	EQU 	0
CCP2IF 	EQU 	0
CCP2M0 	EQU 	0
CCP2M1 	EQU 	1
CCP2M2 	EQU 	2
CCP2M3 	EQU 	3
CCP2X 	EQU 	5
CCP2Y 	EQU 	4
CCPR1H 	EQU 	22
CCPR1L 	EQU 	21
CCPR2H 	EQU 	28
CCPR2L 	EQU 	27
CHS0 	EQU 	3
CHS1 	EQU 	4
CHS2 	EQU 	5
CIS 	EQU 	3
CKE 	EQU 	6
CKP 	EQU 	4
CM0 	EQU 	0
CM1 	EQU 	1
CM2 	EQU 	2
CMCON 	EQU 	156
CMIE 	EQU 	6
CMIF 	EQU 	6
CREN 	EQU 	4
CSRC 	EQU 	7
CURRCHARROW 	EQU 	32
CURRCOL 	EQU 	33
CURRPAGE 	EQU 	34
CVR0 	EQU 	0
CVR1 	EQU 	1
CVR2 	EQU 	2
CVR3 	EQU 	3
CVRCON 	EQU 	157
CVREN 	EQU 	7
CVROE 	EQU 	6
CVRR 	EQU 	5
D 	EQU 	5
DATA_ADDRESS 	EQU 	5
DC 	EQU 	1
DELAYTEMP 	EQU 	112
DELAYTEMP2 	EQU 	113
DELAYUS1 	EQU 	2282
DELAYUS2 	EQU 	2287
DELAYUS3 	EQU 	2292
DELAYUS4 	EQU 	2120
DELAYUS5 	EQU 	2149
DELAY_MS 	EQU 	2048
DIV8NOTNEG 	EQU 	1992
DMS_INNER 	EQU 	2053
DMS_OUTER 	EQU 	2051
DMS_START 	EQU 	2049
D_A 	EQU 	5
EEADR 	EQU 	269
EEADRH 	EQU 	271
EECON1 	EQU 	396
EECON2 	EQU 	397
EEDATA 	EQU 	268
EEDATH 	EQU 	270
EEIE 	EQU 	4
EEIF 	EQU 	4
EEPGD 	EQU 	7
ELSE10_1 	EQU 	679
ELSE13_1 	EQU 	448
ELSE16_1 	EQU 	469
ELSE23_1 	EQU 	2343
ELSE24_1 	EQU 	2359
ENDIF1 	EQU 	511
ENDIF10 	EQU 	694
ENDIF13 	EQU 	489
ENDIF14 	EQU 	409
ENDIF15 	EQU 	415
ENDIF16 	EQU 	484
ENDIF2 	EQU 	713
ENDIF21 	EQU 	2299
ENDIF22 	EQU 	2305
ENDIF23 	EQU 	2346
ENDIF24 	EQU 	2362
ENDIF5 	EQU 	489
F 	EQU 	1
FERR 	EQU 	2
FN_GLCDREADBYTE 	EQU 	2104
FSR 	EQU 	4
GCEN 	EQU 	7
GIE 	EQU 	7
GLCDBACKGROUND 	EQU 	35
GLCDBACKGROUND_H 	EQU 	36
GLCDBITNO 	EQU 	37
GLCDBMPLOAD 	EQU 	52
GLCDCHANGE 	EQU 	38
GLCDCLS 	EQU 	2062
GLCDCOLOUR 	EQU 	39
GLCDCOLOUR_H 	EQU 	40
GLCDDATATEMP 	EQU 	41
GLCDFOREGROUND 	EQU 	42
GLCDFOREGROUND_H 	EQU 	43
GLCDREADBYTE 	EQU 	44
GLCDTABLE1 	EQU 	716
GLCDTABLE1_H 	EQU 	2152
GLCDTABLE2 	EQU 	1224
GLCDTABLE2_H 	EQU 	2163
GLCDTABLE3 	EQU 	2174
GLCDTABLE4 	EQU 	2191
GLCDTABLE5 	EQU 	2208
GLCDWRITEBYTE 	EQU 	2225
GLCDX 	EQU 	45
GLCDXPOS 	EQU 	46
GLCDY 	EQU 	47
GLCDYPOS 	EQU 	48
GLCD_COUNT 	EQU 	49
GLCD_YORDINATE 	EQU 	50
GLCD_YORDINATE_H 	EQU 	51
GO 	EQU 	2
GO_DONE 	EQU 	2
HCOUNT 	EQU 	52
I2C_DATA 	EQU 	5
I2C_READ 	EQU 	2
I2C_START 	EQU 	3
I2C_STOP 	EQU 	4
IBF 	EQU 	7
IBOV 	EQU 	5
INDF 	EQU 	0
INITGLCD 	EQU 	1898
INITSYS 	EQU 	1953
INTCON 	EQU 	11
INTE 	EQU 	4
INTEDG 	EQU 	6
INTF 	EQU 	1
IRP 	EQU 	7
LCDBYTE 	EQU 	53
MAXHEIGHT 	EQU 	54
NOT_A 	EQU 	5
NOT_ADDRESS 	EQU 	5
NOT_BO 	EQU 	0
NOT_BOR 	EQU 	0
NOT_DONE 	EQU 	2
NOT_PD 	EQU 	3
NOT_POR 	EQU 	1
NOT_RBPU 	EQU 	7
NOT_RC8 	EQU 	6
NOT_T1SYNC 	EQU 	2
NOT_TO 	EQU 	4
NOT_TX8 	EQU 	6
NOT_W 	EQU 	2
NOT_WRITE 	EQU 	2
OBF 	EQU 	6
OBJHEIGHT 	EQU 	55
OBJWIDTH 	EQU 	56
OERR 	EQU 	1
OLDGLCDXPOS 	EQU 	57
ONPAGEBOUNDARY 	EQU 	58
OPTION_REG 	EQU 	129
OPTMISEGLCDDRAW 	EQU 	59
P 	EQU 	4
PCFG0 	EQU 	0
PCFG1 	EQU 	1
PCFG2 	EQU 	2
PCFG3 	EQU 	3
PCL 	EQU 	2
PCLATH 	EQU 	10
PCON 	EQU 	142
PEIE 	EQU 	6
PEN 	EQU 	2
PIE1 	EQU 	140
PIE2 	EQU 	141
PIR1 	EQU 	12
PIR2 	EQU 	13
PORTA 	EQU 	5
PORTB 	EQU 	6
PORTC 	EQU 	7
PORTD 	EQU 	8
PORTE 	EQU 	9
PR2 	EQU 	146
PS0 	EQU 	0
PS1 	EQU 	1
PS2 	EQU 	2
PSA 	EQU 	3
PSET 	EQU 	2295
PSPIE 	EQU 	7
PSPIF 	EQU 	7
PSPMODE 	EQU 	4
R 	EQU 	2
RBIE 	EQU 	3
RBIF 	EQU 	0
RC8_9 	EQU 	6
RC9 	EQU 	6
RCD8 	EQU 	0
RCEN 	EQU 	3
RCIE 	EQU 	5
RCIF 	EQU 	5
RCREG 	EQU 	26
RCSTA 	EQU 	24
RD 	EQU 	0
READ_WRITE 	EQU 	2
RP0 	EQU 	5
RP1 	EQU 	6
RSEN 	EQU 	1
RX9 	EQU 	6
RX9D 	EQU 	0
R_W 	EQU 	2
S 	EQU 	3
SCLT16TRUE 	EQU 	2404
SELECTEDTABLE 	EQU 	60
SELECTEDTABLE_H 	EQU 	61
SEN 	EQU 	0
SMP 	EQU 	7
SPBRG 	EQU 	153
SPEN 	EQU 	7
SREN 	EQU 	5
SSPADD 	EQU 	147
SSPBUF 	EQU 	19
SSPCON 	EQU 	20
SSPCON2 	EQU 	145
SSPEN 	EQU 	5
SSPIE 	EQU 	3
SSPIF 	EQU 	3
SSPM0 	EQU 	0
SSPM1 	EQU 	1
SSPM2 	EQU 	2
SSPM3 	EQU 	3
SSPOV 	EQU 	6
SSPSTAT 	EQU 	148
STATUS 	EQU 	3
SYNC 	EQU 	4
SYSBITVAR0 	EQU 	62
SYSBYTETEMPA 	EQU 	117
SYSBYTETEMPB 	EQU 	121
SYSBYTETEMPX 	EQU 	112
SYSCOMPEQUAL 	EQU 	2374
SYSCOMPEQUAL16 	EQU 	2380
SYSCOMPLESSTHAN 	EQU 	1971
SYSCOMPLESSTHAN16 	EQU 	2391
SYSDIV8START 	EQU 	1981
SYSDIVLOOP 	EQU 	116
SYSDIVSUB 	EQU 	1978
SYSDOLOOP_E1 	EQU 	49
SYSDOLOOP_S1 	EQU 	10
SYSFORLOOP1 	EQU 	262
SYSFORLOOP2 	EQU 	276
SYSFORLOOP3 	EQU 	450
SYSFORLOOP4 	EQU 	531
SYSFORLOOP5 	EQU 	660
SYSFORLOOP6 	EQU 	2067
SYSFORLOOP7 	EQU 	2070
SYSFORLOOP8 	EQU 	2078
SYSFORLOOPEND1 	EQU 	511
SYSFORLOOPEND2 	EQU 	498
SYSFORLOOPEND3 	EQU 	489
SYSFORLOOPEND4 	EQU 	713
SYSFORLOOPEND5 	EQU 	704
SYSFORLOOPEND6 	EQU 	2101
SYSFORLOOPEND7 	EQU 	2095
SYSFORLOOPEND8 	EQU 	2091
SYSREPEATLOOP1 	EQU 	2350
SYSREPEATLOOPEND1 	EQU 	2353
SYSREPEATTEMP1 	EQU 	63
SYSSELECT1CASE1 	EQU 	55
SYSSELECT1CASE2 	EQU 	86
SYSSELECT1CASE3 	EQU 	117
SYSSELECT1CASE4 	EQU 	152
SYSSELECT1CASE5 	EQU 	187
SYSSELECT1CASE6 	EQU 	221
SYSSELECT2CASE1 	EQU 	277
SYSSELECT2CASE2 	EQU 	299
SYSSELECT2CASE3 	EQU 	321
SYSSELECT2CASE4 	EQU 	345
SYSSELECT2CASE5 	EQU 	369
SYSSELECT2CASE6 	EQU 	392
SYSSELECT3CASE1 	EQU 	532
SYSSELECT3CASE2 	EQU 	554
SYSSELECT3CASE3 	EQU 	576
SYSSELECT3CASE4 	EQU 	600
SYSSELECT3CASE5 	EQU 	624
SYSSELECT3CASE6 	EQU 	647
SYSSELECTEND1 	EQU 	221
SYSSELECTEND2 	EQU 	392
SYSSELECTEND3 	EQU 	647
SYSSTRINGA 	EQU 	119
SYSSTRINGA_H 	EQU 	120
SYSTEMP1 	EQU 	64
SYSTEMP2 	EQU 	65
SYSWAITLOOP1 	EQU 	2234
SYSWAITTEMPMS 	EQU 	114
SYSWAITTEMPMS_H 	EQU 	115
SYSWAITTEMPUS 	EQU 	117
SYSWAITTEMPUS_H 	EQU 	118
SYSWORDTEMPA 	EQU 	117
SYSWORDTEMPA_H 	EQU 	118
SYSWORDTEMPB 	EQU 	121
SYSWORDTEMPB_H 	EQU 	122
T0CS 	EQU 	5
T0IE 	EQU 	5
T0IF 	EQU 	2
T0SE 	EQU 	4
T1CKPS0 	EQU 	4
T1CKPS1 	EQU 	5
T1CON 	EQU 	16
T1INSYNC 	EQU 	2
T1OSCEN 	EQU 	3
T1SYNC 	EQU 	2
T2CKPS0 	EQU 	0
T2CKPS1 	EQU 	1
T2CON 	EQU 	18
TABLEGLCDTABLE1 	EQU 	740
TABLEGLCDTABLE2 	EQU 	1248
TABLEGLCDTABLE3 	EQU 	2186
TABLEGLCDTABLE4 	EQU 	2203
TABLEGLCDTABLE5 	EQU 	2220
TABLELEN 	EQU 	66
TABLELEN_H 	EQU 	67
TABLEREADPOSITION 	EQU 	68
TABLEREADPOSITION_H 	EQU 	69
TMR0 	EQU 	1
TMR0IE 	EQU 	5
TMR0IF 	EQU 	2
TMR1CS 	EQU 	1
TMR1H 	EQU 	15
TMR1IE 	EQU 	0
TMR1IF 	EQU 	0
TMR1L 	EQU 	14
TMR1ON 	EQU 	0
TMR2 	EQU 	17
TMR2IE 	EQU 	1
TMR2IF 	EQU 	1
TMR2ON 	EQU 	2
TOUTPS0 	EQU 	3
TOUTPS1 	EQU 	4
TOUTPS2 	EQU 	5
TOUTPS3 	EQU 	6
TRISA 	EQU 	133
TRISB 	EQU 	134
TRISC 	EQU 	135
TRISD 	EQU 	136
TRISE 	EQU 	137
TRISE0 	EQU 	0
TRISE1 	EQU 	1
TRISE2 	EQU 	2
TRMT 	EQU 	1
TX8_9 	EQU 	6
TX9 	EQU 	6
TX9D 	EQU 	0
TXD8 	EQU 	0
TXEN 	EQU 	5
TXIE 	EQU 	4
TXIF 	EQU 	4
TXREG 	EQU 	25
TXSTA 	EQU 	152
UA 	EQU 	1
W 	EQU 	0
WBYTE 	EQU 	70
WCOL 	EQU 	7
WHOLEYBYTES 	EQU 	71
WIDTHCOUNT 	EQU 	72
WR 	EQU 	1
WREN 	EQU 	2
WRERR 	EQU 	3
Z 	EQU 	2

Code:
Loc	Obj Code	Original Assembly


























































000000	2805	GOTO BASPROGRAMSTART

000004	0009	RETFIE



		BASPROGRAMSTART
000005	27A1	CALL INITSYS
000006	276A	CALL INITGLCD
000000	118A	PAGESEL $
000000	118A 120A	PAGESEL $

000009	01BB	CLRF OPTMISEGLCDDRAW
		SYSDOLOOP_S1
000000	158A	PAGESEL GLCDCLS
000000	158A 120A	PAGESEL GLCDCLS
00000C	200E	CALL GLCDCLS
000000	118A	PAGESEL $
000000	118A 120A	PAGESEL $
00000F	01AE	CLRF GLCDXPOS
000010	01B0	CLRF GLCDYPOS
000011	30CC	MOVLW LOW(GLCDTABLE1)
000012	00BC	MOVWF SELECTEDTABLE
000013	3002	MOVLW HIGH(GLCDTABLE1)
000014	00BD	MOVWF SELECTEDTABLE_H
000015	2034	CALL GLCDBMPLOAD
000016	30FA	MOVLW 250
000017	00F2	MOVWF SYSWAITTEMPMS
000018	01F3	CLRF SYSWAITTEMPMS_H
000000	158A	PAGESEL DELAY_MS
000000	158A 120A	PAGESEL DELAY_MS
00001B	2000	CALL DELAY_MS
000000	158A	PAGESEL GLCDCLS
000000	158A 120A	PAGESEL GLCDCLS
00001E	200E	CALL GLCDCLS
000000	118A	PAGESEL $
000000	118A 120A	PAGESEL $
000021	01AE	CLRF GLCDXPOS
000022	01B0	CLRF GLCDYPOS
000023	30C8	MOVLW LOW(GLCDTABLE2)
000024	00BC	MOVWF SELECTEDTABLE
000025	3004	MOVLW HIGH(GLCDTABLE2)
000026	00BD	MOVWF SELECTEDTABLE_H
000027	2034	CALL GLCDBMPLOAD
000028	30FA	MOVLW 250
000029	00F2	MOVWF SYSWAITTEMPMS
00002A	01F3	CLRF SYSWAITTEMPMS_H
000000	158A	PAGESEL DELAY_MS
000000	158A 120A	PAGESEL DELAY_MS
00002D	2000	CALL DELAY_MS
000000	118A	PAGESEL $
000000	118A 120A	PAGESEL $
000030	280A	GOTO SYSDOLOOP_S1
		SYSDOLOOP_E1
000031	2832	GOTO BASPROGRAMEND
		BASPROGRAMEND
000032	0063	SLEEP
000033	2832	GOTO BASPROGRAMEND


		GLCDBMPLOAD
000034	3001	MOVLW 1
000035	00C4	MOVWF TABLEREADPOSITION
000036	01C5	CLRF TABLEREADPOSITION_H
		SYSSELECT1CASE1
000037	083C	MOVF SELECTEDTABLE,W
000038	00F5	MOVWF SYSWORDTEMPA
000039	083D	MOVF SELECTEDTABLE_H,W
00003A	00F6	MOVWF SYSWORDTEMPA_H
00003B	30CC	MOVLW LOW(GLCDTABLE1)
00003C	00F9	MOVWF SYSWORDTEMPB
00003D	3002	MOVLW HIGH(GLCDTABLE1)
00003E	00FA	MOVWF SYSWORDTEMPB_H
000000	158A	PAGESEL SYSCOMPEQUAL16
000000	158A 120A	PAGESEL SYSCOMPEQUAL16
000041	214C	CALL SYSCOMPEQUAL16
000000	118A	PAGESEL $
000000	118A 120A	PAGESEL $
000044	1C70	BTFSS SYSBYTETEMPX,0
000045	2856	GOTO SYSSELECT1CASE2
000046	0844	MOVF TABLEREADPOSITION,W
000047	00F7	MOVWF SYSSTRINGA
000048	0845	MOVF TABLEREADPOSITION_H,W
000049	00F8	MOVWF SYSSTRINGA_H
00004A	22CC	CALL GLCDTABLE1
00004B	00B8	MOVWF OBJWIDTH
00004C	0AC4	INCF TABLEREADPOSITION,F
00004D	1903	BTFSC STATUS,Z
00004E	0AC5	INCF TABLEREADPOSITION_H,F
00004F	0844	MOVF TABLEREADPOSITION,W
000050	00F7	MOVWF SYSSTRINGA
000051	0845	MOVF TABLEREADPOSITION_H,W
000052	00F8	MOVWF SYSSTRINGA_H
000053	22CC	CALL GLCDTABLE1
000054	00B7	MOVWF OBJHEIGHT
000055	28DD	GOTO SYSSELECTEND1
		SYSSELECT1CASE2
000056	083C	MOVF SELECTEDTABLE,W
000057	00F5	MOVWF SYSWORDTEMPA
000058	083D	MOVF SELECTEDTABLE_H,W
000059	00F6	MOVWF SYSWORDTEMPA_H
00005A	30C8	MOVLW LOW(GLCDTABLE2)
00005B	00F9	MOVWF SYSWORDTEMPB
00005C	3004	MOVLW HIGH(GLCDTABLE2)
00005D	00FA	MOVWF SYSWORDTEMPB_H
000000	158A	PAGESEL SYSCOMPEQUAL16
000000	158A 120A	PAGESEL SYSCOMPEQUAL16
000060	214C	CALL SYSCOMPEQUAL16
000000	118A	PAGESEL $
000000	118A 120A	PAGESEL $
000063	1C70	BTFSS SYSBYTETEMPX,0
000064	2875	GOTO SYSSELECT1CASE3
000065	0844	MOVF TABLEREADPOSITION,W
000066	00F7	MOVWF SYSSTRINGA
000067	0845	MOVF TABLEREADPOSITION_H,W
000068	00F8	MOVWF SYSSTRINGA_H
000069	24C8	CALL GLCDTABLE2
00006A	00B8	MOVWF OBJWIDTH
00006B	0AC4	INCF TABLEREADPOSITION,F
00006C	1903	BTFSC STATUS,Z
00006D	0AC5	INCF TABLEREADPOSITION_H,F
00006E	0844	MOVF TABLEREADPOSITION,W
00006F	00F7	MOVWF SYSSTRINGA
000070	0845	MOVF TABLEREADPOSITION_H,W
000071	00F8	MOVWF SYSSTRINGA_H
000072	24C8	CALL GLCDTABLE2
000073	00B7	MOVWF OBJHEIGHT
000074	28DD	GOTO SYSSELECTEND1
		SYSSELECT1CASE3
000075	083C	MOVF SELECTEDTABLE,W
000076	00F5	MOVWF SYSWORDTEMPA
000077	083D	MOVF SELECTEDTABLE_H,W
000078	00F6	MOVWF SYSWORDTEMPA_H
000079	307E	MOVLW LOW(GLCDTABLE3)
00007A	00F9	MOVWF SYSWORDTEMPB
00007B	3008	MOVLW HIGH(GLCDTABLE3)
00007C	00FA	MOVWF SYSWORDTEMPB_H
000000	158A	PAGESEL SYSCOMPEQUAL16
000000	158A 120A	PAGESEL SYSCOMPEQUAL16
00007F	214C	CALL SYSCOMPEQUAL16
000000	118A	PAGESEL $
000000	118A 120A	PAGESEL $
000082	1C70	BTFSS SYSBYTETEMPX,0
000083	2898	GOTO SYSSELECT1CASE4
000084	0844	MOVF TABLEREADPOSITION,W
000085	00F7	MOVWF SYSSTRINGA
000000	158A	PAGESEL GLCDTABLE3
000000	158A 120A	PAGESEL GLCDTABLE3
000088	207E	CALL GLCDTABLE3
000000	118A	PAGESEL $
000000	118A 120A	PAGESEL $
00008B	00B8	MOVWF OBJWIDTH
00008C	0AC4	INCF TABLEREADPOSITION,F
00008D	1903	BTFSC STATUS,Z
00008E	0AC5	INCF TABLEREADPOSITION_H,F
00008F	0844	MOVF TABLEREADPOSITION,W
000090	00F7	MOVWF SYSSTRINGA
000000	158A	PAGESEL GLCDTABLE3
000000	158A 120A	PAGESEL GLCDTABLE3
000093	207E	CALL GLCDTABLE3
000000	118A	PAGESEL $
000000	118A 120A	PAGESEL $
000096	00B7	MOVWF OBJHEIGHT
000097	28DD	GOTO SYSSELECTEND1
		SYSSELECT1CASE4
000098	083C	MOVF SELECTEDTABLE,W
000099	00F5	MOVWF SYSWORDTEMPA
00009A	083D	MOVF SELECTEDTABLE_H,W
00009B	00F6	MOVWF SYSWORDTEMPA_H
00009C	308F	MOVLW LOW(GLCDTABLE4)
00009D	00F9	MOVWF SYSWORDTEMPB
00009E	3008	MOVLW HIGH(GLCDTABLE4)
00009F	00FA	MOVWF SYSWORDTEMPB_H
000000	158A	PAGESEL SYSCOMPEQUAL16
000000	158A 120A	PAGESEL SYSCOMPEQUAL16
0000A2	214C	CALL SYSCOMPEQUAL16
000000	118A	PAGESEL $
000000	118A 120A	PAGESEL $
0000A5	1C70	BTFSS SYSBYTETEMPX,0
0000A6	28BB	GOTO SYSSELECT1CASE5
0000A7	0844	MOVF TABLEREADPOSITION,W
0000A8	00F7	MOVWF SYSSTRINGA
000000	158A	PAGESEL GLCDTABLE4
000000	158A 120A	PAGESEL GLCDTABLE4
0000AB	208F	CALL GLCDTABLE4
000000	118A	PAGESEL $
000000	118A 120A	PAGESEL $
0000AE	00B8	MOVWF OBJWIDTH
0000AF	0AC4	INCF TABLEREADPOSITION,F
0000B0	1903	BTFSC STATUS,Z
0000B1	0AC5	INCF TABLEREADPOSITION_H,F
0000B2	0844	MOVF TABLEREADPOSITION,W
0000B3	00F7	MOVWF SYSSTRINGA
000000	158A	PAGESEL GLCDTABLE4
000000	158A 120A	PAGESEL GLCDTABLE4
0000B6	208F	CALL GLCDTABLE4
000000	118A	PAGESEL $
000000	118A 120A	PAGESEL $
0000B9	00B7	MOVWF OBJHEIGHT
0000BA	28DD	GOTO SYSSELECTEND1
		SYSSELECT1CASE5
0000BB	083C	MOVF SELECTEDTABLE,W
0000BC	00F5	MOVWF SYSWORDTEMPA
0000BD	083D	MOVF SELECTEDTABLE_H,W
0000BE	00F6	MOVWF SYSWORDTEMPA_H
0000BF	30A0	MOVLW LOW(GLCDTABLE5)
0000C0	00F9	MOVWF SYSWORDTEMPB
0000C1	3008	MOVLW HIGH(GLCDTABLE5)
0000C2	00FA	MOVWF SYSWORDTEMPB_H
000000	158A	PAGESEL SYSCOMPEQUAL16
000000	158A 120A	PAGESEL SYSCOMPEQUAL16
0000C5	214C	CALL SYSCOMPEQUAL16
000000	118A	PAGESEL $
000000	118A 120A	PAGESEL $
0000C8	1C70	BTFSS SYSBYTETEMPX,0
0000C9	28DD	GOTO SYSSELECT1CASE6
0000CA	0844	MOVF TABLEREADPOSITION,W
0000CB	00F7	MOVWF SYSSTRINGA
000000	158A	PAGESEL GLCDTABLE5
000000	158A 120A	PAGESEL GLCDTABLE5
0000CE	20A0	CALL GLCDTABLE5
000000	118A	PAGESEL $
000000	118A 120A	PAGESEL $
0000D1	00B8	MOVWF OBJWIDTH
0000D2	0AC4	INCF TABLEREADPOSITION,F
0000D3	1903	BTFSC STATUS,Z
0000D4	0AC5	INCF TABLEREADPOSITION_H,F
0000D5	0844	MOVF TABLEREADPOSITION,W
0000D6	00F7	MOVWF SYSSTRINGA
000000	158A	PAGESEL GLCDTABLE5
000000	158A 120A	PAGESEL GLCDTABLE5
0000D9	20A0	CALL GLCDTABLE5
000000	118A	PAGESEL $
000000	118A 120A	PAGESEL $
0000DC	00B7	MOVWF OBJHEIGHT
		SYSSELECT1CASE6
		SYSSELECTEND1
0000DD	082E	MOVF GLCDXPOS,W
0000DE	00B9	MOVWF OLDGLCDXPOS
0000DF	3003	MOVLW 3
0000E0	00C4	MOVWF TABLEREADPOSITION
0000E1	01C5	CLRF TABLEREADPOSITION_H
0000E2	0837	MOVF OBJHEIGHT,W
0000E3	00F5	MOVWF SYSBYTETEMPA
0000E4	3008	MOVLW 8
0000E5	00F9	MOVWF SYSBYTETEMPB
0000E6	27BA	CALL SYSDIVSUB
0000E7	0875	MOVF SYSBYTETEMPA,W
0000E8	00C7	MOVWF WHOLEYBYTES
0000E9	0830	MOVF GLCDYPOS,W
0000EA	00F5	MOVWF SYSBYTETEMPA
0000EB	3008	MOVLW 8
0000EC	00F9	MOVWF SYSBYTETEMPB
0000ED	27BA	CALL SYSDIVSUB
0000EE	0870	MOVF SYSBYTETEMPX,W
0000EF	00C0	MOVWF SYSTEMP1
0000F0	00F5	MOVWF SYSBYTETEMPA
0000F1	01F9	CLRF SYSBYTETEMPB
000000	158A	PAGESEL SYSCOMPEQUAL
000000	158A 120A	PAGESEL SYSCOMPEQUAL
0000F4	2146	CALL SYSCOMPEQUAL
000000	118A	PAGESEL $
000000	118A 120A	PAGESEL $
0000F7	0870	MOVF SYSBYTETEMPX,W
0000F8	00BA	MOVWF ONPAGEBOUNDARY
0000F9	08C7	MOVF WHOLEYBYTES,F
0000FA	1903	BTFSC STATUS, Z
0000FB	29FF	GOTO ENDIF1
0000FC	30FF	MOVLW 255
0000FD	00B4	MOVWF HCOUNT
0000FE	0347	DECF WHOLEYBYTES,W
0000FF	00C0	MOVWF SYSTEMP1
000100	01F9	CLRF SYSBYTETEMPB
000101	0840	MOVF SYSTEMP1,W
000102	00F5	MOVWF SYSBYTETEMPA
000103	27B3	CALL SYSCOMPLESSTHAN
000104	1870	BTFSC SYSBYTETEMPX,0
000105	29FF	GOTO SYSFORLOOPEND1
		SYSFORLOOP1
000106	0AB4	INCF HCOUNT,F
000107	0834	MOVF HCOUNT,W
000108	0730	ADDWF GLCDYPOS,W
000109	00AF	MOVWF GLCDY
00010A	30FF	MOVLW 255
00010B	00C8	MOVWF WIDTHCOUNT
00010C	0338	DECF OBJWIDTH,W
00010D	00C0	MOVWF SYSTEMP1
00010E	01F9	CLRF SYSBYTETEMPB
00010F	0840	MOVF SYSTEMP1,W
000110	00F5	MOVWF SYSBYTETEMPA
000111	27B3	CALL SYSCOMPLESSTHAN
000112	1870	BTFSC SYSBYTETEMPX,0
000113	29F2	GOTO SYSFORLOOPEND2
		SYSFORLOOP2
000114	0AC8	INCF WIDTHCOUNT,F
		SYSSELECT2CASE1
000115	083C	MOVF SELECTEDTABLE,W
000116	00F5	MOVWF SYSWORDTEMPA
000117	083D	MOVF SELECTEDTABLE_H,W
000118	00F6	MOVWF SYSWORDTEMPA_H
000119	30CC	MOVLW LOW(GLCDTABLE1)
00011A	00F9	MOVWF SYSWORDTEMPB
00011B	3002	MOVLW HIGH(GLCDTABLE1)
00011C	00FA	MOVWF SYSWORDTEMPB_H
000000	158A	PAGESEL SYSCOMPEQUAL16
000000	158A 120A	PAGESEL SYSCOMPEQUAL16
00011F	214C	CALL SYSCOMPEQUAL16
000000	118A	PAGESEL $
000000	118A 120A	PAGESEL $
000122	1C70	BTFSS SYSBYTETEMPX,0
000123	292B	GOTO SYSSELECT2CASE2
000124	0844	MOVF TABLEREADPOSITION,W
000125	00F7	MOVWF SYSSTRINGA
000126	0845	MOVF TABLEREADPOSITION_H,W
000127	00F8	MOVWF SYSSTRINGA_H
000128	22CC	CALL GLCDTABLE1
000129	00C6	MOVWF WBYTE
00012A	2988	GOTO SYSSELECTEND2
		SYSSELECT2CASE2
00012B	083C	MOVF SELECTEDTABLE,W
00012C	00F5	MOVWF SYSWORDTEMPA
00012D	083D	MOVF SELECTEDTABLE_H,W
00012E	00F6	MOVWF SYSWORDTEMPA_H
00012F	30C8	MOVLW LOW(GLCDTABLE2)
000130	00F9	MOVWF SYSWORDTEMPB
000131	3004	MOVLW HIGH(GLCDTABLE2)
000132	00FA	MOVWF SYSWORDTEMPB_H
000000	158A	PAGESEL SYSCOMPEQUAL16
000000	158A 120A	PAGESEL SYSCOMPEQUAL16
000135	214C	CALL SYSCOMPEQUAL16
000000	118A	PAGESEL $
000000	118A 120A	PAGESEL $
000138	1C70	BTFSS SYSBYTETEMPX,0
000139	2941	GOTO SYSSELECT2CASE3
00013A	0844	MOVF TABLEREADPOSITION,W
00013B	00F7	MOVWF SYSSTRINGA
00013C	0845	MOVF TABLEREADPOSITION_H,W
00013D	00F8	MOVWF SYSSTRINGA_H
00013E	24C8	CALL GLCDTABLE2
00013F	00C6	MOVWF WBYTE
000140	2988	GOTO SYSSELECTEND2
		SYSSELECT2CASE3
000141	083C	MOVF SELECTEDTABLE,W
000142	00F5	MOVWF SYSWORDTEMPA
000143	083D	MOVF SELECTEDTABLE_H,W
000144	00F6	MOVWF SYSWORDTEMPA_H
000145	307E	MOVLW LOW(GLCDTABLE3)
000146	00F9	MOVWF SYSWORDTEMPB
000147	3008	MOVLW HIGH(GLCDTABLE3)
000148	00FA	MOVWF SYSWORDTEMPB_H
000000	158A	PAGESEL SYSCOMPEQUAL16
000000	158A 120A	PAGESEL SYSCOMPEQUAL16
00014B	214C	CALL SYSCOMPEQUAL16
000000	118A	PAGESEL $
000000	118A 120A	PAGESEL $
00014E	1C70	BTFSS SYSBYTETEMPX,0
00014F	2959	GOTO SYSSELECT2CASE4
000150	0844	MOVF TABLEREADPOSITION,W
000151	00F7	MOVWF SYSSTRINGA
000000	158A	PAGESEL GLCDTABLE3
000000	158A 120A	PAGESEL GLCDTABLE3
000154	207E	CALL GLCDTABLE3
000000	118A	PAGESEL $
000000	118A 120A	PAGESEL $
000157	00C6	MOVWF WBYTE
000158	2988	GOTO SYSSELECTEND2
		SYSSELECT2CASE4
000159	083C	MOVF SELECTEDTABLE,W
00015A	00F5	MOVWF SYSWORDTEMPA
00015B	083D	MOVF SELECTEDTABLE_H,W
00015C	00F6	MOVWF SYSWORDTEMPA_H
00015D	308F	MOVLW LOW(GLCDTABLE4)
00015E	00F9	MOVWF SYSWORDTEMPB
00015F	3008	MOVLW HIGH(GLCDTABLE4)
000160	00FA	MOVWF SYSWORDTEMPB_H
000000	158A	PAGESEL SYSCOMPEQUAL16
000000	158A 120A	PAGESEL SYSCOMPEQUAL16
000163	214C	CALL SYSCOMPEQUAL16
000000	118A	PAGESEL $
000000	118A 120A	PAGESEL $
000166	1C70	BTFSS SYSBYTETEMPX,0
000167	2971	GOTO SYSSELECT2CASE5
000168	0844	MOVF TABLEREADPOSITION,W
000169	00F7	MOVWF SYSSTRINGA
000000	158A	PAGESEL GLCDTABLE4
000000	158A 120A	PAGESEL GLCDTABLE4
00016C	208F	CALL GLCDTABLE4
000000	118A	PAGESEL $
000000	118A 120A	PAGESEL $
00016F	00C6	MOVWF WBYTE
000170	2988	GOTO SYSSELECTEND2
		SYSSELECT2CASE5
000171	083C	MOVF SELECTEDTABLE,W
000172	00F5	MOVWF SYSWORDTEMPA
000173	083D	MOVF SELECTEDTABLE_H,W
000174	00F6	MOVWF SYSWORDTEMPA_H
000175	30A0	MOVLW LOW(GLCDTABLE5)
000176	00F9	MOVWF SYSWORDTEMPB
000177	3008	MOVLW HIGH(GLCDTABLE5)
000178	00FA	MOVWF SYSWORDTEMPB_H
000000	158A	PAGESEL SYSCOMPEQUAL16
000000	158A 120A	PAGESEL SYSCOMPEQUAL16
00017B	214C	CALL SYSCOMPEQUAL16
000000	118A	PAGESEL $
000000	118A 120A	PAGESEL $
00017E	1C70	BTFSS SYSBYTETEMPX,0
00017F	2988	GOTO SYSSELECT2CASE6
000180	0844	MOVF TABLEREADPOSITION,W
000181	00F7	MOVWF SYSSTRINGA
000000	158A	PAGESEL GLCDTABLE5
000000	158A 120A	PAGESEL GLCDTABLE5
000184	20A0	CALL GLCDTABLE5
000000	118A	PAGESEL $
000000	118A 120A	PAGESEL $
000187	00C6	MOVWF WBYTE
		SYSSELECT2CASE6
		SYSSELECTEND2
000188	0AC4	INCF TABLEREADPOSITION,F
000189	1903	BTFSC STATUS,Z
00018A	0AC5	INCF TABLEREADPOSITION_H,F
00018B	083B	MOVF OPTMISEGLCDDRAW,W
00018C	0246	SUBWF WBYTE,W
00018D	1903	BTFSC STATUS, Z
00018E	29E9	GOTO ENDIF5
00018F	0A3A	INCF ONPAGEBOUNDARY,W
000190	1D03	BTFSS STATUS, Z
000191	29C0	GOTO ELSE13_1
000192	0848	MOVF WIDTHCOUNT,W
000193	072E	ADDWF GLCDXPOS,W
000194	00AD	MOVWF GLCDX
000195	1B2D	BTFSC GLCDX,6
000196	2999	GOTO ENDIF14
000197	1685	BSF PORTA,5
000198	1205	BCF PORTA,4
		ENDIF14
000199	1F2D	BTFSS GLCDX,6
00019A	299F	GOTO ENDIF15
00019B	1605	BSF PORTA,4
00019C	3040	MOVLW 64
00019D	02AD	SUBWF GLCDX,F
00019E	1285	BCF PORTA,5
		ENDIF15
00019F	082F	MOVF GLCDY,W
0001A0	00F5	MOVWF SYSBYTETEMPA
0001A1	3008	MOVLW 8
0001A2	00F9	MOVWF SYSBYTETEMPB
0001A3	27BA	CALL SYSDIVSUB
0001A4	0875	MOVF SYSBYTETEMPA,W
0001A5	00A2	MOVWF CURRPAGE
0001A6	1005	BCF PORTA,0
0001A7	30B8	MOVLW 184
0001A8	0422	IORWF CURRPAGE,W
0001A9	00B5	MOVWF LCDBYTE
000000	158A	PAGESEL GLCDWRITEBYTE
000000	158A 120A	PAGESEL GLCDWRITEBYTE
0001AC	20B1	CALL GLCDWRITEBYTE
000000	118A	PAGESEL $
000000	118A 120A	PAGESEL $
0001AF	3040	MOVLW 64
0001B0	042D	IORWF GLCDX,W
0001B1	00B5	MOVWF LCDBYTE
000000	158A	PAGESEL GLCDWRITEBYTE
000000	158A 120A	PAGESEL GLCDWRITEBYTE
0001B4	20B1	CALL GLCDWRITEBYTE
000000	118A	PAGESEL $
000000	118A 120A	PAGESEL $
0001B7	1405	BSF PORTA,0
0001B8	0846	MOVF WBYTE,W
0001B9	00B5	MOVWF LCDBYTE
000000	158A	PAGESEL GLCDWRITEBYTE
000000	158A 120A	PAGESEL GLCDWRITEBYTE
0001BC	20B1	CALL GLCDWRITEBYTE
000000	118A	PAGESEL $
000000	118A 120A	PAGESEL $
0001BF	29E9	GOTO ENDIF13
		ELSE13_1
0001C0	30FF	MOVLW 255
0001C1	00A0	MOVWF CURRCHARROW
		SYSFORLOOP3
0001C2	0AA0	INCF CURRCHARROW,F
0001C3	1846	BTFSC WBYTE,0
0001C4	29D5	GOTO ELSE16_1
0001C5	0848	MOVF WIDTHCOUNT,W
0001C6	072E	ADDWF GLCDXPOS,W
0001C7	00AD	MOVWF GLCDX
0001C8	0830	MOVF GLCDYPOS,W
0001C9	0720	ADDWF CURRCHARROW,W
0001CA	00AF	MOVWF GLCDY
0001CB	0823	MOVF GLCDBACKGROUND,W
0001CC	00A7	MOVWF GLCDCOLOUR
0001CD	0824	MOVF GLCDBACKGROUND_H,W
0001CE	00A8	MOVWF GLCDCOLOUR_H
000000	158A	PAGESEL PSET
000000	158A 120A	PAGESEL PSET
0001D1	20F7	CALL PSET
000000	118A	PAGESEL $
000000	118A 120A	PAGESEL $
0001D4	29E4	GOTO ENDIF16
		ELSE16_1
0001D5	0848	MOVF WIDTHCOUNT,W
0001D6	072E	ADDWF GLCDXPOS,W
0001D7	00AD	MOVWF GLCDX
0001D8	0830	MOVF GLCDYPOS,W
0001D9	0720	ADDWF CURRCHARROW,W
0001DA	00AF	MOVWF GLCDY
0001DB	082A	MOVF GLCDFOREGROUND,W
0001DC	00A7	MOVWF GLCDCOLOUR
0001DD	082B	MOVF GLCDFOREGROUND_H,W
0001DE	00A8	MOVWF GLCDCOLOUR_H
000000	158A	PAGESEL PSET
000000	158A 120A	PAGESEL PSET
0001E1	20F7	CALL PSET
000000	118A	PAGESEL $
000000	118A 120A	PAGESEL $
		ENDIF16
0001E4	0CC6	RRF WBYTE,F
0001E5	3007	MOVLW 7
0001E6	0220	SUBWF CURRCHARROW,W
0001E7	1C03	BTFSS STATUS, C
0001E8	29C2	GOTO SYSFORLOOP3
		SYSFORLOOPEND3
		ENDIF13
		ENDIF5
0001E9	0338	DECF OBJWIDTH,W
0001EA	00C0	MOVWF SYSTEMP1
0001EB	0848	MOVF WIDTHCOUNT,W
0001EC	00F5	MOVWF SYSBYTETEMPA
0001ED	0840	MOVF SYSTEMP1,W
0001EE	00F9	MOVWF SYSBYTETEMPB
0001EF	27B3	CALL SYSCOMPLESSTHAN
0001F0	1870	BTFSC SYSBYTETEMPX,0
0001F1	2914	GOTO SYSFORLOOP2
		SYSFORLOOPEND2
0001F2	0839	MOVF OLDGLCDXPOS,W
0001F3	00AE	MOVWF GLCDXPOS
0001F4	3008	MOVLW 8
0001F5	07B0	ADDWF GLCDYPOS,F
0001F6	0347	DECF WHOLEYBYTES,W
0001F7	00C0	MOVWF SYSTEMP1
0001F8	0834	MOVF HCOUNT,W
0001F9	00F5	MOVWF SYSBYTETEMPA
0001FA	0840	MOVF SYSTEMP1,W
0001FB	00F9	MOVWF SYSBYTETEMPB
0001FC	27B3	CALL SYSCOMPLESSTHAN
0001FD	1870	BTFSC SYSBYTETEMPX,0
0001FE	2906	GOTO SYSFORLOOP1
		SYSFORLOOPEND1
		ENDIF1
0001FF	0837	MOVF OBJHEIGHT,W
000200	00F5	MOVWF SYSBYTETEMPA
000201	3008	MOVLW 8
000202	00F9	MOVWF SYSBYTETEMPB
000203	27BA	CALL SYSDIVSUB
000204	0870	MOVF SYSBYTETEMPX,W
000205	00B6	MOVWF MAXHEIGHT
000206	08B6	MOVF MAXHEIGHT,F
000207	1903	BTFSC STATUS, Z
000208	2AC9	GOTO ENDIF2
000209	30FF	MOVLW 255
00020A	00C8	MOVWF WIDTHCOUNT
00020B	0338	DECF OBJWIDTH,W
00020C	00C0	MOVWF SYSTEMP1
00020D	01F9	CLRF SYSBYTETEMPB
00020E	0840	MOVF SYSTEMP1,W
00020F	00F5	MOVWF SYSBYTETEMPA
000210	27B3	CALL SYSCOMPLESSTHAN
000211	1870	BTFSC SYSBYTETEMPX,0
000212	2AC9	GOTO SYSFORLOOPEND4
		SYSFORLOOP4
000213	0AC8	INCF WIDTHCOUNT,F
		SYSSELECT3CASE1
000214	083C	MOVF SELECTEDTABLE,W
000215	00F5	MOVWF SYSWORDTEMPA
000216	083D	MOVF SELECTEDTABLE_H,W
000217	00F6	MOVWF SYSWORDTEMPA_H
000218	30CC	MOVLW LOW(GLCDTABLE1)
000219	00F9	MOVWF SYSWORDTEMPB
00021A	3002	MOVLW HIGH(GLCDTABLE1)
00021B	00FA	MOVWF SYSWORDTEMPB_H
000000	158A	PAGESEL SYSCOMPEQUAL16
000000	158A 120A	PAGESEL SYSCOMPEQUAL16
00021E	214C	CALL SYSCOMPEQUAL16
000000	118A	PAGESEL $
000000	118A 120A	PAGESEL $
000221	1C70	BTFSS SYSBYTETEMPX,0
000222	2A2A	GOTO SYSSELECT3CASE2
000223	0844	MOVF TABLEREADPOSITION,W
000224	00F7	MOVWF SYSSTRINGA
000225	0845	MOVF TABLEREADPOSITION_H,W
000226	00F8	MOVWF SYSSTRINGA_H
000227	22CC	CALL GLCDTABLE1
000228	00C6	MOVWF WBYTE
000229	2A87	GOTO SYSSELECTEND3
		SYSSELECT3CASE2
00022A	083C	MOVF SELECTEDTABLE,W
00022B	00F5	MOVWF SYSWORDTEMPA
00022C	083D	MOVF SELECTEDTABLE_H,W
00022D	00F6	MOVWF SYSWORDTEMPA_H
00022E	30C8	MOVLW LOW(GLCDTABLE2)
00022F	00F9	MOVWF SYSWORDTEMPB
000230	3004	MOVLW HIGH(GLCDTABLE2)
000231	00FA	MOVWF SYSWORDTEMPB_H
000000	158A	PAGESEL SYSCOMPEQUAL16
000000	158A 120A	PAGESEL SYSCOMPEQUAL16
000234	214C	CALL SYSCOMPEQUAL16
000000	118A	PAGESEL $
000000	118A 120A	PAGESEL $
000237	1C70	BTFSS SYSBYTETEMPX,0
000238	2A40	GOTO SYSSELECT3CASE3
000239	0844	MOVF TABLEREADPOSITION,W
00023A	00F7	MOVWF SYSSTRINGA
00023B	0845	MOVF TABLEREADPOSITION_H,W
00023C	00F8	MOVWF SYSSTRINGA_H
00023D	24C8	CALL GLCDTABLE2
00023E	00C6	MOVWF WBYTE
00023F	2A87	GOTO SYSSELECTEND3
		SYSSELECT3CASE3
000240	083C	MOVF SELECTEDTABLE,W
000241	00F5	MOVWF SYSWORDTEMPA
000242	083D	MOVF SELECTEDTABLE_H,W
000243	00F6	MOVWF SYSWORDTEMPA_H
000244	307E	MOVLW LOW(GLCDTABLE3)
000245	00F9	MOVWF SYSWORDTEMPB
000246	3008	MOVLW HIGH(GLCDTABLE3)
000247	00FA	MOVWF SYSWORDTEMPB_H
000000	158A	PAGESEL SYSCOMPEQUAL16
000000	158A 120A	PAGESEL SYSCOMPEQUAL16
00024A	214C	CALL SYSCOMPEQUAL16
000000	118A	PAGESEL $
000000	118A 120A	PAGESEL $
00024D	1C70	BTFSS SYSBYTETEMPX,0
00024E	2A58	GOTO SYSSELECT3CASE4
00024F	0844	MOVF TABLEREADPOSITION,W
000250	00F7	MOVWF SYSSTRINGA
000000	158A	PAGESEL GLCDTABLE3
000000	158A 120A	PAGESEL GLCDTABLE3
000253	207E	CALL GLCDTABLE3
000000	118A	PAGESEL $
000000	118A 120A	PAGESEL $
000256	00C6	MOVWF WBYTE
000257	2A87	GOTO SYSSELECTEND3
		SYSSELECT3CASE4
000258	083C	MOVF SELECTEDTABLE,W
000259	00F5	MOVWF SYSWORDTEMPA
00025A	083D	MOVF SELECTEDTABLE_H,W
00025B	00F6	MOVWF SYSWORDTEMPA_H
00025C	308F	MOVLW LOW(GLCDTABLE4)
00025D	00F9	MOVWF SYSWORDTEMPB
00025E	3008	MOVLW HIGH(GLCDTABLE4)
00025F	00FA	MOVWF SYSWORDTEMPB_H
000000	158A	PAGESEL SYSCOMPEQUAL16
000000	158A 120A	PAGESEL SYSCOMPEQUAL16
000262	214C	CALL SYSCOMPEQUAL16
000000	118A	PAGESEL $
000000	118A 120A	PAGESEL $
000265	1C70	BTFSS SYSBYTETEMPX,0
000266	2A70	GOTO SYSSELECT3CASE5
000267	0844	MOVF TABLEREADPOSITION,W
000268	00F7	MOVWF SYSSTRINGA
000000	158A	PAGESEL GLCDTABLE4
000000	158A 120A	PAGESEL GLCDTABLE4
00026B	208F	CALL GLCDTABLE4
000000	118A	PAGESEL $
000000	118A 120A	PAGESEL $
00026E	00C6	MOVWF WBYTE
00026F	2A87	GOTO SYSSELECTEND3
		SYSSELECT3CASE5
000270	083C	MOVF SELECTEDTABLE,W
000271	00F5	MOVWF SYSWORDTEMPA
000272	083D	MOVF SELECTEDTABLE_H,W
000273	00F6	MOVWF SYSWORDTEMPA_H
000274	30A0	MOVLW LOW(GLCDTABLE5)
000275	00F9	MOVWF SYSWORDTEMPB
000276	3008	MOVLW HIGH(GLCDTABLE5)
000277	00FA	MOVWF SYSWORDTEMPB_H
000000	158A	PAGESEL SYSCOMPEQUAL16
000000	158A 120A	PAGESEL SYSCOMPEQUAL16
00027A	214C	CALL SYSCOMPEQUAL16
000000	118A	PAGESEL $
000000	118A 120A	PAGESEL $
00027D	1C70	BTFSS SYSBYTETEMPX,0
00027E	2A87	GOTO SYSSELECT3CASE6
00027F	0844	MOVF TABLEREADPOSITION,W
000280	00F7	MOVWF SYSSTRINGA
000000	158A	PAGESEL GLCDTABLE5
000000	158A 120A	PAGESEL GLCDTABLE5
000283	20A0	CALL GLCDTABLE5
000000	118A	PAGESEL $
000000	118A 120A	PAGESEL $
000286	00C6	MOVWF WBYTE
		SYSSELECT3CASE6
		SYSSELECTEND3
000287	0AC4	INCF TABLEREADPOSITION,F
000288	1903	BTFSC STATUS,Z
000289	0AC5	INCF TABLEREADPOSITION_H,F
00028A	30FF	MOVLW 255
00028B	00A0	MOVWF CURRCHARROW
00028C	0336	DECF MAXHEIGHT,W
00028D	00C0	MOVWF SYSTEMP1
00028E	01F9	CLRF SYSBYTETEMPB
00028F	0840	MOVF SYSTEMP1,W
000290	00F5	MOVWF SYSBYTETEMPA
000291	27B3	CALL SYSCOMPLESSTHAN
000292	1870	BTFSC SYSBYTETEMPX,0
000293	2AC0	GOTO SYSFORLOOPEND5
		SYSFORLOOP5
000294	0AA0	INCF CURRCHARROW,F
000295	1846	BTFSC WBYTE,0
000296	2AA7	GOTO ELSE10_1
000297	0848	MOVF WIDTHCOUNT,W
000298	072E	ADDWF GLCDXPOS,W
000299	00AD	MOVWF GLCDX
00029A	0830	MOVF GLCDYPOS,W
00029B	0720	ADDWF CURRCHARROW,W
00029C	00AF	MOVWF GLCDY
00029D	0823	MOVF GLCDBACKGROUND,W
00029E	00A7	MOVWF GLCDCOLOUR
00029F	0824	MOVF GLCDBACKGROUND_H,W
0002A0	00A8	MOVWF GLCDCOLOUR_H
000000	158A	PAGESEL PSET
000000	158A 120A	PAGESEL PSET
0002A3	20F7	CALL PSET
000000	118A	PAGESEL $
000000	118A 120A	PAGESEL $
0002A6	2AB6	GOTO ENDIF10
		ELSE10_1
0002A7	0848	MOVF WIDTHCOUNT,W
0002A8	072E	ADDWF GLCDXPOS,W
0002A9	00AD	MOVWF GLCDX
0002AA	0830	MOVF GLCDYPOS,W
0002AB	0720	ADDWF CURRCHARROW,W
0002AC	00AF	MOVWF GLCDY
0002AD	082A	MOVF GLCDFOREGROUND,W
0002AE	00A7	MOVWF GLCDCOLOUR
0002AF	082B	MOVF GLCDFOREGROUND_H,W
0002B0	00A8	MOVWF GLCDCOLOUR_H
000000	158A	PAGESEL PSET
000000	158A 120A	PAGESEL PSET
0002B3	20F7	CALL PSET
000000	118A	PAGESEL $
000000	118A 120A	PAGESEL $
		ENDIF10
0002B6	0CC6	RRF WBYTE,F
0002B7	0336	DECF MAXHEIGHT,W
0002B8	00C0	MOVWF SYSTEMP1
0002B9	0820	MOVF CURRCHARROW,W
0002BA	00F5	MOVWF SYSBYTETEMPA
0002BB	0840	MOVF SYSTEMP1,W
0002BC	00F9	MOVWF SYSBYTETEMPB
0002BD	27B3	CALL SYSCOMPLESSTHAN
0002BE	1870	BTFSC SYSBYTETEMPX,0
0002BF	2A94	GOTO SYSFORLOOP5
		SYSFORLOOPEND5
0002C0	0338	DECF OBJWIDTH,W
0002C1	00C0	MOVWF SYSTEMP1
0002C2	0848	MOVF WIDTHCOUNT,W
0002C3	00F5	MOVWF SYSBYTETEMPA
0002C4	0840	MOVF SYSTEMP1,W
0002C5	00F9	MOVWF SYSBYTETEMPB
0002C6	27B3	CALL SYSCOMPLESSTHAN
0002C7	1870	BTFSC SYSBYTETEMPX,0
0002C8	2A13	GOTO SYSFORLOOP4
		SYSFORLOOPEND4
		ENDIF2
0002C9	1205	BCF PORTA,4
0002CA	1285	BCF PORTA,5
0002CB	0008	RETURN


		GLCDTABLE1
0002CC	0877	MOVF SYSSTRINGA,W
0002CD	00F5	MOVWF SYSWORDTEMPA
0002CE	0878	MOVF SYSSTRINGA_H,W
0002CF	00F6	MOVWF SYSWORDTEMPA_H
0002D0	30E3	MOVLW 227
0002D1	00F9	MOVWF SYSWORDTEMPB
0002D2	3001	MOVLW 1
0002D3	00FA	MOVWF SYSWORDTEMPB_H
000000	158A	PAGESEL SYSCOMPLESSTHAN16
000000	158A 120A	PAGESEL SYSCOMPLESSTHAN16
0002D6	2157	CALL SYSCOMPLESSTHAN16
000000	118A	PAGESEL $
000000	118A 120A	PAGESEL $
0002D9	1C70	BTFSS SYSBYTETEMPX,0
0002DA	3400	RETLW 0
0002DB	0877	MOVF SYSSTRINGA, W
0002DC	3EE5	ADDLW LOW (1 + TABLEGLCDTABLE1)
0002DD	00F7	MOVWF SYSSTRINGA
0002DE	3002	MOVLW HIGH TABLEGLCDTABLE1
0002DF	1803	BTFSC STATUS, C
0002E0	3E01	ADDLW 1
0002E1	0778	ADDWF SYSSTRINGA_H, W
0002E2	008A	MOVWF PCLATH
0002E3	0877	MOVF SYSSTRINGA, W
		TABLEGLCDTABLE1
0002E4	0082	MOVWF PCL
0002E5	34E2	RETLW 226
0002E6	343C	RETLW 60
0002E7	3440	RETLW 64
0002E8	3400	RETLW 0
0002E9	3400	RETLW 0
0002EA	3400	RETLW 0
0002EB	3400	RETLW 0
0002EC	3400	RETLW 0
0002ED	3400	RETLW 0
0002EE	3400	RETLW 0
0002EF	3400	RETLW 0
0002F0	3400	RETLW 0
0002F1	3400	RETLW 0
0002F2	3400	RETLW 0
0002F3	3400	RETLW 0
0002F4	3400	RETLW 0
0002F5	3400	RETLW 0
0002F6	3400	RETLW 0
0002F7	3400	RETLW 0
0002F8	3400	RETLW 0
0002F9	3400	RETLW 0
0002FA	3400	RETLW 0
0002FB	3400	RETLW 0
0002FC	3400	RETLW 0
0002FD	3400	RETLW 0
0002FE	3400	RETLW 0
0002FF	3400	RETLW 0
000300	3400	RETLW 0
000301	3400	RETLW 0
000302	3400	RETLW 0
000303	3400	RETLW 0
000304	3400	RETLW 0
000305	3400	RETLW 0
000306	3400	RETLW 0
000307	3400	RETLW 0
000308	3400	RETLW 0
000309	3400	RETLW 0
00030A	3400	RETLW 0
00030B	3480	RETLW 128
00030C	34E0	RETLW 224
00030D	3400	RETLW 0
00030E	34C0	RETLW 192
00030F	3400	RETLW 0
000310	3400	RETLW 0
000311	3400	RETLW 0
000312	3400	RETLW 0
000313	3400	RETLW 0
000314	3400	RETLW 0
000315	3400	RETLW 0
000316	3400	RETLW 0
000317	3400	RETLW 0
000318	3400	RETLW 0
000319	3400	RETLW 0
00031A	3400	RETLW 0
00031B	3400	RETLW 0
00031C	3400	RETLW 0
00031D	3400	RETLW 0
00031E	3400	RETLW 0
00031F	3400	RETLW 0
000320	3400	RETLW 0
000321	3400	RETLW 0
000322	3400	RETLW 0
000323	3400	RETLW 0
000324	3440	RETLW 64
000325	34C0	RETLW 192
000326	34B0	RETLW 176
000327	3460	RETLW 96
000328	34C0	RETLW 192
000329	3480	RETLW 128
00032A	3400	RETLW 0
00032B	3400	RETLW 0
00032C	3400	RETLW 0
00032D	3400	RETLW 0
00032E	3400	RETLW 0
00032F	3400	RETLW 0
000330	3400	RETLW 0
000331	3400	RETLW 0
000332	3400	RETLW 0
000333	3400	RETLW 0
000334	3400	RETLW 0
000335	3400	RETLW 0
000336	3400	RETLW 0
000337	3400	RETLW 0
000338	3400	RETLW 0
000339	3400	RETLW 0
00033A	3400	RETLW 0
00033B	3400	RETLW 0
00033C	3400	RETLW 0
00033D	3400	RETLW 0
00033E	3400	RETLW 0
00033F	3400	RETLW 0
000340	3400	RETLW 0
000341	3400	RETLW 0
000342	3400	RETLW 0
000343	3400	RETLW 0
000344	34C0	RETLW 192
000345	3470	RETLW 112
000346	34DE	RETLW 222
000347	3473	RETLW 115
000348	341C	RETLW 28
000349	3407	RETLW 7
00034A	3401	RETLW 1
00034B	3400	RETLW 0
00034C	3400	RETLW 0
00034D	3400	RETLW 0
00034E	3400	RETLW 0
00034F	3400	RETLW 0
000350	3400	RETLW 0
000351	3400	RETLW 0
000352	3400	RETLW 0
000353	3400	RETLW 0
000354	3400	RETLW 0
000355	3400	RETLW 0
000356	3400	RETLW 0
000357	3400	RETLW 0
000358	3400	RETLW 0
000359	3400	RETLW 0
00035A	3400	RETLW 0
00035B	3400	RETLW 0
00035C	3400	RETLW 0
00035D	3400	RETLW 0
00035E	3400	RETLW 0
00035F	3400	RETLW 0
000360	3400	RETLW 0
000361	3400	RETLW 0
000362	3401	RETLW 1
000363	3401	RETLW 1
000364	3403	RETLW 3
000365	3406	RETLW 6
000366	340D	RETLW 13
000367	341B	RETLW 27
000368	343E	RETLW 62
000369	34EC	RETLW 236
00036A	3418	RETLW 24
00036B	3410	RETLW 16
00036C	3410	RETLW 16
00036D	3410	RETLW 16
00036E	3418	RETLW 24
00036F	3418	RETLW 24
000370	3408	RETLW 8
000371	3408	RETLW 8
000372	340C	RETLW 12
000373	340C	RETLW 12
000374	340C	RETLW 12
000375	3404	RETLW 4
000376	3404	RETLW 4
000377	3404	RETLW 4
000378	3406	RETLW 6
000379	3406	RETLW 6
00037A	3402	RETLW 2
00037B	3402	RETLW 2
00037C	3402	RETLW 2
00037D	3403	RETLW 3
00037E	3403	RETLW 3
00037F	3401	RETLW 1
000380	3401	RETLW 1
000381	3403	RETLW 3
000382	340F	RETLW 15
000383	341C	RETLW 28
000384	3470	RETLW 112
000385	34E0	RETLW 224
000386	3480	RETLW 128
000387	3400	RETLW 0
000388	3400	RETLW 0
000389	3400	RETLW 0
00038A	3400	RETLW 0
00038B	3400	RETLW 0
00038C	3400	RETLW 0
00038D	3400	RETLW 0
00038E	3400	RETLW 0
00038F	3400	RETLW 0
000390	3400	RETLW 0
000391	3400	RETLW 0
000392	3400	RETLW 0
000393	3400	RETLW 0
000394	3400	RETLW 0
000395	3400	RETLW 0
000396	3400	RETLW 0
000397	3400	RETLW 0
000398	3400	RETLW 0
000399	3400	RETLW 0
00039A	3400	RETLW 0
00039B	3400	RETLW 0
00039C	3400	RETLW 0
00039D	3400	RETLW 0
00039E	3400	RETLW 0
00039F	3400	RETLW 0
0003A0	3400	RETLW 0
0003A1	3400	RETLW 0
0003A2	3400	RETLW 0
0003A3	3400	RETLW 0
0003A4	3400	RETLW 0
0003A5	34FF	RETLW 255
0003A6	3400	RETLW 0
0003A7	3400	RETLW 0
0003A8	3400	RETLW 0
0003A9	3400	RETLW 0
0003AA	3400	RETLW 0
0003AB	3400	RETLW 0
0003AC	3400	RETLW 0
0003AD	3400	RETLW 0
0003AE	3400	RETLW 0
0003AF	3400	RETLW 0
0003B0	3400	RETLW 0
0003B1	3400	RETLW 0
0003B2	3400	RETLW 0
0003B3	3400	RETLW 0
0003B4	3400	RETLW 0
0003B5	3400	RETLW 0
0003B6	3400	RETLW 0
0003B7	3400	RETLW 0
0003B8	3400	RETLW 0
0003B9	3400	RETLW 0
0003BA	3400	RETLW 0
0003BB	3400	RETLW 0
0003BC	3400	RETLW 0
0003BD	3400	RETLW 0
0003BE	3400	RETLW 0
0003BF	3400	RETLW 0
0003C0	3400	RETLW 0
0003C1	3400	RETLW 0
0003C2	3401	RETLW 1
0003C3	3407	RETLW 7
0003C4	340E	RETLW 14
0003C5	3438	RETLW 56
0003C6	3470	RETLW 112
0003C7	34C0	RETLW 192
0003C8	3480	RETLW 128
0003C9	3400	RETLW 0
0003CA	3400	RETLW 0
0003CB	3400	RETLW 0
0003CC	3400	RETLW 0
0003CD	3400	RETLW 0
0003CE	3400	RETLW 0
0003CF	3400	RETLW 0
0003D0	3400	RETLW 0
0003D1	3400	RETLW 0
0003D2	3400	RETLW 0
0003D3	3400	RETLW 0
0003D4	3400	RETLW 0
0003D5	3400	RETLW 0
0003D6	3400	RETLW 0
0003D7	3400	RETLW 0
0003D8	3400	RETLW 0
0003D9	3400	RETLW 0
0003DA	3400	RETLW 0
0003DB	3400	RETLW 0
0003DC	3400	RETLW 0
0003DD	3400	RETLW 0
0003DE	3400	RETLW 0
0003DF	3400	RETLW 0
0003E0	3400	RETLW 0
0003E1	34FF	RETLW 255
0003E2	3400	RETLW 0
0003E3	3400	RETLW 0
0003E4	3400	RETLW 0
0003E5	3400	RETLW 0
0003E6	3400	RETLW 0
0003E7	3400	RETLW 0
0003E8	3400	RETLW 0
0003E9	3400	RETLW 0
0003EA	3400	RETLW 0
0003EB	3400	RETLW 0
0003EC	3400	RETLW 0
0003ED	3400	RETLW 0
0003EE	3400	RETLW 0
0003EF	3400	RETLW 0
0003F0	3400	RETLW 0
0003F1	3400	RETLW 0
0003F2	3400	RETLW 0
0003F3	3400	RETLW 0
0003F4	3400	RETLW 0
0003F5	3400	RETLW 0
0003F6	3400	RETLW 0
0003F7	3400	RETLW 0
0003F8	3400	RETLW 0
0003F9	3400	RETLW 0
0003FA	3400	RETLW 0
0003FB	3400	RETLW 0
0003FC	3400	RETLW 0
0003FD	3400	RETLW 0
0003FE	3400	RETLW 0
0003FF	3400	RETLW 0
000400	3400	RETLW 0
000401	3400	RETLW 0
000402	3480	RETLW 128
000403	34C0	RETLW 192
000404	3463	RETLW 99
000405	3436	RETLW 54
000406	341C	RETLW 28
000407	3400	RETLW 0
000408	3400	RETLW 0
000409	3400	RETLW 0
00040A	3400	RETLW 0
00040B	3400	RETLW 0
00040C	3400	RETLW 0
00040D	3400	RETLW 0
00040E	3400	RETLW 0
00040F	3400	RETLW 0
000410	3400	RETLW 0
000411	3400	RETLW 0
000412	3400	RETLW 0
000413	3400	RETLW 0
000414	3400	RETLW 0
000415	3400	RETLW 0
000416	3400	RETLW 0
000417	3400	RETLW 0
000418	3400	RETLW 0
000419	3400	RETLW 0
00041A	3400	RETLW 0
00041B	3400	RETLW 0
00041C	3400	RETLW 0
00041D	3407	RETLW 7
00041E	340C	RETLW 12
00041F	3408	RETLW 8
000420	3418	RETLW 24
000421	3410	RETLW 16
000422	3430	RETLW 48
000423	3430	RETLW 48
000424	3420	RETLW 32
000425	3460	RETLW 96
000426	3440	RETLW 64
000427	34C0	RETLW 192
000428	34C0	RETLW 192
000429	3480	RETLW 128
00042A	3480	RETLW 128
00042B	3400	RETLW 0
00042C	3400	RETLW 0
00042D	3400	RETLW 0
00042E	3400	RETLW 0
00042F	3400	RETLW 0
000430	3400	RETLW 0
000431	3400	RETLW 0
000432	3400	RETLW 0
000433	3400	RETLW 0
000434	3400	RETLW 0
000435	3400	RETLW 0
000436	3400	RETLW 0
000437	3480	RETLW 128
000438	34C0	RETLW 192
000439	3470	RETLW 112
00043A	3438	RETLW 56
00043B	341C	RETLW 28
00043C	340E	RETLW 14
00043D	3403	RETLW 3
00043E	3401	RETLW 1
00043F	3400	RETLW 0
000440	3400	RETLW 0
000441	3400	RETLW 0
000442	3400	RETLW 0
000443	3400	RETLW 0
000444	3400	RETLW 0
000445	3400	RETLW 0
000446	3400	RETLW 0
000447	3400	RETLW 0
000448	3400	RETLW 0
000449	3400	RETLW 0
00044A	3400	RETLW 0
00044B	3400	RETLW 0
00044C	3400	RETLW 0
00044D	3400	RETLW 0
00044E	3400	RETLW 0
00044F	3400	RETLW 0
000450	3400	RETLW 0
000451	3400	RETLW 0
000452	3400	RETLW 0
000453	3400	RETLW 0
000454	3400	RETLW 0
000455	3400	RETLW 0
000456	3400	RETLW 0
000457	34C0	RETLW 192
000458	3420	RETLW 32
000459	34C0	RETLW 192
00045A	3400	RETLW 0
00045B	3400	RETLW 0
00045C	3400	RETLW 0
00045D	3400	RETLW 0
00045E	3400	RETLW 0
00045F	3400	RETLW 0
000460	3400	RETLW 0
000461	3400	RETLW 0
000462	3400	RETLW 0
000463	3400	RETLW 0
000464	3400	RETLW 0
000465	3400	RETLW 0
000466	3401	RETLW 1
000467	3401	RETLW 1
000468	3403	RETLW 3
000469	3403	RETLW 3
00046A	3402	RETLW 2
00046B	3406	RETLW 6
00046C	3404	RETLW 4
00046D	340C	RETLW 12
00046E	34EC	RETLW 236
00046F	3408	RETLW 8
000470	340C	RETLW 12
000471	3406	RETLW 6
000472	3403	RETLW 3
000473	3401	RETLW 1
000474	3400	RETLW 0
000475	3400	RETLW 0
000476	3420	RETLW 32
000477	3400	RETLW 0
000478	3400	RETLW 0
000479	3400	RETLW 0
00047A	3400	RETLW 0
00047B	3400	RETLW 0
00047C	3400	RETLW 0
00047D	3400	RETLW 0
00047E	3400	RETLW 0
00047F	3400	RETLW 0
000480	3400	RETLW 0
000481	3400	RETLW 0
000482	3400	RETLW 0
000483	3400	RETLW 0
000484	3400	RETLW 0
000485	3400	RETLW 0
000486	3400	RETLW 0
000487	3400	RETLW 0
000488	3400	RETLW 0
000489	3400	RETLW 0
00048A	3400	RETLW 0
00048B	3400	RETLW 0
00048C	3400	RETLW 0
00048D	3400	RETLW 0
00048E	3400	RETLW 0
00048F	3400	RETLW 0
000490	34C0	RETLW 192
000491	3438	RETLW 56
000492	3416	RETLW 22
000493	3411	RETLW 17
000494	3410	RETLW 16
000495	3411	RETLW 17
000496	3416	RETLW 22
000497	3438	RETLW 56
000498	34C0	RETLW 192
000499	3400	RETLW 0
00049A	34FF	RETLW 255
00049B	3402	RETLW 2
00049C	3401	RETLW 1
00049D	3401	RETLW 1
00049E	3401	RETLW 1
00049F	34FE	RETLW 254
0004A0	3400	RETLW 0
0004A1	3400	RETLW 0
0004A2	347E	RETLW 126
0004A3	3481	RETLW 129
0004A4	3481	RETLW 129
0004A5	3481	RETLW 129
0004A6	3481	RETLW 129
0004A7	347E	RETLW 126
0004A8	3400	RETLW 0
0004A9	3400	RETLW 0
0004AA	34FF	RETLW 255
0004AB	3442	RETLW 66
0004AC	3481	RETLW 129
0004AD	3481	RETLW 129
0004AE	3481	RETLW 129
0004AF	347E	RETLW 126
0004B0	3400	RETLW 0
0004B1	3400	RETLW 0
0004B2	34FF	RETLW 255
0004B3	3400	RETLW 0
0004B4	3400	RETLW 0
0004B5	347F	RETLW 127
0004B6	3480	RETLW 128
0004B7	3480	RETLW 128
0004B8	3480	RETLW 128
0004B9	3440	RETLW 64
0004BA	34FF	RETLW 255
0004BB	3400	RETLW 0
0004BC	3400	RETLW 0
0004BD	34FF	RETLW 255
0004BE	3402	RETLW 2
0004BF	3401	RETLW 1
0004C0	3401	RETLW 1
0004C1	3401	RETLW 1
0004C2	34FE	RETLW 254
0004C3	3402	RETLW 2
0004C4	3401	RETLW 1
0004C5	3401	RETLW 1
0004C6	3401	RETLW 1
0004C7	34FE	RETLW 254


		GLCDTABLE2
0004C8	0877	MOVF SYSSTRINGA,W
0004C9	00F5	MOVWF SYSWORDTEMPA
0004CA	0878	MOVF SYSSTRINGA_H,W
0004CB	00F6	MOVWF SYSWORDTEMPA_H
0004CC	3089	MOVLW 137
0004CD	00F9	MOVWF SYSWORDTEMPB
0004CE	3002	MOVLW 2
0004CF	00FA	MOVWF SYSWORDTEMPB_H
000000	158A	PAGESEL SYSCOMPLESSTHAN16
000000	158A 120A	PAGESEL SYSCOMPLESSTHAN16
0004D2	2157	CALL SYSCOMPLESSTHAN16
000000	118A	PAGESEL $
000000	118A 120A	PAGESEL $
0004D5	1C70	BTFSS SYSBYTETEMPX,0
0004D6	3400	RETLW 0
0004D7	0877	MOVF SYSSTRINGA, W
0004D8	3EE1	ADDLW LOW (1 + TABLEGLCDTABLE2)
0004D9	00F7	MOVWF SYSSTRINGA
0004DA	3004	MOVLW HIGH TABLEGLCDTABLE2
0004DB	1803	BTFSC STATUS, C
0004DC	3E01	ADDLW 1
0004DD	0778	ADDWF SYSSTRINGA_H, W
0004DE	008A	MOVWF PCLATH
0004DF	0877	MOVF SYSSTRINGA, W
		TABLEGLCDTABLE2
0004E0	0082	MOVWF PCL
0004E1	34A2	RETLW 162
0004E2	3454	RETLW 84
0004E3	343F	RETLW 63
0004E4	3400	RETLW 0
0004E5	3400	RETLW 0
0004E6	3400	RETLW 0
0004E7	3400	RETLW 0
0004E8	3400	RETLW 0
0004E9	3400	RETLW 0
0004EA	3400	RETLW 0
0004EB	3400	RETLW 0
0004EC	3400	RETLW 0
0004ED	3400	RETLW 0
0004EE	3400	RETLW 0
0004EF	3400	RETLW 0
0004F0	3400	RETLW 0
0004F1	3400	RETLW 0
0004F2	3400	RETLW 0
0004F3	3400	RETLW 0
0004F4	3400	RETLW 0
0004F5	3400	RETLW 0
0004F6	3400	RETLW 0
0004F7	3400	RETLW 0
0004F8	3400	RETLW 0
0004F9	3400	RETLW 0
0004FA	3400	RETLW 0
0004FB	3400	RETLW 0
0004FC	3400	RETLW 0
0004FD	3400	RETLW 0
0004FE	3400	RETLW 0
0004FF	3400	RETLW 0
000500	3400	RETLW 0
000501	3400	RETLW 0
000502	3400	RETLW 0
000503	3400	RETLW 0
000504	3400	RETLW 0
000505	3400	RETLW 0
000506	3400	RETLW 0
000507	3400	RETLW 0
000508	3400	RETLW 0
000509	3400	RETLW 0
00050A	3400	RETLW 0
00050B	3400	RETLW 0
00050C	3400	RETLW 0
00050D	3400	RETLW 0
00050E	3400	RETLW 0
00050F	3400	RETLW 0
000510	3400	RETLW 0
000511	3400	RETLW 0
000512	3400	RETLW 0
000513	3400	RETLW 0
000514	3400	RETLW 0
000515	3400	RETLW 0
000516	3400	RETLW 0
000517	3400	RETLW 0
000518	3400	RETLW 0
000519	3400	RETLW 0
00051A	3400	RETLW 0
00051B	3400	RETLW 0
00051C	3400	RETLW 0
00051D	3400	RETLW 0
00051E	3400	RETLW 0
00051F	3400	RETLW 0
000520	3400	RETLW 0
000521	3400	RETLW 0
000522	3400	RETLW 0
000523	3400	RETLW 0
000524	3400	RETLW 0
000525	3420	RETLW 32
000526	3460	RETLW 96
000527	34C0	RETLW 192
000528	3480	RETLW 128
000529	3480	RETLW 128
00052A	34C0	RETLW 192
00052B	34E0	RETLW 224
00052C	34E0	RETLW 224
00052D	34E0	RETLW 224
00052E	34F0	RETLW 240
00052F	34B8	RETLW 184
000530	34DE	RETLW 222
000531	34C0	RETLW 192
000532	3480	RETLW 128
000533	3400	RETLW 0
000534	3400	RETLW 0
000535	3400	RETLW 0
000536	3400	RETLW 0
000537	3400	RETLW 0
000538	3400	RETLW 0
000539	3400	RETLW 0
00053A	3400	RETLW 0
00053B	3400	RETLW 0
00053C	3400	RETLW 0
00053D	3400	RETLW 0
00053E	3400	RETLW 0
00053F	3400	RETLW 0
000540	3480	RETLW 128
000541	34C0	RETLW 192
000542	34E0	RETLW 224
000543	34F0	RETLW 240
000544	34F8	RETLW 248
000545	34F8	RETLW 248
000546	34F8	RETLW 248
000547	34F8	RETLW 248
000548	34F8	RETLW 248
000549	34F8	RETLW 248
00054A	34F8	RETLW 248
00054B	34F0	RETLW 240
00054C	34F0	RETLW 240
00054D	34F0	RETLW 240
00054E	34F0	RETLW 240
00054F	34F0	RETLW 240
000550	34E0	RETLW 224
000551	34E0	RETLW 224
000552	34E0	RETLW 224
000553	34E0	RETLW 224
000554	34E0	RETLW 224
000555	34E0	RETLW 224
000556	34E0	RETLW 224
000557	34E0	RETLW 224
000558	34E0	RETLW 224
000559	34E0	RETLW 224
00055A	34E0	RETLW 224
00055B	34E0	RETLW 224
00055C	34E0	RETLW 224
00055D	34E0	RETLW 224
00055E	34E0	RETLW 224
00055F	34E0	RETLW 224
000560	34E0	RETLW 224
000561	34E0	RETLW 224
000562	34F0	RETLW 240
000563	34F0	RETLW 240
000564	34F0	RETLW 240
000565	34F0	RETLW 240
000566	34F0	RETLW 240
000567	34F8	RETLW 248
000568	34F8	RETLW 248
000569	34F8	RETLW 248
00056A	34F8	RETLW 248
00056B	34FC	RETLW 252
00056C	34FC	RETLW 252
00056D	34FC	RETLW 252
00056E	34FC	RETLW 252
00056F	34FC	RETLW 252
000570	34FC	RETLW 252
000571	34FC	RETLW 252
000572	34FC	RETLW 252
000573	34FE	RETLW 254
000574	34FE	RETLW 254
000575	34FE	RETLW 254
000576	34FE	RETLW 254
000577	34FE	RETLW 254
000578	34FE	RETLW 254
000579	34FE	RETLW 254
00057A	34FE	RETLW 254
00057B	34FF	RETLW 255
00057C	34FF	RETLW 255
00057D	34FF	RETLW 255
00057E	34FF	RETLW 255
00057F	34FF	RETLW 255
000580	34FF	RETLW 255
000581	34FF	RETLW 255
000582	34FF	RETLW 255
000583	34FF	RETLW 255
000584	34FF	RETLW 255
000585	34FF	RETLW 255
000586	34F1	RETLW 241
000587	34C0	RETLW 192
000588	3480	RETLW 128
000589	3400	RETLW 0
00058A	3400	RETLW 0
00058B	3400	RETLW 0
00058C	3400	RETLW 0
00058D	3400	RETLW 0
00058E	3400	RETLW 0
00058F	3400	RETLW 0
000590	3400	RETLW 0
000591	3400	RETLW 0
000592	34F8	RETLW 248
000593	34FE	RETLW 254
000594	34FF	RETLW 255
000595	34FF	RETLW 255
000596	34FF	RETLW 255
000597	34FF	RETLW 255
000598	34FF	RETLW 255
000599	34FF	RETLW 255
00059A	34FF	RETLW 255
00059B	34FF	RETLW 255
00059C	34FF	RETLW 255
00059D	34FF	RETLW 255
00059E	34FF	RETLW 255
00059F	34FF	RETLW 255
0005A0	34FF	RETLW 255
0005A1	34FF	RETLW 255
0005A2	34FF	RETLW 255
0005A3	34FF	RETLW 255
0005A4	34FF	RETLW 255
0005A5	34FF	RETLW 255
0005A6	34FF	RETLW 255
0005A7	34FF	RETLW 255
0005A8	34FF	RETLW 255
0005A9	34FF	RETLW 255
0005AA	34FF	RETLW 255
0005AB	34FF	RETLW 255
0005AC	34FF	RETLW 255
0005AD	34FF	RETLW 255
0005AE	34FF	RETLW 255
0005AF	34FF	RETLW 255
0005B0	34FF	RETLW 255
0005B1	34FF	RETLW 255
0005B2	34FF	RETLW 255
0005B3	34FF	RETLW 255
0005B4	34FF	RETLW 255
0005B5	34FF	RETLW 255
0005B6	34FF	RETLW 255
0005B7	34FF	RETLW 255
0005B8	34FF	RETLW 255
0005B9	34FF	RETLW 255
0005BA	34FF	RETLW 255
0005BB	34FF	RETLW 255
0005BC	34FF	RETLW 255
0005BD	34FF	RETLW 255
0005BE	34FF	RETLW 255
0005BF	34FF	RETLW 255
0005C0	34FF	RETLW 255
0005C1	34FF	RETLW 255
0005C2	34FF	RETLW 255
0005C3	34FF	RETLW 255
0005C4	34FF	RETLW 255
0005C5	34FF	RETLW 255
0005C6	34FF	RETLW 255
0005C7	34FF	RETLW 255
0005C8	34FF	RETLW 255
0005C9	34FF	RETLW 255
0005CA	34FF	RETLW 255
0005CB	34FF	RETLW 255
0005CC	34FF	RETLW 255
0005CD	34FF	RETLW 255
0005CE	34FF	RETLW 255
0005CF	34FF	RETLW 255
0005D0	34FF	RETLW 255
0005D1	34FF	RETLW 255
0005D2	34FF	RETLW 255
0005D3	34FF	RETLW 255
0005D4	34FF	RETLW 255
0005D5	34FF	RETLW 255
0005D6	34FF	RETLW 255
0005D7	34FF	RETLW 255
0005D8	347F	RETLW 127
0005D9	343F	RETLW 63
0005DA	343F	RETLW 63
0005DB	343F	RETLW 63
0005DC	343F	RETLW 63
0005DD	341E	RETLW 30
0005DE	340C	RETLW 12
0005DF	3400	RETLW 0
0005E0	3400	RETLW 0
0005E1	3400	RETLW 0
0005E2	3400	RETLW 0
0005E3	3400	RETLW 0
0005E4	3400	RETLW 0
0005E5	34E0	RETLW 224
0005E6	34FF	RETLW 255
0005E7	3407	RETLW 7
0005E8	343F	RETLW 63
0005E9	34FF	RETLW 255
0005EA	34FF	RETLW 255
0005EB	34FF	RETLW 255
0005EC	34FF	RETLW 255
0005ED	34FF	RETLW 255
0005EE	34FF	RETLW 255
0005EF	34FF	RETLW 255
0005F0	34FF	RETLW 255
0005F1	34FF	RETLW 255
0005F2	34FF	RETLW 255
0005F3	34FF	RETLW 255
0005F4	34FF	RETLW 255
0005F5	34FF	RETLW 255
0005F6	34FF	RETLW 255
0005F7	34FF	RETLW 255
0005F8	34FF	RETLW 255
0005F9	34FF	RETLW 255
0005FA	34FF	RETLW 255
0005FB	34FF	RETLW 255
0005FC	34FF	RETLW 255
0005FD	34FF	RETLW 255
0005FE	34FF	RETLW 255
0005FF	34FF	RETLW 255
000600	34FF	RETLW 255
000601	34FF	RETLW 255
000602	34FF	RETLW 255
000603	34FF	RETLW 255
000604	34FF	RETLW 255
000605	34FF	RETLW 255
000606	34FF	RETLW 255
000607	34FF	RETLW 255
000608	34FF	RETLW 255
000609	34FF	RETLW 255
00060A	34FF	RETLW 255
00060B	34FF	RETLW 255
00060C	34FF	RETLW 255
00060D	34FF	RETLW 255
00060E	34FF	RETLW 255
00060F	34FF	RETLW 255
000610	34FF	RETLW 255
000611	34FF	RETLW 255
000612	34FF	RETLW 255
000613	34FF	RETLW 255
000614	34FF	RETLW 255
000615	34FF	RETLW 255
000616	34FF	RETLW 255
000617	34FF	RETLW 255
000618	34FF	RETLW 255
000619	34FF	RETLW 255
00061A	34FF	RETLW 255
00061B	34FF	RETLW 255
00061C	34FF	RETLW 255
00061D	34FF	RETLW 255
00061E	34FF	RETLW 255
00061F	34FF	RETLW 255
000620	34FF	RETLW 255
000621	34FF	RETLW 255
000622	343F	RETLW 63
000623	343F	RETLW 63
000624	343F	RETLW 63
000625	3419	RETLW 25
000626	3400	RETLW 0
000627	3400	RETLW 0
000628	3400	RETLW 0
000629	3400	RETLW 0
00062A	3400	RETLW 0
00062B	3400	RETLW 0
00062C	3400	RETLW 0
00062D	3400	RETLW 0
00062E	3400	RETLW 0
00062F	3400	RETLW 0
000630	3400	RETLW 0
000631	3400	RETLW 0
000632	3400	RETLW 0
000633	3400	RETLW 0
000634	3400	RETLW 0
000635	3400	RETLW 0
000636	3400	RETLW 0
000637	3480	RETLW 128
000638	34FC	RETLW 252
000639	34FF	RETLW 255
00063A	34FF	RETLW 255
00063B	3400	RETLW 0
00063C	3400	RETLW 0
00063D	3401	RETLW 1
00063E	340F	RETLW 15
00063F	34FF	RETLW 255
000640	34FF	RETLW 255
000641	34FF	RETLW 255
000642	34FF	RETLW 255
000643	34FF	RETLW 255
000644	34FF	RETLW 255
000645	34FF	RETLW 255
000646	34FF	RETLW 255
000647	34FF	RETLW 255
000648	34FF	RETLW 255
000649	34FF	RETLW 255
00064A	34FF	RETLW 255
00064B	34FF	RETLW 255
00064C	34FF	RETLW 255
00064D	347F	RETLW 127
00064E	34FF	RETLW 255
00064F	34FF	RETLW 255
000650	34FF	RETLW 255
000651	34FF	RETLW 255
000652	34FF	RETLW 255
000653	34FF	RETLW 255
000654	34FF	RETLW 255
000655	34FF	RETLW 255
000656	34FF	RETLW 255
000657	34FF	RETLW 255
000658	34FF	RETLW 255
000659	34FF	RETLW 255
00065A	34FF	RETLW 255
00065B	34FF	RETLW 255
00065C	34FF	RETLW 255
00065D	34FF	RETLW 255
00065E	34FF	RETLW 255
00065F	347F	RETLW 127
000660	347F	RETLW 127
000661	347F	RETLW 127
000662	34FF	RETLW 255
000663	34FF	RETLW 255
000664	34FF	RETLW 255
000665	34FF	RETLW 255
000666	34FF	RETLW 255
000667	34FF	RETLW 255
000668	34FF	RETLW 255
000669	34FF	RETLW 255
00066A	34FF	RETLW 255
00066B	34FF	RETLW 255
00066C	34FF	RETLW 255
00066D	34FF	RETLW 255
00066E	347F	RETLW 127
00066F	343F	RETLW 63
000670	341F	RETLW 31
000671	340F	RETLW 15
000672	3407	RETLW 7
000673	3403	RETLW 3
000674	3401	RETLW 1
000675	3400	RETLW 0
000676	3400	RETLW 0
000677	3400	RETLW 0
000678	3400	RETLW 0
000679	3400	RETLW 0
00067A	3400	RETLW 0
00067B	3400	RETLW 0
00067C	3400	RETLW 0
00067D	3400	RETLW 0
00067E	3400	RETLW 0
00067F	3400	RETLW 0
000680	3400	RETLW 0
000681	3400	RETLW 0
000682	3400	RETLW 0
000683	3400	RETLW 0
000684	3400	RETLW 0
000685	3400	RETLW 0
000686	3400	RETLW 0
000687	3400	RETLW 0
000688	3400	RETLW 0
000689	3400	RETLW 0
00068A	3480	RETLW 128
00068B	34FF	RETLW 255
00068C	34FF	RETLW 255
00068D	34FF	RETLW 255
00068E	341F	RETLW 31
00068F	3400	RETLW 0
000690	3400	RETLW 0
000691	34F0	RETLW 240
000692	34FC	RETLW 252
000693	34FF	RETLW 255
000694	34FF	RETLW 255
000695	34FF	RETLW 255
000696	34FF	RETLW 255
000697	34FF	RETLW 255
000698	34FF	RETLW 255
000699	34FF	RETLW 255
00069A	340F	RETLW 15
00069B	341F	RETLW 31
00069C	340F	RETLW 15
00069D	3407	RETLW 7
00069E	340F	RETLW 15
00069F	3401	RETLW 1
0006A0	3400	RETLW 0
0006A1	3400	RETLW 0
0006A2	3400	RETLW 0
0006A3	3400	RETLW 0
0006A4	3401	RETLW 1
0006A5	3401	RETLW 1
0006A6	3401	RETLW 1
0006A7	3401	RETLW 1
0006A8	3401	RETLW 1
0006A9	3401	RETLW 1
0006AA	3401	RETLW 1
0006AB	3401	RETLW 1
0006AC	3401	RETLW 1
0006AD	3401	RETLW 1
0006AE	3401	RETLW 1
0006AF	3401	RETLW 1
0006B0	3400	RETLW 0
0006B1	3400	RETLW 0
0006B2	3400	RETLW 0
0006B3	3400	RETLW 0
0006B4	3400	RETLW 0
0006B5	3400	RETLW 0
0006B6	34FF	RETLW 255
0006B7	34FF	RETLW 255
0006B8	343F	RETLW 63
0006B9	340F	RETLW 15
0006BA	3403	RETLW 3
0006BB	3400	RETLW 0
0006BC	342F	RETLW 47
0006BD	34FF	RETLW 255
0006BE	34FF	RETLW 255
0006BF	34FF	RETLW 255
0006C0	347F	RETLW 127
0006C1	3401	RETLW 1
0006C2	3400	RETLW 0
0006C3	3400	RETLW 0
0006C4	3400	RETLW 0
0006C5	3400	RETLW 0
0006C6	3400	RETLW 0
0006C7	3400	RETLW 0
0006C8	3400	RETLW 0
0006C9	3400	RETLW 0
0006CA	3400	RETLW 0
0006CB	3400	RETLW 0
0006CC	3400	RETLW 0
0006CD	3400	RETLW 0
0006CE	3400	RETLW 0
0006CF	3400	RETLW 0
0006D0	3400	RETLW 0
0006D1	3400	RETLW 0
0006D2	3400	RETLW 0
0006D3	3400	RETLW 0
0006D4	3400	RETLW 0
0006D5	3400	RETLW 0
0006D6	3400	RETLW 0
0006D7	3400	RETLW 0
0006D8	3400	RETLW 0
0006D9	3400	RETLW 0
0006DA	3400	RETLW 0
0006DB	3400	RETLW 0
0006DC	3400	RETLW 0
0006DD	3400	RETLW 0
0006DE	3400	RETLW 0
0006DF	3403	RETLW 3
0006E0	3403	RETLW 3
0006E1	3401	RETLW 1
0006E2	3400	RETLW 0
0006E3	3400	RETLW 0
0006E4	3400	RETLW 0
0006E5	3400	RETLW 0
0006E6	34FF	RETLW 255
0006E7	34FF	RETLW 255
0006E8	34FF	RETLW 255
0006E9	3407	RETLW 7
0006EA	3401	RETLW 1
0006EB	3407	RETLW 7
0006EC	341F	RETLW 31
0006ED	34FF	RETLW 255
0006EE	34FF	RETLW 255
0006EF	34F0	RETLW 240
0006F0	34C0	RETLW 192
0006F1	3480	RETLW 128
0006F2	3400	RETLW 0
0006F3	3400	RETLW 0
0006F4	3400	RETLW 0
0006F5	3400	RETLW 0
0006F6	3400	RETLW 0
0006F7	3400	RETLW 0
0006F8	3400	RETLW 0
0006F9	3400	RETLW 0
0006FA	3400	RETLW 0
0006FB	3400	RETLW 0
0006FC	3400	RETLW 0
0006FD	3400	RETLW 0
0006FE	3400	RETLW 0
0006FF	3400	RETLW 0
000700	3400	RETLW 0
000701	3400	RETLW 0
000702	3400	RETLW 0
000703	3400	RETLW 0
000704	3400	RETLW 0
000705	3400	RETLW 0
000706	3400	RETLW 0
000707	3400	RETLW 0
000708	3414	RETLW 20
000709	341F	RETLW 31
00070A	341F	RETLW 31
00070B	341F	RETLW 31
00070C	3410	RETLW 16
00070D	3400	RETLW 0
00070E	3400	RETLW 0
00070F	3400	RETLW 0
000710	3400	RETLW 0
000711	34FF	RETLW 255
000712	34FF	RETLW 255
000713	34FF	RETLW 255
000714	34C0	RETLW 192
000715	3480	RETLW 128
000716	3400	RETLW 0
000717	3400	RETLW 0
000718	3400	RETLW 0
000719	3400	RETLW 0
00071A	3400	RETLW 0
00071B	3400	RETLW 0
00071C	3400	RETLW 0
00071D	3400	RETLW 0
00071E	3400	RETLW 0
00071F	3400	RETLW 0
000720	3400	RETLW 0
000721	3400	RETLW 0
000722	3400	RETLW 0
000723	3400	RETLW 0
000724	3400	RETLW 0
000725	3400	RETLW 0
000726	3400	RETLW 0
000727	3400	RETLW 0
000728	3400	RETLW 0
000729	3400	RETLW 0
00072A	3400	RETLW 0
00072B	3400	RETLW 0
00072C	3400	RETLW 0
00072D	3400	RETLW 0
00072E	3400	RETLW 0
00072F	3400	RETLW 0
000730	3400	RETLW 0
000731	3400	RETLW 0
000732	3400	RETLW 0
000733	3400	RETLW 0
000734	3400	RETLW 0
000735	3400	RETLW 0
000736	3400	RETLW 0
000737	3400	RETLW 0
000738	3400	RETLW 0
000739	340C	RETLW 12
00073A	343F	RETLW 63
00073B	347F	RETLW 127
00073C	347F	RETLW 127
00073D	3478	RETLW 120
00073E	3400	RETLW 0
00073F	3400	RETLW 0
000740	3400	RETLW 0
000741	3403	RETLW 3
000742	3403	RETLW 3
000743	3407	RETLW 7
000744	3403	RETLW 3
000745	3403	RETLW 3
000746	3400	RETLW 0
000747	3400	RETLW 0
000748	3400	RETLW 0
000749	3400	RETLW 0
00074A	3400	RETLW 0
00074B	3400	RETLW 0
00074C	3400	RETLW 0
00074D	3400	RETLW 0
00074E	3400	RETLW 0
00074F	3400	RETLW 0
000750	3400	RETLW 0
000751	3400	RETLW 0
000752	3400	RETLW 0
000753	3400	RETLW 0
000754	3400	RETLW 0
000755	3400	RETLW 0
000756	3400	RETLW 0
000757	3400	RETLW 0
000758	3400	RETLW 0
000759	3400	RETLW 0
00075A	3400	RETLW 0
00075B	3400	RETLW 0
00075C	3400	RETLW 0
00075D	3400	RETLW 0
00075E	3400	RETLW 0
00075F	3400	RETLW 0
000760	3400	RETLW 0
000761	3400	RETLW 0
000762	3400	RETLW 0
000763	3400	RETLW 0
000764	3400	RETLW 0
000765	3400	RETLW 0
000766	3401	RETLW 1
000767	3401	RETLW 1
000768	3401	RETLW 1
000769	3401	RETLW 1


		INITGLCD
000000	1683	BANKSEL TRISA
000000	1683 1303	BANKSEL TRISA
00076C	1005	BCF TRISA,0
00076D	1105	BCF TRISA,2
00076E	1085	BCF TRISA,1
00076F	1205	BCF TRISA,4
000770	1285	BCF TRISA,5
000771	1185	BCF TRISA,3
000000	1283	BANKSEL PORTA
000000	1283 1303	BANKSEL PORTA
000774	1185	BCF PORTA,3
000775	3001	MOVLW 1
000776	00F2	MOVWF SYSWAITTEMPMS
000777	01F3	CLRF SYSWAITTEMPMS_H
000000	158A	PAGESEL DELAY_MS
000000	158A 120A	PAGESEL DELAY_MS
00077A	2000	CALL DELAY_MS
000000	118A	PAGESEL $
000000	118A 120A	PAGESEL $
00077D	1585	BSF PORTA,3
00077E	3001	MOVLW 1
00077F	00F2	MOVWF SYSWAITTEMPMS
000780	01F3	CLRF SYSWAITTEMPMS_H
000000	158A	PAGESEL DELAY_MS
000000	158A 120A	PAGESEL DELAY_MS
000783	2000	CALL DELAY_MS
000000	118A	PAGESEL $
000000	118A 120A	PAGESEL $
000786	1605	BSF PORTA,4
000787	1685	BSF PORTA,5
000788	1005	BCF PORTA,0
000789	303F	MOVLW 63
00078A	00B5	MOVWF LCDBYTE
000000	158A	PAGESEL GLCDWRITEBYTE
000000	158A 120A	PAGESEL GLCDWRITEBYTE
00078D	20B1	CALL GLCDWRITEBYTE
000000	118A	PAGESEL $
000000	118A 120A	PAGESEL $
000790	30C0	MOVLW 192
000791	00B5	MOVWF LCDBYTE
000000	158A	PAGESEL GLCDWRITEBYTE
000000	158A 120A	PAGESEL GLCDWRITEBYTE
000794	20B1	CALL GLCDWRITEBYTE
000000	118A	PAGESEL $
000000	118A 120A	PAGESEL $
000797	1205	BCF PORTA,4
000798	1285	BCF PORTA,5
000799	01A3	CLRF GLCDBACKGROUND
00079A	01A4	CLRF GLCDBACKGROUND_H
00079B	3001	MOVLW 1
00079C	00AA	MOVWF GLCDFOREGROUND
00079D	01AB	CLRF GLCDFOREGROUND_H
000000	158A	PAGESEL GLCDCLS
000000	158A 120A	PAGESEL GLCDCLS
0007A0	280E	GOTO GLCDCLS


		INITSYS
0007A1	101F	BCF ADCON0,ADON
000000	1683	BANKSEL ADCON1
000000	1683 1303	BANKSEL ADCON1
0007A4	139F	BCF ADCON1,ADFM
0007A5	119F	BCF ADCON1,PCFG3
0007A6	151F	BSF ADCON1,PCFG2
0007A7	149F	BSF ADCON1,PCFG1
0007A8	101F	BCF ADCON1,PCFG0
0007A9	3007	MOVLW 7
0007AA	009C	MOVWF CMCON
000000	1283	BANKSEL PORTA
000000	1283 1303	BANKSEL PORTA
0007AD	0185	CLRF PORTA
0007AE	0186	CLRF PORTB
0007AF	0187	CLRF PORTC
0007B0	0188	CLRF PORTD
0007B1	0189	CLRF PORTE
0007B2	0008	RETURN


		SYSCOMPLESSTHAN
0007B3	01F0	CLRF SYSBYTETEMPX
0007B4	1403	BSF STATUS, C
0007B5	0879	MOVF SYSBYTETEMPB, W
0007B6	0275	SUBWF SYSBYTETEMPA, W
0007B7	1C03	BTFSS STATUS, C
0007B8	09F0	COMF SYSBYTETEMPX,F
0007B9	0008	RETURN


		SYSDIVSUB
0007BA	01F0	CLRF SYSBYTETEMPX
0007BB	3008	MOVLW 8
0007BC	00F4	MOVWF SYSDIVLOOP
		SYSDIV8START
0007BD	1003	BCF STATUS, C
0007BE	0DF5	RLF SYSBYTETEMPA, F
0007BF	0DF0	RLF SYSBYTETEMPX, F
0007C0	0879	MOVF SYSBYTETEMPB, W
0007C1	02F0	SUBWF SYSBYTETEMPX, F
0007C2	1475	BSF SYSBYTETEMPA, 0
0007C3	1803	BTFSC STATUS, C
0007C4	2FC8	GOTO DIV8NOTNEG
0007C5	1075	BCF SYSBYTETEMPA, 0
0007C6	0879	MOVF SYSBYTETEMPB, W
0007C7	07F0	ADDWF SYSBYTETEMPX, F
		DIV8NOTNEG
0007C8	0BF4	DECFSZ SYSDIVLOOP, F
0007C9	2FBD	GOTO SYSDIV8START
0007CA	0008	RETURN



		DELAY_MS
000800	0AF3	INCF SYSWAITTEMPMS_H, F
		DMS_START
000801	30E3	MOVLW 227
000802	00F1	MOVWF DELAYTEMP2
		DMS_OUTER
000803	3006	MOVLW 6
000804	00F0	MOVWF DELAYTEMP
		DMS_INNER
000805	0BF0	DECFSZ DELAYTEMP, F
000806	2805	GOTO DMS_INNER
000807	0BF1	DECFSZ DELAYTEMP2, F
000808	2803	GOTO DMS_OUTER
000809	0BF2	DECFSZ SYSWAITTEMPMS, F
00080A	2801	GOTO DMS_START
00080B	0BF3	DECFSZ SYSWAITTEMPMS_H, F
00080C	2801	GOTO DMS_START
00080D	0008	RETURN


		GLCDCLS
00080E	01B2	CLRF GLCD_YORDINATE
00080F	01B3	CLRF GLCD_YORDINATE_H
000810	1605	BSF PORTA,4
000811	1285	BCF PORTA,5
000812	01B1	CLRF GLCD_COUNT
		SYSFORLOOP6
000813	0AB1	INCF GLCD_COUNT,F
000814	30FF	MOVLW 255
000815	00A2	MOVWF CURRPAGE
		SYSFORLOOP7
000816	0AA2	INCF CURRPAGE,F
000817	1005	BCF PORTA,0
000818	30B8	MOVLW 184
000819	0422	IORWF CURRPAGE,W
00081A	00B5	MOVWF LCDBYTE
00081B	20B1	CALL GLCDWRITEBYTE
00081C	30FF	MOVLW 255
00081D	00A1	MOVWF CURRCOL
		SYSFORLOOP8
00081E	0AA1	INCF CURRCOL,F
00081F	1005	BCF PORTA,0
000820	3040	MOVLW 64
000821	0421	IORWF CURRCOL,W
000822	00B5	MOVWF LCDBYTE
000823	20B1	CALL GLCDWRITEBYTE
000824	1405	BSF PORTA,0
000825	01B5	CLRF LCDBYTE
000826	20B1	CALL GLCDWRITEBYTE
000827	303F	MOVLW 63
000828	0221	SUBWF CURRCOL,W
000829	1C03	BTFSS STATUS, C
00082A	281E	GOTO SYSFORLOOP8
		SYSFORLOOPEND8
00082B	3007	MOVLW 7
00082C	0222	SUBWF CURRPAGE,W
00082D	1C03	BTFSS STATUS, C
00082E	2816	GOTO SYSFORLOOP7
		SYSFORLOOPEND7
00082F	1205	BCF PORTA,4
000830	1685	BSF PORTA,5
000831	3002	MOVLW 2
000832	0231	SUBWF GLCD_COUNT,W
000833	1C03	BTFSS STATUS, C
000834	2813	GOTO SYSFORLOOP6
		SYSFORLOOPEND6
000835	1205	BCF PORTA,4
000836	1285	BCF PORTA,5
000837	0008	RETURN


		FN_GLCDREADBYTE
000000	1683	BANKSEL TRISD
000000	1683 1303	BANKSEL TRISD
00083A	1788	BSF TRISD,7
00083B	1708	BSF TRISD,6
00083C	1688	BSF TRISD,5
00083D	1608	BSF TRISD,4
00083E	1588	BSF TRISD,3
00083F	1508	BSF TRISD,2
000840	1488	BSF TRISD,1
000841	1408	BSF TRISD,0
000000	1283	BANKSEL PORTA
000000	1283 1303	BANKSEL PORTA
000844	1505	BSF PORTA,2
000845	1485	BSF PORTA,1
000846	3003	MOVLW 3
000847	00F0	MOVWF DELAYTEMP
		DELAYUS4
000848	0BF0	DECFSZ DELAYTEMP,F
000849	2848	GOTO DELAYUS4
00084A	13AC	BCF GLCDREADBYTE,7
00084B	1B88	BTFSC PORTD,7
00084C	17AC	BSF GLCDREADBYTE,7
00084D	132C	BCF GLCDREADBYTE,6
00084E	1B08	BTFSC PORTD,6
00084F	172C	BSF GLCDREADBYTE,6
000850	12AC	BCF GLCDREADBYTE,5
000851	1A88	BTFSC PORTD,5
000852	16AC	BSF GLCDREADBYTE,5
000853	122C	BCF GLCDREADBYTE,4
000854	1A08	BTFSC PORTD,4
000855	162C	BSF GLCDREADBYTE,4
000856	11AC	BCF GLCDREADBYTE,3
000857	1988	BTFSC PORTD,3
000858	15AC	BSF GLCDREADBYTE,3
000859	112C	BCF GLCDREADBYTE,2
00085A	1908	BTFSC PORTD,2
00085B	152C	BSF GLCDREADBYTE,2
00085C	10AC	BCF GLCDREADBYTE,1
00085D	1888	BTFSC PORTD,1
00085E	14AC	BSF GLCDREADBYTE,1
00085F	102C	BCF GLCDREADBYTE,0
000860	1808	BTFSC PORTD,0
000861	142C	BSF GLCDREADBYTE,0
000862	1085	BCF PORTA,1
000863	3003	MOVLW 3
000864	00F0	MOVWF DELAYTEMP
		DELAYUS5
000865	0BF0	DECFSZ DELAYTEMP,F
000866	2865	GOTO DELAYUS5
000867	0008	RETURN


		GLCDTABLE1_H
000868	0877	MOVF SYSSTRINGA,W
000869	00F5	MOVWF SYSWORDTEMPA
00086A	0878	MOVF SYSSTRINGA_H,W
00086B	00F6	MOVWF SYSWORDTEMPA_H
00086C	3001	MOVLW 1
00086D	00F9	MOVWF SYSWORDTEMPB
00086E	01FA	CLRF SYSWORDTEMPB_H
00086F	2157	CALL SYSCOMPLESSTHAN16
000870	1C70	BTFSS SYSBYTETEMPX,0
000871	3400	RETLW 0
000872	3401	RETLW 1


		GLCDTABLE2_H
000873	0877	MOVF SYSSTRINGA,W
000874	00F5	MOVWF SYSWORDTEMPA
000875	0878	MOVF SYSSTRINGA_H,W
000876	00F6	MOVWF SYSWORDTEMPA_H
000877	3001	MOVLW 1
000878	00F9	MOVWF SYSWORDTEMPB
000879	01FA	CLRF SYSWORDTEMPB_H
00087A	2157	CALL SYSCOMPLESSTHAN16
00087B	1C70	BTFSS SYSBYTETEMPX,0
00087C	3400	RETLW 0
00087D	3402	RETLW 2


		GLCDTABLE3
00087E	3004	MOVLW 4
00087F	0277	SUBWF SYSSTRINGA, W
000880	1803	BTFSC STATUS, C
000881	3400	RETLW 0
000882	0877	MOVF SYSSTRINGA, W
000883	3E8B	ADDLW LOW (1 + TABLEGLCDTABLE3)
000884	00F7	MOVWF SYSSTRINGA
000885	3008	MOVLW HIGH TABLEGLCDTABLE3
000886	1803	BTFSC STATUS, C
000887	3E01	ADDLW 1
000888	008A	MOVWF PCLATH
000889	0877	MOVF SYSSTRINGA, W
		TABLEGLCDTABLE3
00088A	0082	MOVWF PCL
00088B	3403	RETLW 3
00088C	3401	RETLW 1
00088D	3400	RETLW 0
00088E	34FF	RETLW 255


		GLCDTABLE4
00088F	3004	MOVLW 4
000890	0277	SUBWF SYSSTRINGA, W
000891	1803	BTFSC STATUS, C
000892	3400	RETLW 0
000893	0877	MOVF SYSSTRINGA, W
000894	3E9C	ADDLW LOW (1 + TABLEGLCDTABLE4)
000895	00F7	MOVWF SYSSTRINGA
000896	3008	MOVLW HIGH TABLEGLCDTABLE4
000897	1803	BTFSC STATUS, C
000898	3E01	ADDLW 1
000899	008A	MOVWF PCLATH
00089A	0877	MOVF SYSSTRINGA, W
		TABLEGLCDTABLE4
00089B	0082	MOVWF PCL
00089C	3403	RETLW 3
00089D	3401	RETLW 1
00089E	3400	RETLW 0
00089F	34FF	RETLW 255


		GLCDTABLE5
0008A0	3004	MOVLW 4
0008A1	0277	SUBWF SYSSTRINGA, W
0008A2	1803	BTFSC STATUS, C
0008A3	3400	RETLW 0
0008A4	0877	MOVF SYSSTRINGA, W
0008A5	3EAD	ADDLW LOW (1 + TABLEGLCDTABLE5)
0008A6	00F7	MOVWF SYSSTRINGA
0008A7	3008	MOVLW HIGH TABLEGLCDTABLE5
0008A8	1803	BTFSC STATUS, C
0008A9	3E01	ADDLW 1
0008AA	008A	MOVWF PCLATH
0008AB	0877	MOVF SYSSTRINGA, W
		TABLEGLCDTABLE5
0008AC	0082	MOVWF PCL
0008AD	3403	RETLW 3
0008AE	3401	RETLW 1
0008AF	3400	RETLW 0
0008B0	34FF	RETLW 255


		GLCDWRITEBYTE
0008B1	103E	BCF SYSBITVAR0,0
0008B2	1805	BTFSC PORTA,0
0008B3	143E	BSF SYSBITVAR0,0
0008B4	10BE	BCF SYSBITVAR0,1
0008B5	1A85	BTFSC PORTA,5
0008B6	14BE	BSF SYSBITVAR0,1
0008B7	1A05	BTFSC PORTA,4
0008B8	1285	BCF PORTA,5
0008B9	1005	BCF PORTA,0
		SYSWAITLOOP1
0008BA	2038	CALL FN_GLCDREADBYTE
0008BB	1BAC	BTFSC GLCDREADBYTE,7
0008BC	28BA	GOTO SYSWAITLOOP1
0008BD	1005	BCF PORTA,0
0008BE	183E	BTFSC SYSBITVAR0,0
0008BF	1405	BSF PORTA,0
0008C0	1285	BCF PORTA,5
0008C1	18BE	BTFSC SYSBITVAR0,1
0008C2	1685	BSF PORTA,5
0008C3	1105	BCF PORTA,2
000000	1683	BANKSEL TRISD
000000	1683 1303	BANKSEL TRISD
0008C6	1008	BCF TRISD,0
0008C7	1088	BCF TRISD,1
0008C8	1108	BCF TRISD,2
0008C9	1188	BCF TRISD,3
0008CA	1208	BCF TRISD,4
0008CB	1288	BCF TRISD,5
0008CC	1308	BCF TRISD,6
0008CD	1388	BCF TRISD,7
000000	1283	BANKSEL PORTD
000000	1283 1303	BANKSEL PORTD
0008D0	1388	BCF PORTD,7
0008D1	1BB5	BTFSC LCDBYTE,7
0008D2	1788	BSF PORTD,7
0008D3	1308	BCF PORTD,6
0008D4	1B35	BTFSC LCDBYTE,6
0008D5	1708	BSF PORTD,6
0008D6	1288	BCF PORTD,5
0008D7	1AB5	BTFSC LCDBYTE,5
0008D8	1688	BSF PORTD,5
0008D9	1208	BCF PORTD,4
0008DA	1A35	BTFSC LCDBYTE,4
0008DB	1608	BSF PORTD,4
0008DC	1188	BCF PORTD,3
0008DD	19B5	BTFSC LCDBYTE,3
0008DE	1588	BSF PORTD,3
0008DF	1108	BCF PORTD,2
0008E0	1935	BTFSC LCDBYTE,2
0008E1	1508	BSF PORTD,2
0008E2	1088	BCF PORTD,1
0008E3	18B5	BTFSC LCDBYTE,1
0008E4	1488	BSF PORTD,1
0008E5	1008	BCF PORTD,0
0008E6	1835	BTFSC LCDBYTE,0
0008E7	1408	BSF PORTD,0
0008E8	3003	MOVLW 3
0008E9	00F0	MOVWF DELAYTEMP
		DELAYUS1
0008EA	0BF0	DECFSZ DELAYTEMP,F
0008EB	28EA	GOTO DELAYUS1
0008EC	1485	BSF PORTA,1
0008ED	3003	MOVLW 3
0008EE	00F0	MOVWF DELAYTEMP
		DELAYUS2
0008EF	0BF0	DECFSZ DELAYTEMP,F
0008F0	28EF	GOTO DELAYUS2
0008F1	1085	BCF PORTA,1
0008F2	3003	MOVLW 3
0008F3	00F0	MOVWF DELAYTEMP
		DELAYUS3
0008F4	0BF0	DECFSZ DELAYTEMP,F
0008F5	28F4	GOTO DELAYUS3
0008F6	0008	RETURN


		PSET
0008F7	1B2D	BTFSC GLCDX,6
0008F8	28FB	GOTO ENDIF21
0008F9	1685	BSF PORTA,5
0008FA	1205	BCF PORTA,4
		ENDIF21
0008FB	1F2D	BTFSS GLCDX,6
0008FC	2901	GOTO ENDIF22
0008FD	1605	BSF PORTA,4
0008FE	3040	MOVLW 64
0008FF	02AD	SUBWF GLCDX,F
000900	1285	BCF PORTA,5
		ENDIF22
000901	082F	MOVF GLCDY,W
000902	00F5	MOVWF SYSBYTETEMPA
000903	3008	MOVLW 8
000904	00F9	MOVWF SYSBYTETEMPB
000000	118A	PAGESEL SYSDIVSUB
000000	118A 120A	PAGESEL SYSDIVSUB
000907	27BA	CALL SYSDIVSUB
000000	158A	PAGESEL $
000000	158A 120A	PAGESEL $
00090A	0875	MOVF SYSBYTETEMPA,W
00090B	00A2	MOVWF CURRPAGE
00090C	1005	BCF PORTA,0
00090D	30B8	MOVLW 184
00090E	0422	IORWF CURRPAGE,W
00090F	00B5	MOVWF LCDBYTE
000910	20B1	CALL GLCDWRITEBYTE
000911	1005	BCF PORTA,0
000912	3040	MOVLW 64
000913	042D	IORWF GLCDX,W
000914	00B5	MOVWF LCDBYTE
000915	20B1	CALL GLCDWRITEBYTE
000916	1405	BSF PORTA,0
000917	2038	CALL FN_GLCDREADBYTE
000918	082C	MOVF GLCDREADBYTE,W
000919	00A9	MOVWF GLCDDATATEMP
00091A	1405	BSF PORTA,0
00091B	2038	CALL FN_GLCDREADBYTE
00091C	082C	MOVF GLCDREADBYTE,W
00091D	00A9	MOVWF GLCDDATATEMP
00091E	3007	MOVLW 7
00091F	052F	ANDWF GLCDY,W
000920	00A5	MOVWF GLCDBITNO
000921	1827	BTFSC GLCDCOLOUR,0
000922	2927	GOTO ELSE23_1
000923	30FE	MOVLW 254
000924	00A6	MOVWF GLCDCHANGE
000925	1403	BSF STATUS,C
000926	292A	GOTO ENDIF23
		ELSE23_1
000927	3001	MOVLW 1
000928	00A6	MOVWF GLCDCHANGE
000929	1003	BCF STATUS,C
		ENDIF23
00092A	0825	MOVF GLCDBITNO,W
00092B	00BF	MOVWF SYSREPEATTEMP1
00092C	1903	BTFSC STATUS,Z
00092D	2931	GOTO SYSREPEATLOOPEND1
		SYSREPEATLOOP1
00092E	0DA6	RLF GLCDCHANGE,F
00092F	0BBF	DECFSZ SYSREPEATTEMP1,F
000930	292E	GOTO SYSREPEATLOOP1
		SYSREPEATLOOPEND1
000931	1827	BTFSC GLCDCOLOUR,0
000932	2937	GOTO ELSE24_1
000933	0829	MOVF GLCDDATATEMP,W
000934	0526	ANDWF GLCDCHANGE,W
000935	00A9	MOVWF GLCDDATATEMP
000936	293A	GOTO ENDIF24
		ELSE24_1
000937	0829	MOVF GLCDDATATEMP,W
000938	0426	IORWF GLCDCHANGE,W
000939	00A9	MOVWF GLCDDATATEMP
		ENDIF24
00093A	1005	BCF PORTA,0
00093B	3040	MOVLW 64
00093C	042D	IORWF GLCDX,W
00093D	00B5	MOVWF LCDBYTE
00093E	20B1	CALL GLCDWRITEBYTE
00093F	1405	BSF PORTA,0
000940	0829	MOVF GLCDDATATEMP,W
000941	00B5	MOVWF LCDBYTE
000942	20B1	CALL GLCDWRITEBYTE
000943	1205	BCF PORTA,4
000944	1285	BCF PORTA,5
000945	0008	RETURN


		SYSCOMPEQUAL
000946	01F0	CLRF SYSBYTETEMPX
000947	0875	MOVF SYSBYTETEMPA, W
000948	0279	SUBWF SYSBYTETEMPB, W
000949	1903	BTFSC STATUS, Z
00094A	09F0	COMF SYSBYTETEMPX,F
00094B	0008	RETURN


		SYSCOMPEQUAL16
00094C	01F0	CLRF SYSBYTETEMPX
00094D	0875	MOVF SYSWORDTEMPA, W
00094E	0279	SUBWF SYSWORDTEMPB, W
00094F	1D03	BTFSS STATUS, Z
000950	0008	RETURN
000951	0876	MOVF SYSWORDTEMPA_H, W
000952	027A	SUBWF SYSWORDTEMPB_H, W
000953	1D03	BTFSS STATUS, Z
000954	0008	RETURN
000955	09F0	COMF SYSBYTETEMPX,F
000956	0008	RETURN


		SYSCOMPLESSTHAN16
000957	01F0	CLRF SYSBYTETEMPX
000958	0876	MOVF SYSWORDTEMPA_H,W
000959	027A	SUBWF SYSWORDTEMPB_H,W
00095A	1C03	BTFSS STATUS,C
00095B	0008	RETURN
00095C	087A	MOVF SYSWORDTEMPB_H,W
00095D	0276	SUBWF SYSWORDTEMPA_H,W
00095E	1C03	BTFSS STATUS,C
00095F	2964	GOTO SCLT16TRUE
000960	0879	MOVF SYSWORDTEMPB,W
000961	0275	SUBWF SYSWORDTEMPA,W
000962	1803	BTFSC STATUS,C
000963	0008	RETURN
		SCLT16TRUE
000964	09F0	COMF SYSBYTETEMPX,F
000965	0008	RETURN




