GCASM List File (GCBASIC 0.9 2015-03-28)

Symbols:
A 	EQU 	0
ABDEN 	EQU 	0
ABDOVF 	EQU 	7
ACCESS 	EQU 	0
ACKDT 	EQU 	5
ACKEN 	EQU 	4
ACKSTAT 	EQU 	6
ACKTIM 	EQU 	7
ADCON0 	EQU 	157
ADCON1 	EQU 	158
ADCS0 	EQU 	4
ADCS1 	EQU 	5
ADCS2 	EQU 	6
ADDEN 	EQU 	3
ADFM 	EQU 	7
ADFVR0 	EQU 	0
ADFVR1 	EQU 	1
ADGO 	EQU 	1
ADIE 	EQU 	6
ADIF 	EQU 	6
ADNREF 	EQU 	2
ADON 	EQU 	0
ADPREF0 	EQU 	0
ADPREF1 	EQU 	1
ADRES 	EQU 	155
ADRESH 	EQU 	156
ADRESL 	EQU 	155
AHEN 	EQU 	1
ANSA0 	EQU 	0
ANSA1 	EQU 	1
ANSA2 	EQU 	2
ANSA3 	EQU 	3
ANSA4 	EQU 	4
ANSA5 	EQU 	5
ANSB0 	EQU 	0
ANSB1 	EQU 	1
ANSB2 	EQU 	2
ANSB3 	EQU 	3
ANSB4 	EQU 	4
ANSB5 	EQU 	5
ANSD0 	EQU 	0
ANSD1 	EQU 	1
ANSD2 	EQU 	2
ANSD3 	EQU 	3
ANSD4 	EQU 	4
ANSD5 	EQU 	5
ANSD6 	EQU 	6
ANSD7 	EQU 	7
ANSE0 	EQU 	0
ANSE1 	EQU 	1
ANSE2 	EQU 	2
ANSELA 	EQU 	396
ANSELB 	EQU 	397
ANSELD 	EQU 	399
ANSELE 	EQU 	400
APFCON 	EQU 	285
B 	EQU 	1
BANKED 	EQU 	1
BASPROGRAMEND 	EQU 	44
BASPROGRAMSTART 	EQU 	5
BAUDCON 	EQU 	415
BCLIE 	EQU 	3
BCLIF 	EQU 	3
BF 	EQU 	0
BIASMD 	EQU 	6
BOEN 	EQU 	4
BORCON 	EQU 	278
BORRDY 	EQU 	0
BRG16 	EQU 	3
BRGH 	EQU 	2
BSR 	EQU 	8
BSR0 	EQU 	0
BSR1 	EQU 	1
BSR2 	EQU 	2
BSR3 	EQU 	3
BSR4 	EQU 	4
BSR_SHAD 	EQU 	4070
C 	EQU 	0
C1HYS 	EQU 	1
C1IE 	EQU 	5
C1IF 	EQU 	5
C1INTN 	EQU 	6
C1INTP 	EQU 	7
C1NCH0 	EQU 	0
C1NCH1 	EQU 	1
C1OE 	EQU 	5
C1ON 	EQU 	7
C1OUT 	EQU 	6
C1PCH0 	EQU 	4
C1PCH1 	EQU 	5
C1POL 	EQU 	4
C1SP 	EQU 	2
C1SYNC 	EQU 	0
C1TSEL0 	EQU 	0
C1TSEL1 	EQU 	1
C2HYS 	EQU 	1
C2IE 	EQU 	6
C2IF 	EQU 	6
C2INTN 	EQU 	6
C2INTP 	EQU 	7
C2NCH0 	EQU 	0
C2NCH1 	EQU 	1
C2OE 	EQU 	5
C2ON 	EQU 	7
C2OUT 	EQU 	6
C2OUTSEL 	EQU 	2
C2PCH0 	EQU 	4
C2PCH1 	EQU 	5
C2POL 	EQU 	4
C2SP 	EQU 	2
C2SYNC 	EQU 	0
C2TSEL0 	EQU 	2
C2TSEL1 	EQU 	3
C3TSEL0 	EQU 	4
C3TSEL1 	EQU 	5
C4TSEL0 	EQU 	6
C4TSEL1 	EQU 	7
C5TSEL0 	EQU 	0
C5TSEL1 	EQU 	1
CCP1AS 	EQU 	661
CCP1AS0 	EQU 	4
CCP1AS1 	EQU 	5
CCP1AS2 	EQU 	6
CCP1ASE 	EQU 	7
CCP1CON 	EQU 	659
CCP1IE 	EQU 	2
CCP1IF 	EQU 	2
CCP1M0 	EQU 	0
CCP1M1 	EQU 	1
CCP1M2 	EQU 	2
CCP1M3 	EQU 	3
CCP2AS 	EQU 	668
CCP2AS0 	EQU 	4
CCP2AS1 	EQU 	5
CCP2AS2 	EQU 	6
CCP2ASE 	EQU 	7
CCP2CON 	EQU 	666
CCP2IE 	EQU 	0
CCP2IF 	EQU 	0
CCP2M0 	EQU 	0
CCP2M1 	EQU 	1
CCP2M2 	EQU 	2
CCP2M3 	EQU 	3
CCP2SEL 	EQU 	0
CCP3AS 	EQU 	789
CCP3AS0 	EQU 	4
CCP3AS1 	EQU 	5
CCP3AS2 	EQU 	6
CCP3ASE 	EQU 	7
CCP3CON 	EQU 	787
CCP3IE 	EQU 	4
CCP3IF 	EQU 	4
CCP3M0 	EQU 	0
CCP3M1 	EQU 	1
CCP3M2 	EQU 	2
CCP3M3 	EQU 	3
CCP3SEL 	EQU 	6
CCP4CON 	EQU 	794
CCP4IE 	EQU 	5
CCP4IF 	EQU 	5
CCP4M0 	EQU 	0
CCP4M1 	EQU 	1
CCP4M2 	EQU 	2
CCP4M3 	EQU 	3
CCP5CON 	EQU 	798
CCP5IE 	EQU 	6
CCP5IF 	EQU 	6
CCP5M0 	EQU 	0
CCP5M1 	EQU 	1
CCP5M2 	EQU 	2
CCP5M3 	EQU 	3
CCPR1H 	EQU 	658
CCPR1L 	EQU 	657
CCPR2H 	EQU 	665
CCPR2L 	EQU 	664
CCPR3H 	EQU 	786
CCPR3L 	EQU 	785
CCPR4H 	EQU 	793
CCPR4L 	EQU 	792
CCPR5H 	EQU 	797
CCPR5L 	EQU 	796
CCPTMRS0 	EQU 	670
CCPTMRS1 	EQU 	671
CDAFVR0 	EQU 	2
CDAFVR1 	EQU 	3
CFGS 	EQU 	6
CHS0 	EQU 	2
CHS1 	EQU 	3
CHS2 	EQU 	4
CHS3 	EQU 	5
CHS4 	EQU 	6
CKE 	EQU 	6
CKP 	EQU 	4
CM1CON0 	EQU 	273
CM1CON1 	EQU 	274
CM2CON0 	EQU 	275
CM2CON1 	EQU 	276
CMOUT 	EQU 	277
CPSCH0 	EQU 	0
CPSCH1 	EQU 	1
CPSCH2 	EQU 	2
CPSCH3 	EQU 	3
CPSCON0 	EQU 	30
CPSCON1 	EQU 	31
CPSON 	EQU 	7
CPSOUT 	EQU 	1
CPSRM 	EQU 	6
CPSRNG0 	EQU 	2
CPSRNG1 	EQU 	3
CREN 	EQU 	4
CS0 	EQU 	2
CS1 	EQU 	3
CSRC 	EQU 	7
CURRCHARROW 	EQU 	32
CURRCOL 	EQU 	33
CURRPAGE 	EQU 	34
C_SHAD 	EQU 	0
DACCON0 	EQU 	280
DACCON1 	EQU 	281
DACEN 	EQU 	7
DACLPS 	EQU 	6
DACNSS 	EQU 	0
DACOE 	EQU 	5
DACPSS0 	EQU 	2
DACPSS1 	EQU 	3
DACR0 	EQU 	0
DACR1 	EQU 	1
DACR2 	EQU 	2
DACR3 	EQU 	3
DACR4 	EQU 	4
DC 	EQU 	1
DC1B0 	EQU 	4
DC1B1 	EQU 	5
DC2B0 	EQU 	4
DC2B1 	EQU 	5
DC3B0 	EQU 	4
DC3B1 	EQU 	5
DC4B0 	EQU 	4
DC4B1 	EQU 	5
DC5B0 	EQU 	4
DC5B1 	EQU 	5
DC_SHAD 	EQU 	1
DELAYTEMP 	EQU 	112
DELAYTEMP2 	EQU 	113
DELAYUS1 	EQU 	1949
DELAYUS2 	EQU 	1965
DELAYUS3 	EQU 	2150
DELAYUS4 	EQU 	2181
DELAY_MS 	EQU 	2048
DELAY_US 	EQU 	2062
DHEN 	EQU 	0
DIV8NOTNEG 	EQU 	2434
DMS_INNER 	EQU 	2053
DMS_OUTER 	EQU 	2051
DMS_START 	EQU 	2049
DUS_END 	EQU 	2073
DUS_START 	EQU 	2066
D_NOT_A 	EQU 	5
ECCP1AS 	EQU 	661
ECCP1AS_CCP1AS0 	EQU 	4
ECCP1AS_CCP1AS1 	EQU 	5
ECCP1AS_CCP1AS2 	EQU 	6
ECCP1AS_CCP1ASE 	EQU 	7
ECCP1AS_PSS1AC0 	EQU 	2
ECCP1AS_PSS1AC1 	EQU 	3
ECCP1AS_PSS1BD0 	EQU 	0
ECCP1AS_PSS1BD1 	EQU 	1
ECCP2AS 	EQU 	668
ECCP2AS_CCP2AS0 	EQU 	4
ECCP2AS_CCP2AS1 	EQU 	5
ECCP2AS_CCP2AS2 	EQU 	6
ECCP2AS_CCP2ASE 	EQU 	7
ECCP2AS_PSS2AC0 	EQU 	2
ECCP2AS_PSS2AC1 	EQU 	3
ECCP2AS_PSS2BD0 	EQU 	0
ECCP2AS_PSS2BD1 	EQU 	1
ECCP3AS 	EQU 	789
ECCP3AS_CCP3AS0 	EQU 	4
ECCP3AS_CCP3AS1 	EQU 	5
ECCP3AS_CCP3AS2 	EQU 	6
ECCP3AS_CCP3ASE 	EQU 	7
ECCP3AS_PSS3AC0 	EQU 	2
ECCP3AS_PSS3AC1 	EQU 	3
ECCP3AS_PSS3BD0 	EQU 	0
ECCP3AS_PSS3BD1 	EQU 	1
EEADR 	EQU 	401
EEADRH 	EQU 	402
EEADRL 	EQU 	401
EECON1 	EQU 	405
EECON2 	EQU 	406
EEDAT 	EQU 	403
EEDATH 	EQU 	404
EEDATL 	EQU 	403
EEIE 	EQU 	4
EEIF 	EQU 	4
EEPGD 	EQU 	7
ELSE10_1 	EQU 	629
ELSE13_1 	EQU 	410
ELSE16_1 	EQU 	429
ELSE23_1 	EQU 	2340
ELSE24_1 	EQU 	2356
ENDIF1 	EQU 	473
ENDIF10 	EQU 	642
ENDIF13 	EQU 	447
ENDIF14 	EQU 	372
ENDIF15 	EQU 	382
ENDIF16 	EQU 	442
ENDIF2 	EQU 	665
ENDIF21 	EQU 	2283
ENDIF22 	EQU 	2293
ENDIF23 	EQU 	2343
ENDIF24 	EQU 	2359
ENDIF25 	EQU 	1858
ENDIF28 	EQU 	1873
ENDIF29 	EQU 	1880
ENDIF30 	EQU 	1898
ENDIF31 	EQU 	1905
ENDIF32 	EQU 	1912
ENDIF33 	EQU 	1919
ENDIF34 	EQU 	1926
ENDIF35 	EQU 	1933
ENDIF36 	EQU 	1940
ENDIF37 	EQU 	1947
ENDIF5 	EQU 	447
F 	EQU 	1
FERR 	EQU 	2
FN_GLCDREADBYTE_KS0108 	EQU 	2136
FREE 	EQU 	4
FSR0 	EQU 	4
FSR0H 	EQU 	5
FSR0H_SHAD 	EQU 	4073
FSR0L 	EQU 	4
FSR0L_SHAD 	EQU 	4072
FSR1 	EQU 	6
FSR1H 	EQU 	7
FSR1H_SHAD 	EQU 	4075
FSR1L 	EQU 	6
FSR1L_SHAD 	EQU 	4074
FVRCON 	EQU 	279
FVREN 	EQU 	7
FVRRDY 	EQU 	6
GCEN 	EQU 	7
GIE 	EQU 	7
GLCDBACKGROUND 	EQU 	35
GLCDBACKGROUND_H 	EQU 	36
GLCDBITNO 	EQU 	37
GLCDBMPLOAD 	EQU 	46
GLCDCHANGE 	EQU 	38
GLCDCLS_KS0108 	EQU 	2076
GLCDCOLOUR 	EQU 	39
GLCDCOLOUR_H 	EQU 	40
GLCDDATATEMP 	EQU 	41
GLCDFNTDEFAULT 	EQU 	42
GLCDFONTWIDTH 	EQU 	43
GLCDFOREGROUND 	EQU 	44
GLCDFOREGROUND_H 	EQU 	45
GLCDREADBYTE_KS0108 	EQU 	46
GLCDTABLE1 	EQU 	670
GLCDTABLE1_H 	EQU 	2185
GLCDTABLE2 	EQU 	1176
GLCDTABLE2_H 	EQU 	2206
GLCDTABLE3 	EQU 	2227
GLCDTABLE4 	EQU 	2244
GLCDTABLE5 	EQU 	2261
GLCDWRITEBYTE_KS0108 	EQU 	1848
GLCDX 	EQU 	47
GLCDXPOS 	EQU 	48
GLCDY 	EQU 	49
GLCDYPOS 	EQU 	50
GLCD_COUNT 	EQU 	51
GLCD_YORDINATE 	EQU 	52
GLCD_YORDINATE_H 	EQU 	53
GO 	EQU 	1
GO_DONE 	EQU 	1
GO_NOT_DONE 	EQU 	1
HCOUNT 	EQU 	54
HFIOFL 	EQU 	3
HFIOFR 	EQU 	4
HFIOFS 	EQU 	0
INDF0 	EQU 	0
INDF1 	EQU 	1
INITGLCD_KS0108 	EQU 	1970
INITSYS 	EQU 	2020
INTCON 	EQU 	11
INTE 	EQU 	4
INTEDG 	EQU 	6
INTF 	EQU 	1
IOCBF 	EQU 	918
IOCBF0 	EQU 	0
IOCBF1 	EQU 	1
IOCBF2 	EQU 	2
IOCBF3 	EQU 	3
IOCBF4 	EQU 	4
IOCBF5 	EQU 	5
IOCBF6 	EQU 	6
IOCBF7 	EQU 	7
IOCBN 	EQU 	917
IOCBN0 	EQU 	0
IOCBN1 	EQU 	1
IOCBN2 	EQU 	2
IOCBN3 	EQU 	3
IOCBN4 	EQU 	4
IOCBN5 	EQU 	5
IOCBN6 	EQU 	6
IOCBN7 	EQU 	7
IOCBP 	EQU 	916
IOCBP0 	EQU 	0
IOCBP1 	EQU 	1
IOCBP2 	EQU 	2
IOCBP3 	EQU 	3
IOCBP4 	EQU 	4
IOCBP5 	EQU 	5
IOCBP6 	EQU 	6
IOCBP7 	EQU 	7
IOCIE 	EQU 	3
IOCIF 	EQU 	0
IRCF0 	EQU 	3
IRCF1 	EQU 	4
IRCF2 	EQU 	5
IRCF3 	EQU 	6
KS0108 	EQU 	9190
KS0108_CLOCK_DELAY 	EQU 	55
LATA 	EQU 	268
LATA0 	EQU 	0
LATA1 	EQU 	1
LATA2 	EQU 	2
LATA3 	EQU 	3
LATA4 	EQU 	4
LATA5 	EQU 	5
LATA6 	EQU 	6
LATA7 	EQU 	7
LATB 	EQU 	269
LATB0 	EQU 	0
LATB1 	EQU 	1
LATB2 	EQU 	2
LATB3 	EQU 	3
LATB4 	EQU 	4
LATB5 	EQU 	5
LATB6 	EQU 	6
LATB7 	EQU 	7
LATC 	EQU 	270
LATC0 	EQU 	0
LATC1 	EQU 	1
LATC2 	EQU 	2
LATC3 	EQU 	3
LATC4 	EQU 	4
LATC5 	EQU 	5
LATC6 	EQU 	6
LATC7 	EQU 	7
LATD 	EQU 	271
LATD0 	EQU 	0
LATD1 	EQU 	1
LATD2 	EQU 	2
LATD3 	EQU 	3
LATD4 	EQU 	4
LATD5 	EQU 	5
LATD6 	EQU 	6
LATD7 	EQU 	7
LATE 	EQU 	272
LATE0 	EQU 	0
LATE1 	EQU 	1
LATE2 	EQU 	2
LATE3 	EQU 	3
LCDA 	EQU 	5
LCDBYTE 	EQU 	56
LCDCON 	EQU 	1937
LCDCST 	EQU 	1940
LCDCST0 	EQU 	0
LCDCST1 	EQU 	1
LCDCST2 	EQU 	2
LCDDATA0 	EQU 	1952
LCDDATA1 	EQU 	1953
LCDDATA10 	EQU 	1962
LCDDATA11 	EQU 	1963
LCDDATA2 	EQU 	1954
LCDDATA3 	EQU 	1955
LCDDATA4 	EQU 	1956
LCDDATA5 	EQU 	1957
LCDDATA6 	EQU 	1958
LCDDATA7 	EQU 	1959
LCDDATA8 	EQU 	1960
LCDDATA9 	EQU 	1961
LCDEN 	EQU 	7
LCDIE 	EQU 	2
LCDIF 	EQU 	2
LCDIRE 	EQU 	7
LCDIRI 	EQU 	5
LCDIRS 	EQU 	6
LCDPS 	EQU 	1938
LCDREF 	EQU 	1939
LCDRL 	EQU 	1941
LCDSE0 	EQU 	1944
LCDSE1 	EQU 	1945
LCDSE2 	EQU 	1946
LFIOFR 	EQU 	1
LMUX0 	EQU 	0
LMUX1 	EQU 	1
LP0 	EQU 	0
LP1 	EQU 	1
LP2 	EQU 	2
LP3 	EQU 	3
LRLAP0 	EQU 	6
LRLAP1 	EQU 	7
LRLAT0 	EQU 	0
LRLAT1 	EQU 	1
LRLAT2 	EQU 	2
LRLBP0 	EQU 	4
LRLBP1 	EQU 	5
LWLO 	EQU 	5
MAXHEIGHT 	EQU 	57
MC1OUT 	EQU 	0
MC2OUT 	EQU 	1
MFIOFR 	EQU 	2
NOT_BOR 	EQU 	0
NOT_DONE 	EQU 	1
NOT_PD 	EQU 	3
NOT_POR 	EQU 	1
NOT_RI 	EQU 	2
NOT_RMCLR 	EQU 	3
NOT_T1SYNC 	EQU 	2
NOT_TO 	EQU 	4
NOT_WPUEN 	EQU 	7
OBJHEIGHT 	EQU 	58
OBJWIDTH 	EQU 	59
OERR 	EQU 	1
OLDGLCDXPOS 	EQU 	60
ONPAGEBOUNDARY 	EQU 	61
OPTION_REG 	EQU 	149
OPTMISEGLCDDRAW 	EQU 	62
OSCCON 	EQU 	153
OSCSTAT 	EQU 	154
OSCTUNE 	EQU 	152
OSFIE 	EQU 	7
OSFIF 	EQU 	7
OSTS 	EQU 	5
P 	EQU 	4
P1DC0 	EQU 	0
P1DC1 	EQU 	1
P1DC2 	EQU 	2
P1DC3 	EQU 	3
P1DC4 	EQU 	4
P1DC5 	EQU 	5
P1DC6 	EQU 	6
P1M0 	EQU 	6
P1M1 	EQU 	7
P1RSEN 	EQU 	7
P2BSEL 	EQU 	4
P2DC0 	EQU 	0
P2DC1 	EQU 	1
P2DC2 	EQU 	2
P2DC3 	EQU 	3
P2DC4 	EQU 	4
P2DC5 	EQU 	5
P2DC6 	EQU 	6
P2M0 	EQU 	6
P2M1 	EQU 	7
P2RSEN 	EQU 	7
P3DC0 	EQU 	0
P3DC1 	EQU 	1
P3DC2 	EQU 	2
P3DC3 	EQU 	3
P3DC4 	EQU 	4
P3DC5 	EQU 	5
P3DC6 	EQU 	6
P3M0 	EQU 	6
P3M1 	EQU 	7
P3RSEN 	EQU 	7
PCIE 	EQU 	6
PCL 	EQU 	2
PCLATH 	EQU 	10
PCLATH_SHAD 	EQU 	4071
PCON 	EQU 	150
PEIE 	EQU 	6
PEN 	EQU 	2
PIE1 	EQU 	145
PIE2 	EQU 	146
PIE3 	EQU 	147
PIR1 	EQU 	17
PIR2 	EQU 	18
PIR3 	EQU 	19
PLLR 	EQU 	6
PORTA 	EQU 	12
PORTB 	EQU 	13
PORTC 	EQU 	14
PORTD 	EQU 	15
PORTE 	EQU 	16
PR2 	EQU 	27
PR4 	EQU 	1046
PR6 	EQU 	1053
PS0 	EQU 	0
PS1 	EQU 	1
PS2 	EQU 	2
PSA 	EQU 	3
PSET_KS0108 	EQU 	2278
PSS1AC0 	EQU 	2
PSS1AC1 	EQU 	3
PSS1BD0 	EQU 	0
PSS1BD1 	EQU 	1
PSS2AC0 	EQU 	2
PSS2AC1 	EQU 	3
PSS2BD0 	EQU 	0
PSS2BD1 	EQU 	1
PSS3AC0 	EQU 	2
PSS3AC1 	EQU 	3
PSS3BD0 	EQU 	0
PSS3BD1 	EQU 	1
PSTR1CON 	EQU 	662
PSTR2CON 	EQU 	669
PSTR3CON 	EQU 	790
PWM1CON 	EQU 	660
PWM2CON 	EQU 	667
PWM3CON 	EQU 	788
RA0 	EQU 	0
RA1 	EQU 	1
RA2 	EQU 	2
RA3 	EQU 	3
RA4 	EQU 	4
RA5 	EQU 	5
RA6 	EQU 	6
RA7 	EQU 	7
RB0 	EQU 	0
RB1 	EQU 	1
RB2 	EQU 	2
RB3 	EQU 	3
RB4 	EQU 	4
RB5 	EQU 	5
RB6 	EQU 	6
RB7 	EQU 	7
RC0 	EQU 	0
RC1 	EQU 	1
RC2 	EQU 	2
RC3 	EQU 	3
RC4 	EQU 	4
RC5 	EQU 	5
RC6 	EQU 	6
RC7 	EQU 	7
RCEN 	EQU 	3
RCIDL 	EQU 	6
RCIE 	EQU 	5
RCIF 	EQU 	5
RCREG 	EQU 	409
RCSTA 	EQU 	413
RD 	EQU 	0
RD0 	EQU 	0
RD1 	EQU 	1
RD2 	EQU 	2
RD3 	EQU 	3
RD4 	EQU 	4
RD5 	EQU 	5
RD6 	EQU 	6
RD7 	EQU 	7
RE0 	EQU 	0
RE1 	EQU 	1
RE2 	EQU 	2
RE3 	EQU 	3
RSEN 	EQU 	1
RX9 	EQU 	6
RX9D 	EQU 	0
R_NOT_W 	EQU 	2
S 	EQU 	3
SBCDE 	EQU 	2
SBOREN 	EQU 	7
SCIE 	EQU 	5
SCKP 	EQU 	4
SCLT16TRUE 	EQU 	2418
SCS0 	EQU 	0
SCS1 	EQU 	1
SDAHT 	EQU 	3
SE0 	EQU 	0
SE1 	EQU 	1
SE10 	EQU 	2
SE11 	EQU 	3
SE12 	EQU 	4
SE13 	EQU 	5
SE14 	EQU 	6
SE15 	EQU 	7
SE16 	EQU 	0
SE17 	EQU 	1
SE18 	EQU 	2
SE19 	EQU 	3
SE2 	EQU 	2
SE20 	EQU 	4
SE21 	EQU 	5
SE22 	EQU 	6
SE23 	EQU 	7
SE3 	EQU 	3
SE4 	EQU 	4
SE5 	EQU 	5
SE6 	EQU 	6
SE7 	EQU 	7
SE8 	EQU 	0
SE9 	EQU 	1
SEG0COM0 	EQU 	0
SEG0COM1 	EQU 	0
SEG0COM2 	EQU 	0
SEG0COM3 	EQU 	0
SEG10COM0 	EQU 	2
SEG10COM1 	EQU 	2
SEG10COM2 	EQU 	2
SEG10COM3 	EQU 	2
SEG11COM0 	EQU 	3
SEG11COM1 	EQU 	3
SEG11COM2 	EQU 	3
SEG11COM3 	EQU 	3
SEG12COM0 	EQU 	4
SEG12COM1 	EQU 	4
SEG12COM2 	EQU 	4
SEG12COM3 	EQU 	4
SEG13COM0 	EQU 	5
SEG13COM1 	EQU 	5
SEG13COM2 	EQU 	5
SEG13COM3 	EQU 	5
SEG14COM0 	EQU 	6
SEG14COM1 	EQU 	6
SEG14COM2 	EQU 	6
SEG14COM3 	EQU 	6
SEG15COM0 	EQU 	7
SEG15COM1 	EQU 	7
SEG15COM2 	EQU 	7
SEG15COM3 	EQU 	7
SEG16COM0 	EQU 	0
SEG16COM1 	EQU 	0
SEG16COM2 	EQU 	0
SEG16COM3 	EQU 	0
SEG17COM0 	EQU 	1
SEG17COM1 	EQU 	1
SEG17COM2 	EQU 	1
SEG17COM3 	EQU 	1
SEG18COM0 	EQU 	2
SEG18COM1 	EQU 	2
SEG18COM2 	EQU 	2
SEG18COM3 	EQU 	2
SEG19COM0 	EQU 	3
SEG19COM1 	EQU 	3
SEG19COM2 	EQU 	3
SEG19COM3 	EQU 	3
SEG1COM0 	EQU 	1
SEG1COM1 	EQU 	1
SEG1COM2 	EQU 	1
SEG1COM3 	EQU 	1
SEG20COM0 	EQU 	4
SEG20COM1 	EQU 	4
SEG20COM2 	EQU 	4
SEG20COM3 	EQU 	4
SEG21COM0 	EQU 	5
SEG21COM1 	EQU 	5
SEG21COM2 	EQU 	5
SEG21COM3 	EQU 	5
SEG22COM0 	EQU 	6
SEG22COM1 	EQU 	6
SEG22COM2 	EQU 	6
SEG22COM3 	EQU 	6
SEG23COM0 	EQU 	7
SEG23COM1 	EQU 	7
SEG23COM2 	EQU 	7
SEG23COM3 	EQU 	7
SEG2COM0 	EQU 	2
SEG2COM1 	EQU 	2
SEG2COM2 	EQU 	2
SEG2COM3 	EQU 	2
SEG3COM0 	EQU 	3
SEG3COM1 	EQU 	3
SEG3COM2 	EQU 	3
SEG3COM3 	EQU 	3
SEG4COM0 	EQU 	4
SEG4COM1 	EQU 	4
SEG4COM2 	EQU 	4
SEG4COM3 	EQU 	4
SEG5COM0 	EQU 	5
SEG5COM1 	EQU 	5
SEG5COM2 	EQU 	5
SEG5COM3 	EQU 	5
SEG6COM0 	EQU 	6
SEG6COM1 	EQU 	6
SEG6COM2 	EQU 	6
SEG6COM3 	EQU 	6
SEG7COM0 	EQU 	7
SEG7COM1 	EQU 	7
SEG7COM2 	EQU 	7
SEG7COM3 	EQU 	7
SEG8COM0 	EQU 	0
SEG8COM1 	EQU 	0
SEG8COM2 	EQU 	0
SEG8COM3 	EQU 	0
SEG9COM0 	EQU 	1
SEG9COM1 	EQU 	1
SEG9COM2 	EQU 	1
SEG9COM3 	EQU 	1
SELECTEDTABLE 	EQU 	63
SELECTEDTABLE_H 	EQU 	64
SEN 	EQU 	0
SENDB 	EQU 	3
SLPEN 	EQU 	6
SMP 	EQU 	7
SPBRG 	EQU 	411
SPBRGH 	EQU 	412
SPBRGL 	EQU 	411
SPEN 	EQU 	7
SPLLEN 	EQU 	7
SRCLK0 	EQU 	4
SRCLK1 	EQU 	5
SRCLK2 	EQU 	6
SRCON0 	EQU 	282
SRCON1 	EQU 	283
SREN 	EQU 	5
SRLEN 	EQU 	7
SRNQEN 	EQU 	2
SRNQSEL 	EQU 	3
SRPR 	EQU 	0
SRPS 	EQU 	1
SRQEN 	EQU 	3
SRRC1E 	EQU 	0
SRRC2E 	EQU 	1
SRRCKE 	EQU 	2
SRRPE 	EQU 	3
SRSC1E 	EQU 	4
SRSC2E 	EQU 	5
SRSCKE 	EQU 	6
SRSPE 	EQU 	7
SSPADD 	EQU 	530
SSPBUF 	EQU 	529
SSPCON 	EQU 	533
SSPCON1 	EQU 	533
SSPCON1_CKP 	EQU 	4
SSPCON1_SSPEN 	EQU 	5
SSPCON1_SSPM0 	EQU 	0
SSPCON1_SSPM1 	EQU 	1
SSPCON1_SSPM2 	EQU 	2
SSPCON1_SSPM3 	EQU 	3
SSPCON1_SSPOV 	EQU 	6
SSPCON1_WCOL 	EQU 	7
SSPCON2 	EQU 	534
SSPCON3 	EQU 	535
SSPEN 	EQU 	5
SSPIE 	EQU 	3
SSPIF 	EQU 	3
SSPM0 	EQU 	0
SSPM1 	EQU 	1
SSPM2 	EQU 	2
SSPM3 	EQU 	3
SSPMSK 	EQU 	531
SSPOV 	EQU 	6
SSPSTAT 	EQU 	532
SSSEL 	EQU 	1
ST7735_GLCD_HEIGHT 	EQU 	65
ST7735_GLCD_WIDTH 	EQU 	66
STATUS 	EQU 	3
STATUS_SHAD 	EQU 	4068
STKOVF 	EQU 	7
STKPTR 	EQU 	4077
STKUNF 	EQU 	6
STR1A 	EQU 	0
STR1B 	EQU 	1
STR1C 	EQU 	2
STR1D 	EQU 	3
STR1SYNC 	EQU 	4
STR2A 	EQU 	0
STR2B 	EQU 	1
STR2C 	EQU 	2
STR2D 	EQU 	3
STR2SYNC 	EQU 	4
STR3A 	EQU 	0
STR3B 	EQU 	1
STR3C 	EQU 	2
STR3D 	EQU 	3
STR3SYNC 	EQU 	4
SWDTEN 	EQU 	0
SYNC 	EQU 	4
SYSBITVAR0 	EQU 	67
SYSBYTETEMPA 	EQU 	117
SYSBYTETEMPB 	EQU 	121
SYSBYTETEMPX 	EQU 	112
SYSCOMPEQUAL 	EQU 	2381
SYSCOMPEQUAL16 	EQU 	2387
SYSCOMPLESSTHAN 	EQU 	2398
SYSCOMPLESSTHAN16 	EQU 	2405
SYSDIV8START 	EQU 	2423
SYSDIVLOOP 	EQU 	116
SYSDIVSUB 	EQU 	2420
SYSDOLOOP_E1 	EQU 	43
SYSDOLOOP_S1 	EQU 	9
SYSFORLOOP1 	EQU 	238
SYSFORLOOP2 	EQU 	254
SYSFORLOOP3 	EQU 	412
SYSFORLOOP4 	EQU 	497
SYSFORLOOP5 	EQU 	612
SYSFORLOOP6 	EQU 	2083
SYSFORLOOP7 	EQU 	2086
SYSFORLOOP8 	EQU 	2098
SYSFORLOOPEND1 	EQU 	473
SYSFORLOOPEND2 	EQU 	458
SYSFORLOOPEND3 	EQU 	447
SYSFORLOOPEND4 	EQU 	665
SYSFORLOOPEND5 	EQU 	654
SYSFORLOOPEND6 	EQU 	2131
SYSFORLOOPEND7 	EQU 	2123
SYSFORLOOPEND8 	EQU 	2119
SYSREPEATLOOP1 	EQU 	2347
SYSREPEATLOOPEND1 	EQU 	2350
SYSREPEATTEMP1 	EQU 	68
SYSSELECT1CASE1 	EQU 	49
SYSSELECT1CASE2 	EQU 	78
SYSSELECT1CASE3 	EQU 	107
SYSSELECT1CASE4 	EQU 	136
SYSSELECT1CASE5 	EQU 	165
SYSSELECT1CASE6 	EQU 	193
SYSSELECT2CASE1 	EQU 	255
SYSSELECT2CASE2 	EQU 	275
SYSSELECT2CASE3 	EQU 	295
SYSSELECT2CASE4 	EQU 	315
SYSSELECT2CASE5 	EQU 	335
SYSSELECT2CASE6 	EQU 	354
SYSSELECT3CASE1 	EQU 	498
SYSSELECT3CASE2 	EQU 	518
SYSSELECT3CASE3 	EQU 	538
SYSSELECT3CASE4 	EQU 	558
SYSSELECT3CASE5 	EQU 	578
SYSSELECT3CASE6 	EQU 	597
SYSSELECTEND1 	EQU 	193
SYSSELECTEND2 	EQU 	354
SYSSELECTEND3 	EQU 	597
SYSSTRINGA 	EQU 	119
SYSSTRINGA_H 	EQU 	120
SYSTEMP1 	EQU 	69
SYSTEMP2 	EQU 	70
SYSWAITLOOP1 	EQU 	1860
SYSWAITTEMPMS 	EQU 	114
SYSWAITTEMPMS_H 	EQU 	115
SYSWAITTEMPUS 	EQU 	117
SYSWAITTEMPUS_H 	EQU 	118
SYSWORDTEMPA 	EQU 	117
SYSWORDTEMPA_H 	EQU 	118
SYSWORDTEMPB 	EQU 	121
SYSWORDTEMPB_H 	EQU 	122
T0CS 	EQU 	5
T0IE 	EQU 	5
T0IF 	EQU 	2
T0SE 	EQU 	4
T0XCS 	EQU 	0
T1CKPS0 	EQU 	4
T1CKPS1 	EQU 	5
T1CON 	EQU 	24
T1GCON 	EQU 	25
T1GGO 	EQU 	3
T1GGO_NOT_DONE 	EQU 	3
T1GPOL 	EQU 	6
T1GSEL 	EQU 	5
T1GSPM 	EQU 	4
T1GSS0 	EQU 	0
T1GSS1 	EQU 	1
T1GTM 	EQU 	5
T1GVAL 	EQU 	2
T1OSCEN 	EQU 	3
T1OSCR 	EQU 	7
T2CKPS0 	EQU 	0
T2CKPS1 	EQU 	1
T2CON 	EQU 	28
T2OUTPS0 	EQU 	3
T2OUTPS1 	EQU 	4
T2OUTPS2 	EQU 	5
T2OUTPS3 	EQU 	6
T4CKPS0 	EQU 	0
T4CKPS1 	EQU 	1
T4CON 	EQU 	1047
T4OUTPS0 	EQU 	3
T4OUTPS1 	EQU 	4
T4OUTPS2 	EQU 	5
T4OUTPS3 	EQU 	6
T6CKPS0 	EQU 	0
T6CKPS1 	EQU 	1
T6CON 	EQU 	1054
T6OUTPS0 	EQU 	3
T6OUTPS1 	EQU 	4
T6OUTPS2 	EQU 	5
T6OUTPS3 	EQU 	6
TABLEGLCDTABLE1 	EQU 	692
TABLEGLCDTABLE1_H 	EQU 	2204
TABLEGLCDTABLE2 	EQU 	1198
TABLEGLCDTABLE2_H 	EQU 	2225
TABLEGLCDTABLE3 	EQU 	2239
TABLEGLCDTABLE4 	EQU 	2256
TABLEGLCDTABLE5 	EQU 	2273
TABLELEN 	EQU 	71
TABLELEN_H 	EQU 	72
TABLEREADPOSITION 	EQU 	73
TABLEREADPOSITION_H 	EQU 	74
TMR0 	EQU 	21
TMR0CS 	EQU 	5
TMR0IE 	EQU 	5
TMR0IF 	EQU 	2
TMR0SE 	EQU 	4
TMR1 	EQU 	22
TMR1CS0 	EQU 	6
TMR1CS1 	EQU 	7
TMR1GE 	EQU 	7
TMR1GIE 	EQU 	7
TMR1GIF 	EQU 	7
TMR1H 	EQU 	23
TMR1IE 	EQU 	0
TMR1IF 	EQU 	0
TMR1L 	EQU 	22
TMR1ON 	EQU 	0
TMR2 	EQU 	26
TMR2IE 	EQU 	1
TMR2IF 	EQU 	1
TMR2ON 	EQU 	2
TMR4 	EQU 	1045
TMR4IE 	EQU 	1
TMR4IF 	EQU 	1
TMR4ON 	EQU 	2
TMR6 	EQU 	1052
TMR6IE 	EQU 	3
TMR6IF 	EQU 	3
TMR6ON 	EQU 	2
TOSH 	EQU 	4079
TOSL 	EQU 	4078
TRISA 	EQU 	140
TRISA0 	EQU 	0
TRISA1 	EQU 	1
TRISA2 	EQU 	2
TRISA3 	EQU 	3
TRISA4 	EQU 	4
TRISA5 	EQU 	5
TRISA6 	EQU 	6
TRISA7 	EQU 	7
TRISB 	EQU 	141
TRISB0 	EQU 	0
TRISB1 	EQU 	1
TRISB2 	EQU 	2
TRISB3 	EQU 	3
TRISB4 	EQU 	4
TRISB5 	EQU 	5
TRISB6 	EQU 	6
TRISB7 	EQU 	7
TRISC 	EQU 	142
TRISC0 	EQU 	0
TRISC1 	EQU 	1
TRISC2 	EQU 	2
TRISC3 	EQU 	3
TRISC4 	EQU 	4
TRISC5 	EQU 	5
TRISC6 	EQU 	6
TRISC7 	EQU 	7
TRISD 	EQU 	143
TRISD0 	EQU 	0
TRISD1 	EQU 	1
TRISD2 	EQU 	2
TRISD3 	EQU 	3
TRISD4 	EQU 	4
TRISD5 	EQU 	5
TRISD6 	EQU 	6
TRISD7 	EQU 	7
TRISE 	EQU 	144
TRISE0 	EQU 	0
TRISE1 	EQU 	1
TRISE2 	EQU 	2
TRISE3 	EQU 	3
TRMT 	EQU 	1
TSEN 	EQU 	5
TSRNG 	EQU 	4
TUN0 	EQU 	0
TUN1 	EQU 	1
TUN2 	EQU 	2
TUN3 	EQU 	3
TUN4 	EQU 	4
TUN5 	EQU 	5
TX9 	EQU 	6
TX9D 	EQU 	0
TXEN 	EQU 	5
TXIE 	EQU 	4
TXIF 	EQU 	4
TXREG 	EQU 	410
TXSTA 	EQU 	414
UA 	EQU 	1
VLCD1PE 	EQU 	1
VLCD2PE 	EQU 	2
VLCD3PE 	EQU 	3
W 	EQU 	0
WA 	EQU 	4
WBYTE 	EQU 	75
WCOL 	EQU 	7
WDTCON 	EQU 	151
WDTPS0 	EQU 	1
WDTPS1 	EQU 	2
WDTPS2 	EQU 	3
WDTPS3 	EQU 	4
WDTPS4 	EQU 	5
WERR 	EQU 	5
WFT 	EQU 	7
WHOLEYBYTES 	EQU 	76
WIDTHCOUNT 	EQU 	77
WPUB 	EQU 	525
WPUB0 	EQU 	0
WPUB1 	EQU 	1
WPUB2 	EQU 	2
WPUB3 	EQU 	3
WPUB4 	EQU 	4
WPUB5 	EQU 	5
WPUB6 	EQU 	6
WPUB7 	EQU 	7
WPUE 	EQU 	528
WPUE3 	EQU 	3
WR 	EQU 	1
WREG 	EQU 	9
WREG_SHAD 	EQU 	4069
WREN 	EQU 	2
WRERR 	EQU 	3
WUE 	EQU 	1
Z 	EQU 	2
Z_SHAD 	EQU 	2
_BOREN_SBODEN 	EQU 	64511

Code:
Loc	Obj Code	Original Assembly
































































000000	2805	GOTO BASPROGRAMSTART

000004	0009	RETFIE



		BASPROGRAMSTART
000005	27E4	CALL INITSYS
000006	27B2	CALL INITGLCD_KS0108
000000	3180	PAGESEL $

000008	01BE	CLRF OPTMISEGLCDDRAW
		SYSDOLOOP_S1
000000	3188	PAGESEL GLCDCLS_KS0108
00000A	201C	CALL GLCDCLS_KS0108
000000	3180	PAGESEL $
00000C	01B0	CLRF GLCDXPOS
00000D	01B2	CLRF GLCDYPOS
00000E	309E	MOVLW LOW(GLCDTABLE1)
00000F	00BF	MOVWF SELECTEDTABLE
000010	3002	MOVLW HIGH(GLCDTABLE1)
000011	00C0	MOVWF SELECTEDTABLE_H
000012	202E	CALL GLCDBMPLOAD
000013	30EE	MOVLW 238
000014	00F2	MOVWF SYSWAITTEMPMS
000015	3002	MOVLW 2
000016	00F3	MOVWF SYSWAITTEMPMS_H
000000	3188	PAGESEL DELAY_MS
000018	2000	CALL DELAY_MS
000000	3188	PAGESEL GLCDCLS_KS0108
00001A	201C	CALL GLCDCLS_KS0108
000000	3180	PAGESEL $
00001C	01B0	CLRF GLCDXPOS
00001D	01B2	CLRF GLCDYPOS
00001E	3098	MOVLW LOW(GLCDTABLE2)
00001F	00BF	MOVWF SELECTEDTABLE
000020	3004	MOVLW HIGH(GLCDTABLE2)
000021	00C0	MOVWF SELECTEDTABLE_H
000022	202E	CALL GLCDBMPLOAD
000023	30EE	MOVLW 238
000024	00F2	MOVWF SYSWAITTEMPMS
000025	3002	MOVLW 2
000026	00F3	MOVWF SYSWAITTEMPMS_H
000000	3188	PAGESEL DELAY_MS
000028	2000	CALL DELAY_MS
000000	3180	PAGESEL $
00002A	2809	GOTO SYSDOLOOP_S1
		SYSDOLOOP_E1
00002B	282C	GOTO BASPROGRAMEND
		BASPROGRAMEND
00002C	0063	SLEEP
00002D	282C	GOTO BASPROGRAMEND


		GLCDBMPLOAD
00002E	3001	MOVLW 1
00002F	00C9	MOVWF TABLEREADPOSITION
000030	01CA	CLRF TABLEREADPOSITION_H
		SYSSELECT1CASE1
000031	083F	MOVF SELECTEDTABLE,W
000032	00F5	MOVWF SYSWORDTEMPA
000033	0840	MOVF SELECTEDTABLE_H,W
000034	00F6	MOVWF SYSWORDTEMPA_H
000035	309E	MOVLW LOW(GLCDTABLE1)
000036	00F9	MOVWF SYSWORDTEMPB
000037	3002	MOVLW HIGH(GLCDTABLE1)
000038	00FA	MOVWF SYSWORDTEMPB_H
000000	3189	PAGESEL SYSCOMPEQUAL16
00003A	2153	CALL SYSCOMPEQUAL16
000000	3180	PAGESEL $
00003C	1C70	BTFSS SYSBYTETEMPX,0
00003D	284E	GOTO SYSSELECT1CASE2
00003E	0849	MOVF TABLEREADPOSITION,W
00003F	00F7	MOVWF SYSSTRINGA
000040	084A	MOVF TABLEREADPOSITION_H,W
000041	00F8	MOVWF SYSSTRINGA_H
000042	229E	CALL GLCDTABLE1
000043	00BB	MOVWF OBJWIDTH
000044	0AC9	INCF TABLEREADPOSITION,F
000045	1903	BTFSC STATUS,Z
000046	0ACA	INCF TABLEREADPOSITION_H,F
000047	0849	MOVF TABLEREADPOSITION,W
000048	00F7	MOVWF SYSSTRINGA
000049	084A	MOVF TABLEREADPOSITION_H,W
00004A	00F8	MOVWF SYSSTRINGA_H
00004B	229E	CALL GLCDTABLE1
00004C	00BA	MOVWF OBJHEIGHT
00004D	28C1	GOTO SYSSELECTEND1
		SYSSELECT1CASE2
00004E	083F	MOVF SELECTEDTABLE,W
00004F	00F5	MOVWF SYSWORDTEMPA
000050	0840	MOVF SELECTEDTABLE_H,W
000051	00F6	MOVWF SYSWORDTEMPA_H
000052	3098	MOVLW LOW(GLCDTABLE2)
000053	00F9	MOVWF SYSWORDTEMPB
000054	3004	MOVLW HIGH(GLCDTABLE2)
000055	00FA	MOVWF SYSWORDTEMPB_H
000000	3189	PAGESEL SYSCOMPEQUAL16
000057	2153	CALL SYSCOMPEQUAL16
000000	3180	PAGESEL $
000059	1C70	BTFSS SYSBYTETEMPX,0
00005A	286B	GOTO SYSSELECT1CASE3
00005B	0849	MOVF TABLEREADPOSITION,W
00005C	00F7	MOVWF SYSSTRINGA
00005D	084A	MOVF TABLEREADPOSITION_H,W
00005E	00F8	MOVWF SYSSTRINGA_H
00005F	2498	CALL GLCDTABLE2
000060	00BB	MOVWF OBJWIDTH
000061	0AC9	INCF TABLEREADPOSITION,F
000062	1903	BTFSC STATUS,Z
000063	0ACA	INCF TABLEREADPOSITION_H,F
000064	0849	MOVF TABLEREADPOSITION,W
000065	00F7	MOVWF SYSSTRINGA
000066	084A	MOVF TABLEREADPOSITION_H,W
000067	00F8	MOVWF SYSSTRINGA_H
000068	2498	CALL GLCDTABLE2
000069	00BA	MOVWF OBJHEIGHT
00006A	28C1	GOTO SYSSELECTEND1
		SYSSELECT1CASE3
00006B	083F	MOVF SELECTEDTABLE,W
00006C	00F5	MOVWF SYSWORDTEMPA
00006D	0840	MOVF SELECTEDTABLE_H,W
00006E	00F6	MOVWF SYSWORDTEMPA_H
00006F	30B3	MOVLW LOW(GLCDTABLE3)
000070	00F9	MOVWF SYSWORDTEMPB
000071	3008	MOVLW HIGH(GLCDTABLE3)
000072	00FA	MOVWF SYSWORDTEMPB_H
000000	3189	PAGESEL SYSCOMPEQUAL16
000074	2153	CALL SYSCOMPEQUAL16
000000	3180	PAGESEL $
000076	1C70	BTFSS SYSBYTETEMPX,0
000077	2888	GOTO SYSSELECT1CASE4
000078	0849	MOVF TABLEREADPOSITION,W
000079	00F7	MOVWF SYSSTRINGA
000000	3188	PAGESEL GLCDTABLE3
00007B	20B3	CALL GLCDTABLE3
000000	3180	PAGESEL $
00007D	00BB	MOVWF OBJWIDTH
00007E	0AC9	INCF TABLEREADPOSITION,F
00007F	1903	BTFSC STATUS,Z
000080	0ACA	INCF TABLEREADPOSITION_H,F
000081	0849	MOVF TABLEREADPOSITION,W
000082	00F7	MOVWF SYSSTRINGA
000000	3188	PAGESEL GLCDTABLE3
000084	20B3	CALL GLCDTABLE3
000000	3180	PAGESEL $
000086	00BA	MOVWF OBJHEIGHT
000087	28C1	GOTO SYSSELECTEND1
		SYSSELECT1CASE4
000088	083F	MOVF SELECTEDTABLE,W
000089	00F5	MOVWF SYSWORDTEMPA
00008A	0840	MOVF SELECTEDTABLE_H,W
00008B	00F6	MOVWF SYSWORDTEMPA_H
00008C	30C4	MOVLW LOW(GLCDTABLE4)
00008D	00F9	MOVWF SYSWORDTEMPB
00008E	3008	MOVLW HIGH(GLCDTABLE4)
00008F	00FA	MOVWF SYSWORDTEMPB_H
000000	3189	PAGESEL SYSCOMPEQUAL16
000091	2153	CALL SYSCOMPEQUAL16
000000	3180	PAGESEL $
000093	1C70	BTFSS SYSBYTETEMPX,0
000094	28A5	GOTO SYSSELECT1CASE5
000095	0849	MOVF TABLEREADPOSITION,W
000096	00F7	MOVWF SYSSTRINGA
000000	3188	PAGESEL GLCDTABLE4
000098	20C4	CALL GLCDTABLE4
000000	3180	PAGESEL $
00009A	00BB	MOVWF OBJWIDTH
00009B	0AC9	INCF TABLEREADPOSITION,F
00009C	1903	BTFSC STATUS,Z
00009D	0ACA	INCF TABLEREADPOSITION_H,F
00009E	0849	MOVF TABLEREADPOSITION,W
00009F	00F7	MOVWF SYSSTRINGA
000000	3188	PAGESEL GLCDTABLE4
0000A1	20C4	CALL GLCDTABLE4
000000	3180	PAGESEL $
0000A3	00BA	MOVWF OBJHEIGHT
0000A4	28C1	GOTO SYSSELECTEND1
		SYSSELECT1CASE5
0000A5	083F	MOVF SELECTEDTABLE,W
0000A6	00F5	MOVWF SYSWORDTEMPA
0000A7	0840	MOVF SELECTEDTABLE_H,W
0000A8	00F6	MOVWF SYSWORDTEMPA_H
0000A9	30D5	MOVLW LOW(GLCDTABLE5)
0000AA	00F9	MOVWF SYSWORDTEMPB
0000AB	3008	MOVLW HIGH(GLCDTABLE5)
0000AC	00FA	MOVWF SYSWORDTEMPB_H
000000	3189	PAGESEL SYSCOMPEQUAL16
0000AE	2153	CALL SYSCOMPEQUAL16
000000	3180	PAGESEL $
0000B0	1C70	BTFSS SYSBYTETEMPX,0
0000B1	28C1	GOTO SYSSELECT1CASE6
0000B2	0849	MOVF TABLEREADPOSITION,W
0000B3	00F7	MOVWF SYSSTRINGA
000000	3188	PAGESEL GLCDTABLE5
0000B5	20D5	CALL GLCDTABLE5
000000	3180	PAGESEL $
0000B7	00BB	MOVWF OBJWIDTH
0000B8	0AC9	INCF TABLEREADPOSITION,F
0000B9	1903	BTFSC STATUS,Z
0000BA	0ACA	INCF TABLEREADPOSITION_H,F
0000BB	0849	MOVF TABLEREADPOSITION,W
0000BC	00F7	MOVWF SYSSTRINGA
000000	3188	PAGESEL GLCDTABLE5
0000BE	20D5	CALL GLCDTABLE5
000000	3180	PAGESEL $
0000C0	00BA	MOVWF OBJHEIGHT
		SYSSELECT1CASE6
		SYSSELECTEND1
0000C1	0830	MOVF GLCDXPOS,W
0000C2	00BC	MOVWF OLDGLCDXPOS
0000C3	3003	MOVLW 3
0000C4	00C9	MOVWF TABLEREADPOSITION
0000C5	01CA	CLRF TABLEREADPOSITION_H
0000C6	083A	MOVF OBJHEIGHT,W
0000C7	00F5	MOVWF SYSBYTETEMPA
0000C8	3008	MOVLW 8
0000C9	00F9	MOVWF SYSBYTETEMPB
000000	3189	PAGESEL SYSDIVSUB
0000CB	2174	CALL SYSDIVSUB
000000	3180	PAGESEL $
0000CD	0875	MOVF SYSBYTETEMPA,W
0000CE	00CC	MOVWF WHOLEYBYTES
0000CF	0832	MOVF GLCDYPOS,W
0000D0	00F5	MOVWF SYSBYTETEMPA
0000D1	3008	MOVLW 8
0000D2	00F9	MOVWF SYSBYTETEMPB
000000	3189	PAGESEL SYSDIVSUB
0000D4	2174	CALL SYSDIVSUB
000000	3180	PAGESEL $
0000D6	0870	MOVF SYSBYTETEMPX,W
0000D7	00C5	MOVWF SYSTEMP1
0000D8	00F5	MOVWF SYSBYTETEMPA
0000D9	01F9	CLRF SYSBYTETEMPB
000000	3189	PAGESEL SYSCOMPEQUAL
0000DB	214D	CALL SYSCOMPEQUAL
000000	3180	PAGESEL $
0000DD	0870	MOVF SYSBYTETEMPX,W
0000DE	00BD	MOVWF ONPAGEBOUNDARY
0000DF	08CC	MOVF WHOLEYBYTES,F
0000E0	1903	BTFSC STATUS, Z
0000E1	29D9	GOTO ENDIF1
0000E2	30FF	MOVLW 255
0000E3	00B6	MOVWF HCOUNT
0000E4	034C	DECF WHOLEYBYTES,W
0000E5	00C5	MOVWF SYSTEMP1
0000E6	01F9	CLRF SYSBYTETEMPB
0000E7	0845	MOVF SYSTEMP1,W
0000E8	00F5	MOVWF SYSBYTETEMPA
000000	3189	PAGESEL SYSCOMPLESSTHAN
0000EA	215E	CALL SYSCOMPLESSTHAN
000000	3180	PAGESEL $
0000EC	1870	BTFSC SYSBYTETEMPX,0
0000ED	29D9	GOTO SYSFORLOOPEND1
		SYSFORLOOP1
0000EE	0AB6	INCF HCOUNT,F
0000EF	0836	MOVF HCOUNT,W
0000F0	0732	ADDWF GLCDYPOS,W
0000F1	00B1	MOVWF GLCDY
0000F2	30FF	MOVLW 255
0000F3	00CD	MOVWF WIDTHCOUNT
0000F4	033B	DECF OBJWIDTH,W
0000F5	00C5	MOVWF SYSTEMP1
0000F6	01F9	CLRF SYSBYTETEMPB
0000F7	0845	MOVF SYSTEMP1,W
0000F8	00F5	MOVWF SYSBYTETEMPA
000000	3189	PAGESEL SYSCOMPLESSTHAN
0000FA	215E	CALL SYSCOMPLESSTHAN
000000	3180	PAGESEL $
0000FC	1870	BTFSC SYSBYTETEMPX,0
0000FD	29CA	GOTO SYSFORLOOPEND2
		SYSFORLOOP2
0000FE	0ACD	INCF WIDTHCOUNT,F
		SYSSELECT2CASE1
0000FF	083F	MOVF SELECTEDTABLE,W
000100	00F5	MOVWF SYSWORDTEMPA
000101	0840	MOVF SELECTEDTABLE_H,W
000102	00F6	MOVWF SYSWORDTEMPA_H
000103	309E	MOVLW LOW(GLCDTABLE1)
000104	00F9	MOVWF SYSWORDTEMPB
000105	3002	MOVLW HIGH(GLCDTABLE1)
000106	00FA	MOVWF SYSWORDTEMPB_H
000000	3189	PAGESEL SYSCOMPEQUAL16
000108	2153	CALL SYSCOMPEQUAL16
000000	3181	PAGESEL $
00010A	1C70	BTFSS SYSBYTETEMPX,0
00010B	2913	GOTO SYSSELECT2CASE2
00010C	0849	MOVF TABLEREADPOSITION,W
00010D	00F7	MOVWF SYSSTRINGA
00010E	084A	MOVF TABLEREADPOSITION_H,W
00010F	00F8	MOVWF SYSSTRINGA_H
000110	229E	CALL GLCDTABLE1
000111	00CB	MOVWF WBYTE
000112	2962	GOTO SYSSELECTEND2
		SYSSELECT2CASE2
000113	083F	MOVF SELECTEDTABLE,W
000114	00F5	MOVWF SYSWORDTEMPA
000115	0840	MOVF SELECTEDTABLE_H,W
000116	00F6	MOVWF SYSWORDTEMPA_H
000117	3098	MOVLW LOW(GLCDTABLE2)
000118	00F9	MOVWF SYSWORDTEMPB
000119	3004	MOVLW HIGH(GLCDTABLE2)
00011A	00FA	MOVWF SYSWORDTEMPB_H
000000	3189	PAGESEL SYSCOMPEQUAL16
00011C	2153	CALL SYSCOMPEQUAL16
000000	3181	PAGESEL $
00011E	1C70	BTFSS SYSBYTETEMPX,0
00011F	2927	GOTO SYSSELECT2CASE3
000120	0849	MOVF TABLEREADPOSITION,W
000121	00F7	MOVWF SYSSTRINGA
000122	084A	MOVF TABLEREADPOSITION_H,W
000123	00F8	MOVWF SYSSTRINGA_H
000124	2498	CALL GLCDTABLE2
000125	00CB	MOVWF WBYTE
000126	2962	GOTO SYSSELECTEND2
		SYSSELECT2CASE3
000127	083F	MOVF SELECTEDTABLE,W
000128	00F5	MOVWF SYSWORDTEMPA
000129	0840	MOVF SELECTEDTABLE_H,W
00012A	00F6	MOVWF SYSWORDTEMPA_H
00012B	30B3	MOVLW LOW(GLCDTABLE3)
00012C	00F9	MOVWF SYSWORDTEMPB
00012D	3008	MOVLW HIGH(GLCDTABLE3)
00012E	00FA	MOVWF SYSWORDTEMPB_H
000000	3189	PAGESEL SYSCOMPEQUAL16
000130	2153	CALL SYSCOMPEQUAL16
000000	3181	PAGESEL $
000132	1C70	BTFSS SYSBYTETEMPX,0
000133	293B	GOTO SYSSELECT2CASE4
000134	0849	MOVF TABLEREADPOSITION,W
000135	00F7	MOVWF SYSSTRINGA
000000	3188	PAGESEL GLCDTABLE3
000137	20B3	CALL GLCDTABLE3
000000	3181	PAGESEL $
000139	00CB	MOVWF WBYTE
00013A	2962	GOTO SYSSELECTEND2
		SYSSELECT2CASE4
00013B	083F	MOVF SELECTEDTABLE,W
00013C	00F5	MOVWF SYSWORDTEMPA
00013D	0840	MOVF SELECTEDTABLE_H,W
00013E	00F6	MOVWF SYSWORDTEMPA_H
00013F	30C4	MOVLW LOW(GLCDTABLE4)
000140	00F9	MOVWF SYSWORDTEMPB
000141	3008	MOVLW HIGH(GLCDTABLE4)
000142	00FA	MOVWF SYSWORDTEMPB_H
000000	3189	PAGESEL SYSCOMPEQUAL16
000144	2153	CALL SYSCOMPEQUAL16
000000	3181	PAGESEL $
000146	1C70	BTFSS SYSBYTETEMPX,0
000147	294F	GOTO SYSSELECT2CASE5
000148	0849	MOVF TABLEREADPOSITION,W
000149	00F7	MOVWF SYSSTRINGA
000000	3188	PAGESEL GLCDTABLE4
00014B	20C4	CALL GLCDTABLE4
000000	3181	PAGESEL $
00014D	00CB	MOVWF WBYTE
00014E	2962	GOTO SYSSELECTEND2
		SYSSELECT2CASE5
00014F	083F	MOVF SELECTEDTABLE,W
000150	00F5	MOVWF SYSWORDTEMPA
000151	0840	MOVF SELECTEDTABLE_H,W
000152	00F6	MOVWF SYSWORDTEMPA_H
000153	30D5	MOVLW LOW(GLCDTABLE5)
000154	00F9	MOVWF SYSWORDTEMPB
000155	3008	MOVLW HIGH(GLCDTABLE5)
000156	00FA	MOVWF SYSWORDTEMPB_H
000000	3189	PAGESEL SYSCOMPEQUAL16
000158	2153	CALL SYSCOMPEQUAL16
000000	3181	PAGESEL $
00015A	1C70	BTFSS SYSBYTETEMPX,0
00015B	2962	GOTO SYSSELECT2CASE6
00015C	0849	MOVF TABLEREADPOSITION,W
00015D	00F7	MOVWF SYSSTRINGA
000000	3188	PAGESEL GLCDTABLE5
00015F	20D5	CALL GLCDTABLE5
000000	3181	PAGESEL $
000161	00CB	MOVWF WBYTE
		SYSSELECT2CASE6
		SYSSELECTEND2
000162	0AC9	INCF TABLEREADPOSITION,F
000163	1903	BTFSC STATUS,Z
000164	0ACA	INCF TABLEREADPOSITION_H,F
000165	083E	MOVF OPTMISEGLCDDRAW,W
000166	024B	SUBWF WBYTE,W
000167	1903	BTFSC STATUS, Z
000168	29BF	GOTO ENDIF5
000169	0A3D	INCF ONPAGEBOUNDARY,W
00016A	1D03	BTFSS STATUS, Z
00016B	299A	GOTO ELSE13_1
00016C	084D	MOVF WIDTHCOUNT,W
00016D	0730	ADDWF GLCDXPOS,W
00016E	00AF	MOVWF GLCDX
00016F	1B2F	BTFSC GLCDX,6
000170	2974	GOTO ENDIF14
000000	0022	BANKSEL LATA
000172	170C	BSF LATA,6
000173	138C	BCF LATA,7
		ENDIF14
000000	0020	BANKSEL GLCDX
000175	1F2F	BTFSS GLCDX,6
000176	297E	GOTO ENDIF15
000000	0022	BANKSEL LATA
000178	178C	BSF LATA,7
000179	3040	MOVLW 64
000000	0020	BANKSEL GLCDX
00017B	02AF	SUBWF GLCDX,F
000000	0022	BANKSEL LATA
00017D	130C	BCF LATA,6
		ENDIF15
000000	0020	BANKSEL GLCDY
00017F	0831	MOVF GLCDY,W
000180	00F5	MOVWF SYSBYTETEMPA
000181	3008	MOVLW 8
000182	00F9	MOVWF SYSBYTETEMPB
000000	3189	PAGESEL SYSDIVSUB
000184	2174	CALL SYSDIVSUB
000000	3181	PAGESEL $
000186	0875	MOVF SYSBYTETEMPA,W
000187	00A2	MOVWF CURRPAGE
000000	0022	BANKSEL LATA
000189	100C	BCF LATA,0
00018A	30B8	MOVLW 184
000000	0020	BANKSEL CURRPAGE
00018C	0422	IORWF CURRPAGE,W
00018D	00B8	MOVWF LCDBYTE
00018E	2738	CALL GLCDWRITEBYTE_KS0108
00018F	3040	MOVLW 64
000190	042F	IORWF GLCDX,W
000191	00B8	MOVWF LCDBYTE
000192	2738	CALL GLCDWRITEBYTE_KS0108
000000	0022	BANKSEL LATA
000194	140C	BSF LATA,0
000000	0020	BANKSEL WBYTE
000196	084B	MOVF WBYTE,W
000197	00B8	MOVWF LCDBYTE
000198	2738	CALL GLCDWRITEBYTE_KS0108
000199	29BF	GOTO ENDIF13
		ELSE13_1
00019A	30FF	MOVLW 255
00019B	00A0	MOVWF CURRCHARROW
		SYSFORLOOP3
00019C	0AA0	INCF CURRCHARROW,F
00019D	184B	BTFSC WBYTE,0
00019E	29AD	GOTO ELSE16_1
00019F	084D	MOVF WIDTHCOUNT,W
0001A0	0730	ADDWF GLCDXPOS,W
0001A1	00AF	MOVWF GLCDX
0001A2	0832	MOVF GLCDYPOS,W
0001A3	0720	ADDWF CURRCHARROW,W
0001A4	00B1	MOVWF GLCDY
0001A5	0823	MOVF GLCDBACKGROUND,W
0001A6	00A7	MOVWF GLCDCOLOUR
0001A7	0824	MOVF GLCDBACKGROUND_H,W
0001A8	00A8	MOVWF GLCDCOLOUR_H
000000	3188	PAGESEL PSET_KS0108
0001AA	20E6	CALL PSET_KS0108
000000	3181	PAGESEL $
0001AC	29BA	GOTO ENDIF16
		ELSE16_1
0001AD	084D	MOVF WIDTHCOUNT,W
0001AE	0730	ADDWF GLCDXPOS,W
0001AF	00AF	MOVWF GLCDX
0001B0	0832	MOVF GLCDYPOS,W
0001B1	0720	ADDWF CURRCHARROW,W
0001B2	00B1	MOVWF GLCDY
0001B3	082C	MOVF GLCDFOREGROUND,W
0001B4	00A7	MOVWF GLCDCOLOUR
0001B5	082D	MOVF GLCDFOREGROUND_H,W
0001B6	00A8	MOVWF GLCDCOLOUR_H
000000	3188	PAGESEL PSET_KS0108
0001B8	20E6	CALL PSET_KS0108
000000	3181	PAGESEL $
		ENDIF16
0001BA	0CCB	RRF WBYTE,F
0001BB	3007	MOVLW 7
0001BC	0220	SUBWF CURRCHARROW,W
0001BD	1C03	BTFSS STATUS, C
0001BE	299C	GOTO SYSFORLOOP3
		SYSFORLOOPEND3
		ENDIF13
		ENDIF5
0001BF	033B	DECF OBJWIDTH,W
0001C0	00C5	MOVWF SYSTEMP1
0001C1	084D	MOVF WIDTHCOUNT,W
0001C2	00F5	MOVWF SYSBYTETEMPA
0001C3	0845	MOVF SYSTEMP1,W
0001C4	00F9	MOVWF SYSBYTETEMPB
000000	3189	PAGESEL SYSCOMPLESSTHAN
0001C6	215E	CALL SYSCOMPLESSTHAN
000000	3181	PAGESEL $
0001C8	1870	BTFSC SYSBYTETEMPX,0
0001C9	28FE	GOTO SYSFORLOOP2
		SYSFORLOOPEND2
0001CA	083C	MOVF OLDGLCDXPOS,W
0001CB	00B0	MOVWF GLCDXPOS
0001CC	3008	MOVLW 8
0001CD	07B2	ADDWF GLCDYPOS,F
0001CE	034C	DECF WHOLEYBYTES,W
0001CF	00C5	MOVWF SYSTEMP1
0001D0	0836	MOVF HCOUNT,W
0001D1	00F5	MOVWF SYSBYTETEMPA
0001D2	0845	MOVF SYSTEMP1,W
0001D3	00F9	MOVWF SYSBYTETEMPB
000000	3189	PAGESEL SYSCOMPLESSTHAN
0001D5	215E	CALL SYSCOMPLESSTHAN
000000	3181	PAGESEL $
0001D7	1870	BTFSC SYSBYTETEMPX,0
0001D8	28EE	GOTO SYSFORLOOP1
		SYSFORLOOPEND1
		ENDIF1
0001D9	083A	MOVF OBJHEIGHT,W
0001DA	00F5	MOVWF SYSBYTETEMPA
0001DB	3008	MOVLW 8
0001DC	00F9	MOVWF SYSBYTETEMPB
000000	3189	PAGESEL SYSDIVSUB
0001DE	2174	CALL SYSDIVSUB
000000	3181	PAGESEL $
0001E0	0870	MOVF SYSBYTETEMPX,W
0001E1	00B9	MOVWF MAXHEIGHT
0001E2	08B9	MOVF MAXHEIGHT,F
0001E3	1903	BTFSC STATUS, Z
0001E4	2A99	GOTO ENDIF2
0001E5	30FF	MOVLW 255
0001E6	00CD	MOVWF WIDTHCOUNT
0001E7	033B	DECF OBJWIDTH,W
0001E8	00C5	MOVWF SYSTEMP1
0001E9	01F9	CLRF SYSBYTETEMPB
0001EA	0845	MOVF SYSTEMP1,W
0001EB	00F5	MOVWF SYSBYTETEMPA
000000	3189	PAGESEL SYSCOMPLESSTHAN
0001ED	215E	CALL SYSCOMPLESSTHAN
000000	3181	PAGESEL $
0001EF	1870	BTFSC SYSBYTETEMPX,0
0001F0	2A99	GOTO SYSFORLOOPEND4
		SYSFORLOOP4
0001F1	0ACD	INCF WIDTHCOUNT,F
		SYSSELECT3CASE1
0001F2	083F	MOVF SELECTEDTABLE,W
0001F3	00F5	MOVWF SYSWORDTEMPA
0001F4	0840	MOVF SELECTEDTABLE_H,W
0001F5	00F6	MOVWF SYSWORDTEMPA_H
0001F6	309E	MOVLW LOW(GLCDTABLE1)
0001F7	00F9	MOVWF SYSWORDTEMPB
0001F8	3002	MOVLW HIGH(GLCDTABLE1)
0001F9	00FA	MOVWF SYSWORDTEMPB_H
000000	3189	PAGESEL SYSCOMPEQUAL16
0001FB	2153	CALL SYSCOMPEQUAL16
000000	3181	PAGESEL $
0001FD	1C70	BTFSS SYSBYTETEMPX,0
0001FE	2A06	GOTO SYSSELECT3CASE2
0001FF	0849	MOVF TABLEREADPOSITION,W
000200	00F7	MOVWF SYSSTRINGA
000201	084A	MOVF TABLEREADPOSITION_H,W
000202	00F8	MOVWF SYSSTRINGA_H
000203	229E	CALL GLCDTABLE1
000204	00CB	MOVWF WBYTE
000205	2A55	GOTO SYSSELECTEND3
		SYSSELECT3CASE2
000206	083F	MOVF SELECTEDTABLE,W
000207	00F5	MOVWF SYSWORDTEMPA
000208	0840	MOVF SELECTEDTABLE_H,W
000209	00F6	MOVWF SYSWORDTEMPA_H
00020A	3098	MOVLW LOW(GLCDTABLE2)
00020B	00F9	MOVWF SYSWORDTEMPB
00020C	3004	MOVLW HIGH(GLCDTABLE2)
00020D	00FA	MOVWF SYSWORDTEMPB_H
000000	3189	PAGESEL SYSCOMPEQUAL16
00020F	2153	CALL SYSCOMPEQUAL16
000000	3182	PAGESEL $
000211	1C70	BTFSS SYSBYTETEMPX,0
000212	2A1A	GOTO SYSSELECT3CASE3
000213	0849	MOVF TABLEREADPOSITION,W
000214	00F7	MOVWF SYSSTRINGA
000215	084A	MOVF TABLEREADPOSITION_H,W
000216	00F8	MOVWF SYSSTRINGA_H
000217	2498	CALL GLCDTABLE2
000218	00CB	MOVWF WBYTE
000219	2A55	GOTO SYSSELECTEND3
		SYSSELECT3CASE3
00021A	083F	MOVF SELECTEDTABLE,W
00021B	00F5	MOVWF SYSWORDTEMPA
00021C	0840	MOVF SELECTEDTABLE_H,W
00021D	00F6	MOVWF SYSWORDTEMPA_H
00021E	30B3	MOVLW LOW(GLCDTABLE3)
00021F	00F9	MOVWF SYSWORDTEMPB
000220	3008	MOVLW HIGH(GLCDTABLE3)
000221	00FA	MOVWF SYSWORDTEMPB_H
000000	3189	PAGESEL SYSCOMPEQUAL16
000223	2153	CALL SYSCOMPEQUAL16
000000	3182	PAGESEL $
000225	1C70	BTFSS SYSBYTETEMPX,0
000226	2A2E	GOTO SYSSELECT3CASE4
000227	0849	MOVF TABLEREADPOSITION,W
000228	00F7	MOVWF SYSSTRINGA
000000	3188	PAGESEL GLCDTABLE3
00022A	20B3	CALL GLCDTABLE3
000000	3182	PAGESEL $
00022C	00CB	MOVWF WBYTE
00022D	2A55	GOTO SYSSELECTEND3
		SYSSELECT3CASE4
00022E	083F	MOVF SELECTEDTABLE,W
00022F	00F5	MOVWF SYSWORDTEMPA
000230	0840	MOVF SELECTEDTABLE_H,W
000231	00F6	MOVWF SYSWORDTEMPA_H
000232	30C4	MOVLW LOW(GLCDTABLE4)
000233	00F9	MOVWF SYSWORDTEMPB
000234	3008	MOVLW HIGH(GLCDTABLE4)
000235	00FA	MOVWF SYSWORDTEMPB_H
000000	3189	PAGESEL SYSCOMPEQUAL16
000237	2153	CALL SYSCOMPEQUAL16
000000	3182	PAGESEL $
000239	1C70	BTFSS SYSBYTETEMPX,0
00023A	2A42	GOTO SYSSELECT3CASE5
00023B	0849	MOVF TABLEREADPOSITION,W
00023C	00F7	MOVWF SYSSTRINGA
000000	3188	PAGESEL GLCDTABLE4
00023E	20C4	CALL GLCDTABLE4
000000	3182	PAGESEL $
000240	00CB	MOVWF WBYTE
000241	2A55	GOTO SYSSELECTEND3
		SYSSELECT3CASE5
000242	083F	MOVF SELECTEDTABLE,W
000243	00F5	MOVWF SYSWORDTEMPA
000244	0840	MOVF SELECTEDTABLE_H,W
000245	00F6	MOVWF SYSWORDTEMPA_H
000246	30D5	MOVLW LOW(GLCDTABLE5)
000247	00F9	MOVWF SYSWORDTEMPB
000248	3008	MOVLW HIGH(GLCDTABLE5)
000249	00FA	MOVWF SYSWORDTEMPB_H
000000	3189	PAGESEL SYSCOMPEQUAL16
00024B	2153	CALL SYSCOMPEQUAL16
000000	3182	PAGESEL $
00024D	1C70	BTFSS SYSBYTETEMPX,0
00024E	2A55	GOTO SYSSELECT3CASE6
00024F	0849	MOVF TABLEREADPOSITION,W
000250	00F7	MOVWF SYSSTRINGA
000000	3188	PAGESEL GLCDTABLE5
000252	20D5	CALL GLCDTABLE5
000000	3182	PAGESEL $
000254	00CB	MOVWF WBYTE
		SYSSELECT3CASE6
		SYSSELECTEND3
000255	0AC9	INCF TABLEREADPOSITION,F
000256	1903	BTFSC STATUS,Z
000257	0ACA	INCF TABLEREADPOSITION_H,F
000258	30FF	MOVLW 255
000259	00A0	MOVWF CURRCHARROW
00025A	0339	DECF MAXHEIGHT,W
00025B	00C5	MOVWF SYSTEMP1
00025C	01F9	CLRF SYSBYTETEMPB
00025D	0845	MOVF SYSTEMP1,W
00025E	00F5	MOVWF SYSBYTETEMPA
000000	3189	PAGESEL SYSCOMPLESSTHAN
000260	215E	CALL SYSCOMPLESSTHAN
000000	3182	PAGESEL $
000262	1870	BTFSC SYSBYTETEMPX,0
000263	2A8E	GOTO SYSFORLOOPEND5
		SYSFORLOOP5
000264	0AA0	INCF CURRCHARROW,F
000265	184B	BTFSC WBYTE,0
000266	2A75	GOTO ELSE10_1
000267	084D	MOVF WIDTHCOUNT,W
000268	0730	ADDWF GLCDXPOS,W
000269	00AF	MOVWF GLCDX
00026A	0832	MOVF GLCDYPOS,W
00026B	0720	ADDWF CURRCHARROW,W
00026C	00B1	MOVWF GLCDY
00026D	0823	MOVF GLCDBACKGROUND,W
00026E	00A7	MOVWF GLCDCOLOUR
00026F	0824	MOVF GLCDBACKGROUND_H,W
000270	00A8	MOVWF GLCDCOLOUR_H
000000	3188	PAGESEL PSET_KS0108
000272	20E6	CALL PSET_KS0108
000000	3182	PAGESEL $
000274	2A82	GOTO ENDIF10
		ELSE10_1
000275	084D	MOVF WIDTHCOUNT,W
000276	0730	ADDWF GLCDXPOS,W
000277	00AF	MOVWF GLCDX
000278	0832	MOVF GLCDYPOS,W
000279	0720	ADDWF CURRCHARROW,W
00027A	00B1	MOVWF GLCDY
00027B	082C	MOVF GLCDFOREGROUND,W
00027C	00A7	MOVWF GLCDCOLOUR
00027D	082D	MOVF GLCDFOREGROUND_H,W
00027E	00A8	MOVWF GLCDCOLOUR_H
000000	3188	PAGESEL PSET_KS0108
000280	20E6	CALL PSET_KS0108
000000	3182	PAGESEL $
		ENDIF10
000282	0CCB	RRF WBYTE,F
000283	0339	DECF MAXHEIGHT,W
000284	00C5	MOVWF SYSTEMP1
000285	0820	MOVF CURRCHARROW,W
000286	00F5	MOVWF SYSBYTETEMPA
000287	0845	MOVF SYSTEMP1,W
000288	00F9	MOVWF SYSBYTETEMPB
000000	3189	PAGESEL SYSCOMPLESSTHAN
00028A	215E	CALL SYSCOMPLESSTHAN
000000	3182	PAGESEL $
00028C	1870	BTFSC SYSBYTETEMPX,0
00028D	2A64	GOTO SYSFORLOOP5
		SYSFORLOOPEND5
00028E	033B	DECF OBJWIDTH,W
00028F	00C5	MOVWF SYSTEMP1
000290	084D	MOVF WIDTHCOUNT,W
000291	00F5	MOVWF SYSBYTETEMPA
000292	0845	MOVF SYSTEMP1,W
000293	00F9	MOVWF SYSBYTETEMPB
000000	3189	PAGESEL SYSCOMPLESSTHAN
000295	215E	CALL SYSCOMPLESSTHAN
000000	3182	PAGESEL $
000297	1870	BTFSC SYSBYTETEMPX,0
000298	29F1	GOTO SYSFORLOOP4
		SYSFORLOOPEND4
		ENDIF2
000000	0022	BANKSEL LATA
00029A	138C	BCF LATA,7
00029B	130C	BCF LATA,6
000000	0020	BANKSEL STATUS
00029D	0008	RETURN


		GLCDTABLE1
00029E	0877	MOVF SYSSTRINGA,W
00029F	00F5	MOVWF SYSWORDTEMPA
0002A0	0878	MOVF SYSSTRINGA_H,W
0002A1	00F6	MOVWF SYSWORDTEMPA_H
0002A2	30E3	MOVLW 227
0002A3	00F9	MOVWF SYSWORDTEMPB
0002A4	3001	MOVLW 1
0002A5	00FA	MOVWF SYSWORDTEMPB_H
000000	3189	PAGESEL SYSCOMPLESSTHAN16
0002A7	2165	CALL SYSCOMPLESSTHAN16
000000	3182	PAGESEL $
0002A9	1C70	BTFSS SYSBYTETEMPX,0
0002AA	3400	RETLW 0
0002AB	0877	MOVF SYSSTRINGA, W
0002AC	3EB5	ADDLW LOW (1 + TABLEGLCDTABLE1)
0002AD	00F7	MOVWF SYSSTRINGA
0002AE	3002	MOVLW HIGH TABLEGLCDTABLE1
0002AF	1803	BTFSC STATUS, C
0002B0	3E01	ADDLW 1
0002B1	0778	ADDWF SYSSTRINGA_H, W
0002B2	008A	MOVWF PCLATH
0002B3	0877	MOVF SYSSTRINGA, W
		TABLEGLCDTABLE1
0002B4	0082	MOVWF PCL
0002B5	34E2	RETLW 226
0002B6	343C	RETLW 60
0002B7	3440	RETLW 64
0002B8	3400	RETLW 0
0002B9	3400	RETLW 0
0002BA	3400	RETLW 0
0002BB	3400	RETLW 0
0002BC	3400	RETLW 0
0002BD	3400	RETLW 0
0002BE	3400	RETLW 0
0002BF	3400	RETLW 0
0002C0	3400	RETLW 0
0002C1	3400	RETLW 0
0002C2	3400	RETLW 0
0002C3	3400	RETLW 0
0002C4	3400	RETLW 0
0002C5	3400	RETLW 0
0002C6	3400	RETLW 0
0002C7	3400	RETLW 0
0002C8	3400	RETLW 0
0002C9	3400	RETLW 0
0002CA	3400	RETLW 0
0002CB	3400	RETLW 0
0002CC	3400	RETLW 0
0002CD	3400	RETLW 0
0002CE	3400	RETLW 0
0002CF	3400	RETLW 0
0002D0	3400	RETLW 0
0002D1	3400	RETLW 0
0002D2	3400	RETLW 0
0002D3	3400	RETLW 0
0002D4	3400	RETLW 0
0002D5	3400	RETLW 0
0002D6	3400	RETLW 0
0002D7	3400	RETLW 0
0002D8	3400	RETLW 0
0002D9	3400	RETLW 0
0002DA	3400	RETLW 0
0002DB	3480	RETLW 128
0002DC	34E0	RETLW 224
0002DD	3400	RETLW 0
0002DE	34C0	RETLW 192
0002DF	3400	RETLW 0
0002E0	3400	RETLW 0
0002E1	3400	RETLW 0
0002E2	3400	RETLW 0
0002E3	3400	RETLW 0
0002E4	3400	RETLW 0
0002E5	3400	RETLW 0
0002E6	3400	RETLW 0
0002E7	3400	RETLW 0
0002E8	3400	RETLW 0
0002E9	3400	RETLW 0
0002EA	3400	RETLW 0
0002EB	3400	RETLW 0
0002EC	3400	RETLW 0
0002ED	3400	RETLW 0
0002EE	3400	RETLW 0
0002EF	3400	RETLW 0
0002F0	3400	RETLW 0
0002F1	3400	RETLW 0
0002F2	3400	RETLW 0
0002F3	3400	RETLW 0
0002F4	3440	RETLW 64
0002F5	34C0	RETLW 192
0002F6	34B0	RETLW 176
0002F7	3460	RETLW 96
0002F8	34C0	RETLW 192
0002F9	3480	RETLW 128
0002FA	3400	RETLW 0
0002FB	3400	RETLW 0
0002FC	3400	RETLW 0
0002FD	3400	RETLW 0
0002FE	3400	RETLW 0
0002FF	3400	RETLW 0
000300	3400	RETLW 0
000301	3400	RETLW 0
000302	3400	RETLW 0
000303	3400	RETLW 0
000304	3400	RETLW 0
000305	3400	RETLW 0
000306	3400	RETLW 0
000307	3400	RETLW 0
000308	3400	RETLW 0
000309	3400	RETLW 0
00030A	3400	RETLW 0
00030B	3400	RETLW 0
00030C	3400	RETLW 0
00030D	3400	RETLW 0
00030E	3400	RETLW 0
00030F	3400	RETLW 0
000310	3400	RETLW 0
000311	3400	RETLW 0
000312	3400	RETLW 0
000313	3400	RETLW 0
000314	34C0	RETLW 192
000315	3470	RETLW 112
000316	34DE	RETLW 222
000317	3473	RETLW 115
000318	341C	RETLW 28
000319	3407	RETLW 7
00031A	3401	RETLW 1
00031B	3400	RETLW 0
00031C	3400	RETLW 0
00031D	3400	RETLW 0
00031E	3400	RETLW 0
00031F	3400	RETLW 0
000320	3400	RETLW 0
000321	3400	RETLW 0
000322	3400	RETLW 0
000323	3400	RETLW 0
000324	3400	RETLW 0
000325	3400	RETLW 0
000326	3400	RETLW 0
000327	3400	RETLW 0
000328	3400	RETLW 0
000329	3400	RETLW 0
00032A	3400	RETLW 0
00032B	3400	RETLW 0
00032C	3400	RETLW 0
00032D	3400	RETLW 0
00032E	3400	RETLW 0
00032F	3400	RETLW 0
000330	3400	RETLW 0
000331	3400	RETLW 0
000332	3401	RETLW 1
000333	3401	RETLW 1
000334	3403	RETLW 3
000335	3406	RETLW 6
000336	340D	RETLW 13
000337	341B	RETLW 27
000338	343E	RETLW 62
000339	34EC	RETLW 236
00033A	3418	RETLW 24
00033B	3410	RETLW 16
00033C	3410	RETLW 16
00033D	3410	RETLW 16
00033E	3418	RETLW 24
00033F	3418	RETLW 24
000340	3408	RETLW 8
000341	3408	RETLW 8
000342	340C	RETLW 12
000343	340C	RETLW 12
000344	340C	RETLW 12
000345	3404	RETLW 4
000346	3404	RETLW 4
000347	3404	RETLW 4
000348	3406	RETLW 6
000349	3406	RETLW 6
00034A	3402	RETLW 2
00034B	3402	RETLW 2
00034C	3402	RETLW 2
00034D	3403	RETLW 3
00034E	3403	RETLW 3
00034F	3401	RETLW 1
000350	3401	RETLW 1
000351	3403	RETLW 3
000352	340F	RETLW 15
000353	341C	RETLW 28
000354	3470	RETLW 112
000355	34E0	RETLW 224
000356	3480	RETLW 128
000357	3400	RETLW 0
000358	3400	RETLW 0
000359	3400	RETLW 0
00035A	3400	RETLW 0
00035B	3400	RETLW 0
00035C	3400	RETLW 0
00035D	3400	RETLW 0
00035E	3400	RETLW 0
00035F	3400	RETLW 0
000360	3400	RETLW 0
000361	3400	RETLW 0
000362	3400	RETLW 0
000363	3400	RETLW 0
000364	3400	RETLW 0
000365	3400	RETLW 0
000366	3400	RETLW 0
000367	3400	RETLW 0
000368	3400	RETLW 0
000369	3400	RETLW 0
00036A	3400	RETLW 0
00036B	3400	RETLW 0
00036C	3400	RETLW 0
00036D	3400	RETLW 0
00036E	3400	RETLW 0
00036F	3400	RETLW 0
000370	3400	RETLW 0
000371	3400	RETLW 0
000372	3400	RETLW 0
000373	3400	RETLW 0
000374	3400	RETLW 0
000375	34FF	RETLW 255
000376	3400	RETLW 0
000377	3400	RETLW 0
000378	3400	RETLW 0
000379	3400	RETLW 0
00037A	3400	RETLW 0
00037B	3400	RETLW 0
00037C	3400	RETLW 0
00037D	3400	RETLW 0
00037E	3400	RETLW 0
00037F	3400	RETLW 0
000380	3400	RETLW 0
000381	3400	RETLW 0
000382	3400	RETLW 0
000383	3400	RETLW 0
000384	3400	RETLW 0
000385	3400	RETLW 0
000386	3400	RETLW 0
000387	3400	RETLW 0
000388	3400	RETLW 0
000389	3400	RETLW 0
00038A	3400	RETLW 0
00038B	3400	RETLW 0
00038C	3400	RETLW 0
00038D	3400	RETLW 0
00038E	3400	RETLW 0
00038F	3400	RETLW 0
000390	3400	RETLW 0
000391	3400	RETLW 0
000392	3401	RETLW 1
000393	3407	RETLW 7
000394	340E	RETLW 14
000395	3438	RETLW 56
000396	3470	RETLW 112
000397	34C0	RETLW 192
000398	3480	RETLW 128
000399	3400	RETLW 0
00039A	3400	RETLW 0
00039B	3400	RETLW 0
00039C	3400	RETLW 0
00039D	3400	RETLW 0
00039E	3400	RETLW 0
00039F	3400	RETLW 0
0003A0	3400	RETLW 0
0003A1	3400	RETLW 0
0003A2	3400	RETLW 0
0003A3	3400	RETLW 0
0003A4	3400	RETLW 0
0003A5	3400	RETLW 0
0003A6	3400	RETLW 0
0003A7	3400	RETLW 0
0003A8	3400	RETLW 0
0003A9	3400	RETLW 0
0003AA	3400	RETLW 0
0003AB	3400	RETLW 0
0003AC	3400	RETLW 0
0003AD	3400	RETLW 0
0003AE	3400	RETLW 0
0003AF	3400	RETLW 0
0003B0	3400	RETLW 0
0003B1	34FF	RETLW 255
0003B2	3400	RETLW 0
0003B3	3400	RETLW 0
0003B4	3400	RETLW 0
0003B5	3400	RETLW 0
0003B6	3400	RETLW 0
0003B7	3400	RETLW 0
0003B8	3400	RETLW 0
0003B9	3400	RETLW 0
0003BA	3400	RETLW 0
0003BB	3400	RETLW 0
0003BC	3400	RETLW 0
0003BD	3400	RETLW 0
0003BE	3400	RETLW 0
0003BF	3400	RETLW 0
0003C0	3400	RETLW 0
0003C1	3400	RETLW 0
0003C2	3400	RETLW 0
0003C3	3400	RETLW 0
0003C4	3400	RETLW 0
0003C5	3400	RETLW 0
0003C6	3400	RETLW 0
0003C7	3400	RETLW 0
0003C8	3400	RETLW 0
0003C9	3400	RETLW 0
0003CA	3400	RETLW 0
0003CB	3400	RETLW 0
0003CC	3400	RETLW 0
0003CD	3400	RETLW 0
0003CE	3400	RETLW 0
0003CF	3400	RETLW 0
0003D0	3400	RETLW 0
0003D1	3400	RETLW 0
0003D2	3480	RETLW 128
0003D3	34C0	RETLW 192
0003D4	3463	RETLW 99
0003D5	3436	RETLW 54
0003D6	341C	RETLW 28
0003D7	3400	RETLW 0
0003D8	3400	RETLW 0
0003D9	3400	RETLW 0
0003DA	3400	RETLW 0
0003DB	3400	RETLW 0
0003DC	3400	RETLW 0
0003DD	3400	RETLW 0
0003DE	3400	RETLW 0
0003DF	3400	RETLW 0
0003E0	3400	RETLW 0
0003E1	3400	RETLW 0
0003E2	3400	RETLW 0
0003E3	3400	RETLW 0
0003E4	3400	RETLW 0
0003E5	3400	RETLW 0
0003E6	3400	RETLW 0
0003E7	3400	RETLW 0
0003E8	3400	RETLW 0
0003E9	3400	RETLW 0
0003EA	3400	RETLW 0
0003EB	3400	RETLW 0
0003EC	3400	RETLW 0
0003ED	3407	RETLW 7
0003EE	340C	RETLW 12
0003EF	3408	RETLW 8
0003F0	3418	RETLW 24
0003F1	3410	RETLW 16
0003F2	3430	RETLW 48
0003F3	3430	RETLW 48
0003F4	3420	RETLW 32
0003F5	3460	RETLW 96
0003F6	3440	RETLW 64
0003F7	34C0	RETLW 192
0003F8	34C0	RETLW 192
0003F9	3480	RETLW 128
0003FA	3480	RETLW 128
0003FB	3400	RETLW 0
0003FC	3400	RETLW 0
0003FD	3400	RETLW 0
0003FE	3400	RETLW 0
0003FF	3400	RETLW 0
000400	3400	RETLW 0
000401	3400	RETLW 0
000402	3400	RETLW 0
000403	3400	RETLW 0
000404	3400	RETLW 0
000405	3400	RETLW 0
000406	3400	RETLW 0
000407	3480	RETLW 128
000408	34C0	RETLW 192
000409	3470	RETLW 112
00040A	3438	RETLW 56
00040B	341C	RETLW 28
00040C	340E	RETLW 14
00040D	3403	RETLW 3
00040E	3401	RETLW 1
00040F	3400	RETLW 0
000410	3400	RETLW 0
000411	3400	RETLW 0
000412	3400	RETLW 0
000413	3400	RETLW 0
000414	3400	RETLW 0
000415	3400	RETLW 0
000416	3400	RETLW 0
000417	3400	RETLW 0
000418	3400	RETLW 0
000419	3400	RETLW 0
00041A	3400	RETLW 0
00041B	3400	RETLW 0
00041C	3400	RETLW 0
00041D	3400	RETLW 0
00041E	3400	RETLW 0
00041F	3400	RETLW 0
000420	3400	RETLW 0
000421	3400	RETLW 0
000422	3400	RETLW 0
000423	3400	RETLW 0
000424	3400	RETLW 0
000425	3400	RETLW 0
000426	3400	RETLW 0
000427	34C0	RETLW 192
000428	3420	RETLW 32
000429	34C0	RETLW 192
00042A	3400	RETLW 0
00042B	3400	RETLW 0
00042C	3400	RETLW 0
00042D	3400	RETLW 0
00042E	3400	RETLW 0
00042F	3400	RETLW 0
000430	3400	RETLW 0
000431	3400	RETLW 0
000432	3400	RETLW 0
000433	3400	RETLW 0
000434	3400	RETLW 0
000435	3400	RETLW 0
000436	3401	RETLW 1
000437	3401	RETLW 1
000438	3403	RETLW 3
000439	3403	RETLW 3
00043A	3402	RETLW 2
00043B	3406	RETLW 6
00043C	3404	RETLW 4
00043D	340C	RETLW 12
00043E	34EC	RETLW 236
00043F	3408	RETLW 8
000440	340C	RETLW 12
000441	3406	RETLW 6
000442	3403	RETLW 3
000443	3401	RETLW 1
000444	3400	RETLW 0
000445	3400	RETLW 0
000446	3420	RETLW 32
000447	3400	RETLW 0
000448	3400	RETLW 0
000449	3400	RETLW 0
00044A	3400	RETLW 0
00044B	3400	RETLW 0
00044C	3400	RETLW 0
00044D	3400	RETLW 0
00044E	3400	RETLW 0
00044F	3400	RETLW 0
000450	3400	RETLW 0
000451	3400	RETLW 0
000452	3400	RETLW 0
000453	3400	RETLW 0
000454	3400	RETLW 0
000455	3400	RETLW 0
000456	3400	RETLW 0
000457	3400	RETLW 0
000458	3400	RETLW 0
000459	3400	RETLW 0
00045A	3400	RETLW 0
00045B	3400	RETLW 0
00045C	3400	RETLW 0
00045D	3400	RETLW 0
00045E	3400	RETLW 0
00045F	3400	RETLW 0
000460	34C0	RETLW 192
000461	3438	RETLW 56
000462	3416	RETLW 22
000463	3411	RETLW 17
000464	3410	RETLW 16
000465	3411	RETLW 17
000466	3416	RETLW 22
000467	3438	RETLW 56
000468	34C0	RETLW 192
000469	3400	RETLW 0
00046A	34FF	RETLW 255
00046B	3402	RETLW 2
00046C	3401	RETLW 1
00046D	3401	RETLW 1
00046E	3401	RETLW 1
00046F	34FE	RETLW 254
000470	3400	RETLW 0
000471	3400	RETLW 0
000472	347E	RETLW 126
000473	3481	RETLW 129
000474	3481	RETLW 129
000475	3481	RETLW 129
000476	3481	RETLW 129
000477	347E	RETLW 126
000478	3400	RETLW 0
000479	3400	RETLW 0
00047A	34FF	RETLW 255
00047B	3442	RETLW 66
00047C	3481	RETLW 129
00047D	3481	RETLW 129
00047E	3481	RETLW 129
00047F	347E	RETLW 126
000480	3400	RETLW 0
000481	3400	RETLW 0
000482	34FF	RETLW 255
000483	3400	RETLW 0
000484	3400	RETLW 0
000485	347F	RETLW 127
000486	3480	RETLW 128
000487	3480	RETLW 128
000488	3480	RETLW 128
000489	3440	RETLW 64
00048A	34FF	RETLW 255
00048B	3400	RETLW 0
00048C	3400	RETLW 0
00048D	34FF	RETLW 255
00048E	3402	RETLW 2
00048F	3401	RETLW 1
000490	3401	RETLW 1
000491	3401	RETLW 1
000492	34FE	RETLW 254
000493	3402	RETLW 2
000494	3401	RETLW 1
000495	3401	RETLW 1
000496	3401	RETLW 1
000497	34FE	RETLW 254


		GLCDTABLE2
000498	0877	MOVF SYSSTRINGA,W
000499	00F5	MOVWF SYSWORDTEMPA
00049A	0878	MOVF SYSSTRINGA_H,W
00049B	00F6	MOVWF SYSWORDTEMPA_H
00049C	3089	MOVLW 137
00049D	00F9	MOVWF SYSWORDTEMPB
00049E	3002	MOVLW 2
00049F	00FA	MOVWF SYSWORDTEMPB_H
000000	3189	PAGESEL SYSCOMPLESSTHAN16
0004A1	2165	CALL SYSCOMPLESSTHAN16
000000	3184	PAGESEL $
0004A3	1C70	BTFSS SYSBYTETEMPX,0
0004A4	3400	RETLW 0
0004A5	0877	MOVF SYSSTRINGA, W
0004A6	3EAF	ADDLW LOW (1 + TABLEGLCDTABLE2)
0004A7	00F7	MOVWF SYSSTRINGA
0004A8	3004	MOVLW HIGH TABLEGLCDTABLE2
0004A9	1803	BTFSC STATUS, C
0004AA	3E01	ADDLW 1
0004AB	0778	ADDWF SYSSTRINGA_H, W
0004AC	008A	MOVWF PCLATH
0004AD	0877	MOVF SYSSTRINGA, W
		TABLEGLCDTABLE2
0004AE	0082	MOVWF PCL
0004AF	34A2	RETLW 162
0004B0	3454	RETLW 84
0004B1	343F	RETLW 63
0004B2	3400	RETLW 0
0004B3	3400	RETLW 0
0004B4	3400	RETLW 0
0004B5	3400	RETLW 0
0004B6	3400	RETLW 0
0004B7	3400	RETLW 0
0004B8	3400	RETLW 0
0004B9	3400	RETLW 0
0004BA	3400	RETLW 0
0004BB	3400	RETLW 0
0004BC	3400	RETLW 0
0004BD	3400	RETLW 0
0004BE	3400	RETLW 0
0004BF	3400	RETLW 0
0004C0	3400	RETLW 0
0004C1	3400	RETLW 0
0004C2	3400	RETLW 0
0004C3	3400	RETLW 0
0004C4	3400	RETLW 0
0004C5	3400	RETLW 0
0004C6	3400	RETLW 0
0004C7	3400	RETLW 0
0004C8	3400	RETLW 0
0004C9	3400	RETLW 0
0004CA	3400	RETLW 0
0004CB	3400	RETLW 0
0004CC	3400	RETLW 0
0004CD	3400	RETLW 0
0004CE	3400	RETLW 0
0004CF	3400	RETLW 0
0004D0	3400	RETLW 0
0004D1	3400	RETLW 0
0004D2	3400	RETLW 0
0004D3	3400	RETLW 0
0004D4	3400	RETLW 0
0004D5	3400	RETLW 0
0004D6	3400	RETLW 0
0004D7	3400	RETLW 0
0004D8	3400	RETLW 0
0004D9	3400	RETLW 0
0004DA	3400	RETLW 0
0004DB	3400	RETLW 0
0004DC	3400	RETLW 0
0004DD	3400	RETLW 0
0004DE	3400	RETLW 0
0004DF	3400	RETLW 0
0004E0	3400	RETLW 0
0004E1	3400	RETLW 0
0004E2	3400	RETLW 0
0004E3	3400	RETLW 0
0004E4	3400	RETLW 0
0004E5	3400	RETLW 0
0004E6	3400	RETLW 0
0004E7	3400	RETLW 0
0004E8	3400	RETLW 0
0004E9	3400	RETLW 0
0004EA	3400	RETLW 0
0004EB	3400	RETLW 0
0004EC	3400	RETLW 0
0004ED	3400	RETLW 0
0004EE	3400	RETLW 0
0004EF	3400	RETLW 0
0004F0	3400	RETLW 0
0004F1	3400	RETLW 0
0004F2	3400	RETLW 0
0004F3	3420	RETLW 32
0004F4	3460	RETLW 96
0004F5	34C0	RETLW 192
0004F6	3480	RETLW 128
0004F7	3480	RETLW 128
0004F8	34C0	RETLW 192
0004F9	34E0	RETLW 224
0004FA	34E0	RETLW 224
0004FB	34E0	RETLW 224
0004FC	34F0	RETLW 240
0004FD	34B8	RETLW 184
0004FE	34DE	RETLW 222
0004FF	34C0	RETLW 192
000500	3480	RETLW 128
000501	3400	RETLW 0
000502	3400	RETLW 0
000503	3400	RETLW 0
000504	3400	RETLW 0
000505	3400	RETLW 0
000506	3400	RETLW 0
000507	3400	RETLW 0
000508	3400	RETLW 0
000509	3400	RETLW 0
00050A	3400	RETLW 0
00050B	3400	RETLW 0
00050C	3400	RETLW 0
00050D	3400	RETLW 0
00050E	3480	RETLW 128
00050F	34C0	RETLW 192
000510	34E0	RETLW 224
000511	34F0	RETLW 240
000512	34F8	RETLW 248
000513	34F8	RETLW 248
000514	34F8	RETLW 248
000515	34F8	RETLW 248
000516	34F8	RETLW 248
000517	34F8	RETLW 248
000518	34F8	RETLW 248
000519	34F0	RETLW 240
00051A	34F0	RETLW 240
00051B	34F0	RETLW 240
00051C	34F0	RETLW 240
00051D	34F0	RETLW 240
00051E	34E0	RETLW 224
00051F	34E0	RETLW 224
000520	34E0	RETLW 224
000521	34E0	RETLW 224
000522	34E0	RETLW 224
000523	34E0	RETLW 224
000524	34E0	RETLW 224
000525	34E0	RETLW 224
000526	34E0	RETLW 224
000527	34E0	RETLW 224
000528	34E0	RETLW 224
000529	34E0	RETLW 224
00052A	34E0	RETLW 224
00052B	34E0	RETLW 224
00052C	34E0	RETLW 224
00052D	34E0	RETLW 224
00052E	34E0	RETLW 224
00052F	34E0	RETLW 224
000530	34F0	RETLW 240
000531	34F0	RETLW 240
000532	34F0	RETLW 240
000533	34F0	RETLW 240
000534	34F0	RETLW 240
000535	34F8	RETLW 248
000536	34F8	RETLW 248
000537	34F8	RETLW 248
000538	34F8	RETLW 248
000539	34FC	RETLW 252
00053A	34FC	RETLW 252
00053B	34FC	RETLW 252
00053C	34FC	RETLW 252
00053D	34FC	RETLW 252
00053E	34FC	RETLW 252
00053F	34FC	RETLW 252
000540	34FC	RETLW 252
000541	34FE	RETLW 254
000542	34FE	RETLW 254
000543	34FE	RETLW 254
000544	34FE	RETLW 254
000545	34FE	RETLW 254
000546	34FE	RETLW 254
000547	34FE	RETLW 254
000548	34FE	RETLW 254
000549	34FF	RETLW 255
00054A	34FF	RETLW 255
00054B	34FF	RETLW 255
00054C	34FF	RETLW 255
00054D	34FF	RETLW 255
00054E	34FF	RETLW 255
00054F	34FF	RETLW 255
000550	34FF	RETLW 255
000551	34FF	RETLW 255
000552	34FF	RETLW 255
000553	34FF	RETLW 255
000554	34F1	RETLW 241
000555	34C0	RETLW 192
000556	3480	RETLW 128
000557	3400	RETLW 0
000558	3400	RETLW 0
000559	3400	RETLW 0
00055A	3400	RETLW 0
00055B	3400	RETLW 0
00055C	3400	RETLW 0
00055D	3400	RETLW 0
00055E	3400	RETLW 0
00055F	3400	RETLW 0
000560	34F8	RETLW 248
000561	34FE	RETLW 254
000562	34FF	RETLW 255
000563	34FF	RETLW 255
000564	34FF	RETLW 255
000565	34FF	RETLW 255
000566	34FF	RETLW 255
000567	34FF	RETLW 255
000568	34FF	RETLW 255
000569	34FF	RETLW 255
00056A	34FF	RETLW 255
00056B	34FF	RETLW 255
00056C	34FF	RETLW 255
00056D	34FF	RETLW 255
00056E	34FF	RETLW 255
00056F	34FF	RETLW 255
000570	34FF	RETLW 255
000571	34FF	RETLW 255
000572	34FF	RETLW 255
000573	34FF	RETLW 255
000574	34FF	RETLW 255
000575	34FF	RETLW 255
000576	34FF	RETLW 255
000577	34FF	RETLW 255
000578	34FF	RETLW 255
000579	34FF	RETLW 255
00057A	34FF	RETLW 255
00057B	34FF	RETLW 255
00057C	34FF	RETLW 255
00057D	34FF	RETLW 255
00057E	34FF	RETLW 255
00057F	34FF	RETLW 255
000580	34FF	RETLW 255
000581	34FF	RETLW 255
000582	34FF	RETLW 255
000583	34FF	RETLW 255
000584	34FF	RETLW 255
000585	34FF	RETLW 255
000586	34FF	RETLW 255
000587	34FF	RETLW 255
000588	34FF	RETLW 255
000589	34FF	RETLW 255
00058A	34FF	RETLW 255
00058B	34FF	RETLW 255
00058C	34FF	RETLW 255
00058D	34FF	RETLW 255
00058E	34FF	RETLW 255
00058F	34FF	RETLW 255
000590	34FF	RETLW 255
000591	34FF	RETLW 255
000592	34FF	RETLW 255
000593	34FF	RETLW 255
000594	34FF	RETLW 255
000595	34FF	RETLW 255
000596	34FF	RETLW 255
000597	34FF	RETLW 255
000598	34FF	RETLW 255
000599	34FF	RETLW 255
00059A	34FF	RETLW 255
00059B	34FF	RETLW 255
00059C	34FF	RETLW 255
00059D	34FF	RETLW 255
00059E	34FF	RETLW 255
00059F	34FF	RETLW 255
0005A0	34FF	RETLW 255
0005A1	34FF	RETLW 255
0005A2	34FF	RETLW 255
0005A3	34FF	RETLW 255
0005A4	34FF	RETLW 255
0005A5	34FF	RETLW 255
0005A6	347F	RETLW 127
0005A7	343F	RETLW 63
0005A8	343F	RETLW 63
0005A9	343F	RETLW 63
0005AA	343F	RETLW 63
0005AB	341E	RETLW 30
0005AC	340C	RETLW 12
0005AD	3400	RETLW 0
0005AE	3400	RETLW 0
0005AF	3400	RETLW 0
0005B0	3400	RETLW 0
0005B1	3400	RETLW 0
0005B2	3400	RETLW 0
0005B3	34E0	RETLW 224
0005B4	34FF	RETLW 255
0005B5	3407	RETLW 7
0005B6	343F	RETLW 63
0005B7	34FF	RETLW 255
0005B8	34FF	RETLW 255
0005B9	34FF	RETLW 255
0005BA	34FF	RETLW 255
0005BB	34FF	RETLW 255
0005BC	34FF	RETLW 255
0005BD	34FF	RETLW 255
0005BE	34FF	RETLW 255
0005BF	34FF	RETLW 255
0005C0	34FF	RETLW 255
0005C1	34FF	RETLW 255
0005C2	34FF	RETLW 255
0005C3	34FF	RETLW 255
0005C4	34FF	RETLW 255
0005C5	34FF	RETLW 255
0005C6	34FF	RETLW 255
0005C7	34FF	RETLW 255
0005C8	34FF	RETLW 255
0005C9	34FF	RETLW 255
0005CA	34FF	RETLW 255
0005CB	34FF	RETLW 255
0005CC	34FF	RETLW 255
0005CD	34FF	RETLW 255
0005CE	34FF	RETLW 255
0005CF	34FF	RETLW 255
0005D0	34FF	RETLW 255
0005D1	34FF	RETLW 255
0005D2	34FF	RETLW 255
0005D3	34FF	RETLW 255
0005D4	34FF	RETLW 255
0005D5	34FF	RETLW 255
0005D6	34FF	RETLW 255
0005D7	34FF	RETLW 255
0005D8	34FF	RETLW 255
0005D9	34FF	RETLW 255
0005DA	34FF	RETLW 255
0005DB	34FF	RETLW 255
0005DC	34FF	RETLW 255
0005DD	34FF	RETLW 255
0005DE	34FF	RETLW 255
0005DF	34FF	RETLW 255
0005E0	34FF	RETLW 255
0005E1	34FF	RETLW 255
0005E2	34FF	RETLW 255
0005E3	34FF	RETLW 255
0005E4	34FF	RETLW 255
0005E5	34FF	RETLW 255
0005E6	34FF	RETLW 255
0005E7	34FF	RETLW 255
0005E8	34FF	RETLW 255
0005E9	34FF	RETLW 255
0005EA	34FF	RETLW 255
0005EB	34FF	RETLW 255
0005EC	34FF	RETLW 255
0005ED	34FF	RETLW 255
0005EE	34FF	RETLW 255
0005EF	34FF	RETLW 255
0005F0	343F	RETLW 63
0005F1	343F	RETLW 63
0005F2	343F	RETLW 63
0005F3	3419	RETLW 25
0005F4	3400	RETLW 0
0005F5	3400	RETLW 0
0005F6	3400	RETLW 0
0005F7	3400	RETLW 0
0005F8	3400	RETLW 0
0005F9	3400	RETLW 0
0005FA	3400	RETLW 0
0005FB	3400	RETLW 0
0005FC	3400	RETLW 0
0005FD	3400	RETLW 0
0005FE	3400	RETLW 0
0005FF	3400	RETLW 0
000600	3400	RETLW 0
000601	3400	RETLW 0
000602	3400	RETLW 0
000603	3400	RETLW 0
000604	3400	RETLW 0
000605	3480	RETLW 128
000606	34FC	RETLW 252
000607	34FF	RETLW 255
000608	34FF	RETLW 255
000609	3400	RETLW 0
00060A	3400	RETLW 0
00060B	3401	RETLW 1
00060C	340F	RETLW 15
00060D	34FF	RETLW 255
00060E	34FF	RETLW 255
00060F	34FF	RETLW 255
000610	34FF	RETLW 255
000611	34FF	RETLW 255
000612	34FF	RETLW 255
000613	34FF	RETLW 255
000614	34FF	RETLW 255
000615	34FF	RETLW 255
000616	34FF	RETLW 255
000617	34FF	RETLW 255
000618	34FF	RETLW 255
000619	34FF	RETLW 255
00061A	34FF	RETLW 255
00061B	347F	RETLW 127
00061C	34FF	RETLW 255
00061D	34FF	RETLW 255
00061E	34FF	RETLW 255
00061F	34FF	RETLW 255
000620	34FF	RETLW 255
000621	34FF	RETLW 255
000622	34FF	RETLW 255
000623	34FF	RETLW 255
000624	34FF	RETLW 255
000625	34FF	RETLW 255
000626	34FF	RETLW 255
000627	34FF	RETLW 255
000628	34FF	RETLW 255
000629	34FF	RETLW 255
00062A	34FF	RETLW 255
00062B	34FF	RETLW 255
00062C	34FF	RETLW 255
00062D	347F	RETLW 127
00062E	347F	RETLW 127
00062F	347F	RETLW 127
000630	34FF	RETLW 255
000631	34FF	RETLW 255
000632	34FF	RETLW 255
000633	34FF	RETLW 255
000634	34FF	RETLW 255
000635	34FF	RETLW 255
000636	34FF	RETLW 255
000637	34FF	RETLW 255
000638	34FF	RETLW 255
000639	34FF	RETLW 255
00063A	34FF	RETLW 255
00063B	34FF	RETLW 255
00063C	347F	RETLW 127
00063D	343F	RETLW 63
00063E	341F	RETLW 31
00063F	340F	RETLW 15
000640	3407	RETLW 7
000641	3403	RETLW 3
000642	3401	RETLW 1
000643	3400	RETLW 0
000644	3400	RETLW 0
000645	3400	RETLW 0
000646	3400	RETLW 0
000647	3400	RETLW 0
000648	3400	RETLW 0
000649	3400	RETLW 0
00064A	3400	RETLW 0
00064B	3400	RETLW 0
00064C	3400	RETLW 0
00064D	3400	RETLW 0
00064E	3400	RETLW 0
00064F	3400	RETLW 0
000650	3400	RETLW 0
000651	3400	RETLW 0
000652	3400	RETLW 0
000653	3400	RETLW 0
000654	3400	RETLW 0
000655	3400	RETLW 0
000656	3400	RETLW 0
000657	3400	RETLW 0
000658	3480	RETLW 128
000659	34FF	RETLW 255
00065A	34FF	RETLW 255
00065B	34FF	RETLW 255
00065C	341F	RETLW 31
00065D	3400	RETLW 0
00065E	3400	RETLW 0
00065F	34F0	RETLW 240
000660	34FC	RETLW 252
000661	34FF	RETLW 255
000662	34FF	RETLW 255
000663	34FF	RETLW 255
000664	34FF	RETLW 255
000665	34FF	RETLW 255
000666	34FF	RETLW 255
000667	34FF	RETLW 255
000668	340F	RETLW 15
000669	341F	RETLW 31
00066A	340F	RETLW 15
00066B	3407	RETLW 7
00066C	340F	RETLW 15
00066D	3401	RETLW 1
00066E	3400	RETLW 0
00066F	3400	RETLW 0
000670	3400	RETLW 0
000671	3400	RETLW 0
000672	3401	RETLW 1
000673	3401	RETLW 1
000674	3401	RETLW 1
000675	3401	RETLW 1
000676	3401	RETLW 1
000677	3401	RETLW 1
000678	3401	RETLW 1
000679	3401	RETLW 1
00067A	3401	RETLW 1
00067B	3401	RETLW 1
00067C	3401	RETLW 1
00067D	3401	RETLW 1
00067E	3400	RETLW 0
00067F	3400	RETLW 0
000680	3400	RETLW 0
000681	3400	RETLW 0
000682	3400	RETLW 0
000683	3400	RETLW 0
000684	34FF	RETLW 255
000685	34FF	RETLW 255
000686	343F	RETLW 63
000687	340F	RETLW 15
000688	3403	RETLW 3
000689	3400	RETLW 0
00068A	342F	RETLW 47
00068B	34FF	RETLW 255
00068C	34FF	RETLW 255
00068D	34FF	RETLW 255
00068E	347F	RETLW 127
00068F	3401	RETLW 1
000690	3400	RETLW 0
000691	3400	RETLW 0
000692	3400	RETLW 0
000693	3400	RETLW 0
000694	3400	RETLW 0
000695	3400	RETLW 0
000696	3400	RETLW 0
000697	3400	RETLW 0
000698	3400	RETLW 0
000699	3400	RETLW 0
00069A	3400	RETLW 0
00069B	3400	RETLW 0
00069C	3400	RETLW 0
00069D	3400	RETLW 0
00069E	3400	RETLW 0
00069F	3400	RETLW 0
0006A0	3400	RETLW 0
0006A1	3400	RETLW 0
0006A2	3400	RETLW 0
0006A3	3400	RETLW 0
0006A4	3400	RETLW 0
0006A5	3400	RETLW 0
0006A6	3400	RETLW 0
0006A7	3400	RETLW 0
0006A8	3400	RETLW 0
0006A9	3400	RETLW 0
0006AA	3400	RETLW 0
0006AB	3400	RETLW 0
0006AC	3400	RETLW 0
0006AD	3403	RETLW 3
0006AE	3403	RETLW 3
0006AF	3401	RETLW 1
0006B0	3400	RETLW 0
0006B1	3400	RETLW 0
0006B2	3400	RETLW 0
0006B3	3400	RETLW 0
0006B4	34FF	RETLW 255
0006B5	34FF	RETLW 255
0006B6	34FF	RETLW 255
0006B7	3407	RETLW 7
0006B8	3401	RETLW 1
0006B9	3407	RETLW 7
0006BA	341F	RETLW 31
0006BB	34FF	RETLW 255
0006BC	34FF	RETLW 255
0006BD	34F0	RETLW 240
0006BE	34C0	RETLW 192
0006BF	3480	RETLW 128
0006C0	3400	RETLW 0
0006C1	3400	RETLW 0
0006C2	3400	RETLW 0
0006C3	3400	RETLW 0
0006C4	3400	RETLW 0
0006C5	3400	RETLW 0
0006C6	3400	RETLW 0
0006C7	3400	RETLW 0
0006C8	3400	RETLW 0
0006C9	3400	RETLW 0
0006CA	3400	RETLW 0
0006CB	3400	RETLW 0
0006CC	3400	RETLW 0
0006CD	3400	RETLW 0
0006CE	3400	RETLW 0
0006CF	3400	RETLW 0
0006D0	3400	RETLW 0
0006D1	3400	RETLW 0
0006D2	3400	RETLW 0
0006D3	3400	RETLW 0
0006D4	3400	RETLW 0
0006D5	3400	RETLW 0
0006D6	3414	RETLW 20
0006D7	341F	RETLW 31
0006D8	341F	RETLW 31
0006D9	341F	RETLW 31
0006DA	3410	RETLW 16
0006DB	3400	RETLW 0
0006DC	3400	RETLW 0
0006DD	3400	RETLW 0
0006DE	3400	RETLW 0
0006DF	34FF	RETLW 255
0006E0	34FF	RETLW 255
0006E1	34FF	RETLW 255
0006E2	34C0	RETLW 192
0006E3	3480	RETLW 128
0006E4	3400	RETLW 0
0006E5	3400	RETLW 0
0006E6	3400	RETLW 0
0006E7	3400	RETLW 0
0006E8	3400	RETLW 0
0006E9	3400	RETLW 0
0006EA	3400	RETLW 0
0006EB	3400	RETLW 0
0006EC	3400	RETLW 0
0006ED	3400	RETLW 0
0006EE	3400	RETLW 0
0006EF	3400	RETLW 0
0006F0	3400	RETLW 0
0006F1	3400	RETLW 0
0006F2	3400	RETLW 0
0006F3	3400	RETLW 0
0006F4	3400	RETLW 0
0006F5	3400	RETLW 0
0006F6	3400	RETLW 0
0006F7	3400	RETLW 0
0006F8	3400	RETLW 0
0006F9	3400	RETLW 0
0006FA	3400	RETLW 0
0006FB	3400	RETLW 0
0006FC	3400	RETLW 0
0006FD	3400	RETLW 0
0006FE	3400	RETLW 0
0006FF	3400	RETLW 0
000700	3400	RETLW 0
000701	3400	RETLW 0
000702	3400	RETLW 0
000703	3400	RETLW 0
000704	3400	RETLW 0
000705	3400	RETLW 0
000706	3400	RETLW 0
000707	340C	RETLW 12
000708	343F	RETLW 63
000709	347F	RETLW 127
00070A	347F	RETLW 127
00070B	3478	RETLW 120
00070C	3400	RETLW 0
00070D	3400	RETLW 0
00070E	3400	RETLW 0
00070F	3403	RETLW 3
000710	3403	RETLW 3
000711	3407	RETLW 7
000712	3403	RETLW 3
000713	3403	RETLW 3
000714	3400	RETLW 0
000715	3400	RETLW 0
000716	3400	RETLW 0
000717	3400	RETLW 0
000718	3400	RETLW 0
000719	3400	RETLW 0
00071A	3400	RETLW 0
00071B	3400	RETLW 0
00071C	3400	RETLW 0
00071D	3400	RETLW 0
00071E	3400	RETLW 0
00071F	3400	RETLW 0
000720	3400	RETLW 0
000721	3400	RETLW 0
000722	3400	RETLW 0
000723	3400	RETLW 0
000724	3400	RETLW 0
000725	3400	RETLW 0
000726	3400	RETLW 0
000727	3400	RETLW 0
000728	3400	RETLW 0
000729	3400	RETLW 0
00072A	3400	RETLW 0
00072B	3400	RETLW 0
00072C	3400	RETLW 0
00072D	3400	RETLW 0
00072E	3400	RETLW 0
00072F	3400	RETLW 0
000730	3400	RETLW 0
000731	3400	RETLW 0
000732	3400	RETLW 0
000733	3400	RETLW 0
000734	3401	RETLW 1
000735	3401	RETLW 1
000736	3401	RETLW 1
000737	3401	RETLW 1


		GLCDWRITEBYTE_KS0108
000738	1043	BCF SYSBITVAR0,0
000739	180C	BTFSC PORTA,0
00073A	1443	BSF SYSBITVAR0,0
00073B	10C3	BCF SYSBITVAR0,1
00073C	1B0C	BTFSC PORTA,6
00073D	14C3	BSF SYSBITVAR0,1
00073E	1F8C	BTFSS PORTA,7
00073F	2F42	GOTO ENDIF25
000000	0022	BANKSEL LATA
000741	130C	BCF LATA,6
		ENDIF25
000000	0022	BANKSEL LATA
000743	100C	BCF LATA,0
		SYSWAITLOOP1
000000	0020	BANKSEL STATUS
000000	3188	PAGESEL FN_GLCDREADBYTE_KS0108
000746	2058	CALL FN_GLCDREADBYTE_KS0108
000000	3187	PAGESEL $
000748	1BAE	BTFSC GLCDREADBYTE_KS0108,7
000749	2F44	GOTO SYSWAITLOOP1
000000	0022	BANKSEL LATA
00074B	100C	BCF LATA,0
000000	0020	BANKSEL SYSBITVAR0
00074D	1C43	BTFSS SYSBITVAR0,0
00074E	2F51	GOTO ENDIF28
000000	0022	BANKSEL LATA
000750	140C	BSF LATA,0
		ENDIF28
000000	0022	BANKSEL LATA
000752	130C	BCF LATA,6
000000	0020	BANKSEL SYSBITVAR0
000754	1CC3	BTFSS SYSBITVAR0,1
000755	2F58	GOTO ENDIF29
000000	0022	BANKSEL LATA
000757	170C	BSF LATA,6
		ENDIF29
000000	0022	BANKSEL LATA
000759	110C	BCF LATA,2
000000	0021	BANKSEL TRISD
00075B	100F	BCF TRISD,0
00075C	108F	BCF TRISD,1
00075D	110F	BCF TRISD,2
00075E	118F	BCF TRISD,3
00075F	120F	BCF TRISD,4
000760	128F	BCF TRISD,5
000761	130F	BCF TRISD,6
000762	138F	BCF TRISD,7
000000	0022	BANKSEL LATD
000764	138F	BCF LATD,7
000000	0020	BANKSEL LCDBYTE
000766	1FB8	BTFSS LCDBYTE,7
000767	2F6A	GOTO ENDIF30
000000	0022	BANKSEL LATD
000769	178F	BSF LATD,7
		ENDIF30
000000	0022	BANKSEL LATD
00076B	130F	BCF LATD,6
000000	0020	BANKSEL LCDBYTE
00076D	1F38	BTFSS LCDBYTE,6
00076E	2F71	GOTO ENDIF31
000000	0022	BANKSEL LATD
000770	170F	BSF LATD,6
		ENDIF31
000000	0022	BANKSEL LATD
000772	128F	BCF LATD,5
000000	0020	BANKSEL LCDBYTE
000774	1EB8	BTFSS LCDBYTE,5
000775	2F78	GOTO ENDIF32
000000	0022	BANKSEL LATD
000777	168F	BSF LATD,5
		ENDIF32
000000	0022	BANKSEL LATD
000779	120F	BCF LATD,4
000000	0020	BANKSEL LCDBYTE
00077B	1E38	BTFSS LCDBYTE,4
00077C	2F7F	GOTO ENDIF33
000000	0022	BANKSEL LATD
00077E	160F	BSF LATD,4
		ENDIF33
000000	0022	BANKSEL LATD
000780	118F	BCF LATD,3
000000	0020	BANKSEL LCDBYTE
000782	1DB8	BTFSS LCDBYTE,3
000783	2F86	GOTO ENDIF34
000000	0022	BANKSEL LATD
000785	158F	BSF LATD,3
		ENDIF34
000000	0022	BANKSEL LATD
000787	110F	BCF LATD,2
000000	0020	BANKSEL LCDBYTE
000789	1D38	BTFSS LCDBYTE,2
00078A	2F8D	GOTO ENDIF35
000000	0022	BANKSEL LATD
00078C	150F	BSF LATD,2
		ENDIF35
000000	0022	BANKSEL LATD
00078E	108F	BCF LATD,1
000000	0020	BANKSEL LCDBYTE
000790	1CB8	BTFSS LCDBYTE,1
000791	2F94	GOTO ENDIF36
000000	0022	BANKSEL LATD
000793	148F	BSF LATD,1
		ENDIF36
000000	0022	BANKSEL LATD
000795	100F	BCF LATD,0
000000	0020	BANKSEL LCDBYTE
000797	1C38	BTFSS LCDBYTE,0
000798	2F9B	GOTO ENDIF37
000000	0022	BANKSEL LATD
00079A	140F	BSF LATD,0
		ENDIF37
00079B	3002	MOVLW 2
00079C	00F0	MOVWF DELAYTEMP
		DELAYUS1
00079D	0BF0	DECFSZ DELAYTEMP,F
00079E	2F9D	GOTO DELAYUS1
00079F	0000	NOP
000000	0022	BANKSEL LATA
0007A1	148C	BSF LATA,1
000000	0020	BANKSEL KS0108_CLOCK_DELAY
0007A3	0837	MOVF KS0108_CLOCK_DELAY,W
0007A4	00F5	MOVWF SYSWAITTEMPUS
0007A5	01F6	CLRF SYSWAITTEMPUS_H
000000	3188	PAGESEL DELAY_US
0007A7	200E	CALL DELAY_US
000000	3187	PAGESEL $
000000	0022	BANKSEL LATA
0007AA	108C	BCF LATA,1
0007AB	3002	MOVLW 2
0007AC	00F0	MOVWF DELAYTEMP
		DELAYUS2
0007AD	0BF0	DECFSZ DELAYTEMP,F
0007AE	2FAD	GOTO DELAYUS2
0007AF	0000	NOP
000000	0020	BANKSEL STATUS
0007B1	0008	RETURN


		INITGLCD_KS0108
000000	0021	BANKSEL TRISA
0007B3	100C	BCF TRISA,0
0007B4	110C	BCF TRISA,2
0007B5	108C	BCF TRISA,1
0007B6	138C	BCF TRISA,7
0007B7	130C	BCF TRISA,6
0007B8	118C	BCF TRISA,3
000000	0022	BANKSEL LATA
0007BA	118C	BCF LATA,3
0007BB	3001	MOVLW 1
0007BC	00F2	MOVWF SYSWAITTEMPMS
0007BD	01F3	CLRF SYSWAITTEMPMS_H
000000	0020	BANKSEL STATUS
000000	3188	PAGESEL DELAY_MS
0007C0	2000	CALL DELAY_MS
000000	3187	PAGESEL $
000000	0022	BANKSEL LATA
0007C3	158C	BSF LATA,3
0007C4	3001	MOVLW 1
0007C5	00F2	MOVWF SYSWAITTEMPMS
0007C6	01F3	CLRF SYSWAITTEMPMS_H
000000	0020	BANKSEL STATUS
000000	3188	PAGESEL DELAY_MS
0007C9	2000	CALL DELAY_MS
000000	3187	PAGESEL $
000000	0022	BANKSEL LATA
0007CC	178C	BSF LATA,7
0007CD	170C	BSF LATA,6
0007CE	100C	BCF LATA,0
0007CF	303F	MOVLW 63
000000	0020	BANKSEL LCDBYTE
0007D1	00B8	MOVWF LCDBYTE
0007D2	2738	CALL GLCDWRITEBYTE_KS0108
0007D3	30C0	MOVLW 192
0007D4	00B8	MOVWF LCDBYTE
0007D5	2738	CALL GLCDWRITEBYTE_KS0108
000000	0022	BANKSEL LATA
0007D7	138C	BCF LATA,7
0007D8	130C	BCF LATA,6
000000	0020	BANKSEL GLCDBACKGROUND
0007DA	01A3	CLRF GLCDBACKGROUND
0007DB	01A4	CLRF GLCDBACKGROUND_H
0007DC	3001	MOVLW 1
0007DD	00AC	MOVWF GLCDFOREGROUND
0007DE	01AD	CLRF GLCDFOREGROUND_H
0007DF	3006	MOVLW 6
0007E0	00AB	MOVWF GLCDFONTWIDTH
0007E1	01AA	CLRF GLCDFNTDEFAULT
000000	3188	PAGESEL GLCDCLS_KS0108
0007E3	281C	GOTO GLCDCLS_KS0108


		INITSYS
000000	0021	BANKSEL OSCCON
0007E5	1719	BSF OSCCON,IRCF3
0007E6	1699	BSF OSCCON,IRCF2
0007E7	1619	BSF OSCCON,IRCF1
0007E8	1199	BCF OSCCON,IRCF0
0007E9	1799	BSF OSCCON,SPLLEN
0007EA	101D	BCF ADCON0,ADON
0007EB	139E	BCF ADCON1,ADFM
000000	0023	BANKSEL ANSELA
0007ED	018C	CLRF ANSELA
0007EE	018D	CLRF ANSELB
0007EF	018F	CLRF ANSELD
0007F0	0190	CLRF ANSELE
000000	0022	BANKSEL CM2CON0
0007F2	1393	BCF CM2CON0,C2ON
0007F3	1391	BCF CM1CON0,C1ON
000000	0020	BANKSEL PORTA
0007F5	018C	CLRF PORTA
0007F6	018D	CLRF PORTB
0007F7	018E	CLRF PORTC
0007F8	018F	CLRF PORTD
0007F9	0190	CLRF PORTE
0007FA	0008	RETURN



		DELAY_MS
000800	0AF3	INCF SYSWAITTEMPMS_H, F
		DMS_START
000801	300E	MOVLW 14
000802	00F1	MOVWF DELAYTEMP2
		DMS_OUTER
000803	30BD	MOVLW 189
000804	00F0	MOVWF DELAYTEMP
		DMS_INNER
000805	0BF0	DECFSZ DELAYTEMP, F
000806	2805	GOTO DMS_INNER
000807	0BF1	DECFSZ DELAYTEMP2, F
000808	2803	GOTO DMS_OUTER
000809	0BF2	DECFSZ SYSWAITTEMPMS, F
00080A	2801	GOTO DMS_START
00080B	0BF3	DECFSZ SYSWAITTEMPMS_H, F
00080C	2801	GOTO DMS_START
00080D	0008	RETURN


		DELAY_US
00080E	0AF6	INCF SYSWAITTEMPUS_H, F
00080F	08F5	MOVF SYSWAITTEMPUS, F
000810	1903	BTFSC STATUS,Z
000811	2819	GOTO DUS_END
		DUS_START
000812	0000	NOP
000813	0000	NOP
000814	0000	NOP
000815	0000	NOP
000816	0000	NOP
000817	0BF5	DECFSZ SYSWAITTEMPUS, F
000818	2812	GOTO DUS_START
		DUS_END
000819	0BF6	DECFSZ SYSWAITTEMPUS_H, F
00081A	2812	GOTO DUS_START
00081B	0008	RETURN


		GLCDCLS_KS0108
00081C	01B4	CLRF GLCD_YORDINATE
00081D	01B5	CLRF GLCD_YORDINATE_H
000000	0022	BANKSEL LATA
00081F	178C	BSF LATA,7
000820	130C	BCF LATA,6
000000	0020	BANKSEL GLCD_COUNT
000822	01B3	CLRF GLCD_COUNT
		SYSFORLOOP6
000823	0AB3	INCF GLCD_COUNT,F
000824	30FF	MOVLW 255
000825	00A2	MOVWF CURRPAGE
		SYSFORLOOP7
000826	0AA2	INCF CURRPAGE,F
000000	0022	BANKSEL LATA
000828	100C	BCF LATA,0
000829	30B8	MOVLW 184
000000	0020	BANKSEL CURRPAGE
00082B	0422	IORWF CURRPAGE,W
00082C	00B8	MOVWF LCDBYTE
000000	3187	PAGESEL GLCDWRITEBYTE_KS0108
00082E	2738	CALL GLCDWRITEBYTE_KS0108
000000	3188	PAGESEL $
000830	30FF	MOVLW 255
000831	00A1	MOVWF CURRCOL
		SYSFORLOOP8
000832	0AA1	INCF CURRCOL,F
000000	0022	BANKSEL LATA
000834	100C	BCF LATA,0
000835	3040	MOVLW 64
000000	0020	BANKSEL CURRCOL
000837	0421	IORWF CURRCOL,W
000838	00B8	MOVWF LCDBYTE
000000	3187	PAGESEL GLCDWRITEBYTE_KS0108
00083A	2738	CALL GLCDWRITEBYTE_KS0108
000000	3188	PAGESEL $
000000	0022	BANKSEL LATA
00083D	140C	BSF LATA,0
000000	0020	BANKSEL LCDBYTE
00083F	01B8	CLRF LCDBYTE
000000	3187	PAGESEL GLCDWRITEBYTE_KS0108
000841	2738	CALL GLCDWRITEBYTE_KS0108
000000	3188	PAGESEL $
000843	303F	MOVLW 63
000844	0221	SUBWF CURRCOL,W
000845	1C03	BTFSS STATUS, C
000846	2832	GOTO SYSFORLOOP8
		SYSFORLOOPEND8
000847	3007	MOVLW 7
000848	0222	SUBWF CURRPAGE,W
000849	1C03	BTFSS STATUS, C
00084A	2826	GOTO SYSFORLOOP7
		SYSFORLOOPEND7
000000	0022	BANKSEL LATA
00084C	138C	BCF LATA,7
00084D	170C	BSF LATA,6
00084E	3002	MOVLW 2
000000	0020	BANKSEL GLCD_COUNT
000850	0233	SUBWF GLCD_COUNT,W
000851	1C03	BTFSS STATUS, C
000852	2823	GOTO SYSFORLOOP6
		SYSFORLOOPEND6
000000	0022	BANKSEL LATA
000854	138C	BCF LATA,7
000855	130C	BCF LATA,6
000000	0020	BANKSEL STATUS
000857	0008	RETURN


		FN_GLCDREADBYTE_KS0108
000000	0021	BANKSEL TRISD
000859	178F	BSF TRISD,7
00085A	170F	BSF TRISD,6
00085B	168F	BSF TRISD,5
00085C	160F	BSF TRISD,4
00085D	158F	BSF TRISD,3
00085E	150F	BSF TRISD,2
00085F	148F	BSF TRISD,1
000860	140F	BSF TRISD,0
000000	0022	BANKSEL LATA
000862	150C	BSF LATA,2
000863	148C	BSF LATA,1
000864	3008	MOVLW 8
000865	00F0	MOVWF DELAYTEMP
		DELAYUS3
000866	0BF0	DECFSZ DELAYTEMP,F
000867	2866	GOTO DELAYUS3
000000	0020	BANKSEL GLCDREADBYTE_KS0108
000869	13AE	BCF GLCDREADBYTE_KS0108,7
00086A	1B8F	BTFSC PORTD,7
00086B	17AE	BSF GLCDREADBYTE_KS0108,7
00086C	132E	BCF GLCDREADBYTE_KS0108,6
00086D	1B0F	BTFSC PORTD,6
00086E	172E	BSF GLCDREADBYTE_KS0108,6
00086F	12AE	BCF GLCDREADBYTE_KS0108,5
000870	1A8F	BTFSC PORTD,5
000871	16AE	BSF GLCDREADBYTE_KS0108,5
000872	122E	BCF GLCDREADBYTE_KS0108,4
000873	1A0F	BTFSC PORTD,4
000874	162E	BSF GLCDREADBYTE_KS0108,4
000875	11AE	BCF GLCDREADBYTE_KS0108,3
000876	198F	BTFSC PORTD,3
000877	15AE	BSF GLCDREADBYTE_KS0108,3
000878	112E	BCF GLCDREADBYTE_KS0108,2
000879	190F	BTFSC PORTD,2
00087A	152E	BSF GLCDREADBYTE_KS0108,2
00087B	10AE	BCF GLCDREADBYTE_KS0108,1
00087C	188F	BTFSC PORTD,1
00087D	14AE	BSF GLCDREADBYTE_KS0108,1
00087E	102E	BCF GLCDREADBYTE_KS0108,0
00087F	180F	BTFSC PORTD,0
000880	142E	BSF GLCDREADBYTE_KS0108,0
000000	0022	BANKSEL LATA
000882	108C	BCF LATA,1
000883	3005	MOVLW 5
000884	00F0	MOVWF DELAYTEMP
		DELAYUS4
000885	0BF0	DECFSZ DELAYTEMP,F
000886	2885	GOTO DELAYUS4
000000	0020	BANKSEL STATUS
000888	0008	RETURN


		GLCDTABLE1_H
000889	0877	MOVF SYSSTRINGA,W
00088A	00F5	MOVWF SYSWORDTEMPA
00088B	0878	MOVF SYSSTRINGA_H,W
00088C	00F6	MOVWF SYSWORDTEMPA_H
00088D	3001	MOVLW 1
00088E	00F9	MOVWF SYSWORDTEMPB
00088F	01FA	CLRF SYSWORDTEMPB_H
000890	2165	CALL SYSCOMPLESSTHAN16
000891	1C70	BTFSS SYSBYTETEMPX,0
000892	3400	RETLW 0
000893	0877	MOVF SYSSTRINGA, W
000894	3E9D	ADDLW LOW (1 + TABLEGLCDTABLE1_H)
000895	00F7	MOVWF SYSSTRINGA
000896	3008	MOVLW HIGH TABLEGLCDTABLE1_H
000897	1803	BTFSC STATUS, C
000898	3E01	ADDLW 1
000899	0778	ADDWF SYSSTRINGA_H, W
00089A	008A	MOVWF PCLATH
00089B	0877	MOVF SYSSTRINGA, W
		TABLEGLCDTABLE1_H
00089C	0082	MOVWF PCL
00089D	3401	RETLW 1


		GLCDTABLE2_H
00089E	0877	MOVF SYSSTRINGA,W
00089F	00F5	MOVWF SYSWORDTEMPA
0008A0	0878	MOVF SYSSTRINGA_H,W
0008A1	00F6	MOVWF SYSWORDTEMPA_H
0008A2	3001	MOVLW 1
0008A3	00F9	MOVWF SYSWORDTEMPB
0008A4	01FA	CLRF SYSWORDTEMPB_H
0008A5	2165	CALL SYSCOMPLESSTHAN16
0008A6	1C70	BTFSS SYSBYTETEMPX,0
0008A7	3400	RETLW 0
0008A8	0877	MOVF SYSSTRINGA, W
0008A9	3EB2	ADDLW LOW (1 + TABLEGLCDTABLE2_H)
0008AA	00F7	MOVWF SYSSTRINGA
0008AB	3008	MOVLW HIGH TABLEGLCDTABLE2_H
0008AC	1803	BTFSC STATUS, C
0008AD	3E01	ADDLW 1
0008AE	0778	ADDWF SYSSTRINGA_H, W
0008AF	008A	MOVWF PCLATH
0008B0	0877	MOVF SYSSTRINGA, W
		TABLEGLCDTABLE2_H
0008B1	0082	MOVWF PCL
0008B2	3402	RETLW 2


		GLCDTABLE3
0008B3	3004	MOVLW 4
0008B4	0277	SUBWF SYSSTRINGA, W
0008B5	1803	BTFSC STATUS, C
0008B6	3400	RETLW 0
0008B7	0877	MOVF SYSSTRINGA, W
0008B8	3EC0	ADDLW LOW (1 + TABLEGLCDTABLE3)
0008B9	00F7	MOVWF SYSSTRINGA
0008BA	3008	MOVLW HIGH TABLEGLCDTABLE3
0008BB	1803	BTFSC STATUS, C
0008BC	3E01	ADDLW 1
0008BD	008A	MOVWF PCLATH
0008BE	0877	MOVF SYSSTRINGA, W
		TABLEGLCDTABLE3
0008BF	0082	MOVWF PCL
0008C0	3403	RETLW 3
0008C1	3401	RETLW 1
0008C2	3400	RETLW 0
0008C3	34FF	RETLW 255


		GLCDTABLE4
0008C4	3004	MOVLW 4
0008C5	0277	SUBWF SYSSTRINGA, W
0008C6	1803	BTFSC STATUS, C
0008C7	3400	RETLW 0
0008C8	0877	MOVF SYSSTRINGA, W
0008C9	3ED1	ADDLW LOW (1 + TABLEGLCDTABLE4)
0008CA	00F7	MOVWF SYSSTRINGA
0008CB	3008	MOVLW HIGH TABLEGLCDTABLE4
0008CC	1803	BTFSC STATUS, C
0008CD	3E01	ADDLW 1
0008CE	008A	MOVWF PCLATH
0008CF	0877	MOVF SYSSTRINGA, W
		TABLEGLCDTABLE4
0008D0	0082	MOVWF PCL
0008D1	3403	RETLW 3
0008D2	3401	RETLW 1
0008D3	3400	RETLW 0
0008D4	34FF	RETLW 255


		GLCDTABLE5
0008D5	3004	MOVLW 4
0008D6	0277	SUBWF SYSSTRINGA, W
0008D7	1803	BTFSC STATUS, C
0008D8	3400	RETLW 0
0008D9	0877	MOVF SYSSTRINGA, W
0008DA	3EE2	ADDLW LOW (1 + TABLEGLCDTABLE5)
0008DB	00F7	MOVWF SYSSTRINGA
0008DC	3008	MOVLW HIGH TABLEGLCDTABLE5
0008DD	1803	BTFSC STATUS, C
0008DE	3E01	ADDLW 1
0008DF	008A	MOVWF PCLATH
0008E0	0877	MOVF SYSSTRINGA, W
		TABLEGLCDTABLE5
0008E1	0082	MOVWF PCL
0008E2	3403	RETLW 3
0008E3	3401	RETLW 1
0008E4	3400	RETLW 0
0008E5	34FF	RETLW 255


		PSET_KS0108
0008E6	1B2F	BTFSC GLCDX,6
0008E7	28EB	GOTO ENDIF21
000000	0022	BANKSEL LATA
0008E9	170C	BSF LATA,6
0008EA	138C	BCF LATA,7
		ENDIF21
000000	0020	BANKSEL GLCDX
0008EC	1F2F	BTFSS GLCDX,6
0008ED	28F5	GOTO ENDIF22
000000	0022	BANKSEL LATA
0008EF	178C	BSF LATA,7
0008F0	3040	MOVLW 64
000000	0020	BANKSEL GLCDX
0008F2	02AF	SUBWF GLCDX,F
000000	0022	BANKSEL LATA
0008F4	130C	BCF LATA,6
		ENDIF22
000000	0020	BANKSEL GLCDY
0008F6	0831	MOVF GLCDY,W
0008F7	00F5	MOVWF SYSBYTETEMPA
0008F8	3008	MOVLW 8
0008F9	00F9	MOVWF SYSBYTETEMPB
0008FA	2174	CALL SYSDIVSUB
0008FB	0875	MOVF SYSBYTETEMPA,W
0008FC	00A2	MOVWF CURRPAGE
000000	0022	BANKSEL LATA
0008FE	100C	BCF LATA,0
0008FF	30B8	MOVLW 184
000000	0020	BANKSEL CURRPAGE
000901	0422	IORWF CURRPAGE,W
000902	00B8	MOVWF LCDBYTE
000000	3187	PAGESEL GLCDWRITEBYTE_KS0108
000904	2738	CALL GLCDWRITEBYTE_KS0108
000000	3189	PAGESEL $
000000	0022	BANKSEL LATA
000907	100C	BCF LATA,0
000908	3040	MOVLW 64
000000	0020	BANKSEL GLCDX
00090A	042F	IORWF GLCDX,W
00090B	00B8	MOVWF LCDBYTE
000000	3187	PAGESEL GLCDWRITEBYTE_KS0108
00090D	2738	CALL GLCDWRITEBYTE_KS0108
000000	3189	PAGESEL $
000000	0022	BANKSEL LATA
000910	140C	BSF LATA,0
000000	0020	BANKSEL STATUS
000912	2058	CALL FN_GLCDREADBYTE_KS0108
000913	082E	MOVF GLCDREADBYTE_KS0108,W
000914	00A9	MOVWF GLCDDATATEMP
000000	0022	BANKSEL LATA
000916	140C	BSF LATA,0
000000	0020	BANKSEL STATUS
000918	2058	CALL FN_GLCDREADBYTE_KS0108
000919	082E	MOVF GLCDREADBYTE_KS0108,W
00091A	00A9	MOVWF GLCDDATATEMP
00091B	3007	MOVLW 7
00091C	0531	ANDWF GLCDY,W
00091D	00A5	MOVWF GLCDBITNO
00091E	1827	BTFSC GLCDCOLOUR,0
00091F	2924	GOTO ELSE23_1
000920	30FE	MOVLW 254
000921	00A6	MOVWF GLCDCHANGE
000922	1403	BSF STATUS,C
000923	2927	GOTO ENDIF23
		ELSE23_1
000924	3001	MOVLW 1
000925	00A6	MOVWF GLCDCHANGE
000926	1003	BCF STATUS,C
		ENDIF23
000927	0825	MOVF GLCDBITNO,W
000928	00C4	MOVWF SYSREPEATTEMP1
000929	1903	BTFSC STATUS,Z
00092A	292E	GOTO SYSREPEATLOOPEND1
		SYSREPEATLOOP1
00092B	0DA6	RLF GLCDCHANGE,F
00092C	0BC4	DECFSZ SYSREPEATTEMP1,F
00092D	292B	GOTO SYSREPEATLOOP1
		SYSREPEATLOOPEND1
00092E	1827	BTFSC GLCDCOLOUR,0
00092F	2934	GOTO ELSE24_1
000930	0829	MOVF GLCDDATATEMP,W
000931	0526	ANDWF GLCDCHANGE,W
000932	00A9	MOVWF GLCDDATATEMP
000933	2937	GOTO ENDIF24
		ELSE24_1
000934	0829	MOVF GLCDDATATEMP,W
000935	0426	IORWF GLCDCHANGE,W
000936	00A9	MOVWF GLCDDATATEMP
		ENDIF24
000000	0022	BANKSEL LATA
000938	100C	BCF LATA,0
000939	3040	MOVLW 64
000000	0020	BANKSEL GLCDX
00093B	042F	IORWF GLCDX,W
00093C	00B8	MOVWF LCDBYTE
000000	3187	PAGESEL GLCDWRITEBYTE_KS0108
00093E	2738	CALL GLCDWRITEBYTE_KS0108
000000	3189	PAGESEL $
000000	0022	BANKSEL LATA
000941	140C	BSF LATA,0
000000	0020	BANKSEL GLCDDATATEMP
000943	0829	MOVF GLCDDATATEMP,W
000944	00B8	MOVWF LCDBYTE
000000	3187	PAGESEL GLCDWRITEBYTE_KS0108
000946	2738	CALL GLCDWRITEBYTE_KS0108
000000	3189	PAGESEL $
000000	0022	BANKSEL LATA
000949	138C	BCF LATA,7
00094A	130C	BCF LATA,6
000000	0020	BANKSEL STATUS
00094C	0008	RETURN


		SYSCOMPEQUAL
00094D	01F0	CLRF SYSBYTETEMPX
00094E	0875	MOVF SYSBYTETEMPA, W
00094F	0279	SUBWF SYSBYTETEMPB, W
000950	1903	BTFSC STATUS, Z
000951	09F0	COMF SYSBYTETEMPX,F
000952	0008	RETURN


		SYSCOMPEQUAL16
000953	01F0	CLRF SYSBYTETEMPX
000954	0875	MOVF SYSWORDTEMPA, W
000955	0279	SUBWF SYSWORDTEMPB, W
000956	1D03	BTFSS STATUS, Z
000957	0008	RETURN
000958	0876	MOVF SYSWORDTEMPA_H, W
000959	027A	SUBWF SYSWORDTEMPB_H, W
00095A	1D03	BTFSS STATUS, Z
00095B	0008	RETURN
00095C	09F0	COMF SYSBYTETEMPX,F
00095D	0008	RETURN


		SYSCOMPLESSTHAN
00095E	01F0	CLRF SYSBYTETEMPX
00095F	1403	BSF STATUS, C
000960	0879	MOVF SYSBYTETEMPB, W
000961	0275	SUBWF SYSBYTETEMPA, W
000962	1C03	BTFSS STATUS, C
000963	09F0	COMF SYSBYTETEMPX,F
000964	0008	RETURN


		SYSCOMPLESSTHAN16
000965	01F0	CLRF SYSBYTETEMPX
000966	0876	MOVF SYSWORDTEMPA_H,W
000967	027A	SUBWF SYSWORDTEMPB_H,W
000968	1C03	BTFSS STATUS,C
000969	0008	RETURN
00096A	087A	MOVF SYSWORDTEMPB_H,W
00096B	0276	SUBWF SYSWORDTEMPA_H,W
00096C	1C03	BTFSS STATUS,C
00096D	2972	GOTO SCLT16TRUE
00096E	0879	MOVF SYSWORDTEMPB,W
00096F	0275	SUBWF SYSWORDTEMPA,W
000970	1803	BTFSC STATUS,C
000971	0008	RETURN
		SCLT16TRUE
000972	09F0	COMF SYSBYTETEMPX,F
000973	0008	RETURN


		SYSDIVSUB
000974	01F0	CLRF SYSBYTETEMPX
000975	3008	MOVLW 8
000976	00F4	MOVWF SYSDIVLOOP
		SYSDIV8START
000977	1003	BCF STATUS, C
000978	0DF5	RLF SYSBYTETEMPA, F
000979	0DF0	RLF SYSBYTETEMPX, F
00097A	0879	MOVF SYSBYTETEMPB, W
00097B	02F0	SUBWF SYSBYTETEMPX, F
00097C	1475	BSF SYSBYTETEMPA, 0
00097D	1803	BTFSC STATUS, C
00097E	2982	GOTO DIV8NOTNEG
00097F	1075	BCF SYSBYTETEMPA, 0
000980	0879	MOVF SYSBYTETEMPB, W
000981	07F0	ADDWF SYSBYTETEMPX, F
		DIV8NOTNEG
000982	0BF4	DECFSZ SYSDIVLOOP, F
000983	2977	GOTO SYSDIV8START
000984	0008	RETURN








