GCASM List File (GCBASIC 0.9 2015-03-30)

Symbols:
A 	EQU 	0
ABDEN 	EQU 	0
ABDOVF 	EQU 	7
ACCESS 	EQU 	0
ACKDT 	EQU 	5
ACKEN 	EQU 	4
ACKSTAT 	EQU 	6
ACKTIM 	EQU 	7
ADCON0 	EQU 	157
ADCON1 	EQU 	158
ADCS0 	EQU 	4
ADCS1 	EQU 	5
ADCS2 	EQU 	6
ADDEN 	EQU 	3
ADFM 	EQU 	7
ADFVR0 	EQU 	0
ADFVR1 	EQU 	1
ADGO 	EQU 	1
ADIE 	EQU 	6
ADIF 	EQU 	6
ADNREF 	EQU 	2
ADON 	EQU 	0
ADPREF0 	EQU 	0
ADPREF1 	EQU 	1
ADRES 	EQU 	155
ADRESH 	EQU 	156
ADRESL 	EQU 	155
AHEN 	EQU 	1
ANSA0 	EQU 	0
ANSA1 	EQU 	1
ANSA2 	EQU 	2
ANSA3 	EQU 	3
ANSA4 	EQU 	4
ANSA5 	EQU 	5
ANSB0 	EQU 	0
ANSB1 	EQU 	1
ANSB2 	EQU 	2
ANSB3 	EQU 	3
ANSB4 	EQU 	4
ANSB5 	EQU 	5
ANSELA 	EQU 	396
ANSELB 	EQU 	397
APFCON 	EQU 	285
B 	EQU 	1
BANKED 	EQU 	1
BASPROGRAMEND 	EQU 	94
BASPROGRAMSTART 	EQU 	5
BAUDCON 	EQU 	415
BCLIE 	EQU 	3
BCLIF 	EQU 	3
BF 	EQU 	0
BIASMD 	EQU 	6
BOEN 	EQU 	4
BORCON 	EQU 	278
BORRDY 	EQU 	0
BRG16 	EQU 	3
BRGH 	EQU 	2
BSR 	EQU 	8
BSR0 	EQU 	0
BSR1 	EQU 	1
BSR2 	EQU 	2
BSR3 	EQU 	3
BSR4 	EQU 	4
BSR_SHAD 	EQU 	4070
C 	EQU 	0
C1HYS 	EQU 	1
C1IE 	EQU 	5
C1IF 	EQU 	5
C1INTN 	EQU 	6
C1INTP 	EQU 	7
C1NCH0 	EQU 	0
C1NCH1 	EQU 	1
C1OE 	EQU 	5
C1ON 	EQU 	7
C1OUT 	EQU 	6
C1PCH0 	EQU 	4
C1PCH1 	EQU 	5
C1POL 	EQU 	4
C1SP 	EQU 	2
C1SYNC 	EQU 	0
C1TSEL0 	EQU 	0
C1TSEL1 	EQU 	1
C2HYS 	EQU 	1
C2IE 	EQU 	6
C2IF 	EQU 	6
C2INTN 	EQU 	6
C2INTP 	EQU 	7
C2NCH0 	EQU 	0
C2NCH1 	EQU 	1
C2OE 	EQU 	5
C2ON 	EQU 	7
C2OUT 	EQU 	6
C2OUTSEL 	EQU 	2
C2PCH0 	EQU 	4
C2PCH1 	EQU 	5
C2POL 	EQU 	4
C2SP 	EQU 	2
C2SYNC 	EQU 	0
C2TSEL0 	EQU 	2
C2TSEL1 	EQU 	3
C3TSEL0 	EQU 	4
C3TSEL1 	EQU 	5
C4TSEL0 	EQU 	6
C4TSEL1 	EQU 	7
C5TSEL0 	EQU 	0
C5TSEL1 	EQU 	1
CCP1AS 	EQU 	661
CCP1AS0 	EQU 	4
CCP1AS1 	EQU 	5
CCP1AS2 	EQU 	6
CCP1ASE 	EQU 	7
CCP1CON 	EQU 	659
CCP1IE 	EQU 	2
CCP1IF 	EQU 	2
CCP1M0 	EQU 	0
CCP1M1 	EQU 	1
CCP1M2 	EQU 	2
CCP1M3 	EQU 	3
CCP2AS 	EQU 	668
CCP2AS0 	EQU 	4
CCP2AS1 	EQU 	5
CCP2AS2 	EQU 	6
CCP2ASE 	EQU 	7
CCP2CON 	EQU 	666
CCP2IE 	EQU 	0
CCP2IF 	EQU 	0
CCP2M0 	EQU 	0
CCP2M1 	EQU 	1
CCP2M2 	EQU 	2
CCP2M3 	EQU 	3
CCP2SEL 	EQU 	0
CCP3AS 	EQU 	789
CCP3AS0 	EQU 	4
CCP3AS1 	EQU 	5
CCP3AS2 	EQU 	6
CCP3ASE 	EQU 	7
CCP3CON 	EQU 	787
CCP3IE 	EQU 	4
CCP3IF 	EQU 	4
CCP3M0 	EQU 	0
CCP3M1 	EQU 	1
CCP3M2 	EQU 	2
CCP3M3 	EQU 	3
CCP3SEL 	EQU 	6
CCP4CON 	EQU 	794
CCP4IE 	EQU 	5
CCP4IF 	EQU 	5
CCP4M0 	EQU 	0
CCP4M1 	EQU 	1
CCP4M2 	EQU 	2
CCP4M3 	EQU 	3
CCP5CON 	EQU 	798
CCP5IE 	EQU 	6
CCP5IF 	EQU 	6
CCP5M0 	EQU 	0
CCP5M1 	EQU 	1
CCP5M2 	EQU 	2
CCP5M3 	EQU 	3
CCPCONCACHE 	EQU 	32
CCPR1H 	EQU 	658
CCPR1L 	EQU 	657
CCPR2H 	EQU 	665
CCPR2L 	EQU 	664
CCPR3H 	EQU 	786
CCPR3L 	EQU 	785
CCPR4H 	EQU 	793
CCPR4L 	EQU 	792
CCPR5H 	EQU 	797
CCPR5L 	EQU 	796
CCPTMRS0 	EQU 	670
CCPTMRS1 	EQU 	671
CDAFVR0 	EQU 	2
CDAFVR1 	EQU 	3
CFGS 	EQU 	6
CHS0 	EQU 	2
CHS1 	EQU 	3
CHS2 	EQU 	4
CHS3 	EQU 	5
CHS4 	EQU 	6
CKE 	EQU 	6
CKP 	EQU 	4
CM1CON0 	EQU 	273
CM1CON1 	EQU 	274
CM2CON0 	EQU 	275
CM2CON1 	EQU 	276
CMOUT 	EQU 	277
CPSCH0 	EQU 	0
CPSCH1 	EQU 	1
CPSCH2 	EQU 	2
CPSCON0 	EQU 	30
CPSCON1 	EQU 	31
CPSON 	EQU 	7
CPSOUT 	EQU 	1
CPSRM 	EQU 	6
CPSRNG0 	EQU 	2
CPSRNG1 	EQU 	3
CREN 	EQU 	4
CS0 	EQU 	2
CS1 	EQU 	3
CSRC 	EQU 	7
C_SHAD 	EQU 	0
DACCON0 	EQU 	280
DACCON1 	EQU 	281
DACEN 	EQU 	7
DACLPS 	EQU 	6
DACNSS 	EQU 	0
DACOE 	EQU 	5
DACPSS0 	EQU 	2
DACPSS1 	EQU 	3
DACR0 	EQU 	0
DACR1 	EQU 	1
DACR2 	EQU 	2
DACR3 	EQU 	3
DACR4 	EQU 	4
DC 	EQU 	1
DC1B0 	EQU 	4
DC1B1 	EQU 	5
DC2B0 	EQU 	4
DC2B1 	EQU 	5
DC3B0 	EQU 	4
DC3B1 	EQU 	5
DC4B0 	EQU 	4
DC4B1 	EQU 	5
DC5B0 	EQU 	4
DC5B1 	EQU 	5
DC_SHAD 	EQU 	1
DELAYTEMP 	EQU 	112
DELAYTEMP2 	EQU 	113
DELAY_MS 	EQU 	96
DHEN 	EQU 	0
DMS_INNER 	EQU 	101
DMS_OUTER 	EQU 	99
DMS_START 	EQU 	97
DUTY 	EQU 	33
D_NOT_A 	EQU 	5
ECCP1AS 	EQU 	661
ECCP1AS_CCP1AS0 	EQU 	4
ECCP1AS_CCP1AS1 	EQU 	5
ECCP1AS_CCP1AS2 	EQU 	6
ECCP1AS_CCP1ASE 	EQU 	7
ECCP1AS_PSS1AC0 	EQU 	2
ECCP1AS_PSS1AC1 	EQU 	3
ECCP1AS_PSS1BD0 	EQU 	0
ECCP1AS_PSS1BD1 	EQU 	1
ECCP2AS 	EQU 	668
ECCP2AS_CCP2AS0 	EQU 	4
ECCP2AS_CCP2AS1 	EQU 	5
ECCP2AS_CCP2AS2 	EQU 	6
ECCP2AS_CCP2ASE 	EQU 	7
ECCP2AS_PSS2AC0 	EQU 	2
ECCP2AS_PSS2AC1 	EQU 	3
ECCP2AS_PSS2BD0 	EQU 	0
ECCP2AS_PSS2BD1 	EQU 	1
ECCP3AS 	EQU 	789
ECCP3AS_CCP3AS0 	EQU 	4
ECCP3AS_CCP3AS1 	EQU 	5
ECCP3AS_CCP3AS2 	EQU 	6
ECCP3AS_CCP3ASE 	EQU 	7
ECCP3AS_PSS3AC0 	EQU 	2
ECCP3AS_PSS3AC1 	EQU 	3
ECCP3AS_PSS3BD0 	EQU 	0
ECCP3AS_PSS3BD1 	EQU 	1
EEADR 	EQU 	401
EEADRH 	EQU 	402
EEADRL 	EQU 	401
EECON1 	EQU 	405
EECON2 	EQU 	406
EEDAT 	EQU 	403
EEDATH 	EQU 	404
EEDATL 	EQU 	403
EEIE 	EQU 	4
EEIF 	EQU 	4
EEPGD 	EQU 	7
ENDIF1 	EQU 	135
ENDIF10 	EQU 	249
ENDIF11 	EQU 	386
ENDIF13 	EQU 	340
ENDIF14 	EQU 	359
ENDIF2 	EQU 	147
ENDIF5 	EQU 	190
ENDIF6 	EQU 	222
ENDIF7 	EQU 	254
ENDIF8 	EQU 	185
ENDIF9 	EQU 	217
F 	EQU 	1
FERR 	EQU 	2
FREE 	EQU 	4
FSR0 	EQU 	4
FSR0H 	EQU 	5
FSR0H_SHAD 	EQU 	4073
FSR0L 	EQU 	4
FSR0L_SHAD 	EQU 	4072
FSR1 	EQU 	6
FSR1H 	EQU 	7
FSR1H_SHAD 	EQU 	4075
FSR1L 	EQU 	6
FSR1L_SHAD 	EQU 	4074
FVRCON 	EQU 	279
FVREN 	EQU 	7
FVRRDY 	EQU 	6
GCEN 	EQU 	7
GIE 	EQU 	7
GO 	EQU 	1
GO_DONE 	EQU 	1
GO_NOT_DONE 	EQU 	1
HFIOFL 	EQU 	3
HFIOFR 	EQU 	4
HFIOFS 	EQU 	0
HPWM 	EQU 	110
INDF0 	EQU 	0
INDF1 	EQU 	1
INITPWM 	EQU 	256
INITSYS 	EQU 	272
INTCON 	EQU 	11
INTE 	EQU 	4
INTEDG 	EQU 	6
INTF 	EQU 	1
IOCBF 	EQU 	918
IOCBF0 	EQU 	0
IOCBF1 	EQU 	1
IOCBF2 	EQU 	2
IOCBF3 	EQU 	3
IOCBF4 	EQU 	4
IOCBF5 	EQU 	5
IOCBF6 	EQU 	6
IOCBF7 	EQU 	7
IOCBN 	EQU 	917
IOCBN0 	EQU 	0
IOCBN1 	EQU 	1
IOCBN2 	EQU 	2
IOCBN3 	EQU 	3
IOCBN4 	EQU 	4
IOCBN5 	EQU 	5
IOCBN6 	EQU 	6
IOCBN7 	EQU 	7
IOCBP 	EQU 	916
IOCBP0 	EQU 	0
IOCBP1 	EQU 	1
IOCBP2 	EQU 	2
IOCBP3 	EQU 	3
IOCBP4 	EQU 	4
IOCBP5 	EQU 	5
IOCBP6 	EQU 	6
IOCBP7 	EQU 	7
IOCIE 	EQU 	3
IOCIF 	EQU 	0
IRCF0 	EQU 	3
IRCF1 	EQU 	4
IRCF2 	EQU 	5
IRCF3 	EQU 	6
LATA 	EQU 	268
LATA0 	EQU 	0
LATA1 	EQU 	1
LATA2 	EQU 	2
LATA3 	EQU 	3
LATA4 	EQU 	4
LATA5 	EQU 	5
LATA6 	EQU 	6
LATA7 	EQU 	7
LATB 	EQU 	269
LATB0 	EQU 	0
LATB1 	EQU 	1
LATB2 	EQU 	2
LATB3 	EQU 	3
LATB4 	EQU 	4
LATB5 	EQU 	5
LATB6 	EQU 	6
LATB7 	EQU 	7
LATC 	EQU 	270
LATC0 	EQU 	0
LATC1 	EQU 	1
LATC2 	EQU 	2
LATC3 	EQU 	3
LATC4 	EQU 	4
LATC5 	EQU 	5
LATC6 	EQU 	6
LATC7 	EQU 	7
LATE 	EQU 	272
LATE3 	EQU 	3
LCDA 	EQU 	5
LCDCON 	EQU 	1937
LCDCST 	EQU 	1940
LCDCST0 	EQU 	0
LCDCST1 	EQU 	1
LCDCST2 	EQU 	2
LCDDATA0 	EQU 	1952
LCDDATA1 	EQU 	1953
LCDDATA10 	EQU 	1962
LCDDATA3 	EQU 	1955
LCDDATA4 	EQU 	1956
LCDDATA6 	EQU 	1958
LCDDATA7 	EQU 	1959
LCDDATA9 	EQU 	1961
LCDEN 	EQU 	7
LCDIE 	EQU 	2
LCDIF 	EQU 	2
LCDIRE 	EQU 	7
LCDIRI 	EQU 	5
LCDIRS 	EQU 	6
LCDPS 	EQU 	1938
LCDREF 	EQU 	1939
LCDRL 	EQU 	1941
LCDSE0 	EQU 	1944
LCDSE1 	EQU 	1945
LFIOFR 	EQU 	1
LMUX0 	EQU 	0
LMUX1 	EQU 	1
LP0 	EQU 	0
LP1 	EQU 	1
LP2 	EQU 	2
LP3 	EQU 	3
LRLAP0 	EQU 	6
LRLAP1 	EQU 	7
LRLAT0 	EQU 	0
LRLAT1 	EQU 	1
LRLAT2 	EQU 	2
LRLBP0 	EQU 	4
LRLBP1 	EQU 	5
LWLO 	EQU 	5
MC1OUT 	EQU 	0
MC2OUT 	EQU 	1
MFIOFR 	EQU 	2
MUL16LOOP 	EQU 	380
NOT_BOR 	EQU 	0
NOT_DONE 	EQU 	1
NOT_PD 	EQU 	3
NOT_POR 	EQU 	1
NOT_RI 	EQU 	2
NOT_RMCLR 	EQU 	3
NOT_T1SYNC 	EQU 	2
NOT_TO 	EQU 	4
NOT_WPUEN 	EQU 	7
OERR 	EQU 	1
OPTION_REG 	EQU 	149
OSCCON 	EQU 	153
OSCSTAT 	EQU 	154
OSCTUNE 	EQU 	152
OSFIE 	EQU 	7
OSFIF 	EQU 	7
OSTS 	EQU 	5
P 	EQU 	4
P1DC0 	EQU 	0
P1DC1 	EQU 	1
P1DC2 	EQU 	2
P1DC3 	EQU 	3
P1DC4 	EQU 	4
P1DC5 	EQU 	5
P1DC6 	EQU 	6
P1M0 	EQU 	6
P1M1 	EQU 	7
P1RSEN 	EQU 	7
P2BSEL 	EQU 	4
P2DC0 	EQU 	0
P2DC1 	EQU 	1
P2DC2 	EQU 	2
P2DC3 	EQU 	3
P2DC4 	EQU 	4
P2DC5 	EQU 	5
P2DC6 	EQU 	6
P2M0 	EQU 	6
P2M1 	EQU 	7
P2RSEN 	EQU 	7
P3DC0 	EQU 	0
P3DC1 	EQU 	1
P3DC2 	EQU 	2
P3DC3 	EQU 	3
P3DC4 	EQU 	4
P3DC5 	EQU 	5
P3DC6 	EQU 	6
P3M0 	EQU 	6
P3M1 	EQU 	7
P3RSEN 	EQU 	7
PCIE 	EQU 	6
PCL 	EQU 	2
PCLATH 	EQU 	10
PCLATH_SHAD 	EQU 	4071
PCON 	EQU 	150
PEIE 	EQU 	6
PEN 	EQU 	2
PIE1 	EQU 	145
PIE2 	EQU 	146
PIE3 	EQU 	147
PIR1 	EQU 	17
PIR2 	EQU 	18
PIR3 	EQU 	19
PLLR 	EQU 	6
PORTA 	EQU 	12
PORTB 	EQU 	13
PORTC 	EQU 	14
PORTE 	EQU 	16
PR2 	EQU 	27
PR2_TEMP 	EQU 	34
PR2_TEMP_H 	EQU 	35
PR4 	EQU 	1046
PR6 	EQU 	1053
PS0 	EQU 	0
PS1 	EQU 	1
PS2 	EQU 	2
PSA 	EQU 	3
PSS1AC0 	EQU 	2
PSS1AC1 	EQU 	3
PSS1BD0 	EQU 	0
PSS1BD1 	EQU 	1
PSS2AC0 	EQU 	2
PSS2AC1 	EQU 	3
PSS2BD0 	EQU 	0
PSS2BD1 	EQU 	1
PSS3AC0 	EQU 	2
PSS3AC1 	EQU 	3
PSS3BD0 	EQU 	0
PSS3BD1 	EQU 	1
PSTR1CON 	EQU 	662
PSTR2CON 	EQU 	669
PSTR3CON 	EQU 	790
PWM1CON 	EQU 	660
PWM2CON 	EQU 	667
PWM3CON 	EQU 	788
PWMCHANNEL 	EQU 	37
PWMDUTY 	EQU 	38
PWMFREQ 	EQU 	39
RA0 	EQU 	0
RA1 	EQU 	1
RA2 	EQU 	2
RA3 	EQU 	3
RA4 	EQU 	4
RA5 	EQU 	5
RA6 	EQU 	6
RA7 	EQU 	7
RB0 	EQU 	0
RB1 	EQU 	1
RB2 	EQU 	2
RB3 	EQU 	3
RB4 	EQU 	4
RB5 	EQU 	5
RB6 	EQU 	6
RB7 	EQU 	7
RC0 	EQU 	0
RC1 	EQU 	1
RC2 	EQU 	2
RC3 	EQU 	3
RC4 	EQU 	4
RC5 	EQU 	5
RC6 	EQU 	6
RC7 	EQU 	7
RCEN 	EQU 	3
RCIDL 	EQU 	6
RCIE 	EQU 	5
RCIF 	EQU 	5
RCREG 	EQU 	409
RCSTA 	EQU 	413
RD 	EQU 	0
RE3 	EQU 	3
RSEN 	EQU 	1
RX9 	EQU 	6
RX9D 	EQU 	0
R_NOT_W 	EQU 	2
S 	EQU 	3
SBCDE 	EQU 	2
SBOREN 	EQU 	7
SCIE 	EQU 	5
SCKP 	EQU 	4
SCLT16TRUE 	EQU 	316
SCS0 	EQU 	0
SCS1 	EQU 	1
SDAHT 	EQU 	3
SE0 	EQU 	0
SE1 	EQU 	1
SE10 	EQU 	2
SE11 	EQU 	3
SE12 	EQU 	4
SE13 	EQU 	5
SE14 	EQU 	6
SE15 	EQU 	7
SE2 	EQU 	2
SE3 	EQU 	3
SE4 	EQU 	4
SE5 	EQU 	5
SE6 	EQU 	6
SE7 	EQU 	7
SE8 	EQU 	0
SE9 	EQU 	1
SEG0COM0 	EQU 	0
SEG0COM1 	EQU 	0
SEG0COM2 	EQU 	0
SEG0COM3 	EQU 	0
SEG10COM0 	EQU 	2
SEG10COM1 	EQU 	2
SEG10COM2 	EQU 	2
SEG10COM3 	EQU 	2
SEG11COM0 	EQU 	3
SEG11COM1 	EQU 	3
SEG11COM2 	EQU 	3
SEG11COM3 	EQU 	3
SEG12COM0 	EQU 	4
SEG12COM1 	EQU 	4
SEG12COM2 	EQU 	4
SEG12COM3 	EQU 	4
SEG13COM0 	EQU 	5
SEG13COM1 	EQU 	5
SEG13COM2 	EQU 	5
SEG13COM3 	EQU 	5
SEG14COM0 	EQU 	6
SEG14COM1 	EQU 	6
SEG14COM2 	EQU 	6
SEG14COM3 	EQU 	6
SEG15COM0 	EQU 	7
SEG15COM1 	EQU 	7
SEG15COM2 	EQU 	7
SEG15COM3 	EQU 	7
SEG1COM0 	EQU 	1
SEG1COM1 	EQU 	1
SEG1COM2 	EQU 	1
SEG1COM3 	EQU 	1
SEG2COM0 	EQU 	2
SEG2COM1 	EQU 	2
SEG2COM2 	EQU 	2
SEG2COM3 	EQU 	2
SEG3COM0 	EQU 	3
SEG3COM1 	EQU 	3
SEG3COM2 	EQU 	3
SEG3COM3 	EQU 	3
SEG4COM0 	EQU 	4
SEG4COM1 	EQU 	4
SEG4COM2 	EQU 	4
SEG4COM3 	EQU 	4
SEG5COM0 	EQU 	5
SEG5COM1 	EQU 	5
SEG5COM2 	EQU 	5
SEG5COM3 	EQU 	5
SEG6COM0 	EQU 	6
SEG6COM1 	EQU 	6
SEG6COM2 	EQU 	6
SEG6COM3 	EQU 	6
SEG7COM0 	EQU 	7
SEG7COM1 	EQU 	7
SEG7COM2 	EQU 	7
SEG7COM3 	EQU 	7
SEG8COM0 	EQU 	0
SEG8COM1 	EQU 	0
SEG8COM2 	EQU 	0
SEG8COM3 	EQU 	0
SEG9COM0 	EQU 	1
SEG9COM1 	EQU 	1
SEG9COM2 	EQU 	1
SEG9COM3 	EQU 	1
SEN 	EQU 	0
SENDB 	EQU 	3
SLPEN 	EQU 	6
SMP 	EQU 	7
SPBRG 	EQU 	411
SPBRGH 	EQU 	412
SPBRGL 	EQU 	411
SPEN 	EQU 	7
SPLLEN 	EQU 	7
SRCLK0 	EQU 	4
SRCLK1 	EQU 	5
SRCLK2 	EQU 	6
SRCON0 	EQU 	282
SRCON1 	EQU 	283
SREN 	EQU 	5
SRLEN 	EQU 	7
SRNQEN 	EQU 	2
SRNQSEL 	EQU 	3
SRPR 	EQU 	0
SRPS 	EQU 	1
SRQEN 	EQU 	3
SRRC1E 	EQU 	0
SRRC2E 	EQU 	1
SRRCKE 	EQU 	2
SRRPE 	EQU 	3
SRSC1E 	EQU 	4
SRSC2E 	EQU 	5
SRSCKE 	EQU 	6
SRSPE 	EQU 	7
SSPADD 	EQU 	530
SSPBUF 	EQU 	529
SSPCON 	EQU 	533
SSPCON1 	EQU 	533
SSPCON1_CKP 	EQU 	4
SSPCON1_SSPEN 	EQU 	5
SSPCON1_SSPM0 	EQU 	0
SSPCON1_SSPM1 	EQU 	1
SSPCON1_SSPM2 	EQU 	2
SSPCON1_SSPM3 	EQU 	3
SSPCON1_SSPOV 	EQU 	6
SSPCON1_WCOL 	EQU 	7
SSPCON2 	EQU 	534
SSPCON3 	EQU 	535
SSPEN 	EQU 	5
SSPIE 	EQU 	3
SSPIF 	EQU 	3
SSPM0 	EQU 	0
SSPM1 	EQU 	1
SSPM2 	EQU 	2
SSPM3 	EQU 	3
SSPMSK 	EQU 	531
SSPOV 	EQU 	6
SSPSTAT 	EQU 	532
SSSEL 	EQU 	1
STATUS 	EQU 	3
STATUS_SHAD 	EQU 	4068
STKOVF 	EQU 	7
STKPTR 	EQU 	4077
STKUNF 	EQU 	6
STR1A 	EQU 	0
STR1B 	EQU 	1
STR1C 	EQU 	2
STR1D 	EQU 	3
STR1SYNC 	EQU 	4
STR2A 	EQU 	0
STR2B 	EQU 	1
STR2C 	EQU 	2
STR2D 	EQU 	3
STR2SYNC 	EQU 	4
STR3A 	EQU 	0
STR3B 	EQU 	1
STR3C 	EQU 	2
STR3D 	EQU 	3
STR3SYNC 	EQU 	4
SWDTEN 	EQU 	0
SYNC 	EQU 	4
SYSBYTETEMPX 	EQU 	112
SYSCOMPEQUAL16 	EQU 	292
SYSCOMPLESSTHAN16 	EQU 	303
SYSDIV16START 	EQU 	342
SYSDIVLOOP 	EQU 	116
SYSDIVMULTA 	EQU 	119
SYSDIVMULTA_H 	EQU 	120
SYSDIVMULTB 	EQU 	123
SYSDIVMULTB_H 	EQU 	124
SYSDIVMULTX 	EQU 	114
SYSDIVMULTX_H 	EQU 	115
SYSDIVSUB16 	EQU 	318
SYSDOLOOP_E1 	EQU 	93
SYSDOLOOP_E2 	EQU 	30
SYSDOLOOP_E3 	EQU 	92
SYSDOLOOP_S1 	EQU 	12
SYSDOLOOP_S2 	EQU 	12
SYSDOLOOP_S3 	EQU 	74
SYSMULTSUB16 	EQU 	370
SYSTEMP1 	EQU 	40
SYSWAITTEMPMS 	EQU 	114
SYSWAITTEMPMS_H 	EQU 	115
SYSWORDTEMPA 	EQU 	117
SYSWORDTEMPA_H 	EQU 	118
SYSWORDTEMPB 	EQU 	121
SYSWORDTEMPB_H 	EQU 	122
SYSWORDTEMPX 	EQU 	112
SYSWORDTEMPX_H 	EQU 	113
T0CS 	EQU 	5
T0IE 	EQU 	5
T0IF 	EQU 	2
T0SE 	EQU 	4
T0XCS 	EQU 	0
T1CKPS0 	EQU 	4
T1CKPS1 	EQU 	5
T1CON 	EQU 	24
T1GCON 	EQU 	25
T1GGO 	EQU 	3
T1GGO_NOT_DONE 	EQU 	3
T1GPOL 	EQU 	6
T1GSEL 	EQU 	5
T1GSPM 	EQU 	4
T1GSS0 	EQU 	0
T1GSS1 	EQU 	1
T1GTM 	EQU 	5
T1GVAL 	EQU 	2
T1OSCEN 	EQU 	3
T1OSCR 	EQU 	7
T2CKPS0 	EQU 	0
T2CKPS1 	EQU 	1
T2CON 	EQU 	28
T2OUTPS0 	EQU 	3
T2OUTPS1 	EQU 	4
T2OUTPS2 	EQU 	5
T2OUTPS3 	EQU 	6
T2_PR 	EQU 	41
T4CKPS0 	EQU 	0
T4CKPS1 	EQU 	1
T4CON 	EQU 	1047
T4OUTPS0 	EQU 	3
T4OUTPS1 	EQU 	4
T4OUTPS2 	EQU 	5
T4OUTPS3 	EQU 	6
T6CKPS0 	EQU 	0
T6CKPS1 	EQU 	1
T6CON 	EQU 	1054
T6OUTPS0 	EQU 	3
T6OUTPS1 	EQU 	4
T6OUTPS2 	EQU 	5
T6OUTPS3 	EQU 	6
TEMPVAR 	EQU 	42
TEMPVAR_H 	EQU 	43
TMR0 	EQU 	21
TMR0CS 	EQU 	5
TMR0IE 	EQU 	5
TMR0IF 	EQU 	2
TMR0SE 	EQU 	4
TMR1 	EQU 	22
TMR1CS0 	EQU 	6
TMR1CS1 	EQU 	7
TMR1GE 	EQU 	7
TMR1GIE 	EQU 	7
TMR1GIF 	EQU 	7
TMR1H 	EQU 	23
TMR1IE 	EQU 	0
TMR1IF 	EQU 	0
TMR1L 	EQU 	22
TMR1ON 	EQU 	0
TMR2 	EQU 	26
TMR2IE 	EQU 	1
TMR2IF 	EQU 	1
TMR2ON 	EQU 	2
TMR4 	EQU 	1045
TMR4IE 	EQU 	1
TMR4IF 	EQU 	1
TMR4ON 	EQU 	2
TMR6 	EQU 	1052
TMR6IE 	EQU 	3
TMR6IF 	EQU 	3
TMR6ON 	EQU 	2
TOSH 	EQU 	4079
TOSL 	EQU 	4078
TRISA 	EQU 	140
TRISA0 	EQU 	0
TRISA1 	EQU 	1
TRISA2 	EQU 	2
TRISA3 	EQU 	3
TRISA4 	EQU 	4
TRISA5 	EQU 	5
TRISA6 	EQU 	6
TRISA7 	EQU 	7
TRISB 	EQU 	141
TRISB0 	EQU 	0
TRISB1 	EQU 	1
TRISB2 	EQU 	2
TRISB3 	EQU 	3
TRISB4 	EQU 	4
TRISB5 	EQU 	5
TRISB6 	EQU 	6
TRISB7 	EQU 	7
TRISC 	EQU 	142
TRISC0 	EQU 	0
TRISC1 	EQU 	1
TRISC2 	EQU 	2
TRISC3 	EQU 	3
TRISC4 	EQU 	4
TRISC5 	EQU 	5
TRISC6 	EQU 	6
TRISC7 	EQU 	7
TRISE 	EQU 	144
TRISE3 	EQU 	3
TRMT 	EQU 	1
TSEN 	EQU 	5
TSRNG 	EQU 	4
TUN0 	EQU 	0
TUN1 	EQU 	1
TUN2 	EQU 	2
TUN3 	EQU 	3
TUN4 	EQU 	4
TUN5 	EQU 	5
TX9 	EQU 	6
TX9D 	EQU 	0
TXEN 	EQU 	5
TXIE 	EQU 	4
TXIF 	EQU 	4
TXREG 	EQU 	410
TXSTA 	EQU 	414
UA 	EQU 	1
VLCD1PE 	EQU 	1
VLCD2PE 	EQU 	2
VLCD3PE 	EQU 	3
W 	EQU 	0
WA 	EQU 	4
WCOL 	EQU 	7
WDTCON 	EQU 	151
WDTPS0 	EQU 	1
WDTPS1 	EQU 	2
WDTPS2 	EQU 	3
WDTPS3 	EQU 	4
WDTPS4 	EQU 	5
WERR 	EQU 	5
WFT 	EQU 	7
WPUB 	EQU 	525
WPUB0 	EQU 	0
WPUB1 	EQU 	1
WPUB2 	EQU 	2
WPUB3 	EQU 	3
WPUB4 	EQU 	4
WPUB5 	EQU 	5
WPUB6 	EQU 	6
WPUB7 	EQU 	7
WPUE 	EQU 	528
WPUE3 	EQU 	3
WR 	EQU 	1
WREG 	EQU 	9
WREG_SHAD 	EQU 	4069
WREN 	EQU 	2
WRERR 	EQU 	3
WUE 	EQU 	1
Z 	EQU 	2
Z_SHAD 	EQU 	2
_BOREN_SBODEN 	EQU 	64511

Code:
Loc	Obj Code	Original Assembly






























000000	2805	GOTO BASPROGRAMSTART

000004	0009	RETFIE



		BASPROGRAMSTART
000005	2110	CALL INITSYS
000006	2100	CALL INITPWM

000000	0021	BANKSEL TRISC
000008	110E	BCF TRISC,2
000009	300A	MOVLW 10
000000	0020	BANKSEL DUTY
00000B	00A1	MOVWF DUTY
		SYSDOLOOP_S1
		SYSDOLOOP_S2
00000C	3078	MOVLW 120
00000D	0221	SUBWF DUTY,W
00000E	1803	BTFSC STATUS, C
00000F	281E	GOTO SYSDOLOOP_E2
000010	3004	MOVLW 4
000011	07A1	ADDWF DUTY,F
000012	3001	MOVLW 1
000013	00A5	MOVWF PWMCHANNEL
000014	3002	MOVLW 2
000015	00A7	MOVWF PWMFREQ
000016	0821	MOVF DUTY,W
000017	00A6	MOVWF PWMDUTY
000018	206E	CALL HPWM
000019	3014	MOVLW 20
00001A	00F2	MOVWF SYSWAITTEMPMS
00001B	01F3	CLRF SYSWAITTEMPMS_H
00001C	2060	CALL DELAY_MS
00001D	280C	GOTO SYSDOLOOP_S2
		SYSDOLOOP_E2
00001E	3001	MOVLW 1
00001F	00A5	MOVWF PWMCHANNEL
000020	3002	MOVLW 2
000021	00A7	MOVWF PWMFREQ
000022	30FF	MOVLW 255
000023	00A6	MOVWF PWMDUTY
000024	206E	CALL HPWM
000025	306E	MOVLW 110
000026	00F2	MOVWF SYSWAITTEMPMS
000027	01F3	CLRF SYSWAITTEMPMS_H
000028	2060	CALL DELAY_MS
000029	3001	MOVLW 1
00002A	00A5	MOVWF PWMCHANNEL
00002B	3002	MOVLW 2
00002C	00A7	MOVWF PWMFREQ
00002D	3078	MOVLW 120
00002E	00A6	MOVWF PWMDUTY
00002F	206E	CALL HPWM
000030	306E	MOVLW 110
000031	00F2	MOVWF SYSWAITTEMPMS
000032	01F3	CLRF SYSWAITTEMPMS_H
000033	2060	CALL DELAY_MS
000034	3001	MOVLW 1
000035	00A5	MOVWF PWMCHANNEL
000036	3002	MOVLW 2
000037	00A7	MOVWF PWMFREQ
000038	30FF	MOVLW 255
000039	00A6	MOVWF PWMDUTY
00003A	206E	CALL HPWM
00003B	306E	MOVLW 110
00003C	00F2	MOVWF SYSWAITTEMPMS
00003D	01F3	CLRF SYSWAITTEMPMS_H
00003E	2060	CALL DELAY_MS
00003F	3001	MOVLW 1
000040	00A5	MOVWF PWMCHANNEL
000041	3002	MOVLW 2
000042	00A7	MOVWF PWMFREQ
000043	3078	MOVLW 120
000044	00A6	MOVWF PWMDUTY
000045	206E	CALL HPWM
000046	306E	MOVLW 110
000047	00F2	MOVWF SYSWAITTEMPMS
000048	01F3	CLRF SYSWAITTEMPMS_H
000049	2060	CALL DELAY_MS
		SYSDOLOOP_S3
00004A	0821	MOVF DUTY,W
00004B	3C0A	SUBLW 10
00004C	1803	BTFSC STATUS, C
00004D	285C	GOTO SYSDOLOOP_E3
00004E	3004	MOVLW 4
00004F	02A1	SUBWF DUTY,F
000050	3001	MOVLW 1
000051	00A5	MOVWF PWMCHANNEL
000052	3002	MOVLW 2
000053	00A7	MOVWF PWMFREQ
000054	0821	MOVF DUTY,W
000055	00A6	MOVWF PWMDUTY
000056	206E	CALL HPWM
000057	3014	MOVLW 20
000058	00F2	MOVWF SYSWAITTEMPMS
000059	01F3	CLRF SYSWAITTEMPMS_H
00005A	2060	CALL DELAY_MS
00005B	284A	GOTO SYSDOLOOP_S3
		SYSDOLOOP_E3
00005C	280C	GOTO SYSDOLOOP_S1
		SYSDOLOOP_E1
00005D	285E	GOTO BASPROGRAMEND
		BASPROGRAMEND
00005E	0063	SLEEP
00005F	285E	GOTO BASPROGRAMEND


		DELAY_MS
000060	0AF3	INCF SYSWAITTEMPMS_H, F
		DMS_START
000061	3004	MOVLW 4
000062	00F1	MOVWF DELAYTEMP2
		DMS_OUTER
000063	30A5	MOVLW 165
000064	00F0	MOVWF DELAYTEMP
		DMS_INNER
000065	0BF0	DECFSZ DELAYTEMP, F
000066	2865	GOTO DMS_INNER
000067	0BF1	DECFSZ DELAYTEMP2, F
000068	2863	GOTO DMS_OUTER
000069	0BF2	DECFSZ SYSWAITTEMPMS, F
00006A	2861	GOTO DMS_START
00006B	0BF3	DECFSZ SYSWAITTEMPMS_H, F
00006C	2861	GOTO DMS_START
00006D	0008	RETURN


		HPWM
00006E	3001	MOVLW 1
00006F	00A9	MOVWF T2_PR
000070	30D0	MOVLW 208
000071	00F5	MOVWF SYSWORDTEMPA
000072	3007	MOVLW 7
000073	00F6	MOVWF SYSWORDTEMPA_H
000074	0827	MOVF PWMFREQ,W
000075	00F9	MOVWF SYSWORDTEMPB
000076	01FA	CLRF SYSWORDTEMPB_H
000077	213E	CALL SYSDIVSUB16
000078	0875	MOVF SYSWORDTEMPA,W
000079	00A2	MOVWF PR2_TEMP
00007A	0876	MOVF SYSWORDTEMPA_H,W
00007B	00A3	MOVWF PR2_TEMP_H
00007C	3C00	SUBLW 0
00007D	1803	BTFSC STATUS, C
00007E	2887	GOTO ENDIF1
00007F	3004	MOVLW 4
000080	00A9	MOVWF T2_PR
000081	1003	BCF STATUS,C
000082	0CA3	RRF PR2_TEMP_H,F
000083	0CA2	RRF PR2_TEMP,F
000084	1003	BCF STATUS,C
000085	0CA3	RRF PR2_TEMP_H,F
000086	0CA2	RRF PR2_TEMP,F
		ENDIF1
000087	0823	MOVF PR2_TEMP_H,W
000088	3C00	SUBLW 0
000089	1803	BTFSC STATUS, C
00008A	2893	GOTO ENDIF2
00008B	3010	MOVLW 16
00008C	00A9	MOVWF T2_PR
00008D	1003	BCF STATUS,C
00008E	0CA3	RRF PR2_TEMP_H,F
00008F	0CA2	RRF PR2_TEMP,F
000090	1003	BCF STATUS,C
000091	0CA3	RRF PR2_TEMP_H,F
000092	0CA2	RRF PR2_TEMP,F
		ENDIF2
000093	0822	MOVF PR2_TEMP,W
000094	009B	MOVWF PR2
000095	101C	BCF T2CON,T2CKPS0
000096	109C	BCF T2CON,T2CKPS1
000097	3004	MOVLW 4
000098	0229	SUBWF T2_PR,W
000099	1903	BTFSC STATUS, Z
00009A	141C	BSF T2CON,T2CKPS0
00009B	3010	MOVLW 16
00009C	0229	SUBWF T2_PR,W
00009D	1903	BTFSC STATUS, Z
00009E	149C	BSF T2CON,T2CKPS1
00009F	151C	BSF T2CON,TMR2ON
0000A0	0325	DECF PWMCHANNEL,W
0000A1	1D03	BTFSS STATUS, Z
0000A2	28BE	GOTO ENDIF5
0000A3	3002	MOVLW 2
0000A4	071B	ADDWF PR2,W
0000A5	00A8	MOVWF SYSTEMP1
0000A6	0826	MOVF PWMDUTY,W
0000A7	00F5	MOVWF SYSWORDTEMPA
0000A8	01F6	CLRF SYSWORDTEMPA_H
0000A9	0828	MOVF SYSTEMP1,W
0000AA	00F9	MOVWF SYSWORDTEMPB
0000AB	01FA	CLRF SYSWORDTEMPB_H
0000AC	2172	CALL SYSMULTSUB16
0000AD	0870	MOVF SYSWORDTEMPX,W
0000AE	00A2	MOVWF PR2_TEMP
0000AF	0871	MOVF SYSWORDTEMPX_H,W
0000B0	00A3	MOVWF PR2_TEMP_H
000000	0025	BANKSEL CCPR1L
0000B2	0091	MOVWF CCPR1L
000000	0020	BANKSEL PWMDUTY
0000B4	08A6	MOVF PWMDUTY,F
0000B5	1D03	BTFSS STATUS, Z
0000B6	28B9	GOTO ENDIF8
000000	0025	BANKSEL CCPR1L
0000B8	0191	CLRF CCPR1L
		ENDIF8
000000	0025	BANKSEL CCP1CON
0000BA	1593	BSF CCP1CON,CCP1M3
0000BB	1513	BSF CCP1CON,CCP1M2
0000BC	1093	BCF CCP1CON,CCP1M1
0000BD	1013	BCF CCP1CON,CCP1M0
		ENDIF5
0000BE	3002	MOVLW 2
000000	0020	BANKSEL PWMCHANNEL
0000C0	0225	SUBWF PWMCHANNEL,W
0000C1	1D03	BTFSS STATUS, Z
0000C2	28DE	GOTO ENDIF6
0000C3	3002	MOVLW 2
0000C4	071B	ADDWF PR2,W
0000C5	00A8	MOVWF SYSTEMP1
0000C6	0826	MOVF PWMDUTY,W
0000C7	00F5	MOVWF SYSWORDTEMPA
0000C8	01F6	CLRF SYSWORDTEMPA_H
0000C9	0828	MOVF SYSTEMP1,W
0000CA	00F9	MOVWF SYSWORDTEMPB
0000CB	01FA	CLRF SYSWORDTEMPB_H
0000CC	2172	CALL SYSMULTSUB16
0000CD	0870	MOVF SYSWORDTEMPX,W
0000CE	00A2	MOVWF PR2_TEMP
0000CF	0871	MOVF SYSWORDTEMPX_H,W
0000D0	00A3	MOVWF PR2_TEMP_H
000000	0025	BANKSEL CCPR1L
0000D2	0091	MOVWF CCPR1L
000000	0020	BANKSEL PWMDUTY
0000D4	08A6	MOVF PWMDUTY,F
0000D5	1D03	BTFSS STATUS, Z
0000D6	28D9	GOTO ENDIF9
000000	0025	BANKSEL CCPR1L
0000D8	0191	CLRF CCPR1L
		ENDIF9
000000	0025	BANKSEL CCP2CON
0000DA	159A	BSF CCP2CON,CCP1M3
0000DB	151A	BSF CCP2CON,CCP1M2
0000DC	109A	BCF CCP2CON,CCP1M1
0000DD	101A	BCF CCP2CON,CCP1M0
		ENDIF6
0000DE	3003	MOVLW 3
000000	0020	BANKSEL PWMCHANNEL
0000E0	0225	SUBWF PWMCHANNEL,W
0000E1	1D03	BTFSS STATUS, Z
0000E2	28FE	GOTO ENDIF7
0000E3	3002	MOVLW 2
0000E4	071B	ADDWF PR2,W
0000E5	00A8	MOVWF SYSTEMP1
0000E6	0826	MOVF PWMDUTY,W
0000E7	00F5	MOVWF SYSWORDTEMPA
0000E8	01F6	CLRF SYSWORDTEMPA_H
0000E9	0828	MOVF SYSTEMP1,W
0000EA	00F9	MOVWF SYSWORDTEMPB
0000EB	01FA	CLRF SYSWORDTEMPB_H
0000EC	2172	CALL SYSMULTSUB16
0000ED	0870	MOVF SYSWORDTEMPX,W
0000EE	00A2	MOVWF PR2_TEMP
0000EF	0871	MOVF SYSWORDTEMPX_H,W
0000F0	00A3	MOVWF PR2_TEMP_H
000000	0025	BANKSEL CCPR1L
0000F2	0091	MOVWF CCPR1L
000000	0020	BANKSEL PWMDUTY
0000F4	08A6	MOVF PWMDUTY,F
0000F5	1D03	BTFSS STATUS, Z
0000F6	28F9	GOTO ENDIF10
000000	0025	BANKSEL CCPR1L
0000F8	0191	CLRF CCPR1L
		ENDIF10
000000	0026	BANKSEL CCP3CON
0000FA	1593	BSF CCP3CON,CCP1M3
0000FB	1513	BSF CCP3CON,CCP1M2
0000FC	1093	BCF CCP3CON,CCP1M1
0000FD	1013	BCF CCP3CON,CCP1M0
		ENDIF7
000000	0020	BANKSEL STATUS
0000FF	0008	RETURN


		INITPWM
000100	3034	MOVLW 52
000101	009B	MOVWF PR2
000102	101C	BCF T2CON,T2CKPS0
000103	109C	BCF T2CON,T2CKPS1
000104	301A	MOVLW 26
000000	0025	BANKSEL CCPR1L
000106	0091	MOVWF CCPR1L
000000	0020	BANKSEL CCPCONCACHE
000108	16A0	BSF CCPCONCACHE,DC1B1
000109	1220	BCF CCPCONCACHE,DC1B0
00010A	15A0	BSF CCPCONCACHE,CCP1M3
00010B	1520	BSF CCPCONCACHE,CCP1M2
00010C	10A0	BCF CCPCONCACHE,CCP1M1
00010D	1020	BCF CCPCONCACHE,CCP1M0
00010E	151C	BSF T2CON,TMR2ON
00010F	0008	RETURN


		INITSYS
000000	0021	BANKSEL OSCCON
000111	1719	BSF OSCCON,IRCF3
000112	1699	BSF OSCCON,IRCF2
000113	1619	BSF OSCCON,IRCF1
000114	1199	BCF OSCCON,IRCF0
000115	1399	BCF OSCCON,SPLLEN
000116	101D	BCF ADCON0,ADON
000117	139E	BCF ADCON1,ADFM
000000	0023	BANKSEL ANSELA
000119	018C	CLRF ANSELA
00011A	018D	CLRF ANSELB
000000	0022	BANKSEL CM2CON0
00011C	1393	BCF CM2CON0,C2ON
00011D	1391	BCF CM1CON0,C1ON
000000	0020	BANKSEL PORTA
00011F	018C	CLRF PORTA
000120	018D	CLRF PORTB
000121	018E	CLRF PORTC
000122	0190	CLRF PORTE
000123	0008	RETURN


		SYSCOMPEQUAL16
000124	01F0	CLRF SYSBYTETEMPX
000125	0875	MOVF SYSWORDTEMPA, W
000126	0279	SUBWF SYSWORDTEMPB, W
000127	1D03	BTFSS STATUS, Z
000128	0008	RETURN
000129	0876	MOVF SYSWORDTEMPA_H, W
00012A	027A	SUBWF SYSWORDTEMPB_H, W
00012B	1D03	BTFSS STATUS, Z
00012C	0008	RETURN
00012D	09F0	COMF SYSBYTETEMPX,F
00012E	0008	RETURN


		SYSCOMPLESSTHAN16
00012F	01F0	CLRF SYSBYTETEMPX
000130	0876	MOVF SYSWORDTEMPA_H,W
000131	027A	SUBWF SYSWORDTEMPB_H,W
000132	1C03	BTFSS STATUS,C
000133	0008	RETURN
000134	087A	MOVF SYSWORDTEMPB_H,W
000135	0276	SUBWF SYSWORDTEMPA_H,W
000136	1C03	BTFSS STATUS,C
000137	293C	GOTO SCLT16TRUE
000138	0879	MOVF SYSWORDTEMPB,W
000139	0275	SUBWF SYSWORDTEMPA,W
00013A	1803	BTFSC STATUS,C
00013B	0008	RETURN
		SCLT16TRUE
00013C	09F0	COMF SYSBYTETEMPX,F
00013D	0008	RETURN


		SYSDIVSUB16
00013E	0875	MOVF SYSWORDTEMPA,W
00013F	00F7	MOVWF SYSDIVMULTA
000140	0876	MOVF SYSWORDTEMPA_H,W
000141	00F8	MOVWF SYSDIVMULTA_H
000142	0879	MOVF SYSWORDTEMPB,W
000143	00FB	MOVWF SYSDIVMULTB
000144	087A	MOVF SYSWORDTEMPB_H,W
000145	00FC	MOVWF SYSDIVMULTB_H
000146	01F2	CLRF SYSDIVMULTX
000147	01F3	CLRF SYSDIVMULTX_H
000148	087B	MOVF SYSDIVMULTB,W
000149	00F5	MOVWF SYSWORDTEMPA
00014A	087C	MOVF SYSDIVMULTB_H,W
00014B	00F6	MOVWF SYSWORDTEMPA_H
00014C	01F9	CLRF SYSWORDTEMPB
00014D	01FA	CLRF SYSWORDTEMPB_H
00014E	2124	CALL SYSCOMPEQUAL16
00014F	1C70	BTFSS SYSBYTETEMPX,0
000150	2954	GOTO ENDIF13
000151	01F5	CLRF SYSWORDTEMPA
000152	01F6	CLRF SYSWORDTEMPA_H
000153	0008	RETURN
		ENDIF13
000154	3010	MOVLW 16
000155	00F4	MOVWF SYSDIVLOOP
		SYSDIV16START
000156	1003	BCF STATUS,C
000157	0DF7	RLF SYSDIVMULTA,F
000158	0DF8	RLF SYSDIVMULTA_H,F
000159	0DF2	RLF SYSDIVMULTX,F
00015A	0DF3	RLF SYSDIVMULTX_H,F
00015B	087B	MOVF SYSDIVMULTB,W
00015C	02F2	SUBWF SYSDIVMULTX,F
00015D	087C	MOVF SYSDIVMULTB_H,W
00015E	3BF3	SUBWFB SYSDIVMULTX_H,F
00015F	1477	BSF SYSDIVMULTA,0
000160	1803	BTFSC STATUS,C
000161	2967	GOTO ENDIF14
000162	1077	BCF SYSDIVMULTA,0
000163	087B	MOVF SYSDIVMULTB,W
000164	07F2	ADDWF SYSDIVMULTX,F
000165	087C	MOVF SYSDIVMULTB_H,W
000166	3DF3	ADDWFC SYSDIVMULTX_H,F
		ENDIF14
000167	0BF4	DECFSZ SYSDIVLOOP, F
000168	2956	GOTO SYSDIV16START
000169	0877	MOVF SYSDIVMULTA,W
00016A	00F5	MOVWF SYSWORDTEMPA
00016B	0878	MOVF SYSDIVMULTA_H,W
00016C	00F6	MOVWF SYSWORDTEMPA_H
00016D	0872	MOVF SYSDIVMULTX,W
00016E	00F0	MOVWF SYSWORDTEMPX
00016F	0873	MOVF SYSDIVMULTX_H,W
000170	00F1	MOVWF SYSWORDTEMPX_H
000171	0008	RETURN


		SYSMULTSUB16
000172	0875	MOVF SYSWORDTEMPA,W
000173	00F7	MOVWF SYSDIVMULTA
000174	0876	MOVF SYSWORDTEMPA_H,W
000175	00F8	MOVWF SYSDIVMULTA_H
000176	0879	MOVF SYSWORDTEMPB,W
000177	00FB	MOVWF SYSDIVMULTB
000178	087A	MOVF SYSWORDTEMPB_H,W
000179	00FC	MOVWF SYSDIVMULTB_H
00017A	01F2	CLRF SYSDIVMULTX
00017B	01F3	CLRF SYSDIVMULTX_H
		MUL16LOOP
00017C	1C7B	BTFSS SYSDIVMULTB,0
00017D	2982	GOTO ENDIF11
00017E	0877	MOVF SYSDIVMULTA,W
00017F	07F2	ADDWF SYSDIVMULTX,F
000180	0878	MOVF SYSDIVMULTA_H,W
000181	3DF3	ADDWFC SYSDIVMULTX_H,F
		ENDIF11
000182	1003	BCF STATUS,C
000183	0CFC	RRF SYSDIVMULTB_H,F
000184	0CFB	RRF SYSDIVMULTB,F
000185	1003	BCF STATUS,C
000186	0DF7	RLF SYSDIVMULTA,F
000187	0DF8	RLF SYSDIVMULTA_H,F
000188	087B	MOVF SYSDIVMULTB,W
000189	00F9	MOVWF SYSWORDTEMPB
00018A	087C	MOVF SYSDIVMULTB_H,W
00018B	00FA	MOVWF SYSWORDTEMPB_H
00018C	01F5	CLRF SYSWORDTEMPA
00018D	01F6	CLRF SYSWORDTEMPA_H
00018E	212F	CALL SYSCOMPLESSTHAN16
00018F	1870	BTFSC SYSBYTETEMPX,0
000190	297C	GOTO MUL16LOOP
000191	0872	MOVF SYSDIVMULTX,W
000192	00F0	MOVWF SYSWORDTEMPX
000193	0873	MOVF SYSDIVMULTX_H,W
000194	00F1	MOVWF SYSWORDTEMPX_H
000195	0008	RETURN









