GCASM List File (GCBASIC 0.9 2015-03-30)

Symbols:
-X 	EQU 	30
-Y 	EQU 	26
-Z 	EQU 	18
ACBG 	EQU 	6
ACD 	EQU 	7
ACI 	EQU 	4
ACIC 	EQU 	2
ACIE 	EQU 	3
ACIS0 	EQU 	0
ACIS1 	EQU 	1
ACME 	EQU 	6
ACO 	EQU 	5
ACSR 	EQU 	48
ADATE 	EQU 	5
ADC0D 	EQU 	0
ADC1D 	EQU 	1
ADC2D 	EQU 	2
ADC3D 	EQU 	3
ADC4D 	EQU 	4
ADC5D 	EQU 	5
ADCH 	EQU 	121
ADCH0 	EQU 	0
ADCH1 	EQU 	1
ADCH2 	EQU 	2
ADCH3 	EQU 	3
ADCH4 	EQU 	4
ADCH5 	EQU 	5
ADCH6 	EQU 	6
ADCH7 	EQU 	7
ADCL 	EQU 	120
ADCL0 	EQU 	0
ADCL1 	EQU 	1
ADCL2 	EQU 	2
ADCL3 	EQU 	3
ADCL4 	EQU 	4
ADCL5 	EQU 	5
ADCL6 	EQU 	6
ADCL7 	EQU 	7
ADCSRA 	EQU 	122
ADCSRB 	EQU 	123
ADEN 	EQU 	7
ADIE 	EQU 	3
ADIF 	EQU 	4
ADLAR 	EQU 	5
ADMUX 	EQU 	124
ADPS0 	EQU 	0
ADPS1 	EQU 	1
ADPS2 	EQU 	2
ADSC 	EQU 	6
ADTS0 	EQU 	0
ADTS1 	EQU 	1
ADTS2 	EQU 	2
AIN0D 	EQU 	0
AIN1D 	EQU 	1
AS2 	EQU 	5
ASSR 	EQU 	182
BASPROGRAMEND 	EQU 	235
BASPROGRAMSTART 	EQU 	52
BLBSET 	EQU 	3
BORF 	EQU 	2
C 	EQU 	0
CAL0 	EQU 	0
CAL1 	EQU 	1
CAL2 	EQU 	2
CAL3 	EQU 	3
CAL4 	EQU 	4
CAL5 	EQU 	5
CAL6 	EQU 	6
CAL7 	EQU 	7
CCOUNT 	EQU 	356
CHARCODE 	EQU 	357
CHARLOCX 	EQU 	358
CHARLOCY 	EQU 	359
CLKPCE 	EQU 	7
CLKPR 	EQU 	97
CLKPS0 	EQU 	0
CLKPS1 	EQU 	1
CLKPS2 	EQU 	2
CLKPS3 	EQU 	3
CLOCKSA 	EQU 	360
CLOCKSB 	EQU 	361
COM0A0 	EQU 	6
COM0A1 	EQU 	7
COM0B0 	EQU 	4
COM0B1 	EQU 	5
COM1A0 	EQU 	6
COM1A1 	EQU 	7
COM1B0 	EQU 	4
COM1B1 	EQU 	5
COM2A0 	EQU 	6
COM2A1 	EQU 	7
COM2B0 	EQU 	4
COM2B1 	EQU 	5
COMMAND 	EQU 	362
CPHA 	EQU 	2
CPOL 	EQU 	3
CS00 	EQU 	0
CS01 	EQU 	1
CS02 	EQU 	2
CS10 	EQU 	0
CS11 	EQU 	1
CS12 	EQU 	2
CS20 	EQU 	0
CS21 	EQU 	1
CS22 	EQU 	2
CURRCHARCOL 	EQU 	363
CURRCHARROW 	EQU 	364
CURRCHARVAL 	EQU 	365
CURRCOL 	EQU 	366
CURRPAGE 	EQU 	367
D10US_START 	EQU 	304
DDB0 	EQU 	0
DDB1 	EQU 	1
DDB2 	EQU 	2
DDB3 	EQU 	3
DDB4 	EQU 	4
DDB5 	EQU 	5
DDB6 	EQU 	6
DDB7 	EQU 	7
DDC0 	EQU 	0
DDC1 	EQU 	1
DDC2 	EQU 	2
DDC3 	EQU 	3
DDC4 	EQU 	4
DDC5 	EQU 	5
DDC6 	EQU 	6
DDD0 	EQU 	0
DDD1 	EQU 	1
DDD2 	EQU 	2
DDD3 	EQU 	3
DDD4 	EQU 	4
DDD5 	EQU 	5
DDD6 	EQU 	6
DDD7 	EQU 	7
DDRB 	EQU 	4
DDRC 	EQU 	7
DDRD 	EQU 	10
DELAYTEMP 	EQU 	r25
DELAYTEMP2 	EQU 	r26
DELAYUS0 	EQU 	333
DELAYUS1 	EQU 	305
DELAYUS10 	EQU 	1356
DELAYUS11 	EQU 	1361
DELAYUS12 	EQU 	1297
DELAYUS13 	EQU 	1301
DELAYUS14 	EQU 	1320
DELAYUS15 	EQU 	1325
DELAYUS16 	EQU 	1136
DELAYUS17 	EQU 	1146
DELAYUS18 	EQU 	1006
DELAYUS19 	EQU 	1052
DELAYUS2 	EQU 	259
DELAYUS3 	EQU 	264
DELAYUS4 	EQU 	271
DELAYUS5 	EQU 	276
DELAYUS6 	EQU 	1375
DELAYUS7 	EQU 	1380
DELAYUS8 	EQU 	1343
DELAYUS9 	EQU 	1351
DELAYUSO14 	EQU 	1319
DELAYUSO4 	EQU 	270
DELAYUSO6 	EQU 	1374
DELAYUSO9 	EQU 	1350
DELAY_10US 	EQU 	304
DELAY_MS 	EQU 	311
DELAY_S 	EQU 	323
DELAY_US 	EQU 	329
DIDR0 	EQU 	126
DIDR1 	EQU 	127
DIV8NOTNEG 	EQU 	1878
DMS_INNER 	EQU 	314
DMS_OUTER 	EQU 	313
DMS_START 	EQU 	312
DOR0 	EQU 	3
DORD 	EQU 	5
DS18B20DEVICEREAD 	EQU 	237
DSDATA 	EQU 	368
DSDATA_H 	EQU 	369
DSDATA×9 	EQU 	371
DSDEC 	EQU 	256
DSINT 	EQU 	372
DSINT_H 	EQU 	373
DS_START 	EQU 	323
DUS_END 	EQU 	338
DUS_START 	EQU 	332
EEAR0 	EQU 	0
EEAR1 	EQU 	1
EEAR2 	EQU 	2
EEAR3 	EQU 	3
EEAR4 	EQU 	4
EEAR5 	EQU 	5
EEAR6 	EQU 	6
EEAR7 	EQU 	7
EEAR8 	EQU 	0
EEARH 	EQU 	34
EEARL 	EQU 	33
EECR 	EQU 	31
EEDR 	EQU 	32
EEDR0 	EQU 	0
EEDR1 	EQU 	1
EEDR2 	EQU 	2
EEDR3 	EQU 	3
EEDR4 	EQU 	4
EEDR5 	EQU 	5
EEDR6 	EQU 	6
EEDR7 	EQU 	7
EEMPE 	EQU 	2
EEPE 	EQU 	1
EEPM0 	EQU 	4
EEPM1 	EQU 	5
EERE 	EQU 	0
EERIE 	EQU 	3
EICRA 	EQU 	105
EIFR 	EQU 	28
EIMSK 	EQU 	29
ELSE10_1 	EQU 	1638
ELSE22_1 	EQU 	1454
ELSE23_1 	EQU 	1490
ELSE5_1 	EQU 	872
ELSE8_1 	EQU 	1544
ENDIF1 	EQU 	934
ENDIF10 	EQU 	1645
ENDIF14 	EQU 	1311
ENDIF15 	EQU 	1318
ENDIF20 	EQU 	1393
ENDIF21 	EQU 	1405
ENDIF22 	EQU 	1458
ENDIF23 	EQU 	1497
ENDIF25 	EQU 	2001
ENDIF26 	EQU 	2012
ENDIF27 	EQU 	2024
ENDIF28 	EQU 	1901
ENDIF29 	EQU 	1923
ENDIF30 	EQU 	1944
ENDIF31 	EQU 	1955
ENDIF32 	EQU 	1976
ENDIF33 	EQU 	1690
ENDIF34 	EQU 	1731
ENDIF35 	EQU 	1772
ENDIF36 	EQU 	1812
ENDIF37 	EQU 	1170
ENDIF39 	EQU 	1210
ENDIF4 	EQU 	779
ENDIF5 	EQU 	895
ENDIF6 	EQU 	905
ENDIF7 	EQU 	910
ENDIF8 	EQU 	1547
ENDIF9 	EQU 	1622
EXCLK 	EQU 	6
EXTRF 	EQU 	1
FE0 	EQU 	4
FN_GLCDREADBYTE_KS0108 	EQU 	995
FN_HEX 	EQU 	1150
FN_READTEMP 	EQU 	1514
FN_STR 	EQU 	1646
FOC0A 	EQU 	7
FOC0B 	EQU 	6
FOC1A 	EQU 	7
FOC1B 	EQU 	6
FOC2A 	EQU 	7
FOC2B 	EQU 	6
FRACTION 	EQU 	374
GLCDBACKGROUND 	EQU 	375
GLCDBACKGROUND_H 	EQU 	376
GLCDBITNO 	EQU 	377
GLCDCHANGE 	EQU 	378
GLCDCHARCOL3 	EQU 	341
GLCDCHARCOL4 	EQU 	409
GLCDCHARCOL5 	EQU 	477
GLCDCHARCOL6 	EQU 	545
GLCDCHARCOL7 	EQU 	613
GLCDCLS_KS0108 	EQU 	681
GLCDCOLOUR 	EQU 	379
GLCDCOLOUR_H 	EQU 	380
GLCDDATATEMP 	EQU 	381
GLCDDRAWCHAR 	EQU 	750
GLCDFNTDEFAULT 	EQU 	382
GLCDFONTWIDTH 	EQU 	383
GLCDFOREGROUND 	EQU 	384
GLCDFOREGROUND_H 	EQU 	385
GLCDPRINT3 	EQU 	922
GLCDPRINTLOC 	EQU 	386
GLCDREADBYTE_KS0108 	EQU 	387
GLCDWRITEBYTE_KS0108 	EQU 	1056
GLCDX 	EQU 	388
GLCDY 	EQU 	389
GLCD_COUNT 	EQU 	390
GLCD_YORDINATE 	EQU 	391
GLCD_YORDINATE_H 	EQU 	392
GPIOR0 	EQU 	30
GPIOR00 	EQU 	0
GPIOR01 	EQU 	1
GPIOR02 	EQU 	2
GPIOR03 	EQU 	3
GPIOR04 	EQU 	4
GPIOR05 	EQU 	5
GPIOR06 	EQU 	6
GPIOR07 	EQU 	7
GPIOR1 	EQU 	42
GPIOR10 	EQU 	0
GPIOR11 	EQU 	1
GPIOR12 	EQU 	2
GPIOR13 	EQU 	3
GPIOR14 	EQU 	4
GPIOR15 	EQU 	5
GPIOR16 	EQU 	6
GPIOR17 	EQU 	7
GPIOR2 	EQU 	43
GPIOR20 	EQU 	0
GPIOR21 	EQU 	1
GPIOR22 	EQU 	2
GPIOR23 	EQU 	3
GPIOR24 	EQU 	4
GPIOR25 	EQU 	5
GPIOR26 	EQU 	6
GPIOR27 	EQU 	7
GTCCR 	EQU 	35
H 	EQU 	5
HEX 	EQU 	352
I 	EQU 	7
ICES1 	EQU 	6
ICF1 	EQU 	5
ICIE1 	EQU 	5
ICNC1 	EQU 	7
ICR1H 	EQU 	135
ICR1H0 	EQU 	0
ICR1H1 	EQU 	1
ICR1H2 	EQU 	2
ICR1H3 	EQU 	3
ICR1H4 	EQU 	4
ICR1H5 	EQU 	5
ICR1H6 	EQU 	6
ICR1H7 	EQU 	7
ICR1L 	EQU 	134
ICR1L0 	EQU 	0
ICR1L1 	EQU 	1
ICR1L2 	EQU 	2
ICR1L3 	EQU 	3
ICR1L4 	EQU 	4
ICR1L5 	EQU 	5
ICR1L6 	EQU 	6
ICR1L7 	EQU 	7
INITGLCD_KS0108 	EQU 	1217
INITSYS 	EQU 	1262
INT0 	EQU 	0
INT1 	EQU 	1
INTF0 	EQU 	0
INTF1 	EQU 	1
ISC00 	EQU 	0
ISC01 	EQU 	1
ISC10 	EQU 	2
ISC11 	EQU 	3
IVCE 	EQU 	0
IVSEL 	EQU 	1
KS0108 	EQU 	338
KS0108_CLOCK_DELAY 	EQU 	393
LCDBYTE 	EQU 	394
LINECOLOUR 	EQU 	395
LINECOLOUR_H 	EQU 	396
MASTERRST 	EQU 	1269
MCUCR 	EQU 	53
MCUSR 	EQU 	52
MPCM0 	EQU 	0
MSTR 	EQU 	4
MUX0 	EQU 	0
MUX1 	EQU 	1
MUX2 	EQU 	2
MUX3 	EQU 	3
N 	EQU 	2
OCF0A 	EQU 	1
OCF0B 	EQU 	2
OCF1A 	EQU 	1
OCF1B 	EQU 	2
OCF2A 	EQU 	1
OCF2B 	EQU 	2
OCIE0A 	EQU 	1
OCIE0B 	EQU 	2
OCIE1A 	EQU 	1
OCIE1B 	EQU 	2
OCIE2A 	EQU 	1
OCIE2B 	EQU 	2
OCR0A 	EQU 	39
OCR0B 	EQU 	40
OCR0B_0 	EQU 	0
OCR0B_1 	EQU 	1
OCR0B_2 	EQU 	2
OCR0B_3 	EQU 	3
OCR0B_4 	EQU 	4
OCR0B_5 	EQU 	5
OCR0B_6 	EQU 	6
OCR0B_7 	EQU 	7
OCR1AH 	EQU 	137
OCR1AH0 	EQU 	0
OCR1AH1 	EQU 	1
OCR1AH2 	EQU 	2
OCR1AH3 	EQU 	3
OCR1AH4 	EQU 	4
OCR1AH5 	EQU 	5
OCR1AH6 	EQU 	6
OCR1AH7 	EQU 	7
OCR1AL 	EQU 	136
OCR1AL0 	EQU 	0
OCR1AL1 	EQU 	1
OCR1AL2 	EQU 	2
OCR1AL3 	EQU 	3
OCR1AL4 	EQU 	4
OCR1AL5 	EQU 	5
OCR1AL6 	EQU 	6
OCR1AL7 	EQU 	7
OCR1BH 	EQU 	139
OCR1BH0 	EQU 	0
OCR1BH1 	EQU 	1
OCR1BH2 	EQU 	2
OCR1BH3 	EQU 	3
OCR1BH4 	EQU 	4
OCR1BH5 	EQU 	5
OCR1BH6 	EQU 	6
OCR1BH7 	EQU 	7
OCR1BL 	EQU 	138
OCR1BL0 	EQU 	0
OCR1BL1 	EQU 	1
OCR1BL2 	EQU 	2
OCR1BL3 	EQU 	3
OCR1BL4 	EQU 	4
OCR1BL5 	EQU 	5
OCR1BL6 	EQU 	6
OCR1BL7 	EQU 	7
OCR2A 	EQU 	179
OCR2AUB 	EQU 	3
OCR2A_0 	EQU 	0
OCR2A_1 	EQU 	1
OCR2A_2 	EQU 	2
OCR2A_3 	EQU 	3
OCR2A_4 	EQU 	4
OCR2A_5 	EQU 	5
OCR2A_6 	EQU 	6
OCR2A_7 	EQU 	7
OCR2B 	EQU 	180
OCR2BUB 	EQU 	2
OCR2B_0 	EQU 	0
OCR2B_1 	EQU 	1
OCR2B_2 	EQU 	2
OCR2B_3 	EQU 	3
OCR2B_4 	EQU 	4
OCR2B_5 	EQU 	5
OCR2B_6 	EQU 	6
OCR2B_7 	EQU 	7
OCROA_0 	EQU 	0
OCROA_1 	EQU 	1
OCROA_2 	EQU 	2
OCROA_3 	EQU 	3
OCROA_4 	EQU 	4
OCROA_5 	EQU 	5
OCROA_6 	EQU 	6
OCROA_7 	EQU 	7
OSCCAL 	EQU 	102
OWIN 	EQU 	1276
OWOUT 	EQU 	1332
PCICR 	EQU 	104
PCIE0 	EQU 	0
PCIE1 	EQU 	1
PCIE2 	EQU 	2
PCIF0 	EQU 	0
PCIF1 	EQU 	1
PCIF2 	EQU 	2
PCIFR 	EQU 	27
PCINT0 	EQU 	0
PCINT1 	EQU 	1
PCINT10 	EQU 	2
PCINT11 	EQU 	3
PCINT12 	EQU 	4
PCINT13 	EQU 	5
PCINT14 	EQU 	6
PCINT16 	EQU 	0
PCINT17 	EQU 	1
PCINT18 	EQU 	2
PCINT19 	EQU 	3
PCINT2 	EQU 	2
PCINT20 	EQU 	4
PCINT21 	EQU 	5
PCINT22 	EQU 	6
PCINT23 	EQU 	7
PCINT3 	EQU 	3
PCINT4 	EQU 	4
PCINT5 	EQU 	5
PCINT6 	EQU 	6
PCINT7 	EQU 	7
PCINT8 	EQU 	0
PCINT9 	EQU 	1
PCMSK0 	EQU 	107
PCMSK1 	EQU 	108
PCMSK2 	EQU 	109
PGERS 	EQU 	1
PGWRT 	EQU 	2
PINB 	EQU 	3
PINB0 	EQU 	0
PINB1 	EQU 	1
PINB2 	EQU 	2
PINB3 	EQU 	3
PINB4 	EQU 	4
PINB5 	EQU 	5
PINB6 	EQU 	6
PINB7 	EQU 	7
PINC 	EQU 	6
PINC0 	EQU 	0
PINC1 	EQU 	1
PINC2 	EQU 	2
PINC3 	EQU 	3
PINC4 	EQU 	4
PINC5 	EQU 	5
PINC6 	EQU 	6
PIND 	EQU 	9
PIND0 	EQU 	0
PIND1 	EQU 	1
PIND2 	EQU 	2
PIND3 	EQU 	3
PIND4 	EQU 	4
PIND5 	EQU 	5
PIND6 	EQU 	6
PIND7 	EQU 	7
PORF 	EQU 	0
PORTB 	EQU 	5
PORTB0 	EQU 	0
PORTB1 	EQU 	1
PORTB2 	EQU 	2
PORTB3 	EQU 	3
PORTB4 	EQU 	4
PORTB5 	EQU 	5
PORTB6 	EQU 	6
PORTB7 	EQU 	7
PORTC 	EQU 	8
PORTC0 	EQU 	0
PORTC1 	EQU 	1
PORTC2 	EQU 	2
PORTC3 	EQU 	3
PORTC4 	EQU 	4
PORTC5 	EQU 	5
PORTC6 	EQU 	6
PORTD 	EQU 	11
PORTD0 	EQU 	0
PORTD1 	EQU 	1
PORTD2 	EQU 	2
PORTD3 	EQU 	3
PORTD4 	EQU 	4
PORTD5 	EQU 	5
PORTD6 	EQU 	6
PORTD7 	EQU 	7
PPULSE 	EQU 	1373
PR2_TEMP 	EQU 	397
PR2_TEMP_H 	EQU 	398
PRADC 	EQU 	0
PRINTLEN 	EQU 	399
PRINTLOCX 	EQU 	400
PRINTLOCY 	EQU 	401
PRR 	EQU 	100
PRSPI 	EQU 	2
PRTIM0 	EQU 	5
PRTIM1 	EQU 	3
PRTIM2 	EQU 	6
PRTWI 	EQU 	7
PRUSART0 	EQU 	1
PSET_KS0108 	EQU 	1387
PSRASY 	EQU 	1
PSRSYNC 	EQU 	0
PUD 	EQU 	4
RAMEND 	EQU 	1279
READTEMP 	EQU 	402
READTEMP_H 	EQU 	403
REFS0 	EQU 	6
REFS1 	EQU 	7
RWWSB 	EQU 	6
RWWSRE 	EQU 	4
RXB80 	EQU 	1
RXC0 	EQU 	7
RXCIE0 	EQU 	7
RXDATA 	EQU 	404
RXDATA_H 	EQU 	405
RXEN0 	EQU 	4
S 	EQU 	4
SCE16FALSE 	EQU 	1844
SCLT16FALSE 	EQU 	1854
SCLT16TRUE 	EQU 	1853
SE 	EQU 	0
SELFPRGEN 	EQU 	0
SIGNBIT 	EQU 	406
SM0 	EQU 	1
SM1 	EQU 	2
SM2 	EQU 	3
SMCR 	EQU 	51
SP0 	EQU 	0
SP1 	EQU 	1
SP10 	EQU 	2
SP2 	EQU 	2
SP3 	EQU 	3
SP4 	EQU 	4
SP5 	EQU 	5
SP6 	EQU 	6
SP7 	EQU 	7
SP8 	EQU 	0
SP9 	EQU 	1
SPCR 	EQU 	44
SPDR 	EQU 	46
SPDR0 	EQU 	0
SPDR1 	EQU 	1
SPDR2 	EQU 	2
SPDR3 	EQU 	3
SPDR4 	EQU 	4
SPDR5 	EQU 	5
SPDR6 	EQU 	6
SPDR7 	EQU 	7
SPE 	EQU 	6
SPH 	EQU 	62
SPI2X 	EQU 	0
SPIE 	EQU 	7
SPIF 	EQU 	7
SPL 	EQU 	61
SPMCSR 	EQU 	55
SPMIE 	EQU 	7
SPR0 	EQU 	0
SPR1 	EQU 	1
SPSR 	EQU 	45
SREG 	EQU 	63
ST7735_GLCD_HEIGHT 	EQU 	407
ST7735_GLCD_WIDTH 	EQU 	408
STR 	EQU 	346
STRINGPOINTER 	EQU 	417
STRINGTABLE1 	EQU 	2049
STRINGTABLE2 	EQU 	2056
STRINGTABLE3 	EQU 	2063
STRINGTABLE4 	EQU 	2067
STRINGTABLE5 	EQU 	2068
SYSBITVAR0 	EQU 	409
SYSCALCTEMPX 	EQU 	r0
SYSCALCTEMPX_H 	EQU 	r1
SYSCHARCOUNT 	EQU 	410
SYSCOMPEQUAL16 	EQU 	1838
SYSCOMPLESSTHAN16 	EQU 	1845
SYSCOPYSTRING 	EQU 	1855
SYSCOPYSTRINGCHECK 	EQU 	1860
SYSCOPYSTRINGPART 	EQU 	1858
SYSDIV16START 	EQU 	1903
SYSDIV8START 	EQU 	1871
SYSDIVMULTA 	EQU 	r24
SYSDIVMULTA_H 	EQU 	r25
SYSDIVMULTB 	EQU 	r30
SYSDIVMULTB_H 	EQU 	r31
SYSDIVMULTX 	EQU 	r2
SYSDIVMULTX_H 	EQU 	r3
SYSDIVSUB 	EQU 	1868
SYSDIVSUB16 	EQU 	1881
SYSDIVSUBINT 	EQU 	1930
SYSDOLOOP_E1 	EQU 	235
SYSDOLOOP_E2 	EQU 	279
SYSDOLOOP_S1 	EQU 	98
SYSDOLOOP_S2 	EQU 	256
SYSFORLOOP1 	EQU 	945
SYSFORLOOP2 	EQU 	782
SYSFORLOOP3 	EQU 	839
SYSFORLOOP4 	EQU 	1335
SYSFORLOOP5 	EQU 	1279
SYSFORLOOP6 	EQU 	691
SYSFORLOOP7 	EQU 	699
SYSFORLOOP8 	EQU 	715
SYSFORLOOP9 	EQU 	1179
SYSFORLOOPEND1 	EQU 	994
SYSFORLOOPEND2 	EQU 	910
SYSFORLOOPEND3 	EQU 	905
SYSFORLOOPEND4 	EQU 	1372
SYSFORLOOPEND5 	EQU 	1331
SYSFORLOOPEND6 	EQU 	747
SYSFORLOOPEND7 	EQU 	741
SYSFORLOOPEND8 	EQU 	737
SYSFORLOOPEND9 	EQU 	1193
SYSHEX_0 	EQU 	352
SYSHEX_0 	EQU 	352
SYSHEX_1 	EQU 	353
SYSHEX_1 	EQU 	353
SYSHEX_2 	EQU 	354
SYSHEX_2 	EQU 	354
SYSINTEGERTEMPA 	EQU 	r22
SYSINTEGERTEMPA_H 	EQU 	r23
SYSINTEGERTEMPA_H 	EQU 	r23
SYSINTEGERTEMPB 	EQU 	r28
SYSINTEGERTEMPB_H 	EQU 	r29
SYSINTEGERTEMPB_H 	EQU 	r29
SYSINTEGERTEMPX 	EQU 	r0
SYSINTEGERTEMPX_H 	EQU 	r1
SYSLCDPRINTDATAHANDLER 	EQU 	418
SYSLCDPRINTDATAHANDLER_H 	EQU 	419
SYSMULTSUB16 	EQU 	1977
SYSMULTSUBINT 	EQU 	1987
SYSPOINTERX 	EQU 	420
SYSPRINTTEMP 	EQU 	411
SYSREADSTRING 	EQU 	2025
SYSREADSTRINGPART 	EQU 	2032
SYSREPEATLOOP1 	EQU 	1467
SYSREPEATLOOPEND1 	EQU 	1478
SYSREPEATTEMP1 	EQU 	412
SYSSELECT1CASE1 	EQU 	787
SYSSELECT1CASE2 	EQU 	797
SYSSELECT1CASE3 	EQU 	807
SYSSELECT1CASE4 	EQU 	817
SYSSELECT1CASE5 	EQU 	827
SYSSELECT1CASE6 	EQU 	836
SYSSELECTEND1 	EQU 	836
SYSSIGNBYTE 	EQU 	r4
SYSSTRDATA 	EQU 	413
SYSSTRINGCOPY 	EQU 	1863
SYSSTRINGPARAM1 	EQU 	297
SYSSTRINGREAD 	EQU 	2041
SYSSTRINGREADCHECK 	EQU 	2038
SYSSTRINGTABLES 	EQU 	2049
SYSSTRINGTEMP 	EQU 	414
SYSSTR_0 	EQU 	346
SYSSTR_0 	EQU 	346
SYSVALHUNDREDS 	EQU 	1741
SYSVALTEMP 	EQU 	415
SYSVALTEMP_H 	EQU 	416
SYSVALTENS 	EQU 	1782
SYSVALTHOUSANDS 	EQU 	1700
SYSWAITLOOP1 	EQU 	1071
SysBYTETempA 	EQU 	r22
SysBYTETempB 	EQU 	r28
SysBYTETempX 	EQU 	r0
SysBitTest 	EQU 	r5
SysCalcTempA 	EQU 	r22
SysCalcTempB 	EQU 	r28
SysDivLoop 	EQU 	r5
SysReadA 	EQU 	r30
SysReadA_H 	EQU 	r31
SysStringA 	EQU 	r26
SysStringA_H 	EQU 	r27
SysStringB 	EQU 	r28
SysStringB_H 	EQU 	r29
SysStringLength 	EQU 	r25
SysTemp1 	EQU 	r6
SysTemp1_H 	EQU 	r7
SysTemp2 	EQU 	r16
SysTemp3 	EQU 	r8
SysTemp4 	EQU 	r17
SysValueCopy 	EQU 	r21
SysWORDTempA 	EQU 	r22
SysWORDTempA_H 	EQU 	r23
SysWORDTempB 	EQU 	r28
SysWORDTempB_H 	EQU 	r29
SysWORDTempX 	EQU 	r0
SysWORDTempX_H 	EQU 	r1
SysWaitTemp10US 	EQU 	r27
SysWaitTempMS 	EQU 	r29
SysWaitTempMS_H 	EQU 	r30
SysWaitTempS 	EQU 	r31
SysWaitTempUS 	EQU 	r27
SysWaitTempUS_H 	EQU 	r28
T 	EQU 	6
TABLEGLCDCHARCOL3 	EQU 	352
TABLEGLCDCHARCOL4 	EQU 	420
TABLEGLCDCHARCOL5 	EQU 	488
TABLEGLCDCHARCOL6 	EQU 	556
TABLEGLCDCHARCOL7 	EQU 	624
TCCR0A 	EQU 	36
TCCR0B 	EQU 	37
TCCR1A 	EQU 	128
TCCR1B 	EQU 	129
TCCR1C 	EQU 	130
TCCR2A 	EQU 	176
TCCR2B 	EQU 	177
TCN2UB 	EQU 	4
TCNT0 	EQU 	38
TCNT0_0 	EQU 	0
TCNT0_1 	EQU 	1
TCNT0_2 	EQU 	2
TCNT0_3 	EQU 	3
TCNT0_4 	EQU 	4
TCNT0_5 	EQU 	5
TCNT0_6 	EQU 	6
TCNT0_7 	EQU 	7
TCNT1H 	EQU 	133
TCNT1H0 	EQU 	0
TCNT1H1 	EQU 	1
TCNT1H2 	EQU 	2
TCNT1H3 	EQU 	3
TCNT1H4 	EQU 	4
TCNT1H5 	EQU 	5
TCNT1H6 	EQU 	6
TCNT1H7 	EQU 	7
TCNT1L 	EQU 	132
TCNT1L0 	EQU 	0
TCNT1L1 	EQU 	1
TCNT1L2 	EQU 	2
TCNT1L3 	EQU 	3
TCNT1L4 	EQU 	4
TCNT1L5 	EQU 	5
TCNT1L6 	EQU 	6
TCNT1L7 	EQU 	7
TCNT2 	EQU 	178
TCNT2_0 	EQU 	0
TCNT2_1 	EQU 	1
TCNT2_2 	EQU 	2
TCNT2_3 	EQU 	3
TCNT2_4 	EQU 	4
TCNT2_5 	EQU 	5
TCNT2_6 	EQU 	6
TCNT2_7 	EQU 	7
TCR2AUB 	EQU 	1
TCR2BUB 	EQU 	0
TEMPC_100 	EQU 	421
TEMPC_100_H 	EQU 	422
TEMPVAR 	EQU 	423
TEMPVAR_H 	EQU 	424
TIFR0 	EQU 	21
TIFR1 	EQU 	22
TIFR2 	EQU 	23
TIMSK0 	EQU 	110
TIMSK1 	EQU 	111
TIMSK2 	EQU 	112
TOIE0 	EQU 	0
TOIE1 	EQU 	0
TOIE2 	EQU 	0
TOV0 	EQU 	0
TOV1 	EQU 	0
TOV2 	EQU 	0
TSM 	EQU 	7
TWA0 	EQU 	1
TWA1 	EQU 	2
TWA2 	EQU 	3
TWA3 	EQU 	4
TWA4 	EQU 	5
TWA5 	EQU 	6
TWA6 	EQU 	7
TWAM0 	EQU 	1
TWAM1 	EQU 	2
TWAM2 	EQU 	3
TWAM3 	EQU 	4
TWAM4 	EQU 	5
TWAM5 	EQU 	6
TWAM6 	EQU 	7
TWAMR 	EQU 	189
TWAR 	EQU 	186
TWBR 	EQU 	184
TWBR0 	EQU 	0
TWBR1 	EQU 	1
TWBR2 	EQU 	2
TWBR3 	EQU 	3
TWBR4 	EQU 	4
TWBR5 	EQU 	5
TWBR6 	EQU 	6
TWBR7 	EQU 	7
TWCR 	EQU 	188
TWD0 	EQU 	0
TWD1 	EQU 	1
TWD2 	EQU 	2
TWD3 	EQU 	3
TWD4 	EQU 	4
TWD5 	EQU 	5
TWD6 	EQU 	6
TWD7 	EQU 	7
TWDR 	EQU 	187
TWEA 	EQU 	6
TWEN 	EQU 	2
TWGCE 	EQU 	0
TWIE 	EQU 	0
TWINT 	EQU 	7
TWPS0 	EQU 	0
TWPS1 	EQU 	1
TWS3 	EQU 	3
TWS4 	EQU 	4
TWS5 	EQU 	5
TWS6 	EQU 	6
TWS7 	EQU 	7
TWSR 	EQU 	185
TWSTA 	EQU 	5
TWSTO 	EQU 	4
TWWC 	EQU 	3
TXB80 	EQU 	0
TXC0 	EQU 	6
TXCIE0 	EQU 	6
TXEN0 	EQU 	3
U2X0 	EQU 	1
UBRR0 	EQU 	0
UBRR0H 	EQU 	197
UBRR0L 	EQU 	196
UBRR1 	EQU 	1
UBRR10 	EQU 	2
UBRR11 	EQU 	3
UBRR2 	EQU 	2
UBRR3 	EQU 	3
UBRR4 	EQU 	4
UBRR5 	EQU 	5
UBRR6 	EQU 	6
UBRR7 	EQU 	7
UBRR8 	EQU 	0
UBRR9 	EQU 	1
UCPOL0 	EQU 	0
UCSR0A 	EQU 	192
UCSR0B 	EQU 	193
UCSR0C 	EQU 	194
UCSZ00 	EQU 	1
UCSZ01 	EQU 	2
UCSZ02 	EQU 	2
UDR0 	EQU 	198
UDR0-0 	EQU 	0
UDR0-1 	EQU 	1
UDR0-2 	EQU 	2
UDR0-3 	EQU 	3
UDR0-4 	EQU 	4
UDR0-5 	EQU 	5
UDR0-6 	EQU 	6
UDR0-7 	EQU 	7
UDRE0 	EQU 	5
UDRIE0 	EQU 	5
UMSEL00 	EQU 	6
UMSEL01 	EQU 	7
UPE0 	EQU 	2
UPM00 	EQU 	4
UPM01 	EQU 	5
USBS0 	EQU 	3
V 	EQU 	3
WCOL 	EQU 	6
WDCE 	EQU 	4
WDE 	EQU 	3
WDIE 	EQU 	6
WDIF 	EQU 	7
WDP0 	EQU 	0
WDP1 	EQU 	1
WDP2 	EQU 	2
WDP3 	EQU 	5
WDRF 	EQU 	3
WDTCSR 	EQU 	96
WGM00 	EQU 	0
WGM01 	EQU 	1
WGM02 	EQU 	3
WGM10 	EQU 	0
WGM11 	EQU 	1
WGM12 	EQU 	3
WGM13 	EQU 	4
WGM20 	EQU 	0
WGM21 	EQU 	1
WGM22 	EQU 	3
WHOLE 	EQU 	425
X 	EQU 	28
X+ 	EQU 	29
Y 	EQU 	8
Y+ 	EQU 	25
Z 	EQU 	1
Z+ 	EQU 	17
rZ 	EQU 	0

Code:
Loc	Obj Code	Original Assembly

000000	C033	RJMP BASPROGRAMSTART

000002	9518	RETI

000004	9518	RETI

000006	9518	RETI

000008	9518	RETI

00000A	9518	RETI

00000C	9518	RETI

00000E	9518	RETI

000010	9518	RETI

000012	9518	RETI

000014	9518	RETI

000016	9518	RETI

000018	9518	RETI

00001A	9518	RETI

00001C	9518	RETI

00001E	9518	RETI

000020	9518	RETI

000022	9518	RETI

000024	9518	RETI

000026	9518	RETI

000028	9518	RETI

00002A	9518	RETI

00002C	9518	RETI

00002E	9518	RETI

000030	9518	RETI

000032	9518	RETI



		BASPROGRAMSTART
000034	E054	LDI SYSVALUECOPY,HIGH(RAMEND)
000035	BF5E	OUT SPH, SYSVALUECOPY
000036	EF5F	LDI SYSVALUECOPY,LOW(RAMEND)
000037	BF5D	OUT SPL, SYSVALUECOPY
000038	D4B5	RCALL INITSYS
000039	D487	RCALL INITGLCD_KS0108

00003A	E051	LDI SYSVALUECOPY,1
00003B	9350 0164	STS CCOUNT,SYSVALUECOPY
00003D	D26B	RCALL GLCDCLS_KS0108
00003E	E050	LDI SYSVALUECOPY,0
00003F	9350 0190	STS PRINTLOCX,SYSVALUECOPY
000041	E050	LDI SYSVALUECOPY,0
000042	9350 0191	STS PRINTLOCY,SYSVALUECOPY
000044	E2C9	LDI SYSSTRINGB,LOW(SYSSTRINGPARAM1)
000045	E0D1	LDI SYSSTRINGB_H,HIGH(SYSSTRINGPARAM1)
000046	E0E2	LDI SYSREADA,LOW(STRINGTABLE1<<1)
000047	E1F0	LDI SYSREADA_H,HIGH(STRINGTABLE1<<1)
000048	D7A0	RCALL SYSREADSTRING
000049	E259	LDI SYSVALUECOPY,LOW(SYSSTRINGPARAM1)
00004A	9350 01A2	STS SYSLCDPRINTDATAHANDLER,SYSVALUECOPY
00004C	E051	LDI SYSVALUECOPY,HIGH(SYSSTRINGPARAM1)
00004D	9350 01A3	STS SYSLCDPRINTDATAHANDLER_H,SYSVALUECOPY
00004F	D34A	RCALL GLCDPRINT3
000050	E050	LDI SYSVALUECOPY,0
000051	9350 0190	STS PRINTLOCX,SYSVALUECOPY
000053	E058	LDI SYSVALUECOPY,8
000054	9350 0191	STS PRINTLOCY,SYSVALUECOPY
000056	E2C9	LDI SYSSTRINGB,LOW(SYSSTRINGPARAM1)
000057	E0D1	LDI SYSSTRINGB_H,HIGH(SYSSTRINGPARAM1)
000058	E1E0	LDI SYSREADA,LOW(STRINGTABLE2<<1)
000059	E1F0	LDI SYSREADA_H,HIGH(STRINGTABLE2<<1)
00005A	D78E	RCALL SYSREADSTRING
00005B	E259	LDI SYSVALUECOPY,LOW(SYSSTRINGPARAM1)
00005C	9350 01A2	STS SYSLCDPRINTDATAHANDLER,SYSVALUECOPY
00005E	E051	LDI SYSVALUECOPY,HIGH(SYSSTRINGPARAM1)
00005F	9350 01A3	STS SYSLCDPRINTDATAHANDLER_H,SYSVALUECOPY
000061	D338	RCALL GLCDPRINT3
		SYSDOLOOP_S1
000062	D587	RCALL FN_READTEMP
000063	9150 0192	LDS SYSVALUECOPY,READTEMP
000065	9350 0170	STS DSDATA,SYSVALUECOPY
000067	9150 0193	LDS SYSVALUECOPY,READTEMP_H
000069	9350 0171	STS DSDATA_H,SYSVALUECOPY
00006B	E050	LDI SYSVALUECOPY,0
00006C	9350 0190	STS PRINTLOCX,SYSVALUECOPY
00006E	E158	LDI SYSVALUECOPY,24
00006F	9350 0191	STS PRINTLOCY,SYSVALUECOPY
000071	E2C9	LDI SYSSTRINGB,LOW(SYSSTRINGPARAM1)
000072	E0D1	LDI SYSSTRINGB_H,HIGH(SYSSTRINGPARAM1)
000073	E1EE	LDI SYSREADA,LOW(STRINGTABLE3<<1)
000074	E1F0	LDI SYSREADA_H,HIGH(STRINGTABLE3<<1)
000075	D773	RCALL SYSREADSTRING
000076	E259	LDI SYSVALUECOPY,LOW(SYSSTRINGPARAM1)
000077	9350 01A2	STS SYSLCDPRINTDATAHANDLER,SYSVALUECOPY
000079	E051	LDI SYSVALUECOPY,HIGH(SYSSTRINGPARAM1)
00007A	9350 01A3	STS SYSLCDPRINTDATAHANDLER_H,SYSVALUECOPY
00007C	D31D	RCALL GLCDPRINT3
00007D	E350	LDI SYSVALUECOPY,48
00007E	9350 0190	STS PRINTLOCX,SYSVALUECOPY
000080	E158	LDI SYSVALUECOPY,24
000081	9350 0191	STS PRINTLOCY,SYSVALUECOPY
000083	9150 0164	LDS SYSVALUECOPY,CCOUNT
000085	9350 019F	STS SYSVALTEMP,SYSVALUECOPY
000087	D3F6	RCALL FN_HEX
000088	E650	LDI SYSVALUECOPY,LOW(HEX)
000089	9350 01A2	STS SYSLCDPRINTDATAHANDLER,SYSVALUECOPY
00008B	E051	LDI SYSVALUECOPY,HIGH(HEX)
00008C	9350 01A3	STS SYSLCDPRINTDATAHANDLER_H,SYSVALUECOPY
00008E	D30B	RCALL GLCDPRINT3
00008F	E452	LDI SYSVALUECOPY,66
000090	9350 0190	STS PRINTLOCX,SYSVALUECOPY
000092	E158	LDI SYSVALUECOPY,24
000093	9350 0191	STS PRINTLOCY,SYSVALUECOPY
000095	9150 0170	LDS SYSVALUECOPY,DSDATA
000097	9350 019F	STS SYSVALTEMP,SYSVALUECOPY
000099	9150 0171	LDS SYSVALUECOPY,DSDATA_H
00009B	9350 01A0	STS SYSVALTEMP_H,SYSVALUECOPY
00009D	D5D0	RCALL FN_STR
00009E	E2C9	LDI SYSSTRINGB,LOW(SYSSTRINGPARAM1)
00009F	E0D1	LDI SYSSTRINGB_H,HIGH(SYSSTRINGPARAM1)
0000A0	2799	CLR SYSSTRINGLENGTH
0000A1	9159	LD SYSVALUECOPY, Y+
0000A2	E5AA	LDI SYSSTRINGA,LOW(STR)
0000A3	E0B1	LDI SYSSTRINGA_H,HIGH(STR)
0000A4	D69D	RCALL SYSCOPYSTRINGPART
0000A5	E2E6	LDI SYSREADA,LOW(STRINGTABLE4<<1)
0000A6	E1F0	LDI SYSREADA_H,HIGH(STRINGTABLE4<<1)
0000A7	D748	RCALL SYSREADSTRINGPART
0000A8	E2A9	LDI SYSSTRINGA,LOW(SYSSTRINGPARAM1)
0000A9	E0B1	LDI SYSSTRINGA_H,HIGH(SYSSTRINGPARAM1)
0000AA	939C	ST X, SYSSTRINGLENGTH
0000AB	E259	LDI SYSVALUECOPY,LOW(SYSSTRINGPARAM1)
0000AC	9350 01A2	STS SYSLCDPRINTDATAHANDLER,SYSVALUECOPY
0000AE	E051	LDI SYSVALUECOPY,HIGH(SYSSTRINGPARAM1)
0000AF	9350 01A3	STS SYSLCDPRINTDATAHANDLER_H,SYSVALUECOPY
0000B1	D2E8	RCALL GLCDPRINT3
0000B2	9160 0173	LDS SYSBYTETEMPA,DSDATA×9
0000B4	E0C5	LDI SYSBYTETEMPB,5
0000B5	D696	RCALL SYSDIVSUB
0000B6	2E66	MOV SYSTEMP1,SYSBYTETEMPA
0000B7	E200	LDI SYSTEMP2,32
0000B8	0E60	ADD SYSTEMP1,SYSTEMP2
0000B9	9260 0170	STS DSDATA,SYSTEMP1
0000BB	2466	CLR SYSTEMP1
0000BC	F408	BRCC PC + 2
0000BD	9463	INC SYSTEMP1
0000BE	9260 0171	STS DSDATA_H,SYSTEMP1
0000C0	E452	LDI SYSVALUECOPY,66
0000C1	9350 0190	STS PRINTLOCX,SYSVALUECOPY
0000C3	E250	LDI SYSVALUECOPY,32
0000C4	9350 0191	STS PRINTLOCY,SYSVALUECOPY
0000C6	9150 0170	LDS SYSVALUECOPY,DSDATA
0000C8	9350 019F	STS SYSVALTEMP,SYSVALUECOPY
0000CA	9150 0171	LDS SYSVALUECOPY,DSDATA_H
0000CC	9350 01A0	STS SYSVALTEMP_H,SYSVALUECOPY
0000CE	D59F	RCALL FN_STR
0000CF	E2C9	LDI SYSSTRINGB,LOW(SYSSTRINGPARAM1)
0000D0	E0D1	LDI SYSSTRINGB_H,HIGH(SYSSTRINGPARAM1)
0000D1	2799	CLR SYSSTRINGLENGTH
0000D2	9159	LD SYSVALUECOPY, Y+
0000D3	E5AA	LDI SYSSTRINGA,LOW(STR)
0000D4	E0B1	LDI SYSSTRINGA_H,HIGH(STR)
0000D5	D66C	RCALL SYSCOPYSTRINGPART
0000D6	E2E8	LDI SYSREADA,LOW(STRINGTABLE5<<1)
0000D7	E1F0	LDI SYSREADA_H,HIGH(STRINGTABLE5<<1)
0000D8	D717	RCALL SYSREADSTRINGPART
0000D9	E2A9	LDI SYSSTRINGA,LOW(SYSSTRINGPARAM1)
0000DA	E0B1	LDI SYSSTRINGA_H,HIGH(SYSSTRINGPARAM1)
0000DB	939C	ST X, SYSSTRINGLENGTH
0000DC	E259	LDI SYSVALUECOPY,LOW(SYSSTRINGPARAM1)
0000DD	9350 01A2	STS SYSLCDPRINTDATAHANDLER,SYSVALUECOPY
0000DF	E051	LDI SYSVALUECOPY,HIGH(SYSSTRINGPARAM1)
0000E0	9350 01A3	STS SYSLCDPRINTDATAHANDLER_H,SYSVALUECOPY
0000E2	D2B7	RCALL GLCDPRINT3
0000E3	E0F2	LDI SYSWAITTEMPS,2
0000E4	D05E	RCALL DELAY_S
0000E5	9060 0164	LDS SYSTEMP1,CCOUNT
0000E7	9463	INC SYSTEMP1
0000E8	9260 0164	STS CCOUNT,SYSTEMP1
0000EA	CF77	RJMP SYSDOLOOP_S1
		SYSDOLOOP_E1
		BASPROGRAMEND
0000EB	9588	SLEEP
0000EC	CFFE	RJMP BASPROGRAMEND


		DS18B20DEVICEREAD
0000ED	EFDA	LDI SYSWAITTEMPMS,250
0000EE	E0E0	LDI SYSWAITTEMPMS_H,0
0000EF	D047	RCALL DELAY_MS
0000F0	D404	RCALL MASTERRST
0000F1	D46B	RCALL PPULSE
0000F2	E0D1	LDI SYSWAITTEMPMS,1
0000F3	E0E0	LDI SYSWAITTEMPMS_H,0
0000F4	D042	RCALL DELAY_MS
0000F5	EC5C	LDI SYSVALUECOPY,204
0000F6	9350 016A	STS COMMAND,SYSVALUECOPY
0000F8	D43B	RCALL OWOUT
0000F9	E0D1	LDI SYSWAITTEMPMS,1
0000FA	E0E0	LDI SYSWAITTEMPMS_H,0
0000FB	D03B	RCALL DELAY_MS
0000FC	E454	LDI SYSVALUECOPY,68
0000FD	9350 016A	STS COMMAND,SYSVALUECOPY
0000FF	D434	RCALL OWOUT
		SYSDOLOOP_S2
000100	9A3B	SBI DDRC,3
000101	9843	CBI PORTC,3
000102	E195	LDI DELAYTEMP,21
		DELAYUS2
000103	959A	DEC DELAYTEMP
000104	F7F1	BRNE DELAYUS2
000105	0000	NOP
000106	983B	CBI DDRC,3
000107	E295	LDI DELAYTEMP,37
		DELAYUS3
000108	959A	DEC DELAYTEMP
000109	F7F1	BRNE DELAYUS3
00010A	0000	NOP
00010B	9933	SBIC PINC,3
00010C	C00A	RJMP SYSDOLOOP_E2
00010D	E0A1	LDI DELAYTEMP2,1
		DELAYUSO4
00010E	E090	LDI DELAYTEMP,0
		DELAYUS4
00010F	959A	DEC DELAYTEMP
000110	F7F1	BRNE DELAYUS4
000111	95AA	DEC DELAYTEMP2
000112	F7D9	BRNE DELAYUSO4
000113	E39F	LDI DELAYTEMP,63
		DELAYUS5
000114	959A	DEC DELAYTEMP
000115	F7F1	BRNE DELAYUS5
000116	CFE9	RJMP SYSDOLOOP_S2
		SYSDOLOOP_E2
000117	D3DD	RCALL MASTERRST
000118	D444	RCALL PPULSE
000119	EC5C	LDI SYSVALUECOPY,204
00011A	9350 016A	STS COMMAND,SYSVALUECOPY
00011C	D417	RCALL OWOUT
00011D	EB5E	LDI SYSVALUECOPY,190
00011E	9350 016A	STS COMMAND,SYSVALUECOPY
000120	D413	RCALL OWOUT
000121	D3DA	RCALL OWIN
000122	9150 0194	LDS SYSVALUECOPY,RXDATA
000124	9350 0170	STS DSDATA,SYSVALUECOPY
000126	9150 0195	LDS SYSVALUECOPY,RXDATA_H
000128	9350 0171	STS DSDATA_H,SYSVALUECOPY
00012A	D3D1	RCALL OWIN
00012B	9150 0194	LDS SYSVALUECOPY,RXDATA
00012D	9350 0171	STS DSDATA_H,SYSVALUECOPY
00012F	9508	RET


		DELAY_10US
		D10US_START
000130	E394	LDI DELAYTEMP,52
		DELAYUS1
000131	959A	DEC DELAYTEMP
000132	F7F1	BRNE DELAYUS1
000133	0000	NOP
000134	95BA	DEC SYSWAITTEMP10US
000135	F7D1	BRNE D10US_START
000136	9508	RET


		DELAY_MS
000137	95E3	INC SYSWAITTEMPMS_H
		DMS_START
000138	EFAE	LDI DELAYTEMP2,254
		DMS_OUTER
000139	E194	LDI DELAYTEMP,20
		DMS_INNER
00013A	959A	DEC DELAYTEMP
00013B	F7F1	BRNE DMS_INNER
00013C	95AA	DEC DELAYTEMP2
00013D	F7D9	BRNE DMS_OUTER
00013E	95DA	DEC SYSWAITTEMPMS
00013F	F7C1	BRNE DMS_START
000140	95EA	DEC SYSWAITTEMPMS_H
000141	F7B1	BRNE DMS_START
000142	9508	RET


		DELAY_S
		DS_START
000143	EED8	LDI SYSWAITTEMPMS,232
000144	E0E3	LDI SYSWAITTEMPMS_H,3
000145	DFF1	RCALL DELAY_MS
000146	95FA	DEC SYSWAITTEMPS
000147	F7D9	BRNE DS_START
000148	9508	RET


		DELAY_US
000149	95C3	INC SYSWAITTEMPUS_H
00014A	23BB	TST SYSWAITTEMPUS
00014B	F031	BREQ DUS_END
		DUS_START
00014C	E094	LDI DELAYTEMP,4
		DELAYUS0
00014D	959A	DEC DELAYTEMP
00014E	F7F1	BRNE DELAYUS0
00014F	0000	NOP
000150	95BA	DEC SYSWAITTEMPUS
000151	F7D1	BRNE DUS_START
		DUS_END
000152	95CA	DEC SYSWAITTEMPUS_H
000153	F7C1	BRNE DUS_START
000154	9508	RET


		GLCDCHARCOL3
000155	37A1	CPI SYSSTRINGA, 113
000156	F010	BRLO PC + 3
000157	2400	CLR SYSBYTETEMPX
000158	9508	RET
000159	ECE0	LDI SYSREADA, LOW(TABLEGLCDCHARCOL3<<1)
00015A	E0F2	LDI SYSREADA_H, HIGH(TABLEGLCDCHARCOL3<<1)
00015B	0FEA	ADD SYSREADA, SYSSTRINGA
00015C	F408	BRCC PC + 2
00015D	95F3	INC SYSREADA_H
00015E	95C8	LPM
00015F	9508	RET
		TABLEGLCDCHARCOL3
000160	0070 0C10 880A 3822 0820 1020 8010 4080 0004 0000 4828 6C46 0000 2800	RAW 0070,0C10,880A,3822,0820,1020,8010,4080,0004,0000,4828,6C46,0000,2800
00016E	0010 0010 7C40 8400 3082 784E 6C06 000C 1000 0028 6404 FEF8 FE7C	RAW 0010,0010,7C40,8400,3082,784E,6C06,000C,1000,0028,6404,FEF8,FE7C
00017B	FEFE FE7C 4000 FEFE FEFE FE7C FE7C 024C 3E7E C67E C20E	RAW FEFE,FE7C,4000,FEFE,FEFE,FE7C,FE7C,024C,3E7E,C67E,C20E
000186	0400 0800 0080 FE40 7070 1070 FE10 4000 00FE F8F8 F870 F810	RAW 0400,0800,0080,FE40,7070,1070,FE10,4000,00FE,F8F8,F870,F810
000192	1090 3878 8878 8818 0000 2000 0078	RAW 1090,3878,8878,8818,0000,2000,0078


		GLCDCHARCOL4
000199	37A1	CPI SYSSTRINGA, 113
00019A	F010	BRLO PC + 3
00019B	2400	CLR SYSBYTETEMPX
00019C	9508	RET
00019D	E4E8	LDI SYSREADA, LOW(TABLEGLCDCHARCOL4<<1)
00019E	E0F3	LDI SYSREADA_H, HIGH(TABLEGLCDCHARCOL4<<1)
00019F	0FEA	ADD SYSREADA, SYSSTRINGA
0001A0	F408	BRCC PC + 2
0001A1	95F3	INC SYSREADA_H
0001A2	95C8	LPM
0001A3	9508	RET
		TABLEGLCDCHARCOL4
0001A4	FE70 0A38 CC06 7C66 0470 1040 8838 70A2 001C 0E00 54FE 9226	RAW FE70,0A38,CC06,7C66,0470,1040,8838,70A2,001C,0E00,54FE,9226
0001B0	380A 1082 A010 C010 A220 C284 2882 948A 9202 6C92 28AC	RAW 380A,1082,A010,C010,A220,C284,2882,948A,9202,6C92,28AC
0001BB	8228 9202 9224 8282 1292 1082 8082 8010 0804 1282 1282 0292	RAW 8228,9202,9224,8282,1292,1082,8082,8010,0804,1282,1282,0292
0001C7	4080 2880 A210 08FE 0482 0280 90A8 8888 FCA8 10A8 8090	RAW 4080,2880,A210,08FE,0482,0280,90A8,8888,FCA8,10A8,8090
0001D2	8220 1008 2888 1028 7CA8 4080 5080 C8A0 0010 1082 0044	RAW 8220,1008,2888,1028,7CA8,4080,5080,C8A0,0010,1082,0044


		GLCDCHARCOL5
0001DD	37A1	CPI SYSSTRINGA, 113
0001DE	F010	BRLO PC + 3
0001DF	2400	CLR SYSBYTETEMPX
0001E0	9508	RET
0001E1	EDE0	LDI SYSREADA, LOW(TABLEGLCDCHARCOL5<<1)
0001E2	E0F3	LDI SYSREADA_H, HIGH(TABLEGLCDCHARCOL5<<1)
0001E3	0FEA	ADD SYSREADA, SYSSTRINGA
0001E4	F408	BRCC PC + 2
0001E5	95F3	INC SYSREADA_H
0001E6	95C8	LPM
0001E7	9508	RET
		TABLEGLCDCHARCOL5
0001E8	7C70 007C EE00 7CEE FEA8 54FE 9454 7C94 007C 009E FE28 AA10	RAW 7C70,007C,EE00,7CEE,FEA8,54FE,9454,7C94,007C,009E,FE28,AA10
0001F4	4406 7C44 607C C010 9210 A2FE 248A 928A 92E2 6C92 446C	RAW 4406,7C44,607C,C010,9210,A2FE,248A,928A,92E2,6C92,446C
0001FF	4428 F2A2 9222 8282 1292 1092 82FE 8028 1018 1282 32A2	RAW 4428,F2A2,9222,8282,1292,1092,82FE,8028,1018,1282,32A2
00020A	FE92 8080 1070 92E0 1082 0282 0480 88A8 8888 12A8 08A8	RAW FE92,8080,1070,92E0,1082,0282,0480,88A8,8888,12A8,08A8
000215	88FA FE50 08F0 2888 0828 90A8 8080 2060 A8A0 FE6C 106C	RAW 88FA,FE50,08F0,2888,0828,90A8,8080,2060,A8A0,FE6C,106C
000220	0042	RAW 0042


		GLCDCHARCOL6
000221	37A1	CPI SYSSTRINGA, 113
000222	F010	BRLO PC + 3
000223	2400	CLR SYSBYTETEMPX
000224	9508	RET
000225	E5E8	LDI SYSREADA, LOW(TABLEGLCDCHARCOL6<<1)
000226	E0F4	LDI SYSREADA_H, HIGH(TABLEGLCDCHARCOL6<<1)
000227	0FEA	ADD SYSREADA, SYSSTRINGA
000228	F408	BRCC PC + 2
000229	95F3	INC SYSREADA_H
00022A	95C8	LPM
00022B	9508	RET
		TABLEGLCDCHARCOL6
00022C	3870 0CFE CC0A 7C66 0420 3840 A210 7088 001C 0E00 54FE 44C8	RAW 3870,0CFE,CC0A,7C66,0420,3840,A210,7088,001C,0E00,54FE,44C8
000238	8200 1038 0010 0010 8A08 9280 FE96 928A 9212 0052 8200 2828 8212	RAW 8200,1038,0010,0010,8A08,9280,FE96,928A,9212,0052,8200,2828,8212
000245	9224 4482 1292 1092 7E82 8044 2004 1282 5242 0292 4080 2880	RAW 9224,4482,1292,1092,7E82,8044,2004,1282,5242,0292,4080,2880
000251	8A10 2082 04FE 0880 88A8 9088 02A8 08A8 7A80 8088 0808 2888	RAW 8A10,2082,04FE,0880,88A8,9088,02A8,08A8,7A80,8088,0808,2888
00025D	0830 80A8 4040 5080 98A0 0082 2010 0044	RAW 0830,80A8,4040,5080,98A0,0082,2010,0044


		GLCDCHARCOL7
000265	37A1	CPI SYSSTRINGA, 113
000266	F010	BRLO PC + 3
000267	2400	CLR SYSBYTETEMPX
000268	9508	RET
000269	EEE0	LDI SYSREADA, LOW(TABLEGLCDCHARCOL7<<1)
00026A	E0F4	LDI SYSREADA_H, HIGH(TABLEGLCDCHARCOL7<<1)
00026B	0FEA	ADD SYSREADA, SYSSTRINGA
00026C	F408	BRCC PC + 2
00026D	95F3	INC SYSREADA_H
00026E	95C8	LPM
00026F	9508	RET
		TABLEGLCDCHARCOL7
000270	1070 0A00 8806 3822 083E 1020 8010 4080 0004 0000 2428 A0C4 0000 2800	RAW 1070,0A00,8806,3822,083E,1020,8010,4080,0004,0000,2428,A0C4,0000,2800
00027E	0010 0010 7C04 8C00 2062 6072 6C0E 003C 0000 1028 7C0C 6CF8 3844	RAW 0010,0010,7C04,8C00,2062,6072,6C0E,003C,0000,1028,7C0C,6CF8,3844
00028B	0282 FEF4 0200 8082 FEFE 0C7C 8CBC 0264 3E7E C67E 860E 4000	RAW 0282,FEF4,0200,8082,FEFE,0C7C,8CBC,0264,3E7E,C67E,860E,4000
000297	0800 0080 70F0 FE40 0430 F078 0000 0000 F0F0 1070 10F8 4040 38F8	RAW 0800,0080,70F0,FE40,0430,F078,0000,0000,F0F0,1070,10F8,4040,38F8
0002A4	8878 8878 0000 1000 0078	RAW 8878,8878,0000,1000,0078


		GLCDCLS_KS0108
0002A9	E050	LDI SYSVALUECOPY,0
0002AA	9350 0187	STS GLCD_YORDINATE,SYSVALUECOPY
0002AC	9350 0188	STS GLCD_YORDINATE_H,SYSVALUECOPY
0002AE	9A2B	SBI PORTB,3
0002AF	982C	CBI PORTB,4
0002B0	E050	LDI SYSVALUECOPY,0
0002B1	9350 0186	STS GLCD_COUNT,SYSVALUECOPY
		SYSFORLOOP6
0002B3	9080 0186	LDS SYSTEMP3,GLCD_COUNT
0002B5	9483	INC SYSTEMP3
0002B6	9280 0186	STS GLCD_COUNT,SYSTEMP3
0002B8	EF5F	LDI SYSVALUECOPY,255
0002B9	9350 016F	STS CURRPAGE,SYSVALUECOPY
		SYSFORLOOP7
0002BB	9080 016F	LDS SYSTEMP3,CURRPAGE
0002BD	9483	INC SYSTEMP3
0002BE	9280 016F	STS CURRPAGE,SYSTEMP3
0002C0	9828	CBI PORTB,0
0002C1	EB08	LDI SYSTEMP2,184
0002C2	9080 016F	LDS SYSTEMP3,CURRPAGE
0002C4	2A80	OR SYSTEMP3,SYSTEMP2
0002C5	9280 018A	STS LCDBYTE,SYSTEMP3
0002C7	D158	RCALL GLCDWRITEBYTE_KS0108
0002C8	EF5F	LDI SYSVALUECOPY,255
0002C9	9350 016E	STS CURRCOL,SYSVALUECOPY
		SYSFORLOOP8
0002CB	9080 016E	LDS SYSTEMP3,CURRCOL
0002CD	9483	INC SYSTEMP3
0002CE	9280 016E	STS CURRCOL,SYSTEMP3
0002D0	9828	CBI PORTB,0
0002D1	E400	LDI SYSTEMP2,64
0002D2	9080 016E	LDS SYSTEMP3,CURRCOL
0002D4	2A80	OR SYSTEMP3,SYSTEMP2
0002D5	9280 018A	STS LCDBYTE,SYSTEMP3
0002D7	D148	RCALL GLCDWRITEBYTE_KS0108
0002D8	9A28	SBI PORTB,0
0002D9	E050	LDI SYSVALUECOPY,0
0002DA	9350 018A	STS LCDBYTE,SYSVALUECOPY
0002DC	D143	RCALL GLCDWRITEBYTE_KS0108
0002DD	9160 016E	LDS SYSCALCTEMPA,CURRCOL
0002DF	336F	CPI SYSCALCTEMPA,63
0002E0	F350	BRLO SYSFORLOOP8
		SYSFORLOOPEND8
0002E1	9160 016F	LDS SYSCALCTEMPA,CURRPAGE
0002E3	3067	CPI SYSCALCTEMPA,7
0002E4	F2B0	BRLO SYSFORLOOP7
		SYSFORLOOPEND7
0002E5	982B	CBI PORTB,3
0002E6	9A2C	SBI PORTB,4
0002E7	9160 0186	LDS SYSCALCTEMPA,GLCD_COUNT
0002E9	3062	CPI SYSCALCTEMPA,2
0002EA	F240	BRLO SYSFORLOOP6
		SYSFORLOOPEND6
0002EB	982B	CBI PORTB,3
0002EC	982C	CBI PORTB,4
0002ED	9508	RET


		GLCDDRAWCHAR
0002EE	9060 0165	LDS SYSTEMP1,CHARCODE
0002F0	E00F	LDI SYSTEMP2,15
0002F1	1A60	SUB SYSTEMP1,SYSTEMP2
0002F2	9260 0165	STS CHARCODE,SYSTEMP1
0002F4	9160 018B	LDS SYSWORDTEMPA,LINECOLOUR
0002F6	9170 018C	LDS SYSWORDTEMPA_H,LINECOLOUR_H
0002F8	91C0 0180	LDS SYSWORDTEMPB,GLCDFOREGROUND
0002FA	91D0 0181	LDS SYSWORDTEMPB_H,GLCDFOREGROUND_H
0002FC	D431	RCALL SYSCOMPEQUAL16
0002FD	9400	COM SYSBYTETEMPX
0002FE	FE00	SBRS SYSBYTETEMPX,0
0002FF	C00B	RJMP ENDIF4
000300	E051	LDI SYSVALUECOPY,1
000301	9350 0177	STS GLCDBACKGROUND,SYSVALUECOPY
000303	E050	LDI SYSVALUECOPY,0
000304	9350 0178	STS GLCDBACKGROUND_H,SYSVALUECOPY
000306	E050	LDI SYSVALUECOPY,0
000307	9350 0180	STS GLCDFOREGROUND,SYSVALUECOPY
000309	9350 0181	STS GLCDFOREGROUND_H,SYSVALUECOPY
		ENDIF4
00030B	E050	LDI SYSVALUECOPY,0
00030C	9350 016B	STS CURRCHARCOL,SYSVALUECOPY
		SYSFORLOOP2
00030E	9060 016B	LDS SYSTEMP1,CURRCHARCOL
000310	9463	INC SYSTEMP1
000311	9260 016B	STS CURRCHARCOL,SYSTEMP1
		SYSSELECT1CASE1
000313	9160 016B	LDS SYSCALCTEMPA,CURRCHARCOL
000315	3061	CPI SYSCALCTEMPA,1
000316	F431	BRNE SYSSELECT1CASE2
000317	91A0 0165	LDS SYSSTRINGA,CHARCODE
000319	DE3B	RCALL GLCDCHARCOL3
00031A	9200 016D	STS CURRCHARVAL,SYSBYTETEMPX
00031C	C027	RJMP SYSSELECTEND1
		SYSSELECT1CASE2
00031D	9160 016B	LDS SYSCALCTEMPA,CURRCHARCOL
00031F	3062	CPI SYSCALCTEMPA,2
000320	F431	BRNE SYSSELECT1CASE3
000321	91A0 0165	LDS SYSSTRINGA,CHARCODE
000323	DE75	RCALL GLCDCHARCOL4
000324	9200 016D	STS CURRCHARVAL,SYSBYTETEMPX
000326	C01D	RJMP SYSSELECTEND1
		SYSSELECT1CASE3
000327	9160 016B	LDS SYSCALCTEMPA,CURRCHARCOL
000329	3063	CPI SYSCALCTEMPA,3
00032A	F431	BRNE SYSSELECT1CASE4
00032B	91A0 0165	LDS SYSSTRINGA,CHARCODE
00032D	DEAF	RCALL GLCDCHARCOL5
00032E	9200 016D	STS CURRCHARVAL,SYSBYTETEMPX
000330	C013	RJMP SYSSELECTEND1
		SYSSELECT1CASE4
000331	9160 016B	LDS SYSCALCTEMPA,CURRCHARCOL
000333	3064	CPI SYSCALCTEMPA,4
000334	F431	BRNE SYSSELECT1CASE5
000335	91A0 0165	LDS SYSSTRINGA,CHARCODE
000337	DEE9	RCALL GLCDCHARCOL6
000338	9200 016D	STS CURRCHARVAL,SYSBYTETEMPX
00033A	C009	RJMP SYSSELECTEND1
		SYSSELECT1CASE5
00033B	9160 016B	LDS SYSCALCTEMPA,CURRCHARCOL
00033D	3065	CPI SYSCALCTEMPA,5
00033E	F429	BRNE SYSSELECT1CASE6
00033F	91A0 0165	LDS SYSSTRINGA,CHARCODE
000341	DF23	RCALL GLCDCHARCOL7
000342	9200 016D	STS CURRCHARVAL,SYSBYTETEMPX
		SYSSELECT1CASE6
		SYSSELECTEND1
000344	E050	LDI SYSVALUECOPY,0
000345	9350 016C	STS CURRCHARROW,SYSVALUECOPY
		SYSFORLOOP3
000347	9060 016C	LDS SYSTEMP1,CURRCHARROW
000349	9463	INC SYSTEMP1
00034A	9260 016C	STS CURRCHARROW,SYSTEMP1
00034C	9050 016D	LDS SYSBITTEST,CURRCHARVAL
00034E	FC50	SBRC SYSBITTEST,0
00034F	C018	RJMP ELSE5_1
000350	9060 0166	LDS SYSTEMP1,CHARLOCX
000352	9100 016B	LDS SYSTEMP2,CURRCHARCOL
000354	0E60	ADD SYSTEMP1,SYSTEMP2
000355	9260 0184	STS GLCDX,SYSTEMP1
000357	9060 0167	LDS SYSTEMP1,CHARLOCY
000359	9100 016C	LDS SYSTEMP2,CURRCHARROW
00035B	0E60	ADD SYSTEMP1,SYSTEMP2
00035C	9260 0185	STS GLCDY,SYSTEMP1
00035E	9150 0177	LDS SYSVALUECOPY,GLCDBACKGROUND
000360	9350 017B	STS GLCDCOLOUR,SYSVALUECOPY
000362	9150 0178	LDS SYSVALUECOPY,GLCDBACKGROUND_H
000364	9350 017C	STS GLCDCOLOUR_H,SYSVALUECOPY
000366	D204	RCALL PSET_KS0108
000367	C017	RJMP ENDIF5
		ELSE5_1
000368	9060 0166	LDS SYSTEMP1,CHARLOCX
00036A	9100 016B	LDS SYSTEMP2,CURRCHARCOL
00036C	0E60	ADD SYSTEMP1,SYSTEMP2
00036D	9260 0184	STS GLCDX,SYSTEMP1
00036F	9060 0167	LDS SYSTEMP1,CHARLOCY
000371	9100 016C	LDS SYSTEMP2,CURRCHARROW
000373	0E60	ADD SYSTEMP1,SYSTEMP2
000374	9260 0185	STS GLCDY,SYSTEMP1
000376	9150 0180	LDS SYSVALUECOPY,GLCDFOREGROUND
000378	9350 017B	STS GLCDCOLOUR,SYSVALUECOPY
00037A	9150 0181	LDS SYSVALUECOPY,GLCDFOREGROUND_H
00037C	9350 017C	STS GLCDCOLOUR_H,SYSVALUECOPY
00037E	D1EC	RCALL PSET_KS0108
		ENDIF5
00037F	9160 016D	LDS SYSBYTETEMPA,CURRCHARVAL
000381	9567	ROR SYSBYTETEMPA
000382	9360 016D	STS CURRCHARVAL,SYSBYTETEMPA
000384	9160 016C	LDS SYSCALCTEMPA,CURRCHARROW
000386	3068	CPI SYSCALCTEMPA,8
000387	F408	BRSH ENDIF6
000388	CFBE	RJMP SYSFORLOOP3
		ENDIF6
		SYSFORLOOPEND3
000389	9160 016B	LDS SYSCALCTEMPA,CURRCHARCOL
00038B	3065	CPI SYSCALCTEMPA,5
00038C	F408	BRSH ENDIF7
00038D	CF80	RJMP SYSFORLOOP2
		ENDIF7
		SYSFORLOOPEND2
00038E	E050	LDI SYSVALUECOPY,0
00038F	9350 0177	STS GLCDBACKGROUND,SYSVALUECOPY
000391	9350 0178	STS GLCDBACKGROUND_H,SYSVALUECOPY
000393	E051	LDI SYSVALUECOPY,1
000394	9350 0180	STS GLCDFOREGROUND,SYSVALUECOPY
000396	E050	LDI SYSVALUECOPY,0
000397	9350 0181	STS GLCDFOREGROUND_H,SYSVALUECOPY
000399	9508	RET


		GLCDPRINT3
00039A	91A0 01A2	LDS SYSSTRINGA,SYSLCDPRINTDATAHANDLER
00039C	91B0 01A3	LDS SYSSTRINGA_H,SYSLCDPRINTDATAHANDLER_H
00039E	915C	LD SYSVALUECOPY,X
00039F	9350 018F	STS PRINTLEN,SYSVALUECOPY
0003A1	9160 018F	LDS SYSCALCTEMPA,PRINTLEN
0003A3	2366	TST SYSCALCTEMPA
0003A4	F409	BRNE ENDIF1
0003A5	9508	RET
		ENDIF1
0003A6	9150 0190	LDS SYSVALUECOPY,PRINTLOCX
0003A8	9350 0182	STS GLCDPRINTLOC,SYSVALUECOPY
0003AA	E050	LDI SYSVALUECOPY,0
0003AB	9350 019B	STS SYSPRINTTEMP,SYSVALUECOPY
0003AD	9160 018F	LDS SYSCALCTEMPA,PRINTLEN
0003AF	3061	CPI SYSCALCTEMPA,1
0003B0	F188	BRLO SYSFORLOOPEND1
		SYSFORLOOP1
0003B1	9060 019B	LDS SYSTEMP1,SYSPRINTTEMP
0003B3	9463	INC SYSTEMP1
0003B4	9260 019B	STS SYSPRINTTEMP,SYSTEMP1
0003B6	9150 0182	LDS SYSVALUECOPY,GLCDPRINTLOC
0003B8	9350 0166	STS CHARLOCX,SYSVALUECOPY
0003BA	9150 0191	LDS SYSVALUECOPY,PRINTLOCY
0003BC	9350 0167	STS CHARLOCY,SYSVALUECOPY
0003BE	9060 01A2	LDS SYSTEMP1,SYSLCDPRINTDATAHANDLER
0003C0	9100 019B	LDS SYSTEMP2,SYSPRINTTEMP
0003C2	0E60	ADD SYSTEMP1,SYSTEMP2
0003C3	2DA6	MOV SYSSTRINGA,SYSTEMP1
0003C4	9060 01A3	LDS SYSTEMP1,SYSLCDPRINTDATAHANDLER_H
0003C6	E000	LDI SYSTEMP2,0
0003C7	1E60	ADC SYSTEMP1,SYSTEMP2
0003C8	2DB6	MOV SYSSTRINGA_H,SYSTEMP1
0003C9	915C	LD SYSVALUECOPY,X
0003CA	9350 0165	STS CHARCODE,SYSVALUECOPY
0003CC	9150 0180	LDS SYSVALUECOPY,GLCDFOREGROUND
0003CE	9350 018B	STS LINECOLOUR,SYSVALUECOPY
0003D0	9150 0181	LDS SYSVALUECOPY,GLCDFOREGROUND_H
0003D2	9350 018C	STS LINECOLOUR_H,SYSVALUECOPY
0003D4	DF19	RCALL GLCDDRAWCHAR
0003D5	9060 0182	LDS SYSTEMP1,GLCDPRINTLOC
0003D7	9100 017F	LDS SYSTEMP2,GLCDFONTWIDTH
0003D9	0E60	ADD SYSTEMP1,SYSTEMP2
0003DA	9260 0182	STS GLCDPRINTLOC,SYSTEMP1
0003DC	9160 019B	LDS SYSCALCTEMPA,SYSPRINTTEMP
0003DE	91C0 018F	LDS SYSCALCTEMPB,PRINTLEN
0003E0	176C	CP SYSCALCTEMPA,SYSCALCTEMPB
0003E1	F278	BRLO SYSFORLOOP1
		SYSFORLOOPEND1
0003E2	9508	RET


		FN_GLCDREADBYTE_KS0108
0003E3	9857	CBI DDRD,7
0003E4	9856	CBI DDRD,6
0003E5	9855	CBI DDRD,5
0003E6	9854	CBI DDRD,4
0003E7	9853	CBI DDRD,3
0003E8	9852	CBI DDRD,2
0003E9	9851	CBI DDRD,1
0003EA	9850	CBI DDRD,0
0003EB	9A29	SBI PORTB,1
0003EC	9A2A	SBI PORTB,2
0003ED	E190	LDI DELAYTEMP,16
		DELAYUS18
0003EE	959A	DEC DELAYTEMP
0003EF	F7F1	BRNE DELAYUS18
0003F0	9150 0183	LDS SYSVALUECOPY,GLCDREADBYTE_KS0108
0003F2	775F	CBR SYSVALUECOPY,1<<7
0003F3	994F	SBIC PIND,7
0003F4	6850	SBR SYSVALUECOPY,1<<7
0003F5	9350 0183	STS GLCDREADBYTE_KS0108,SYSVALUECOPY
0003F7	7B5F	CBR SYSVALUECOPY,1<<6
0003F8	994E	SBIC PIND,6
0003F9	6450	SBR SYSVALUECOPY,1<<6
0003FA	9350 0183	STS GLCDREADBYTE_KS0108,SYSVALUECOPY
0003FC	7D5F	CBR SYSVALUECOPY,1<<5
0003FD	994D	SBIC PIND,5
0003FE	6250	SBR SYSVALUECOPY,1<<5
0003FF	9350 0183	STS GLCDREADBYTE_KS0108,SYSVALUECOPY
000401	7E5F	CBR SYSVALUECOPY,1<<4
000402	994C	SBIC PIND,4
000403	6150	SBR SYSVALUECOPY,1<<4
000404	9350 0183	STS GLCDREADBYTE_KS0108,SYSVALUECOPY
000406	7F57	CBR SYSVALUECOPY,1<<3
000407	994B	SBIC PIND,3
000408	6058	SBR SYSVALUECOPY,1<<3
000409	9350 0183	STS GLCDREADBYTE_KS0108,SYSVALUECOPY
00040B	7F5B	CBR SYSVALUECOPY,1<<2
00040C	994A	SBIC PIND,2
00040D	6054	SBR SYSVALUECOPY,1<<2
00040E	9350 0183	STS GLCDREADBYTE_KS0108,SYSVALUECOPY
000410	7F5D	CBR SYSVALUECOPY,1<<1
000411	9949	SBIC PIND,1
000412	6052	SBR SYSVALUECOPY,1<<1
000413	9350 0183	STS GLCDREADBYTE_KS0108,SYSVALUECOPY
000415	7F5E	CBR SYSVALUECOPY,1<<0
000416	9948	SBIC PIND,0
000417	6051	SBR SYSVALUECOPY,1<<0
000418	9350 0183	STS GLCDREADBYTE_KS0108,SYSVALUECOPY
00041A	982A	CBI PORTB,2
00041B	E09A	LDI DELAYTEMP,10
		DELAYUS19
00041C	959A	DEC DELAYTEMP
00041D	F7F1	BRNE DELAYUS19
00041E	C000	RJMP PC + 1
00041F	9508	RET


		GLCDWRITEBYTE_KS0108
000420	9150 0199	LDS SYSVALUECOPY,SYSBITVAR0
000422	7F5E	CBR SYSVALUECOPY,1<<0
000423	9918	SBIC PINB,0
000424	6051	SBR SYSVALUECOPY,1<<0
000425	9350 0199	STS SYSBITVAR0,SYSVALUECOPY
000427	7F5D	CBR SYSVALUECOPY,1<<1
000428	991C	SBIC PINB,4
000429	6052	SBR SYSVALUECOPY,1<<1
00042A	9350 0199	STS SYSBITVAR0,SYSVALUECOPY
00042C	991B	SBIC PINB,3
00042D	982C	CBI PORTB,4
00042E	9828	CBI PORTB,0
		SYSWAITLOOP1
00042F	DFB3	RCALL FN_GLCDREADBYTE_KS0108
000430	9050 0183	LDS SYSBITTEST,GLCDREADBYTE_KS0108
000432	FC57	SBRC SYSBITTEST,7
000433	CFFB	RJMP SYSWAITLOOP1
000434	9828	CBI PORTB,0
000435	9050 0199	LDS SYSBITTEST,SYSBITVAR0
000437	FC50	SBRC SYSBITTEST,0
000438	9A28	SBI PORTB,0
000439	982C	CBI PORTB,4
00043A	9050 0199	LDS SYSBITTEST,SYSBITVAR0
00043C	FC51	SBRC SYSBITTEST,1
00043D	9A2C	SBI PORTB,4
00043E	9829	CBI PORTB,1
00043F	9A50	SBI DDRD,0
000440	9A51	SBI DDRD,1
000441	9A52	SBI DDRD,2
000442	9A53	SBI DDRD,3
000443	9A54	SBI DDRD,4
000444	9A55	SBI DDRD,5
000445	9A56	SBI DDRD,6
000446	9A57	SBI DDRD,7
000447	985F	CBI PORTD,7
000448	9050 018A	LDS SYSBITTEST,LCDBYTE
00044A	FC57	SBRC SYSBITTEST,7
00044B	9A5F	SBI PORTD,7
00044C	985E	CBI PORTD,6
00044D	9050 018A	LDS SYSBITTEST,LCDBYTE
00044F	FC56	SBRC SYSBITTEST,6
000450	9A5E	SBI PORTD,6
000451	985D	CBI PORTD,5
000452	9050 018A	LDS SYSBITTEST,LCDBYTE
000454	FC55	SBRC SYSBITTEST,5
000455	9A5D	SBI PORTD,5
000456	985C	CBI PORTD,4
000457	9050 018A	LDS SYSBITTEST,LCDBYTE
000459	FC54	SBRC SYSBITTEST,4
00045A	9A5C	SBI PORTD,4
00045B	985B	CBI PORTD,3
00045C	9050 018A	LDS SYSBITTEST,LCDBYTE
00045E	FC53	SBRC SYSBITTEST,3
00045F	9A5B	SBI PORTD,3
000460	985A	CBI PORTD,2
000461	9050 018A	LDS SYSBITTEST,LCDBYTE
000463	FC52	SBRC SYSBITTEST,2
000464	9A5A	SBI PORTD,2
000465	9859	CBI PORTD,1
000466	9050 018A	LDS SYSBITTEST,LCDBYTE
000468	FC51	SBRC SYSBITTEST,1
000469	9A59	SBI PORTD,1
00046A	9858	CBI PORTD,0
00046B	9050 018A	LDS SYSBITTEST,LCDBYTE
00046D	FC50	SBRC SYSBITTEST,0
00046E	9A58	SBI PORTD,0
00046F	E095	LDI DELAYTEMP,5
		DELAYUS16
000470	959A	DEC DELAYTEMP
000471	F7F1	BRNE DELAYUS16
000472	0000	NOP
000473	9A2A	SBI PORTB,2
000474	91B0 0189	LDS SYSWAITTEMPUS,KS0108_CLOCK_DELAY
000476	E0C0	LDI SYSWAITTEMPUS_H,0
000477	DCD1	RCALL DELAY_US
000478	982A	CBI PORTB,2
000479	E095	LDI DELAYTEMP,5
		DELAYUS17
00047A	959A	DEC DELAYTEMP
00047B	F7F1	BRNE DELAYUS17
00047C	0000	NOP
00047D	9508	RET


		FN_HEX
00047E	E052	LDI SYSVALUECOPY,2
00047F	9350 0160	STS SYSHEX_0,SYSVALUECOPY
000481	E00F	LDI SYSTEMP2,15
000482	9080 019F	LDS SYSTEMP3,SYSVALTEMP
000484	2280	AND SYSTEMP3,SYSTEMP2
000485	9280 019E	STS SYSSTRINGTEMP,SYSTEMP3
000487	E069	LDI SYSCALCTEMPA,9
000488	91C0 019E	LDS SYSCALCTEMPB,SYSSTRINGTEMP
00048A	176C	CP SYSCALCTEMPA,SYSCALCTEMPB
00048B	F430	BRSH ENDIF37
00048C	9080 019E	LDS SYSTEMP3,SYSSTRINGTEMP
00048E	E007	LDI SYSTEMP2,7
00048F	0E80	ADD SYSTEMP3,SYSTEMP2
000490	9280 019E	STS SYSSTRINGTEMP,SYSTEMP3
		ENDIF37
000492	9080 019E	LDS SYSTEMP3,SYSSTRINGTEMP
000494	E300	LDI SYSTEMP2,48
000495	0E80	ADD SYSTEMP3,SYSTEMP2
000496	9280 0162	STS SYSHEX_2,SYSTEMP3
000498	E050	LDI SYSVALUECOPY,0
000499	9350 019E	STS SYSSTRINGTEMP,SYSVALUECOPY
		SYSFORLOOP9
00049B	9080 019E	LDS SYSTEMP3,SYSSTRINGTEMP
00049D	9483	INC SYSTEMP3
00049E	9280 019E	STS SYSSTRINGTEMP,SYSTEMP3
0004A0	9160 019F	LDS SYSBYTETEMPA,SYSVALTEMP
0004A2	9567	ROR SYSBYTETEMPA
0004A3	9360 019F	STS SYSVALTEMP,SYSBYTETEMPA
0004A5	9160 019E	LDS SYSCALCTEMPA,SYSSTRINGTEMP
0004A7	3064	CPI SYSCALCTEMPA,4
0004A8	F390	BRLO SYSFORLOOP9
		SYSFORLOOPEND9
0004A9	E00F	LDI SYSTEMP2,15
0004AA	9080 019F	LDS SYSTEMP3,SYSVALTEMP
0004AC	2280	AND SYSTEMP3,SYSTEMP2
0004AD	9280 019E	STS SYSSTRINGTEMP,SYSTEMP3
0004AF	E069	LDI SYSCALCTEMPA,9
0004B0	91C0 019E	LDS SYSCALCTEMPB,SYSSTRINGTEMP
0004B2	176C	CP SYSCALCTEMPA,SYSCALCTEMPB
0004B3	F430	BRSH ENDIF39
0004B4	9080 019E	LDS SYSTEMP3,SYSSTRINGTEMP
0004B6	E007	LDI SYSTEMP2,7
0004B7	0E80	ADD SYSTEMP3,SYSTEMP2
0004B8	9280 019E	STS SYSSTRINGTEMP,SYSTEMP3
		ENDIF39
0004BA	9080 019E	LDS SYSTEMP3,SYSSTRINGTEMP
0004BC	E300	LDI SYSTEMP2,48
0004BD	0E80	ADD SYSTEMP3,SYSTEMP2
0004BE	9280 0161	STS SYSHEX_1,SYSTEMP3
0004C0	9508	RET


		INITGLCD_KS0108
0004C1	9A20	SBI DDRB,0
0004C2	9A21	SBI DDRB,1
0004C3	9A22	SBI DDRB,2
0004C4	9A23	SBI DDRB,3
0004C5	9A24	SBI DDRB,4
0004C6	9A25	SBI DDRB,5
0004C7	982D	CBI PORTB,5
0004C8	E0D1	LDI SYSWAITTEMPMS,1
0004C9	E0E0	LDI SYSWAITTEMPMS_H,0
0004CA	DC6C	RCALL DELAY_MS
0004CB	9A2D	SBI PORTB,5
0004CC	E0D1	LDI SYSWAITTEMPMS,1
0004CD	E0E0	LDI SYSWAITTEMPMS_H,0
0004CE	DC68	RCALL DELAY_MS
0004CF	9A2B	SBI PORTB,3
0004D0	9A2C	SBI PORTB,4
0004D1	9828	CBI PORTB,0
0004D2	E35F	LDI SYSVALUECOPY,63
0004D3	9350 018A	STS LCDBYTE,SYSVALUECOPY
0004D5	DF4A	RCALL GLCDWRITEBYTE_KS0108
0004D6	EC50	LDI SYSVALUECOPY,192
0004D7	9350 018A	STS LCDBYTE,SYSVALUECOPY
0004D9	DF46	RCALL GLCDWRITEBYTE_KS0108
0004DA	982B	CBI PORTB,3
0004DB	982C	CBI PORTB,4
0004DC	E050	LDI SYSVALUECOPY,0
0004DD	9350 0177	STS GLCDBACKGROUND,SYSVALUECOPY
0004DF	9350 0178	STS GLCDBACKGROUND_H,SYSVALUECOPY
0004E1	E051	LDI SYSVALUECOPY,1
0004E2	9350 0180	STS GLCDFOREGROUND,SYSVALUECOPY
0004E4	E050	LDI SYSVALUECOPY,0
0004E5	9350 0181	STS GLCDFOREGROUND_H,SYSVALUECOPY
0004E7	E056	LDI SYSVALUECOPY,6
0004E8	9350 017F	STS GLCDFONTWIDTH,SYSVALUECOPY
0004EA	E050	LDI SYSVALUECOPY,0
0004EB	9350 017E	STS GLCDFNTDEFAULT,SYSVALUECOPY
0004ED	CDBB	RJMP GLCDCLS_KS0108


		INITSYS
0004EE	E050	LDI SYSVALUECOPY,0
0004EF	B955	OUT PORTB,SYSVALUECOPY
0004F0	E050	LDI SYSVALUECOPY,0
0004F1	B958	OUT PORTC,SYSVALUECOPY
0004F2	E050	LDI SYSVALUECOPY,0
0004F3	B95B	OUT PORTD,SYSVALUECOPY
0004F4	9508	RET


		MASTERRST
0004F5	983B	CBI DDRC,3
0004F6	9A3B	SBI DDRC,3
0004F7	9843	CBI PORTC,3
0004F8	E3BC	LDI SYSWAITTEMP10US,60
0004F9	DC36	RCALL DELAY_10US
0004FA	983B	CBI DDRC,3
0004FB	9508	RET


		OWIN
0004FC	E050	LDI SYSVALUECOPY,0
0004FD	9350 0169	STS CLOCKSB,SYSVALUECOPY
		SYSFORLOOP5
0004FF	9080 0169	LDS SYSTEMP3,CLOCKSB
000501	9483	INC SYSTEMP3
000502	9280 0169	STS CLOCKSB,SYSTEMP3
000504	9160 0194	LDS SYSWORDTEMPA,RXDATA
000506	9170 0195	LDS SYSWORDTEMPA_H,RXDATA_H
000508	9577	ROR SYSWORDTEMPA_H
000509	9567	ROR SYSWORDTEMPA
00050A	9360 0194	STS RXDATA,SYSWORDTEMPA
00050C	9370 0195	STS RXDATA_H,SYSWORDTEMPA_H
00050E	9A3B	SBI DDRC,3
00050F	9843	CBI PORTC,3
000510	E290	LDI DELAYTEMP,32
		DELAYUS12
000511	959A	DEC DELAYTEMP
000512	F7F1	BRNE DELAYUS12
000513	983B	CBI DDRC,3
000514	E195	LDI DELAYTEMP,21
		DELAYUS13
000515	959A	DEC DELAYTEMP
000516	F7F1	BRNE DELAYUS13
000517	0000	NOP
000518	9B33	SBIS PINC,3
000519	C005	RJMP ENDIF14
00051A	9150 0194	LDS SYSVALUECOPY,RXDATA
00051C	6850	SBR SYSVALUECOPY,1<<7
00051D	9350 0194	STS RXDATA,SYSVALUECOPY
		ENDIF14
00051F	9933	SBIC PINC,3
000520	C005	RJMP ENDIF15
000521	9150 0194	LDS SYSVALUECOPY,RXDATA
000523	775F	CBR SYSVALUECOPY,1<<7
000524	9350 0194	STS RXDATA,SYSVALUECOPY
		ENDIF15
000526	E0A1	LDI DELAYTEMP2,1
		DELAYUSO14
000527	E090	LDI DELAYTEMP,0
		DELAYUS14
000528	959A	DEC DELAYTEMP
000529	F7F1	BRNE DELAYUS14
00052A	95AA	DEC DELAYTEMP2
00052B	F7D9	BRNE DELAYUSO14
00052C	E39F	LDI DELAYTEMP,63
		DELAYUS15
00052D	959A	DEC DELAYTEMP
00052E	F7F1	BRNE DELAYUS15
00052F	9160 0169	LDS SYSCALCTEMPA,CLOCKSB
000531	3068	CPI SYSCALCTEMPA,8
000532	F260	BRLO SYSFORLOOP5
		SYSFORLOOPEND5
000533	9508	RET


		OWOUT
000534	E050	LDI SYSVALUECOPY,0
000535	9350 0168	STS CLOCKSA,SYSVALUECOPY
		SYSFORLOOP4
000537	9080 0168	LDS SYSTEMP3,CLOCKSA
000539	9483	INC SYSTEMP3
00053A	9280 0168	STS CLOCKSA,SYSTEMP3
00053C	9A3B	SBI DDRC,3
00053D	9843	CBI PORTC,3
00053E	E190	LDI DELAYTEMP,16
		DELAYUS8
00053F	959A	DEC DELAYTEMP
000540	F7F1	BRNE DELAYUS8
000541	9050 016A	LDS SYSBITTEST,COMMAND
000543	FC50	SBRC SYSBITTEST,0
000544	983B	CBI DDRC,3
000545	E0A2	LDI DELAYTEMP2,2
		DELAYUSO9
000546	E090	LDI DELAYTEMP,0
		DELAYUS9
000547	959A	DEC DELAYTEMP
000548	F7F1	BRNE DELAYUS9
000549	95AA	DEC DELAYTEMP2
00054A	F7D9	BRNE DELAYUSO9
00054B	E193	LDI DELAYTEMP,19
		DELAYUS10
00054C	959A	DEC DELAYTEMP
00054D	F7F1	BRNE DELAYUS10
00054E	0000	NOP
00054F	983B	CBI DDRC,3
000550	E190	LDI DELAYTEMP,16
		DELAYUS11
000551	959A	DEC DELAYTEMP
000552	F7F1	BRNE DELAYUS11
000553	9160 016A	LDS SYSBYTETEMPA,COMMAND
000555	9567	ROR SYSBYTETEMPA
000556	9360 016A	STS COMMAND,SYSBYTETEMPA
000558	9160 0168	LDS SYSCALCTEMPA,CLOCKSA
00055A	3068	CPI SYSCALCTEMPA,8
00055B	F2D8	BRLO SYSFORLOOP4
		SYSFORLOOPEND4
00055C	9508	RET


		PPULSE
00055D	E0A2	LDI DELAYTEMP2,2
		DELAYUSO6
00055E	E090	LDI DELAYTEMP,0
		DELAYUS6
00055F	959A	DEC DELAYTEMP
000560	F7F1	BRNE DELAYUS6
000561	95AA	DEC DELAYTEMP2
000562	F7D9	BRNE DELAYUSO6
000563	E193	LDI DELAYTEMP,19
		DELAYUS7
000564	959A	DEC DELAYTEMP
000565	F7F1	BRNE DELAYUS7
000566	0000	NOP
000567	E2BB	LDI SYSWAITTEMP10US,43
000568	DBC7	RCALL DELAY_10US
000569	983B	CBI DDRC,3
00056A	9508	RET


		PSET_KS0108
00056B	9050 0184	LDS SYSBITTEST,GLCDX
00056D	FC56	SBRC SYSBITTEST,6
00056E	C002	RJMP ENDIF20
00056F	9A2C	SBI PORTB,4
000570	982B	CBI PORTB,3
		ENDIF20
000571	9050 0184	LDS SYSBITTEST,GLCDX
000573	FE56	SBRS SYSBITTEST,6
000574	C008	RJMP ENDIF21
000575	9A2B	SBI PORTB,3
000576	9080 0184	LDS SYSTEMP3,GLCDX
000578	E400	LDI SYSTEMP2,64
000579	1A80	SUB SYSTEMP3,SYSTEMP2
00057A	9280 0184	STS GLCDX,SYSTEMP3
00057C	982C	CBI PORTB,4
		ENDIF21
00057D	9160 0185	LDS SYSBYTETEMPA,GLCDY
00057F	E0C8	LDI SYSBYTETEMPB,8
000580	D1CB	RCALL SYSDIVSUB
000581	9360 016F	STS CURRPAGE,SYSBYTETEMPA
000583	9828	CBI PORTB,0
000584	EB08	LDI SYSTEMP2,184
000585	9080 016F	LDS SYSTEMP3,CURRPAGE
000587	2A80	OR SYSTEMP3,SYSTEMP2
000588	9280 018A	STS LCDBYTE,SYSTEMP3
00058A	DE95	RCALL GLCDWRITEBYTE_KS0108
00058B	9828	CBI PORTB,0
00058C	E400	LDI SYSTEMP2,64
00058D	9080 0184	LDS SYSTEMP3,GLCDX
00058F	2A80	OR SYSTEMP3,SYSTEMP2
000590	9280 018A	STS LCDBYTE,SYSTEMP3
000592	DE8D	RCALL GLCDWRITEBYTE_KS0108
000593	9A28	SBI PORTB,0
000594	DE4E	RCALL FN_GLCDREADBYTE_KS0108
000595	9150 0183	LDS SYSVALUECOPY,GLCDREADBYTE_KS0108
000597	9350 017D	STS GLCDDATATEMP,SYSVALUECOPY
000599	9A28	SBI PORTB,0
00059A	DE48	RCALL FN_GLCDREADBYTE_KS0108
00059B	9150 0183	LDS SYSVALUECOPY,GLCDREADBYTE_KS0108
00059D	9350 017D	STS GLCDDATATEMP,SYSVALUECOPY
00059F	E007	LDI SYSTEMP2,7
0005A0	9080 0185	LDS SYSTEMP3,GLCDY
0005A2	2280	AND SYSTEMP3,SYSTEMP2
0005A3	9280 0179	STS GLCDBITNO,SYSTEMP3
0005A5	9050 017B	LDS SYSBITTEST,GLCDCOLOUR
0005A7	FC50	SBRC SYSBITTEST,0
0005A8	C005	RJMP ELSE22_1
0005A9	EF5E	LDI SYSVALUECOPY,254
0005AA	9350 017A	STS GLCDCHANGE,SYSVALUECOPY
0005AC	9408	SEC
0005AD	C004	RJMP ENDIF22
		ELSE22_1
0005AE	E051	LDI SYSVALUECOPY,1
0005AF	9350 017A	STS GLCDCHANGE,SYSVALUECOPY
0005B1	9488	CLC
		ENDIF22
0005B2	9150 0179	LDS SYSVALUECOPY,GLCDBITNO
0005B4	9350 019C	STS SYSREPEATTEMP1,SYSVALUECOPY
0005B6	9160 019C	LDS SYSCALCTEMPA,SYSREPEATTEMP1
0005B8	2366	TST SYSCALCTEMPA
0005B9	F409	BRNE PC + 2
0005BA	C00B	RJMP SYSREPEATLOOPEND1
		SYSREPEATLOOP1
0005BB	9160 017A	LDS SYSBYTETEMPA,GLCDCHANGE
0005BD	1F66	ROL SYSBYTETEMPA
0005BE	9360 017A	STS GLCDCHANGE,SYSBYTETEMPA
0005C0	9080 019C	LDS SYSTEMP3,SYSREPEATTEMP1
0005C2	948A	DEC SYSTEMP3
0005C3	9280 019C	STS SYSREPEATTEMP1,SYSTEMP3
0005C5	F7A9	BRNE SYSREPEATLOOP1
		SYSREPEATLOOPEND1
0005C6	9050 017B	LDS SYSBITTEST,GLCDCOLOUR
0005C8	FC50	SBRC SYSBITTEST,0
0005C9	C008	RJMP ELSE23_1
0005CA	9080 017D	LDS SYSTEMP3,GLCDDATATEMP
0005CC	9060 017A	LDS SYSTEMP1,GLCDCHANGE
0005CE	2068	AND SYSTEMP1,SYSTEMP3
0005CF	9260 017D	STS GLCDDATATEMP,SYSTEMP1
0005D1	C007	RJMP ENDIF23
		ELSE23_1
0005D2	9080 017D	LDS SYSTEMP3,GLCDDATATEMP
0005D4	9060 017A	LDS SYSTEMP1,GLCDCHANGE
0005D6	2868	OR SYSTEMP1,SYSTEMP3
0005D7	9260 017D	STS GLCDDATATEMP,SYSTEMP1
		ENDIF23
0005D9	9828	CBI PORTB,0
0005DA	E400	LDI SYSTEMP2,64
0005DB	9080 0184	LDS SYSTEMP3,GLCDX
0005DD	2A80	OR SYSTEMP3,SYSTEMP2
0005DE	9280 018A	STS LCDBYTE,SYSTEMP3
0005E0	DE3F	RCALL GLCDWRITEBYTE_KS0108
0005E1	9A28	SBI PORTB,0
0005E2	9150 017D	LDS SYSVALUECOPY,GLCDDATATEMP
0005E4	9350 018A	STS LCDBYTE,SYSVALUECOPY
0005E6	DE39	RCALL GLCDWRITEBYTE_KS0108
0005E7	982B	CBI PORTB,3
0005E8	982C	CBI PORTB,4
0005E9	9508	RET


		FN_READTEMP
0005EA	DB02	RCALL DS18B20DEVICEREAD
0005EB	9050 0171	LDS SYSBITTEST,DSDATA_H
0005ED	FE57	SBRS SYSBITTEST,7
0005EE	C019	RJMP ELSE8_1
0005EF	EF0F	LDI SYSTEMP2,255
0005F0	9080 0170	LDS SYSTEMP3,DSDATA
0005F2	2680	EOR SYSTEMP3,SYSTEMP2
0005F3	2C68	MOV SYSTEMP1,SYSTEMP3
0005F4	EF0F	LDI SYSTEMP2,255
0005F5	9080 0171	LDS SYSTEMP3,DSDATA_H
0005F7	2680	EOR SYSTEMP3,SYSTEMP2
0005F8	9280 0007	STS SYSTEMP1_H,SYSTEMP3
0005FA	E001	LDI SYSTEMP2,1
0005FB	0E60	ADD SYSTEMP1,SYSTEMP2
0005FC	9260 0170	STS DSDATA,SYSTEMP1
0005FE	9080 0007	LDS SYSTEMP3,SYSTEMP1_H
000600	E000	LDI SYSTEMP2,0
000601	1E80	ADC SYSTEMP3,SYSTEMP2
000602	9280 0171	STS DSDATA_H,SYSTEMP3
000604	EF5F	LDI SYSVALUECOPY,255
000605	9350 0196	STS SIGNBIT,SYSVALUECOPY
000607	C003	RJMP ENDIF8
		ELSE8_1
000608	E050	LDI SYSVALUECOPY,0
000609	9350 0196	STS SIGNBIT,SYSVALUECOPY
		ENDIF8
00060B	9160 0170	LDS SYSINTEGERTEMPA,DSDATA
00060D	9170 0171	LDS SYSINTEGERTEMPA_H,DSDATA_H
00060F	E056	LDI SYSVALUECOPY,6
000610	2FC5	MOV SYSINTEGERTEMPB,SYSVALUECOPY
000611	E050	LDI SYSVALUECOPY,0
000612	2FD5	MOV SYSINTEGERTEMPB_H,SYSVALUECOPY
000613	D1AF	RCALL SYSMULTSUBINT
000614	9200 0192	STS READTEMP,SYSINTEGERTEMPX
000616	9210 0193	STS READTEMP_H,SYSINTEGERTEMPX_H
000618	9160 0170	LDS SYSWORDTEMPA,DSDATA
00061A	9170 0171	LDS SYSWORDTEMPA_H,DSDATA_H
00061C	E1C9	LDI SYSWORDTEMPB,25
00061D	E0D0	LDI SYSWORDTEMPB_H,0
00061E	D19A	RCALL SYSMULTSUB16
00061F	2C60	MOV SYSTEMP1,SYSWORDTEMPX
000620	2C71	MOV SYSTEMP1_H,SYSWORDTEMPX_H
000621	2D66	MOV SYSWORDTEMPA,SYSTEMP1
000622	2D77	MOV SYSWORDTEMPA_H,SYSTEMP1_H
000623	E6C4	LDI SYSWORDTEMPB,100
000624	E0D0	LDI SYSWORDTEMPB_H,0
000625	D133	RCALL SYSDIVSUB16
000626	9360 0170	STS DSDATA,SYSWORDTEMPA
000628	9370 0171	STS DSDATA_H,SYSWORDTEMPA_H
00062A	9080 0192	LDS SYSTEMP3,READTEMP
00062C	9060 0170	LDS SYSTEMP1,DSDATA
00062E	0C86	ADD SYSTEMP3,SYSTEMP1
00062F	9280 0192	STS READTEMP,SYSTEMP3
000631	9080 0193	LDS SYSTEMP3,READTEMP_H
000633	9060 0171	LDS SYSTEMP1,DSDATA_H
000635	1C86	ADC SYSTEMP3,SYSTEMP1
000636	9280 0193	STS READTEMP_H,SYSTEMP3
000638	9160 0192	LDS SYSINTEGERTEMPA,READTEMP
00063A	9170 0193	LDS SYSINTEGERTEMPA_H,READTEMP_H
00063C	E654	LDI SYSVALUECOPY,100
00063D	2FC5	MOV SYSINTEGERTEMPB,SYSVALUECOPY
00063E	E050	LDI SYSVALUECOPY,0
00063F	2FD5	MOV SYSINTEGERTEMPB_H,SYSVALUECOPY
000640	D149	RCALL SYSDIVSUBINT
000641	9360 01A9	STS WHOLE,SYSINTEGERTEMPA
000643	9160 01A5	LDS SYSWORDTEMPA,TEMPC_100
000645	9170 01A6	LDS SYSWORDTEMPA_H,TEMPC_100_H
000647	E6C4	LDI SYSWORDTEMPB,100
000648	E0D0	LDI SYSWORDTEMPB_H,0
000649	D10F	RCALL SYSDIVSUB16
00064A	9200 0176	STS FRACTION,SYSWORDTEMPX
00064C	E362	LDI SYSCALCTEMPA,50
00064D	91C0 0176	LDS SYSCALCTEMPB,FRACTION
00064F	176C	CP SYSCALCTEMPA,SYSCALCTEMPB
000650	F428	BRSH ENDIF9
000651	9080 01A9	LDS SYSTEMP3,WHOLE
000653	9483	INC SYSTEMP3
000654	9280 01A9	STS WHOLE,SYSTEMP3
		ENDIF9
000656	9160 0196	LDS SYSCALCTEMPA,SIGNBIT
000658	3F6F	CPI SYSCALCTEMPA,255
000659	F461	BRNE ELSE10_1
00065A	9080 01A9	LDS SYSTEMP3,WHOLE
00065C	E800	LDI SYSTEMP2,128
00065D	0E80	ADD SYSTEMP3,SYSTEMP2
00065E	9280 0192	STS READTEMP,SYSTEMP3
000660	2488	CLR SYSTEMP3
000661	F408	BRCC PC + 2
000662	9483	INC SYSTEMP3
000663	9280 0193	STS READTEMP_H,SYSTEMP3
000665	C007	RJMP ENDIF10
		ELSE10_1
000666	9150 01A9	LDS SYSVALUECOPY,WHOLE
000668	9350 0192	STS READTEMP,SYSVALUECOPY
00066A	E050	LDI SYSVALUECOPY,0
00066B	9350 0193	STS READTEMP_H,SYSVALUECOPY
		ENDIF10
00066D	9508	RET


		FN_STR
00066E	E050	LDI SYSVALUECOPY,0
00066F	9350 019A	STS SYSCHARCOUNT,SYSVALUECOPY
000671	9160 019F	LDS SYSWORDTEMPA,SYSVALTEMP
000673	9170 01A0	LDS SYSWORDTEMPA_H,SYSVALTEMP_H
000675	E1C0	LDI SYSWORDTEMPB,16
000676	E2D7	LDI SYSWORDTEMPB_H,39
000677	D0BD	RCALL SYSCOMPLESSTHAN16
000678	9400	COM SYSBYTETEMPX
000679	FE00	SBRS SYSBYTETEMPX,0
00067A	C01F	RJMP ENDIF33
00067B	9160 019F	LDS SYSWORDTEMPA,SYSVALTEMP
00067D	9170 01A0	LDS SYSWORDTEMPA_H,SYSVALTEMP_H
00067F	E1C0	LDI SYSWORDTEMPB,16
000680	E2D7	LDI SYSWORDTEMPB_H,39
000681	D0D7	RCALL SYSDIVSUB16
000682	9360 019D	STS SYSSTRDATA,SYSWORDTEMPA
000684	9200 019F	STS SYSVALTEMP,SYSCALCTEMPX
000686	9210 01A0	STS SYSVALTEMP_H,SYSCALCTEMPX_H
000688	9080 019A	LDS SYSTEMP3,SYSCHARCOUNT
00068A	9483	INC SYSTEMP3
00068B	9280 019A	STS SYSCHARCOUNT,SYSTEMP3
00068D	E50A	LDI SYSTEMP2,LOW(STR)
00068E	0E80	ADD SYSTEMP3,SYSTEMP2
00068F	2DA8	MOV SYSSTRINGA,SYSTEMP3
000690	E000	LDI SYSTEMP2,0
000691	E011	LDI SYSTEMP4,HIGH(STR)
000692	1F01	ADC SYSTEMP2,SYSTEMP4
000693	2FB0	MOV SYSSTRINGA_H,SYSTEMP2
000694	9080 019D	LDS SYSTEMP3,SYSSTRDATA
000696	E300	LDI SYSTEMP2,48
000697	0E80	ADD SYSTEMP3,SYSTEMP2
000698	928C	ST X,SYSTEMP3
000699	C00A	RJMP SYSVALTHOUSANDS
		ENDIF33
00069A	9160 019F	LDS SYSWORDTEMPA,SYSVALTEMP
00069C	9170 01A0	LDS SYSWORDTEMPA_H,SYSVALTEMP_H
00069E	EEC8	LDI SYSWORDTEMPB,232
00069F	E0D3	LDI SYSWORDTEMPB_H,3
0006A0	D094	RCALL SYSCOMPLESSTHAN16
0006A1	9400	COM SYSBYTETEMPX
0006A2	FE00	SBRS SYSBYTETEMPX,0
0006A3	C01F	RJMP ENDIF34
		SYSVALTHOUSANDS
0006A4	9160 019F	LDS SYSWORDTEMPA,SYSVALTEMP
0006A6	9170 01A0	LDS SYSWORDTEMPA_H,SYSVALTEMP_H
0006A8	EEC8	LDI SYSWORDTEMPB,232
0006A9	E0D3	LDI SYSWORDTEMPB_H,3
0006AA	D0AE	RCALL SYSDIVSUB16
0006AB	9360 019D	STS SYSSTRDATA,SYSWORDTEMPA
0006AD	9200 019F	STS SYSVALTEMP,SYSCALCTEMPX
0006AF	9210 01A0	STS SYSVALTEMP_H,SYSCALCTEMPX_H
0006B1	9080 019A	LDS SYSTEMP3,SYSCHARCOUNT
0006B3	9483	INC SYSTEMP3
0006B4	9280 019A	STS SYSCHARCOUNT,SYSTEMP3
0006B6	E50A	LDI SYSTEMP2,LOW(STR)
0006B7	0E80	ADD SYSTEMP3,SYSTEMP2
0006B8	2DA8	MOV SYSSTRINGA,SYSTEMP3
0006B9	E000	LDI SYSTEMP2,0
0006BA	E011	LDI SYSTEMP4,HIGH(STR)
0006BB	1F01	ADC SYSTEMP2,SYSTEMP4
0006BC	2FB0	MOV SYSSTRINGA_H,SYSTEMP2
0006BD	9080 019D	LDS SYSTEMP3,SYSSTRDATA
0006BF	E300	LDI SYSTEMP2,48
0006C0	0E80	ADD SYSTEMP3,SYSTEMP2
0006C1	928C	ST X,SYSTEMP3
0006C2	C00A	RJMP SYSVALHUNDREDS
		ENDIF34
0006C3	9160 019F	LDS SYSWORDTEMPA,SYSVALTEMP
0006C5	9170 01A0	LDS SYSWORDTEMPA_H,SYSVALTEMP_H
0006C7	E6C4	LDI SYSWORDTEMPB,100
0006C8	E0D0	LDI SYSWORDTEMPB_H,0
0006C9	D06B	RCALL SYSCOMPLESSTHAN16
0006CA	9400	COM SYSBYTETEMPX
0006CB	FE00	SBRS SYSBYTETEMPX,0
0006CC	C01F	RJMP ENDIF35
		SYSVALHUNDREDS
0006CD	9160 019F	LDS SYSWORDTEMPA,SYSVALTEMP
0006CF	9170 01A0	LDS SYSWORDTEMPA_H,SYSVALTEMP_H
0006D1	E6C4	LDI SYSWORDTEMPB,100
0006D2	E0D0	LDI SYSWORDTEMPB_H,0
0006D3	D085	RCALL SYSDIVSUB16
0006D4	9360 019D	STS SYSSTRDATA,SYSWORDTEMPA
0006D6	9200 019F	STS SYSVALTEMP,SYSCALCTEMPX
0006D8	9210 01A0	STS SYSVALTEMP_H,SYSCALCTEMPX_H
0006DA	9080 019A	LDS SYSTEMP3,SYSCHARCOUNT
0006DC	9483	INC SYSTEMP3
0006DD	9280 019A	STS SYSCHARCOUNT,SYSTEMP3
0006DF	E50A	LDI SYSTEMP2,LOW(STR)
0006E0	0E80	ADD SYSTEMP3,SYSTEMP2
0006E1	2DA8	MOV SYSSTRINGA,SYSTEMP3
0006E2	E000	LDI SYSTEMP2,0
0006E3	E011	LDI SYSTEMP4,HIGH(STR)
0006E4	1F01	ADC SYSTEMP2,SYSTEMP4
0006E5	2FB0	MOV SYSSTRINGA_H,SYSTEMP2
0006E6	9080 019D	LDS SYSTEMP3,SYSSTRDATA
0006E8	E300	LDI SYSTEMP2,48
0006E9	0E80	ADD SYSTEMP3,SYSTEMP2
0006EA	928C	ST X,SYSTEMP3
0006EB	C00A	RJMP SYSVALTENS
		ENDIF35
0006EC	9160 019F	LDS SYSWORDTEMPA,SYSVALTEMP
0006EE	9170 01A0	LDS SYSWORDTEMPA_H,SYSVALTEMP_H
0006F0	E0CA	LDI SYSWORDTEMPB,10
0006F1	E0D0	LDI SYSWORDTEMPB_H,0
0006F2	D042	RCALL SYSCOMPLESSTHAN16
0006F3	9400	COM SYSBYTETEMPX
0006F4	FE00	SBRS SYSBYTETEMPX,0
0006F5	C01E	RJMP ENDIF36
		SYSVALTENS
0006F6	9160 019F	LDS SYSWORDTEMPA,SYSVALTEMP
0006F8	9170 01A0	LDS SYSWORDTEMPA_H,SYSVALTEMP_H
0006FA	E0CA	LDI SYSWORDTEMPB,10
0006FB	E0D0	LDI SYSWORDTEMPB_H,0
0006FC	D05C	RCALL SYSDIVSUB16
0006FD	9360 019D	STS SYSSTRDATA,SYSWORDTEMPA
0006FF	9200 019F	STS SYSVALTEMP,SYSCALCTEMPX
000701	9210 01A0	STS SYSVALTEMP_H,SYSCALCTEMPX_H
000703	9080 019A	LDS SYSTEMP3,SYSCHARCOUNT
000705	9483	INC SYSTEMP3
000706	9280 019A	STS SYSCHARCOUNT,SYSTEMP3
000708	E50A	LDI SYSTEMP2,LOW(STR)
000709	0E80	ADD SYSTEMP3,SYSTEMP2
00070A	2DA8	MOV SYSSTRINGA,SYSTEMP3
00070B	E000	LDI SYSTEMP2,0
00070C	E011	LDI SYSTEMP4,HIGH(STR)
00070D	1F01	ADC SYSTEMP2,SYSTEMP4
00070E	2FB0	MOV SYSSTRINGA_H,SYSTEMP2
00070F	9080 019D	LDS SYSTEMP3,SYSSTRDATA
000711	E300	LDI SYSTEMP2,48
000712	0E80	ADD SYSTEMP3,SYSTEMP2
000713	928C	ST X,SYSTEMP3
		ENDIF36
000714	9080 019A	LDS SYSTEMP3,SYSCHARCOUNT
000716	9483	INC SYSTEMP3
000717	9280 019A	STS SYSCHARCOUNT,SYSTEMP3
000719	E50A	LDI SYSTEMP2,LOW(STR)
00071A	0E80	ADD SYSTEMP3,SYSTEMP2
00071B	2DA8	MOV SYSSTRINGA,SYSTEMP3
00071C	E000	LDI SYSTEMP2,0
00071D	E011	LDI SYSTEMP4,HIGH(STR)
00071E	1F01	ADC SYSTEMP2,SYSTEMP4
00071F	2FB0	MOV SYSSTRINGA_H,SYSTEMP2
000720	9080 019F	LDS SYSTEMP3,SYSVALTEMP
000722	E300	LDI SYSTEMP2,48
000723	0E80	ADD SYSTEMP3,SYSTEMP2
000724	928C	ST X,SYSTEMP3
000725	9200 019F	STS SYSVALTEMP,SYSCALCTEMPX
000727	9210 01A0	STS SYSVALTEMP_H,SYSCALCTEMPX_H
000729	9150 019A	LDS SYSVALUECOPY,SYSCHARCOUNT
00072B	9350 015A	STS SYSSTR_0,SYSVALUECOPY
00072D	9508	RET


		SYSCOMPEQUAL16
00072E	2400	CLR SYSBYTETEMPX
00072F	176C	CP SYSWORDTEMPA, SYSWORDTEMPB
000730	F419	BRNE SCE16FALSE
000731	177D	CP SYSWORDTEMPA_H, SYSWORDTEMPB_H
000732	F409	BRNE SCE16FALSE
000733	9400	COM SYSBYTETEMPX
		SCE16FALSE
000734	9508	RET


		SYSCOMPLESSTHAN16
000735	2400	CLR SYSBYTETEMPX
000736	17D7	CP SYSWORDTEMPB_H,SYSWORDTEMPA_H
000737	F030	BRLO SCLT16FALSE
000738	177D	CP SYSWORDTEMPA_H,SYSWORDTEMPB_H
000739	F018	BRLO SCLT16TRUE
00073A	176C	CP SYSWORDTEMPA,SYSWORDTEMPB
00073B	F008	BRLO SCLT16TRUE
00073C	9508	RET
		SCLT16TRUE
00073D	9400	COM SYSBYTETEMPX
		SCLT16FALSE
00073E	9508	RET


		SYSCOPYSTRING
00073F	916D	LD SYSCALCTEMPA, X+
000740	9369	ST Y+, SYSCALCTEMPA
000741	C002	RJMP SYSCOPYSTRINGCHECK
		SYSCOPYSTRINGPART
000742	916D	LD SYSCALCTEMPA, X+
000743	0F96	ADD SYSSTRINGLENGTH, SYSCALCTEMPA
		SYSCOPYSTRINGCHECK
000744	3060	CPI SYSCALCTEMPA,0
000745	F409	BRNE SYSSTRINGCOPY
000746	9508	RET
		SYSSTRINGCOPY
000747	91ED	LD SYSREADA, X+
000748	93E9	ST Y+, SYSREADA
000749	956A	DEC SYSCALCTEMPA
00074A	F7E1	BRNE SYSSTRINGCOPY
00074B	9508	RET


		SYSDIVSUB
00074C	2400	CLR SYSBYTETEMPX
00074D	E058	LDI SYSVALUECOPY,8
00074E	2E55	MOV SYSDIVLOOP,SYSVALUECOPY
		SYSDIV8START
00074F	0F66	LSL SYSBYTETEMPA
000750	1C00	ROL SYSBYTETEMPX
000751	1A0C	SUB SYSBYTETEMPX,SYSBYTETEMPB
000752	6061	SBR SYSBYTETEMPA,1
000753	F410	BRSH DIV8NOTNEG
000754	7F6E	CBR SYSBYTETEMPA,1
000755	0E0C	ADD SYSBYTETEMPX,SYSBYTETEMPB
		DIV8NOTNEG
000756	945A	DEC SYSDIVLOOP
000757	F7B9	BRNE SYSDIV8START
000758	9508	RET


		SYSDIVSUB16
000759	2F86	MOV SYSDIVMULTA,SYSWORDTEMPA
00075A	2F97	MOV SYSDIVMULTA_H,SYSWORDTEMPA_H
00075B	2FEC	MOV SYSDIVMULTB,SYSWORDTEMPB
00075C	2FFD	MOV SYSDIVMULTB_H,SYSWORDTEMPB_H
00075D	E050	LDI SYSVALUECOPY,0
00075E	2E25	MOV SYSDIVMULTX,SYSVALUECOPY
00075F	E050	LDI SYSVALUECOPY,0
000760	2E35	MOV SYSDIVMULTX_H,SYSVALUECOPY
000761	2F6E	MOV SYSWORDTEMPA,SYSDIVMULTB
000762	2F7F	MOV SYSWORDTEMPA_H,SYSDIVMULTB_H
000763	E0C0	LDI SYSWORDTEMPB,0
000764	E0D0	LDI SYSWORDTEMPB_H,0
000765	DFC8	RCALL SYSCOMPEQUAL16
000766	FE00	SBRS SYSBYTETEMPX,0
000767	C005	RJMP ENDIF28
000768	E050	LDI SYSVALUECOPY,0
000769	2F65	MOV SYSWORDTEMPA,SYSVALUECOPY
00076A	E050	LDI SYSVALUECOPY,0
00076B	2F75	MOV SYSWORDTEMPA_H,SYSVALUECOPY
00076C	9508	RET
		ENDIF28
00076D	E150	LDI SYSVALUECOPY,16
00076E	2E55	MOV SYSDIVLOOP,SYSVALUECOPY
		SYSDIV16START
00076F	9488	CLC
000770	1F88	ROL SYSDIVMULTA
000771	1F99	ROL SYSDIVMULTA_H
000772	1C22	ROL SYSDIVMULTX
000773	1C33	ROL SYSDIVMULTX_H
000774	2C82	MOV SYSTEMP3,SYSDIVMULTX
000775	1A8E	SUB SYSTEMP3,SYSDIVMULTB
000776	2C28	MOV SYSDIVMULTX,SYSTEMP3
000777	2C83	MOV SYSTEMP3,SYSDIVMULTX_H
000778	0A8F	SBC SYSTEMP3,SYSDIVMULTB_H
000779	2C38	MOV SYSDIVMULTX_H,SYSTEMP3
00077A	6081	SBR  SYSDIVMULTA,1<<0
00077B	F438	BRBC C,ENDIF29
00077C	7F8E	CBR  SYSDIVMULTA,1<<0
00077D	2C82	MOV SYSTEMP3,SYSDIVMULTX
00077E	0E8E	ADD SYSTEMP3,SYSDIVMULTB
00077F	2C28	MOV SYSDIVMULTX,SYSTEMP3
000780	2C83	MOV SYSTEMP3,SYSDIVMULTX_H
000781	1E8F	ADC SYSTEMP3,SYSDIVMULTB_H
000782	2C38	MOV SYSDIVMULTX_H,SYSTEMP3
		ENDIF29
000783	945A	DEC SYSDIVLOOP
000784	F751	BRNE SYSDIV16START
000785	2F68	MOV SYSWORDTEMPA,SYSDIVMULTA
000786	2F79	MOV SYSWORDTEMPA_H,SYSDIVMULTA_H
000787	2C02	MOV SYSWORDTEMPX,SYSDIVMULTX
000788	2C13	MOV SYSWORDTEMPX_H,SYSDIVMULTX_H
000789	9508	RET


		SYSDIVSUBINT
00078A	2E8D	MOV SYSTEMP3,SYSINTEGERTEMPB_H
00078B	2687	EOR SYSTEMP3,SYSINTEGERTEMPA_H
00078C	2C48	MOV SYSSIGNBYTE,SYSTEMP3
00078D	FF77	SBRS SYSINTEGERTEMPA_H,7
00078E	C009	RJMP ENDIF30
00078F	2E66	MOV SYSTEMP1,SYSINTEGERTEMPA
000790	2E77	MOV SYSTEMP1_H,SYSINTEGERTEMPA_H
000791	9460	COM SYSTEMP1
000792	9470	COM SYSTEMP1_H
000793	9463	INC SYSTEMP1
000794	F409	BRNE PC + 2
000795	9473	INC SYSTEMP1_H
000796	2D66	MOV SYSINTEGERTEMPA,SYSTEMP1
000797	2D77	MOV SYSINTEGERTEMPA_H,SYSTEMP1_H
		ENDIF30
000798	FFD7	SBRS SYSINTEGERTEMPB_H,7
000799	C009	RJMP ENDIF31
00079A	2E6C	MOV SYSTEMP1,SYSINTEGERTEMPB
00079B	2E7D	MOV SYSTEMP1_H,SYSINTEGERTEMPB_H
00079C	9460	COM SYSTEMP1
00079D	9470	COM SYSTEMP1_H
00079E	9463	INC SYSTEMP1
00079F	F409	BRNE PC + 2
0007A0	9473	INC SYSTEMP1_H
0007A1	2DC6	MOV SYSINTEGERTEMPB,SYSTEMP1
0007A2	2DD7	MOV SYSINTEGERTEMPB_H,SYSTEMP1_H
		ENDIF31
0007A3	DFB5	RCALL SYSDIVSUB16
0007A4	FE47	SBRS SYSSIGNBYTE,7
0007A5	C012	RJMP ENDIF32
0007A6	2E66	MOV SYSTEMP1,SYSINTEGERTEMPA
0007A7	2E77	MOV SYSTEMP1_H,SYSINTEGERTEMPA_H
0007A8	9460	COM SYSTEMP1
0007A9	9470	COM SYSTEMP1_H
0007AA	9463	INC SYSTEMP1
0007AB	F409	BRNE PC + 2
0007AC	9473	INC SYSTEMP1_H
0007AD	2D66	MOV SYSINTEGERTEMPA,SYSTEMP1
0007AE	2D77	MOV SYSINTEGERTEMPA_H,SYSTEMP1_H
0007AF	2C60	MOV SYSTEMP1,SYSINTEGERTEMPX
0007B0	2C71	MOV SYSTEMP1_H,SYSINTEGERTEMPX_H
0007B1	9460	COM SYSTEMP1
0007B2	9470	COM SYSTEMP1_H
0007B3	9463	INC SYSTEMP1
0007B4	F409	BRNE PC + 2
0007B5	9473	INC SYSTEMP1_H
0007B6	2C06	MOV SYSINTEGERTEMPX,SYSTEMP1
0007B7	2C17	MOV SYSINTEGERTEMPX_H,SYSTEMP1_H
		ENDIF32
0007B8	9508	RET


		SYSMULTSUB16
0007B9	9F6C	MUL SYSWORDTEMPA, SYSWORDTEMPB
0007BA	2C20	MOV SYSDIVMULTX,SYSWORDTEMPX
0007BB	2C31	MOV SYSDIVMULTX_H,SYSWORDTEMPX_H
0007BC	9F6D	MUL SYSWORDTEMPA, SYSWORDTEMPB_H
0007BD	0C30	ADD SYSDIVMULTX_H, SYSWORDTEMPX
0007BE	9F7C	MUL SYSWORDTEMPA_H, SYSWORDTEMPB
0007BF	0C30	ADD SYSDIVMULTX_H, SYSWORDTEMPX
0007C0	2C02	MOV SYSWORDTEMPX,SYSDIVMULTX
0007C1	2C13	MOV SYSWORDTEMPX_H,SYSDIVMULTX_H
0007C2	9508	RET


		SYSMULTSUBINT
0007C3	2E8D	MOV SYSTEMP3,SYSINTEGERTEMPB_H
0007C4	2687	EOR SYSTEMP3,SYSINTEGERTEMPA_H
0007C5	2C48	MOV SYSSIGNBYTE,SYSTEMP3
0007C6	FF77	SBRS SYSINTEGERTEMPA_H,7
0007C7	C009	RJMP ENDIF25
0007C8	2E66	MOV SYSTEMP1,SYSINTEGERTEMPA
0007C9	2E77	MOV SYSTEMP1_H,SYSINTEGERTEMPA_H
0007CA	9460	COM SYSTEMP1
0007CB	9470	COM SYSTEMP1_H
0007CC	9463	INC SYSTEMP1
0007CD	F409	BRNE PC + 2
0007CE	9473	INC SYSTEMP1_H
0007CF	2D66	MOV SYSINTEGERTEMPA,SYSTEMP1
0007D0	2D77	MOV SYSINTEGERTEMPA_H,SYSTEMP1_H
		ENDIF25
0007D1	FFD7	SBRS SYSINTEGERTEMPB_H,7
0007D2	C009	RJMP ENDIF26
0007D3	2E6C	MOV SYSTEMP1,SYSINTEGERTEMPB
0007D4	2E7D	MOV SYSTEMP1_H,SYSINTEGERTEMPB_H
0007D5	9460	COM SYSTEMP1
0007D6	9470	COM SYSTEMP1_H
0007D7	9463	INC SYSTEMP1
0007D8	F409	BRNE PC + 2
0007D9	9473	INC SYSTEMP1_H
0007DA	2DC6	MOV SYSINTEGERTEMPB,SYSTEMP1
0007DB	2DD7	MOV SYSINTEGERTEMPB_H,SYSTEMP1_H
		ENDIF26
0007DC	DFDC	RCALL SYSMULTSUB16
0007DD	FE47	SBRS SYSSIGNBYTE,7
0007DE	C009	RJMP ENDIF27
0007DF	2C60	MOV SYSTEMP1,SYSINTEGERTEMPX
0007E0	2C71	MOV SYSTEMP1_H,SYSINTEGERTEMPX_H
0007E1	9460	COM SYSTEMP1
0007E2	9470	COM SYSTEMP1_H
0007E3	9463	INC SYSTEMP1
0007E4	F409	BRNE PC + 2
0007E5	9473	INC SYSTEMP1_H
0007E6	2C06	MOV SYSINTEGERTEMPX,SYSTEMP1
0007E7	2C17	MOV SYSINTEGERTEMPX_H,SYSTEMP1_H
		ENDIF27
0007E8	9508	RET


		SYSREADSTRING
0007E9	95C8	LPM
0007EA	2D60	MOV SYSCALCTEMPA, SYSCALCTEMPX
0007EB	95E3	INC SYSREADA
0007EC	F409	BRNE PC + 2
0007ED	95F3	INC SYSREADA_H
0007EE	9369	ST Y+, SYSCALCTEMPA
0007EF	C006	RJMP SYSSTRINGREADCHECK
		SYSREADSTRINGPART
0007F0	95C8	LPM
0007F1	2D60	MOV SYSCALCTEMPA, SYSCALCTEMPX
0007F2	95E3	INC SYSREADA
0007F3	F409	BRNE PC + 2
0007F4	95F3	INC SYSREADA_H
0007F5	0F96	ADD SYSSTRINGLENGTH, SYSCALCTEMPA
		SYSSTRINGREADCHECK
0007F6	3060	CPI SYSCALCTEMPA, 0
0007F7	F409	BRNE SYSSTRINGREAD
0007F8	9508	RET
		SYSSTRINGREAD
0007F9	95C8	LPM
0007FA	95E3	INC SYSREADA
0007FB	F409	BRNE PC + 2
0007FC	95F3	INC SYSREADA_H
0007FD	9209	ST Y+, SYSCALCTEMPX
0007FE	956A	DEC SYSCALCTEMPA
0007FF	F7C9	BRNE SYSSTRINGREAD
000800	9508	RET


		SYSSTRINGTABLES

		STRINGTABLE1
000801	470C 4243 7361 6369 3220 3130 0035	RAW 470C,4243,7361,6369,3220,3130,0035


		STRINGTABLE2
000808	440C 3153 4238 3032 4420 6D65 006F	RAW 440C,3153,4238,3032,4420,6D65,006F


		STRINGTABLE3
00080F	5207 6165 6964 676E	RAW 5207,6165,6964,676E


		STRINGTABLE4
000813	6301	RAW 6301


		STRINGTABLE5
000814	6601	RAW 6601



