10F200 (12) 1/1021
10F202 (12) 2/1021
10F204 (12) 3/1021
10F206 (12) 4/1021
10F220 (12) 5/1021
10F222 (12) 6/1021
10F320 (14) 7/1021
10F322 (14) 8/1021
10LF320 (14) 9/1021
10LF322 (14) 10/1021
12C508 (12) 11/1021
12C508A (12) 12/1021
12C508A (12) 12/1021
12C509 (12) 13/1021
12C509A (12) 14/1021
12C509A (12) 14/1021
12C671 (14) 15/1021
12C672 (14) 16/1021
12CE518 (14) 17/1021
12CE519 (14) 18/1021
12CE673 (14) 19/1021
12CE674 (14) 20/1021
12CR509A (12) 21/1021
12F1501 (15) 22/1021
Adding ADCS bits to ADCON1
12F1571 (15) 23/1021
12F1572 (15) 24/1021
12F1612 (15) 25/1021
12F1822 (15) 26/1021
12F1840 (15) 27/1021
12F508 (12) 28/1021
12F509 (12) 29/1021
12F510 (12) 30/1021
12F519 (12) 31/1021
12F520 (12) 32/1021
(A)Product_Not_Released_Legacy             EQU  H'0000'
(A)Product_Not_Released_Legacy             EQU  H'0000'
(A)Product_Not_Released_Legacy             EQU  H'0000'
(A)Product_Not_Released_Legacy             EQU  H'0000'
Ghost chip, never manufactured
Could not build memory map
Chip data file is suspect
12F529T39A (12) 33/1021
12F529T48A (12) 34/1021
12F609 (14) 35/1021
12F615 (14) 36/1021
12F617 (14) 37/1021
12F629 (14) 38/1021
12F635 (14) 39/1021
12F675 (14) 40/1021
12F683 (14) 41/1021
12F752 (14) 42/1021
12HV609 (14) 43/1021
12HV615 (14) 44/1021
12HV752 (14) 45/1021
12LF1501 (15) 46/1021
Adding ADCS bits to ADCON1
12LF1552 (15) 47/1021
12LF1571 (15) 48/1021
12LF1572 (15) 49/1021
12LF1612 (15) 50/1021
12LF1822 (15) 51/1021
12LF1840 (15) 52/1021
12LF1840T39A (15) 53/1021
12LF1840T48A (15) 54/1021
12LF1840T39A (15) 53/1021
12LF1840T48A (15) 54/1021
14000 (14) 55/1021
Missing data in chipdata.csv
Could not build memory map
No pinout found, and could not guess
Unrecognised interrupt source:            WUIE
Unrecognised interrupt source:            PBIE
Unrecognised interrupt source:            I2CIE
Unrecognised interrupt source:            ADCIE
Unrecognised interrupt source:            OVFIE
Chip data file is suspect
16C432 (14) 56/1021
16C433 (14) 57/1021
16C505 (12) 58/1021
16C52 (12) 59/1021
16C54 (12) 60/1021
16C54A (12) 61/1021
16C54B (12) 62/1021
16C54C (12) 63/1021
16C54A (12) 61/1021
16C54B (12) 62/1021
16C54C (12) 63/1021
16C55 (12) 64/1021
16C554 (12) 65/1021
16C557 (12) 66/1021
16C558 (12) 67/1021
16C55A (12) 68/1021
16C554 (12) 65/1021
16C557 (12) 66/1021
16C558 (12) 67/1021
16C55A (12) 68/1021
16C56 (12) 69/1021
16C56A (12) 70/1021
16C56A (12) 70/1021
16C57 (12) 71/1021
16C57C (12) 72/1021
16C57C (12) 72/1021
16C58A (12) 73/1021
16C58B (12) 74/1021
16C61 (14) 75/1021
16C62 (14) 76/1021
16C620 (14) 77/1021
16C620A (14) 78/1021
16C621 (14) 79/1021
16C621A (14) 80/1021
16C622 (14) 81/1021
16C622A (14) 82/1021
16C62A (14) 83/1021
16C62B (14) 84/1021
16C620 (14) 77/1021
16C620A (14) 78/1021
16C620A (14) 78/1021
16C621 (14) 79/1021
16C621A (14) 80/1021
16C621A (14) 80/1021
16C622 (14) 81/1021
16C622A (14) 82/1021
16C622A (14) 82/1021
16C62A (14) 83/1021
16C62B (14) 84/1021
16C63 (14) 85/1021
16C63A (14) 86/1021
16C63A (14) 86/1021
16C64 (14) 87/1021
16C642 (14) 88/1021
16C64A (14) 89/1021
16C642 (14) 88/1021
16C64A (14) 89/1021
16C65 (14) 90/1021
16C65A (14) 91/1021
16C65B (14) 92/1021
16C65A (14) 91/1021
16C65B (14) 92/1021
16C66 (14) 93/1021
16C662 (14) 94/1021
16C662 (14) 94/1021
16C67 (14) 95/1021
16C71 (14) 96/1021
16C710 (14) 97/1021
16C711 (14) 98/1021
16C712 (14) 99/1021
16C715 (14) 100/1021
16C716 (14) 101/1021
16C717 (14) 102/1021
16C710 (14) 97/1021
16C711 (14) 98/1021
16C712 (14) 99/1021
16C715 (14) 100/1021
16C716 (14) 101/1021
16C717 (14) 102/1021
16C72 (14) 103/1021
16C72A (14) 104/1021
16C72A (14) 104/1021
16C73 (14) 105/1021
16C73A (14) 106/1021
16C73B (14) 107/1021
16C73A (14) 106/1021
16C73B (14) 107/1021
16C74 (14) 108/1021
16C745 (14) 109/1021
16C74A (14) 110/1021
16C74B (14) 111/1021
16C745 (14) 109/1021
16C74A (14) 110/1021
16C74B (14) 111/1021
16C76 (14) 112/1021
16C765 (14) 113/1021
16C765 (14) 113/1021
16C77 (14) 114/1021
16C770 (14) 115/1021
16C771 (14) 116/1021
16C773 (14) 117/1021
16C774 (14) 118/1021
16C770 (14) 115/1021
16C771 (14) 116/1021
16C773 (14) 117/1021
16C774 (14) 118/1021
16C781 (14) 119/1021
16C782 (14) 120/1021
16C84 (14) 121/1021
16C923 (14) 122/1021
16C924 (14) 123/1021
16C925 (14) 124/1021
16C926 (14) 125/1021
16CE623 (14) 126/1021
16CE624 (14) 127/1021
16CE625 (14) 128/1021
16CR54 (12) 129/1021
16CR54A (12) 130/1021
16CR54B (12) 131/1021
16CR54C (12) 132/1021
16CR54A (12) 130/1021
16CR54B (12) 131/1021
16CR54C (12) 132/1021
16CR56A (12) 133/1021
16CR57A (12) 134/1021
16CR57B (12) 135/1021
16CR57C (12) 136/1021
16CR58A (12) 137/1021
16CR58B (12) 138/1021
16CR62 (14) 139/1021
16CR620A (14) 140/1021
16CR620A (14) 140/1021
16CR63 (14) 141/1021
16CR64 (14) 142/1021
16CR65 (14) 143/1021
16CR72 (14) 144/1021
16CR73 (14) 145/1021
16CR74 (14) 146/1021
16CR76 (14) 147/1021
16CR77 (14) 148/1021
16CR83 (14) 149/1021
16CR84 (14) 150/1021
16CR926 (14) 151/1021
(A)Old_and_Legacy             EQU  H'0000'
(A)Old_and_Legacy             EQU  H'0000'
(A)Old_and_Legacy             EQU  H'0000'
(A)Old_and_Legacy             EQU  H'0000'
Ghost chip, never manufactured
Could not build memory map
Chip data file is suspect
16F1454 (15) 152/1021
16F1455 (15) 153/1021
16F1458 (15) 154/1021
Adding ADCS bits to ADCON1
16F1459 (15) 155/1021
16F1503 (15) 156/1021
Adding ADCS bits to ADCON1
16F1507 (15) 157/1021
16F1508 (15) 158/1021
Adding ADCS bits to ADCON1
16F1509 (15) 159/1021
Adding ADCS bits to ADCON1
16F1512 (15) 160/1021
16F1513 (15) 161/1021
16F1516 (15) 162/1021
16F1517 (15) 163/1021
16F1518 (15) 164/1021
16F1519 (15) 165/1021
16F1526 (15) 166/1021
16F1527 (15) 167/1021
16F15313 (15) 168/1021
(R)
(R)
(R)
(R)
16F15323 (15) 169/1021
(R)
(R)
(R)
(R)
16F15324 (15) 170/1021
(R)
(R)
(R)
(R)
16F15325 (15) 171/1021
16F15344 (15) 172/1021
(R)
(R)
(R)
(R)
16F15345 (15) 173/1021
16F15354 (15) 174/1021
16F15355 (15) 175/1021
16F15356 (15) 176/1021
16F15375 (15) 177/1021
16F15376 (15) 178/1021
16F15385 (15) 179/1021
16F15386 (15) 180/1021
16F1574 (15) 181/1021
16F1575 (15) 182/1021
16F1578 (15) 183/1021
16F1579 (15) 184/1021
16F1613 (15) 185/1021
16F1614 (15) 186/1021
16F1615 (15) 187/1021
(R)OSFIE           EQU  H'0007'
(R)OSFIE           EQU  H'0007'
(R)OSFIE           EQU  H'0007'
(R)OSFIE           EQU  H'0007'
16F1618 (15) 188/1021
16F1619 (15) 189/1021
(R)OSFIE           EQU  H'0007'
(R)OSFIE           EQU  H'0007'
(R)OSFIE           EQU  H'0007'
(R)OSFIE           EQU  H'0007'
16F1703 (15) 190/1021
Adding ADCS bits to ADCON1
16F1704 (15) 191/1021
16F1705 (15) 192/1021
Adding ADCS bits to ADCON1
16F1707 (15) 193/1021
Adding ADCS bits to ADCON1
16F1708 (15) 194/1021
16F1709 (15) 195/1021
Adding ADCS bits to ADCON1
16F1713 (15) 196/1021
Adding ADCS bits to ADCON1
16F1716 (15) 197/1021
Adding ADCS bits to ADCON1
16F1717 (15) 198/1021
Adding ADCS bits to ADCON1
16F1718 (15) 199/1021
Adding ADCS bits to ADCON1
16F1719 (15) 200/1021
Adding ADCS bits to ADCON1
16F1764 (15) 201/1021
(R)COG1IE            EQU  H'0005'
(R)COG1IE            EQU  H'0005'
(R)COG1IE            EQU  H'0005'
(R)COG1IE            EQU  H'0005'
Adding ADCS bits to ADCON1
16F1765 (15) 202/1021
(R)COG1IE            EQU  H'0005'
(R)COG1IE            EQU  H'0005'
(R)COG1IE            EQU  H'0005'
(R)COG1IE            EQU  H'0005'
Adding ADCS bits to ADCON1
16F1768 (15) 203/1021
(R)COG1IE            EQU  H'0005'
(R)COG1IE            EQU  H'0005'
(R)COG1IE            EQU  H'0005'
(R)COG1IE            EQU  H'0005'
Adding ADCS bits to ADCON1
16F1769 (15) 204/1021
(R)COG1IE            EQU  H'0005'
(R)COG1IE            EQU  H'0005'
(R)COG1IE            EQU  H'0005'
(R)COG1IE            EQU  H'0005'
Adding ADCS bits to ADCON1
16F1773 (15) 205/1021
(R)COG1IE            EQU  H'0004'
(R)COG1IE            EQU  H'0004'
(R)COG1IE            EQU  H'0004'
(R)COG1IE            EQU  H'0004'
Adding CHS bits to ADCON0
Adding ADCS bits to ADCON1
16F1776 (15) 206/1021
(R)COG1IE            EQU  H'0004'
(R)COG1IE            EQU  H'0004'
(R)COG1IE            EQU  H'0004'
(R)COG1IE            EQU  H'0004'
Adding CHS bits to ADCON0
Adding ADCS bits to ADCON1
16F1777 (15) 207/1021
(R)
(R)COG1IE            EQU  H'0004'
(R)
(R)
(R)
(R)
(R)
(R)
(R)
(R)
(R)COG1IE            EQU  H'0004'
(R)
(R)
(R)
(R)
(R)
(R)
(R)
(R)
(R)COG1IE            EQU  H'0004'
(R)
(R)
(R)
(R)
(R)
(R)
(R)
(R)
(R)COG1IE            EQU  H'0004'
(R)
(R)
(R)
(R)
(R)
(R)
(R)
Adding CHS bits to ADCON0
Adding ADCS bits to ADCON1
16F1778 (15) 208/1021
(R)COG1IE            EQU  H'0004'
(R)COG1IE            EQU  H'0004'
(R)COG1IE            EQU  H'0004'
(R)COG1IE            EQU  H'0004'
Adding CHS bits to ADCON0
Adding ADCS bits to ADCON1
16F1779 (15) 209/1021
(R)COG1IE            EQU  H'0004'
(R)COG1IE            EQU  H'0004'
(R)COG1IE            EQU  H'0004'
(R)COG1IE            EQU  H'0004'
Adding CHS bits to ADCON0
Adding ADCS bits to ADCON1
16F1782 (15) 210/1021
16F1783 (15) 211/1021
16F1784 (15) 212/1021
16F1786 (15) 213/1021
16F1787 (15) 214/1021
16F1788 (15) 215/1021
16F1789 (15) 216/1021
16F1823 (15) 217/1021
16F1824 (15) 218/1021
16F1825 (15) 219/1021
16F1826 (15) 220/1021
16F1827 (15) 221/1021
16F1828 (15) 222/1021
16F1829 (15) 223/1021
16F1829LIN (15) 224/1021
16F1829LIN (15) 224/1021
16F18313 (15) 225/1021
16F18323 (15) 226/1021
16F18324 (15) 227/1021
Warning: W103: unusual int osc speed:16 (No OSCCON, Has OSCCON2)
16F18325 (15) 228/1021
16F18326 (15) 229/1021
16F18344 (15) 230/1021
16F18345 (15) 231/1021
16F18346 (15) 232/1021
16F18424 (15) 233/1021
Adding CHS bits to ADCON0
16F18425 (15) 234/1021
Adding CHS bits to ADCON0
16F18426 (15) 235/1021
Adding CHS bits to ADCON0
16F18444 (15) 236/1021
Adding CHS bits to ADCON0
16F18445 (15) 237/1021
Adding CHS bits to ADCON0
16F18446 (15) 238/1021
Adding CHS bits to ADCON0
16F18455 (15) 239/1021
Adding CHS bits to ADCON0
16F18456 (15) 240/1021
Adding CHS bits to ADCON0
16F1847 (15) 241/1021
16F18854 (15) 242/1021
Adding CHS bits to ADCON0
16F18855 (15) 243/1021
Adding CHS bits to ADCON0
16F18856 (15) 244/1021
Adding CHS bits to ADCON0
16F18857 (15) 245/1021
Adding CHS bits to ADCON0
16F18875 (15) 246/1021
Adding CHS bits to ADCON0
16F18876 (15) 247/1021
Adding CHS bits to ADCON0
16F18877 (15) 248/1021
Adding CHS bits to ADCON0
16F19155 (15) 249/1021
Adding CHS bits to ADCON0
16F19156 (15) 250/1021
Adding CHS bits to ADCON0
16F19175 (15) 251/1021
Adding CHS bits to ADCON0
16F19176 (15) 252/1021
Adding CHS bits to ADCON0
16F19185 (15) 253/1021
Adding CHS bits to ADCON0
16F19186 (15) 254/1021
Adding CHS bits to ADCON0
16F19195 (15) 255/1021
Adding CHS bits to ADCON0
16F19196 (15) 256/1021
Adding CHS bits to ADCON0
16F19197 (15) 257/1021
(A)Old_and_Legacy             EQU  H'0000'
(A)Old_and_Legacy             EQU  H'0000'
(A)Old_and_Legacy             EQU  H'0000'
(A)Old_and_Legacy             EQU  H'0000'
Adding CHS bits to ADCON0
16F1933 (15) 258/1021
16F1934 (15) 259/1021
16F1936 (15) 260/1021
16F1937 (15) 261/1021
16F1938 (15) 262/1021
16F1939 (15) 263/1021
16F1946 (15) 264/1021
16F1947 (15) 265/1021
16F505 (12) 266/1021
16F506 (12) 267/1021
16F526 (12) 268/1021
16F527 (12) 269/1021
Unrecognised interrupt source:            CWIE
16F54 (12) 270/1021
16F57 (12) 271/1021
16F570 (12) 272/1021
Unrecognised interrupt source:            CWIE
16F570 (12) 272/1021
Unrecognised interrupt source:            CWIE
16F59 (12) 273/1021
16F610 (14) 274/1021
16F616 (14) 275/1021
16F627 (14) 276/1021
(R)'DATA_CP_ON           EQU  H'3EFF'; Data memory code protected
(R)'DATA_CP_OFF          EQU  H'3FFF'; Data memory code protection off
(R)'DATA_CP_ON           EQU  H'3EFF'; Data memory code protected
(R)'DATA_CP_OFF          EQU  H'3FFF'; Data memory code protection off
(R)'DATA_CP_ON           EQU  H'3EFF'; Data memory code protected
(R)'DATA_CP_OFF          EQU  H'3FFF'; Data memory code protection off
(R)'DATA_CP_ON           EQU  H'3EFF'; Data memory code protected
(R)'DATA_CP_OFF          EQU  H'3FFF'; Data memory code protection off
16F627A (14) 277/1021
(R)'DATA_CP_ON           EQU  H'3EFF'; Data memory code protected
(R)'DATA_CP_OFF          EQU  H'3FFF'; Data memory code protection off
(R)'DATA_CP_ON           EQU  H'3EFF'; Data memory code protected
(R)'DATA_CP_OFF          EQU  H'3FFF'; Data memory code protection off
(R)'DATA_CP_ON           EQU  H'3EFF'; Data memory code protected
(R)'DATA_CP_OFF          EQU  H'3FFF'; Data memory code protection off
(R)'DATA_CP_ON           EQU  H'3EFF'; Data memory code protected
(R)'DATA_CP_OFF          EQU  H'3FFF'; Data memory code protection off
16F627A (14) 277/1021
(R)'DATA_CP_ON           EQU  H'3EFF'; Data memory code protected
(R)'DATA_CP_OFF          EQU  H'3FFF'; Data memory code protection off
(R)'DATA_CP_ON           EQU  H'3EFF'; Data memory code protected
(R)'DATA_CP_OFF          EQU  H'3FFF'; Data memory code protection off
(R)'DATA_CP_ON           EQU  H'3EFF'; Data memory code protected
(R)'DATA_CP_OFF          EQU  H'3FFF'; Data memory code protection off
(R)'DATA_CP_ON           EQU  H'3EFF'; Data memory code protected
(R)'DATA_CP_OFF          EQU  H'3FFF'; Data memory code protection off
16F628 (14) 278/1021
(R)'DATA_CP_ON           EQU  H'3EFF'; Data memory code protected
(R)'DATA_CP_OFF          EQU  H'3FFF'; Data memory code protection off
(R)'DATA_CP_ON           EQU  H'3EFF'; Data memory code protected
(R)'DATA_CP_OFF          EQU  H'3FFF'; Data memory code protection off
(R)'DATA_CP_ON           EQU  H'3EFF'; Data memory code protected
(R)'DATA_CP_OFF          EQU  H'3FFF'; Data memory code protection off
(R)'DATA_CP_ON           EQU  H'3EFF'; Data memory code protected
(R)'DATA_CP_OFF          EQU  H'3FFF'; Data memory code protection off
16F628A (14) 279/1021
(R)'DATA_CP_ON           EQU  H'3EFF'; Data memory code-protected
(R)'DATA_CP_OFF          EQU  H'3FFF'; Data memory code protection off
(R)'DATA_CP_ON           EQU  H'3EFF'; Data memory code-protected
(R)'DATA_CP_OFF          EQU  H'3FFF'; Data memory code protection off
(R)'DATA_CP_ON           EQU  H'3EFF'; Data memory code-protected
(R)'DATA_CP_OFF          EQU  H'3FFF'; Data memory code protection off
(R)'DATA_CP_ON           EQU  H'3EFF'; Data memory code-protected
(R)'DATA_CP_OFF          EQU  H'3FFF'; Data memory code protection off
16F628A (14) 279/1021
(R)'DATA_CP_ON           EQU  H'3EFF'; Data memory code-protected
(R)'DATA_CP_OFF          EQU  H'3FFF'; Data memory code protection off
(R)'DATA_CP_ON           EQU  H'3EFF'; Data memory code-protected
(R)'DATA_CP_OFF          EQU  H'3FFF'; Data memory code protection off
(R)'DATA_CP_ON           EQU  H'3EFF'; Data memory code-protected
(R)'DATA_CP_OFF          EQU  H'3FFF'; Data memory code protection off
(R)'DATA_CP_ON           EQU  H'3EFF'; Data memory code-protected
(R)'DATA_CP_OFF          EQU  H'3FFF'; Data memory code protection off
16F630 (14) 280/1021
16F631 (14) 281/1021
16F636 (14) 282/1021
16F639 (14) 283/1021
16F648A (14) 284/1021
16F676 (14) 285/1021
16F677 (14) 286/1021
16F684 (14) 287/1021
16F685 (14) 288/1021
16F687 (14) 289/1021
16F688 (14) 290/1021
16F689 (14) 291/1021
16F690 (14) 292/1021
16F707 (14) 293/1021
16F716 (14) 294/1021
16F72 (14) 295/1021
16F720 (14) 296/1021
16F721 (14) 297/1021
16F722 (14) 298/1021
16F722A (14) 299/1021
16F723 (14) 300/1021
16F723A (14) 301/1021
16F724 (14) 302/1021
16F726 (14) 303/1021
16F727 (14) 304/1021
16F720 (14) 296/1021
16F721 (14) 297/1021
16F722 (14) 298/1021
16F722A (14) 299/1021
16F722A (14) 299/1021
16F723 (14) 300/1021
16F723A (14) 301/1021
16F723A (14) 301/1021
16F724 (14) 302/1021
16F726 (14) 303/1021
16F727 (14) 304/1021
16F73 (14) 305/1021
16F737 (14) 306/1021
16F737 (14) 306/1021
16F74 (14) 307/1021
16F747 (14) 308/1021
16F747 (14) 308/1021
16F753 (14) 309/1021
16F76 (14) 310/1021
16F767 (14) 311/1021
16F767 (14) 311/1021
16F77 (14) 312/1021
16F777 (14) 313/1021
16F777 (14) 313/1021
16F785 (14) 314/1021
16F818 (14) 315/1021
16F819 (14) 316/1021
16F83 (14) 317/1021
16F84 (14) 318/1021
16F84A (14) 319/1021
16F84A (14) 319/1021
16F87 (14) 320/1021
16F870 (14) 321/1021
16F871 (14) 322/1021
16F872 (14) 323/1021
16F873 (14) 324/1021
16F873A (14) 325/1021
16F874 (14) 326/1021
16F874A (14) 327/1021
16F876 (14) 328/1021
16F876A (14) 329/1021
16F877 (14) 330/1021
16F877A (14) 331/1021
16F870 (14) 321/1021
16F871 (14) 322/1021
16F872 (14) 323/1021
16F873 (14) 324/1021
16F873A (14) 325/1021
16F873A (14) 325/1021
16F874 (14) 326/1021
16F874A (14) 327/1021
16F874A (14) 327/1021
16F876 (14) 328/1021
16F876A (14) 329/1021
16F876A (14) 329/1021
16F877 (14) 330/1021
16F877A (14) 331/1021
16F877A (14) 331/1021
16F88 (14) 332/1021
16F882 (14) 333/1021
16F883 (14) 334/1021
16F884 (14) 335/1021
16F886 (14) 336/1021
16F887 (14) 337/1021
16F882 (14) 333/1021
16F883 (14) 334/1021
16F884 (14) 335/1021
16F886 (14) 336/1021
16F887 (14) 337/1021
16F913 (14) 338/1021
16F914 (14) 339/1021
16F916 (14) 340/1021
16F917 (14) 341/1021
16F946 (14) 342/1021
16HV540 (14) 343/1021
Bit NOT_BODEN belongs to OPTION2 which is not defined
Bit BODL belongs to OPTION2 which is not defined
Bit SL belongs to OPTION2 which is not defined
Bit RL belongs to OPTION2 which is not defined
Bit NOT_SWDTEN belongs to OPTION2 which is not defined
Bit NOT_PCWU belongs to OPTION2 which is not defined
Bit BE belongs to OPTION2 which is not defined
Bit BL belongs to OPTION2 which is not defined
Bit SWE belongs to OPTION2 which is not defined
Bit WPC belongs to OPTION2 which is not defined
16HV610 (14) 344/1021
16HV616 (14) 345/1021
16HV753 (14) 346/1021
16HV785 (14) 347/1021
16LF1454 (15) 348/1021
16LF1455 (15) 349/1021
16LF1458 (15) 350/1021
Adding ADCS bits to ADCON1
16LF1459 (15) 351/1021
16LF1503 (15) 352/1021
Adding ADCS bits to ADCON1
16LF1507 (15) 353/1021
16LF1508 (15) 354/1021
Adding ADCS bits to ADCON1
16LF1509 (15) 355/1021
Adding ADCS bits to ADCON1
16LF1512 (15) 356/1021
16LF1513 (15) 357/1021
16LF1516 (15) 358/1021
16LF1517 (15) 359/1021
16LF1518 (15) 360/1021
16LF1519 (15) 361/1021
16LF1526 (15) 362/1021
16LF1527 (15) 363/1021
16LF15313 (15) 364/1021
(R)
(R)
(R)
(R)
16LF15323 (15) 365/1021
(R)
(R)
(R)
(R)
16LF15324 (15) 366/1021
(R)
(R)
(R)
(R)
16LF15325 (15) 367/1021
16LF15344 (15) 368/1021
(R)
(R)
(R)
(R)
16LF15345 (15) 369/1021
16LF15354 (15) 370/1021
16LF15355 (15) 371/1021
16LF15356 (15) 372/1021
16LF15375 (15) 373/1021
16LF15376 (15) 374/1021
16LF15385 (15) 375/1021
16LF15386 (15) 376/1021
16LF1554 (15) 377/1021
16LF1559 (15) 378/1021
16LF1566 (15) 379/1021
16LF1567 (15) 380/1021
16LF1574 (15) 381/1021
16LF1575 (15) 382/1021
16LF1578 (15) 383/1021
16LF1579 (15) 384/1021
16LF1613 (15) 385/1021
16LF1614 (15) 386/1021
16LF1615 (15) 387/1021
(R)OSFIE           EQU  H'0007'
(R)OSFIE           EQU  H'0007'
(R)OSFIE           EQU  H'0007'
(R)OSFIE           EQU  H'0007'
16LF1618 (15) 388/1021
16LF1619 (15) 389/1021
(R)OSFIE           EQU  H'0007'
(R)OSFIE           EQU  H'0007'
(R)OSFIE           EQU  H'0007'
(R)OSFIE           EQU  H'0007'
16LF1703 (15) 390/1021
Adding ADCS bits to ADCON1
16LF1704 (15) 391/1021
16LF1705 (15) 392/1021
Adding ADCS bits to ADCON1
16LF1707 (15) 393/1021
Adding ADCS bits to ADCON1
16LF1708 (15) 394/1021
16LF1709 (15) 395/1021
Adding ADCS bits to ADCON1
Unrecognised interrupt source:            PIE1
Unrecognised interrupt source:            PIE3
16LF1713 (15) 396/1021
Adding ADCS bits to ADCON1
16LF1716 (15) 397/1021
Adding ADCS bits to ADCON1
16LF1717 (15) 398/1021
Adding ADCS bits to ADCON1
16LF1718 (15) 399/1021
Adding ADCS bits to ADCON1
16LF1719 (15) 400/1021
Adding ADCS bits to ADCON1
16LF1764 (15) 401/1021
(R)COG1IE            EQU  H'0005'
(R)COG1IE            EQU  H'0005'
(R)COG1IE            EQU  H'0005'
(R)COG1IE            EQU  H'0005'
Adding ADCS bits to ADCON1
16LF1765 (15) 402/1021
(R)COG1IE            EQU  H'0005'
(R)COG1IE            EQU  H'0005'
(R)COG1IE            EQU  H'0005'
(R)COG1IE            EQU  H'0005'
Adding ADCS bits to ADCON1
16LF1768 (15) 403/1021
(R)COG1IE            EQU  H'0005'
(R)COG1IE            EQU  H'0005'
(R)COG1IE            EQU  H'0005'
(R)COG1IE            EQU  H'0005'
Adding ADCS bits to ADCON1
16LF1769 (15) 404/1021
(R)COG1IE            EQU  H'0005'
(R)COG1IE            EQU  H'0005'
(R)COG1IE            EQU  H'0005'
(R)COG1IE            EQU  H'0005'
Adding ADCS bits to ADCON1
16LF1773 (15) 405/1021
(R)COG1IE            EQU  H'0004'
(R)COG1IE            EQU  H'0004'
(R)COG1IE            EQU  H'0004'
(R)COG1IE            EQU  H'0004'
Adding CHS bits to ADCON0
Adding ADCS bits to ADCON1
16LF1776 (15) 406/1021
(R)COG1IE            EQU  H'0004'
(R)COG1IE            EQU  H'0004'
(R)COG1IE            EQU  H'0004'
(R)COG1IE            EQU  H'0004'
Adding CHS bits to ADCON0
Adding ADCS bits to ADCON1
16LF1777 (15) 407/1021
(R)
(R)COG1IE            EQU  H'0004'
(R)
(R)
(R)
(R)
(R)
(R)
(R)
(R)
(R)COG1IE            EQU  H'0004'
(R)
(R)
(R)
(R)
(R)
(R)
(R)
(R)
(R)COG1IE            EQU  H'0004'
(R)
(R)
(R)
(R)
(R)
(R)
(R)
(R)
(R)COG1IE            EQU  H'0004'
(R)
(R)
(R)
(R)
(R)
(R)
(R)
Adding CHS bits to ADCON0
Adding ADCS bits to ADCON1
16LF1778 (15) 408/1021
(R)COG1IE            EQU  H'0004'
(R)COG1IE            EQU  H'0004'
(R)COG1IE            EQU  H'0004'
(R)COG1IE            EQU  H'0004'
Adding CHS bits to ADCON0
Adding ADCS bits to ADCON1
16LF1779 (15) 409/1021
(R)COG1IE            EQU  H'0004'
(R)COG1IE            EQU  H'0004'
(R)COG1IE            EQU  H'0004'
(R)COG1IE            EQU  H'0004'
Adding CHS bits to ADCON0
Adding ADCS bits to ADCON1
16LF1782 (15) 410/1021
16LF1783 (15) 411/1021
16LF1784 (15) 412/1021
16LF1786 (15) 413/1021
16LF1787 (15) 414/1021
16LF1788 (15) 415/1021
16LF1789 (15) 416/1021
16LF1823 (15) 417/1021
16LF1824 (15) 418/1021
16LF1824T39A (15) 419/1021
16LF1824T39A (15) 419/1021
16LF1825 (15) 420/1021
16LF1826 (15) 421/1021
16LF1827 (15) 422/1021
16LF1828 (15) 423/1021
16LF1829 (15) 424/1021
16LF18313 (15) 425/1021
16LF18323 (15) 426/1021
16LF18324 (15) 427/1021
Warning: W103: unusual int osc speed:16 (No OSCCON, Has OSCCON2)
16LF18325 (15) 428/1021
16LF18326 (15) 429/1021
16LF18344 (15) 430/1021
16LF18345 (15) 431/1021
16LF18346 (15) 432/1021
16LF18424 (15) 433/1021
Adding CHS bits to ADCON0
16LF18425 (15) 434/1021
Adding CHS bits to ADCON0
16LF18426 (15) 435/1021
Adding CHS bits to ADCON0
16LF18444 (15) 436/1021
Adding CHS bits to ADCON0
16LF18445 (15) 437/1021
Adding CHS bits to ADCON0
16LF18446 (15) 438/1021
Adding CHS bits to ADCON0
16LF18455 (15) 439/1021
Adding CHS bits to ADCON0
16LF18456 (15) 440/1021
Adding CHS bits to ADCON0
16LF1847 (15) 441/1021
16LF18854 (15) 442/1021
Adding CHS bits to ADCON0
16LF18855 (15) 443/1021
Adding CHS bits to ADCON0
16LF18856 (15) 444/1021
Adding CHS bits to ADCON0
16LF18857 (15) 445/1021
Adding CHS bits to ADCON0
16LF18875 (15) 446/1021
Adding CHS bits to ADCON0
16LF18876 (15) 447/1021
Adding CHS bits to ADCON0
16LF18877 (15) 448/1021
Adding CHS bits to ADCON0
16LF1902 (15) 449/1021
16LF1903 (15) 450/1021
16LF1904 (15) 451/1021
16LF1906 (15) 452/1021
16LF1907 (15) 453/1021
16LF19155 (15) 454/1021
Adding CHS bits to ADCON0
16LF19156 (15) 455/1021
Adding CHS bits to ADCON0
16LF19175 (15) 456/1021
Adding CHS bits to ADCON0
16LF19176 (15) 457/1021
Adding CHS bits to ADCON0
16LF19185 (15) 458/1021
Adding CHS bits to ADCON0
16LF19186 (15) 459/1021
Adding CHS bits to ADCON0
16LF19195 (15) 460/1021
Adding CHS bits to ADCON0
16LF19196 (15) 461/1021
Adding CHS bits to ADCON0
16LF19197 (15) 462/1021
Adding CHS bits to ADCON0
16LF1933 (15) 463/1021
16LF1934 (15) 464/1021
16LF1936 (15) 465/1021
16LF1937 (15) 466/1021
16LF1938 (15) 467/1021
16LF1939 (15) 468/1021
16LF1946 (15) 469/1021
16LF1947 (15) 470/1021
16LF627 (14) 471/1021
(R)'DATA_CP_ON           EQU  H'3EFF'; Data memory code protected
(R)'DATA_CP_OFF          EQU  H'3FFF'; Data memory code protection off
(R)'DATA_CP_ON           EQU  H'3EFF'; Data memory code protected
(R)'DATA_CP_OFF          EQU  H'3FFF'; Data memory code protection off
(R)'DATA_CP_ON           EQU  H'3EFF'; Data memory code protected
(R)'DATA_CP_OFF          EQU  H'3FFF'; Data memory code protection off
(R)'DATA_CP_ON           EQU  H'3EFF'; Data memory code protected
(R)'DATA_CP_OFF          EQU  H'3FFF'; Data memory code protection off
16LF627A (14) 472/1021
(R)'DATA_CP_OFF          EQU  H'3FFF'; Data memory code protection off
(R)'DATA_CP_OFF          EQU  H'3FFF'; Data memory code protection off
(R)'DATA_CP_OFF          EQU  H'3FFF'; Data memory code protection off
(R)'DATA_CP_OFF          EQU  H'3FFF'; Data memory code protection off
16LF627A (14) 472/1021
(R)'DATA_CP_OFF          EQU  H'3FFF'; Data memory code protection off
(R)'DATA_CP_OFF          EQU  H'3FFF'; Data memory code protection off
(R)'DATA_CP_OFF          EQU  H'3FFF'; Data memory code protection off
(R)'DATA_CP_OFF          EQU  H'3FFF'; Data memory code protection off
16LF628 (14) 473/1021
(R)'DATA_CP_ON           EQU  H'3EFF'; Data memory code protected
(R)'DATA_CP_OFF          EQU  H'3FFF'; Data memory code protection off
(R)'DATA_CP_ON           EQU  H'3EFF'; Data memory code protected
(R)'DATA_CP_OFF          EQU  H'3FFF'; Data memory code protection off
(R)'DATA_CP_ON           EQU  H'3EFF'; Data memory code protected
(R)'DATA_CP_OFF          EQU  H'3FFF'; Data memory code protection off
(R)'DATA_CP_ON           EQU  H'3EFF'; Data memory code protected
(R)'DATA_CP_OFF          EQU  H'3FFF'; Data memory code protection off
16LF628A (14) 474/1021
(R)'DATA_CP_ON           EQU  H'3EFF'; Data memory code-protected
(R)'DATA_CP_OFF          EQU  H'3FFF'; Data memory code protection off
(R)'DATA_CP_ON           EQU  H'3EFF'; Data memory code-protected
(R)'DATA_CP_OFF          EQU  H'3FFF'; Data memory code protection off
(R)'DATA_CP_ON           EQU  H'3EFF'; Data memory code-protected
(R)'DATA_CP_OFF          EQU  H'3FFF'; Data memory code protection off
(R)'DATA_CP_ON           EQU  H'3EFF'; Data memory code-protected
(R)'DATA_CP_OFF          EQU  H'3FFF'; Data memory code protection off
16LF628A (14) 474/1021
(R)'DATA_CP_ON           EQU  H'3EFF'; Data memory code-protected
(R)'DATA_CP_OFF          EQU  H'3FFF'; Data memory code protection off
(R)'DATA_CP_ON           EQU  H'3EFF'; Data memory code-protected
(R)'DATA_CP_OFF          EQU  H'3FFF'; Data memory code protection off
(R)'DATA_CP_ON           EQU  H'3EFF'; Data memory code-protected
(R)'DATA_CP_OFF          EQU  H'3FFF'; Data memory code protection off
(R)'DATA_CP_ON           EQU  H'3EFF'; Data memory code-protected
(R)'DATA_CP_OFF          EQU  H'3FFF'; Data memory code protection off
16LF648A (14) 475/1021
16LF707 (14) 476/1021
16LF720 (14) 477/1021
16LF721 (14) 478/1021
16LF722 (14) 479/1021
16LF722A (14) 480/1021
16LF722A (14) 480/1021
16LF723 (14) 481/1021
16LF723A (14) 482/1021
16LF723A (14) 482/1021
16LF724 (14) 483/1021
16LF726 (14) 484/1021
16LF727 (14) 485/1021
16LF73 (14) 486/1021
16LF74 (14) 487/1021
16LF747 (14) 488/1021
16LF747 (14) 488/1021
16LF76 (14) 489/1021
16LF767 (14) 490/1021
16LF767 (14) 490/1021
16LF77 (14) 491/1021
16LF777 (14) 492/1021
16LF777 (14) 492/1021
16LF818 (14) 493/1021
16LF819 (14) 494/1021
16LF83 (14) 495/1021
16LF84 (14) 496/1021
16LF84A (14) 497/1021
16LF84A (14) 497/1021
16LF87 (14) 498/1021
16LF870 (14) 499/1021
16LF871 (14) 500/1021
16LF872 (14) 501/1021
16LF873 (14) 502/1021
16LF873A (14) 503/1021
16LF874 (14) 504/1021
16LF874A (14) 505/1021
16LF876 (14) 506/1021
16LF876A (14) 507/1021
16LF877 (14) 508/1021
16LF877A (14) 509/1021
16LF870 (14) 499/1021
16LF871 (14) 500/1021
16LF872 (14) 501/1021
16LF873 (14) 502/1021
16LF873A (14) 503/1021
16LF873A (14) 503/1021
16LF874 (14) 504/1021
16LF874A (14) 505/1021
16LF874A (14) 505/1021
16LF876 (14) 506/1021
16LF876A (14) 507/1021
16LF876A (14) 507/1021
16LF877 (14) 508/1021
16LF877A (14) 509/1021
16LF877A (14) 509/1021
16LF88 (14) 510/1021
18C242 (16) 511/1021
Transforming Config from Bytes to Words
No DEBUG config bit!
18C252 (16) 512/1021
Transforming Config from Bytes to Words
No DEBUG config bit!
18C442 (16) 513/1021
Transforming Config from Bytes to Words
No DEBUG config bit!
18C452 (16) 514/1021
Transforming Config from Bytes to Words
No DEBUG config bit!
18C601 (16) 515/1021
Warning: W101: unusual int osc speed:0 (Has OSCCON, Has SPLLEN/PLLEN)
No DEBUG config bit!
18C658 (16) 516/1021
Transforming Config from Bytes to Words
No DEBUG config bit!
18C801 (16) 517/1021
Warning: W101: unusual int osc speed:0 (Has OSCCON, Has SPLLEN/PLLEN)
No DEBUG config bit!
18C858 (16) 518/1021
Transforming Config from Bytes to Words
No DEBUG config bit!
18F1220 (16) 519/1021
18F1230 (16) 520/1021
18F1320 (16) 521/1021
18F1330 (16) 522/1021
18F13K22 (16) 523/1021
Unrecognised interrupt source:            PIE
18F13K50 (16) 524/1021
18F14K22 (16) 525/1021
Unrecognised interrupt source:            PIE
18F14K22LIN (16) 526/1021
Unrecognised interrupt source:            PIE
18F14K22LIN (16) 526/1021
Unrecognised interrupt source:            PIE
18F14K50 (16) 527/1021
18F2220 (16) 528/1021
18F2221 (16) 529/1021
18F2320 (16) 530/1021
18F2321 (16) 531/1021
18F2331 (16) 532/1021
18F23K20 (16) 533/1021
18F23K22 (16) 534/1021
18F2410 (16) 535/1021
18F242 (16) 536/1021
18F2420 (16) 537/1021
18F2423 (16) 538/1021
18F2420 (16) 537/1021
18F2423 (16) 538/1021
18F2431 (16) 539/1021
18F2439 (16) 540/1021
18F2450 (16) 541/1021
18F2455 (16) 542/1021
18F2458 (16) 543/1021
18F248 (16) 544/1021
Unrecognised interrupt source:            RX0IE
Unrecognised interrupt source:            RX1IE
Unrecognised interrupt source:            TX0IE
Unrecognised interrupt source:            IVRE
18F2480 (16) 545/1021
18F2480 (16) 545/1021
18F24J10 (16) 546/1021
18F24J11 (16) 547/1021
18F24J50 (16) 548/1021
18F24K20 (16) 549/1021
18F24K22 (16) 550/1021
18F24K40 (16) 551/1021
18F24K42 (16) 552/1021
Adding CHS bits to ADCON0
18F24K50 (16) 553/1021
Adding CHS bits to ADCON0
18F24Q10 (16) 554/1021
18F2510 (16) 555/1021
18F2515 (16) 556/1021
18F252 (16) 557/1021
18F2520 (16) 558/1021
18F2523 (16) 559/1021
18F2525 (16) 560/1021
18F2520 (16) 558/1021
18F2523 (16) 559/1021
18F2525 (16) 560/1021
18F2539 (16) 561/1021
18F2550 (16) 562/1021
18F2553 (16) 563/1021
18F258 (16) 564/1021
Unrecognised interrupt source:            RX0IE
Unrecognised interrupt source:            RX1IE
Unrecognised interrupt source:            TX0IE
Unrecognised interrupt source:            IVRE
18F2580 (16) 565/1021
18F2585 (16) 566/1021
Added missing XINST default (set OFF)
18F2580 (16) 565/1021
18F2585 (16) 566/1021
Added missing XINST default (set OFF)
18F25J10 (16) 567/1021
18F25J11 (16) 568/1021
18F25J50 (16) 569/1021
18F25K20 (16) 570/1021
18F25K22 (16) 571/1021
18F25K40 (16) 572/1021
18F25K42 (16) 573/1021
Adding CHS bits to ADCON0
18F25K50 (16) 574/1021
Adding CHS bits to ADCON0
18F25K80 (16) 575/1021
No DEBUG config bit!
Added missing SOSCSEL default (set DIG)
18F25K83 (16) 576/1021
Added missing XINST default (set OFF)
Adding CHS bits to ADCON0
Unrecognised interrupt source:            FIFOFIE
18F25Q10 (16) 577/1021
18F25Q43 (16) 578/1021
Transforming Config from Bytes to Words
Adding CHS bits to ADCON0
18F2610 (16) 579/1021
18F2620 (16) 580/1021
18F2680 (16) 581/1021
18F2682 (16) 582/1021
18F2685 (16) 583/1021
18F26J11 (16) 584/1021
18F26J13 (16) 585/1021
No DEBUG config bit!
18F26J50 (16) 586/1021
18F26J53 (16) 587/1021
No DEBUG config bit!
18F26K20 (16) 588/1021
18F26K22 (16) 589/1021
18F26K40 (16) 590/1021
18F26K42 (16) 591/1021
Adding CHS bits to ADCON0
18F26K80 (16) 592/1021
No DEBUG config bit!
Added missing SOSCSEL default (set DIG)
18F26K83 (16) 593/1021
Added missing XINST default (set OFF)
Adding CHS bits to ADCON0
Unrecognised interrupt source:            FIFOFIE
18F26Q10 (16) 594/1021
18F26Q43 (16) 595/1021
Transforming Config from Bytes to Words
Adding CHS bits to ADCON0
18F27J13 (16) 596/1021
No DEBUG config bit!
18F27J53 (16) 597/1021
No DEBUG config bit!
18F27K40 (16) 598/1021
18F27K42 (16) 599/1021
Adding CHS bits to ADCON0
18F27Q10 (16) 600/1021
18F27Q43 (16) 601/1021
Transforming Config from Bytes to Words
Adding CHS bits to ADCON0
18F27Q84 (16) 602/1021
Transforming Config from Bytes to Words
18F4220 (16) 603/1021
18F4221 (16) 604/1021
18F4320 (16) 605/1021
18F4321 (16) 606/1021
18F4331 (16) 607/1021
18F43K20 (16) 608/1021
18F43K22 (16) 609/1021
18F4410 (16) 610/1021
18F442 (16) 611/1021
18F4420 (16) 612/1021
18F4423 (16) 613/1021
18F4420 (16) 612/1021
18F4423 (16) 613/1021
18F4431 (16) 614/1021
18F4439 (16) 615/1021
18F4450 (16) 616/1021
18F4455 (16) 617/1021
18F4458 (16) 618/1021
18F448 (16) 619/1021
Unrecognised interrupt source:            RX0IE
Unrecognised interrupt source:            RX1IE
Unrecognised interrupt source:            TX0IE
Unrecognised interrupt source:            IVRE
18F4480 (16) 620/1021
18F4480 (16) 620/1021
18F44J10 (16) 621/1021
18F44J11 (16) 622/1021
18F44J50 (16) 623/1021
18F44K20 (16) 624/1021
18F44K22 (16) 625/1021
18F4510 (16) 626/1021
18F4515 (16) 627/1021
18F452 (16) 628/1021
18F4520 (16) 629/1021
18F4523 (16) 630/1021
18F4525 (16) 631/1021
18F4520 (16) 629/1021
18F4523 (16) 630/1021
18F4525 (16) 631/1021
18F4539 (16) 632/1021
18F4550 (16) 633/1021
18F4553 (16) 634/1021
18F458 (16) 635/1021
Unrecognised interrupt source:            RX0IE
Unrecognised interrupt source:            RX1IE
Unrecognised interrupt source:            TX0IE
Unrecognised interrupt source:            IVRE
18F4580 (16) 636/1021
18F4585 (16) 637/1021
Added missing XINST default (set OFF)
18F4580 (16) 636/1021
18F4585 (16) 637/1021
Added missing XINST default (set OFF)
18F45J10 (16) 638/1021
18F45J11 (16) 639/1021
18F45J50 (16) 640/1021
18F45K20 (16) 641/1021
18F45K22 (16) 642/1021
18F45K40 (16) 643/1021
18F45K42 (16) 644/1021
Adding CHS bits to ADCON0
18F45K50 (16) 645/1021
Adding CHS bits to ADCON0
18F45K80 (16) 646/1021
No DEBUG config bit!
Added missing SOSCSEL default (set DIG)
18F45Q10 (16) 647/1021
18F45Q43 (16) 648/1021
Transforming Config from Bytes to Words
Adding CHS bits to ADCON0
18F4610 (16) 649/1021
18F4620 (16) 650/1021
18F4680 (16) 651/1021
18F4682 (16) 652/1021
18F4685 (16) 653/1021
18F46J11 (16) 654/1021
18F46J13 (16) 655/1021
No DEBUG config bit!
18F46J50 (16) 656/1021
18F46J53 (16) 657/1021
No DEBUG config bit!
18F46K20 (16) 658/1021
18F46K22 (16) 659/1021
18F46K40 (16) 660/1021
18F46K42 (16) 661/1021
Adding CHS bits to ADCON0
18F46K80 (16) 662/1021
No DEBUG config bit!
Added missing SOSCSEL default (set DIG)
18F46Q10 (16) 663/1021
18F46Q43 (16) 664/1021
Transforming Config from Bytes to Words
Adding CHS bits to ADCON0
18F47J13 (16) 665/1021
No DEBUG config bit!
18F47J53 (16) 666/1021
No DEBUG config bit!
18F47K40 (16) 667/1021
18F47K42 (16) 668/1021
Adding CHS bits to ADCON0
18F47Q10 (16) 669/1021
18F47Q43 (16) 670/1021
Transforming Config from Bytes to Words
Adding CHS bits to ADCON0
18F47Q84 (16) 671/1021
Transforming Config from Bytes to Words
18F55K42 (16) 672/1021
Adding CHS bits to ADCON0
18F55Q43 (16) 673/1021
Transforming Config from Bytes to Words
Adding CHS bits to ADCON0
18F56K42 (16) 674/1021
Adding CHS bits to ADCON0
18F56Q43 (16) 675/1021
Transforming Config from Bytes to Words
Adding CHS bits to ADCON0
18F57K42 (16) 676/1021
Adding CHS bits to ADCON0
18F57Q43 (16) 677/1021
Transforming Config from Bytes to Words
Adding CHS bits to ADCON0
18F6310 (16) 678/1021
18F6390 (16) 679/1021
18F6393 (16) 680/1021
18F63J11 (16) 681/1021
18F63J90 (16) 682/1021
18F6410 (16) 683/1021
18F6490 (16) 684/1021
18F6493 (16) 685/1021
18F64J11 (16) 686/1021
18F64J90 (16) 687/1021
18F6520 (16) 688/1021
Bad polarity: shared
18F6525 (16) 689/1021
18F6527 (16) 690/1021
Bad polarity: shared
Added missing XINST default (set OFF)
18F6585 (16) 691/1021
Warning: W101: unusual int osc speed:0 (Has OSCCON, Has SPLLEN/PLLEN)
18F65J10 (16) 692/1021
Bad polarity: shared
18F65J11 (16) 693/1021
18F65J15 (16) 694/1021
Bad polarity: shared
18F65J50 (16) 695/1021
18F65J90 (16) 696/1021
18F65J94 (16) 697/1021
Odd config word number: -7
Unrecognised interrupt source:            ECCP3IE
Chip data file is suspect
18F65K22 (16) 698/1021
Added missing SOSCSEL default (set DIG)
18F65K40 (16) 699/1021
18F65K80 (16) 700/1021
No DEBUG config bit!
Added missing SOSCSEL default (set DIG)
18F65K90 (16) 701/1021
Added missing SOSCSEL default (set DIG)
18F6620 (16) 702/1021
Bad polarity: shared
18F6621 (16) 703/1021
Warning: W101: unusual int osc speed:0 (Has OSCCON, Has SPLLEN/PLLEN)
18F6622 (16) 704/1021
Bad polarity: shared
Added missing XINST default (set OFF)
18F6627 (16) 705/1021
Bad polarity: shared
Added missing XINST default (set OFF)
18F6628 (16) 706/1021
18F6680 (16) 707/1021
18F66J10 (16) 708/1021
Bad polarity: shared
18F66J11 (16) 709/1021
18F66J15 (16) 710/1021
Bad polarity: shared
18F66J16 (16) 711/1021
18F66J50 (16) 712/1021
18F66J55 (16) 713/1021
18F66J60 (16) 714/1021
18F66J65 (16) 715/1021
18F66J90 (16) 716/1021
18F66J93 (16) 717/1021
No DEBUG config bit!
18F66J94 (16) 718/1021
Odd config word number: -7
Unrecognised interrupt source:            ECCP3IE
Chip data file is suspect
18F66J99 (16) 719/1021
Ghost chip, never manufactured
Warning: W101: unusual int osc speed:0 (Has OSCCON, Has SPLLEN/PLLEN)
Odd config word number: -7
No pinout found, and could not guess
Unrecognised interrupt source:            ECCP3IE
Chip data file is suspect
18F66K22 (16) 720/1021
Added missing SOSCSEL default (set DIG)
18F66K40 (16) 721/1021
18F66K80 (16) 722/1021
No DEBUG config bit!
Added missing SOSCSEL default (set DIG)
18F66K90 (16) 723/1021
Added missing SOSCSEL default (set DIG)
18F6720 (16) 724/1021
Bad polarity: shared
18F6722 (16) 725/1021
Bad polarity: shared
Added missing XINST default (set OFF)
18F6723 (16) 726/1021
18F67J10 (16) 727/1021
Bad polarity: shared
18F67J11 (16) 728/1021
18F67J50 (16) 729/1021
18F67J60 (16) 730/1021
18F67J90 (16) 731/1021
18F67J93 (16) 732/1021
No DEBUG config bit!
18F67J94 (16) 733/1021
No DEBUG config bit!
Unrecognised interrupt source:            ECCP3IE
18F67K22 (16) 734/1021
Added missing SOSCSEL default (set DIG)
18F67K40 (16) 735/1021
18F67K90 (16) 736/1021
Added missing SOSCSEL default (set DIG)
18F8310 (16) 737/1021
18F8390 (16) 738/1021
18F8393 (16) 739/1021
18F83J11 (16) 740/1021
18F83J90 (16) 741/1021
18F8410 (16) 742/1021
18F8490 (16) 743/1021
18F8493 (16) 744/1021
18F84J11 (16) 745/1021
18F84J90 (16) 746/1021
18F8520 (16) 747/1021
Bad polarity: shared
18F8525 (16) 748/1021
Warning: W101: unusual int osc speed:0 (Has OSCCON, Has SPLLEN/PLLEN)
18F8527 (16) 749/1021
Bad polarity: shared
Added missing XINST default (set OFF)
18F8585 (16) 750/1021
Warning: W101: unusual int osc speed:0 (Has OSCCON, Has SPLLEN/PLLEN)
18F85J10 (16) 751/1021
Bad polarity: shared
18F85J11 (16) 752/1021
18F85J15 (16) 753/1021
Bad polarity: shared
18F85J50 (16) 754/1021
18F85J90 (16) 755/1021
18F85J94 (16) 756/1021
Odd config word number: -7
Unrecognised interrupt source:            ECCP3IE
Chip data file is suspect
18F85K22 (16) 757/1021
Added missing SOSCSEL default (set DIG)
18F85K90 (16) 758/1021
Added missing SOSCSEL default (set DIG)
18F8620 (16) 759/1021
Bad polarity: shared
18F8621 (16) 760/1021
Warning: W101: unusual int osc speed:0 (Has OSCCON, Has SPLLEN/PLLEN)
18F8622 (16) 761/1021
Bad polarity: shared
Added missing XINST default (set OFF)
18F8627 (16) 762/1021
Bad polarity: shared
Added missing XINST default (set OFF)
18F8628 (16) 763/1021
18F8680 (16) 764/1021
Bad polarity: shared
18F86J10 (16) 765/1021
Bad polarity: shared
18F86J11 (16) 766/1021
18F86J15 (16) 767/1021
Bad polarity: shared
18F86J16 (16) 768/1021
18F86J50 (16) 769/1021
18F86J55 (16) 770/1021
18F86J60 (16) 771/1021
18F86J65 (16) 772/1021
18F86J72 (16) 773/1021
No DEBUG config bit!
18F86J90 (16) 774/1021
18F86J93 (16) 775/1021
No DEBUG config bit!
18F86J94 (16) 776/1021
Odd config word number: -7
Unrecognised interrupt source:            ECCP3IE
Chip data file is suspect
18F86J99 (16) 777/1021
Ghost chip, never manufactured
Warning: W101: unusual int osc speed:0 (Has OSCCON, Has SPLLEN/PLLEN)
Odd config word number: -7
No pinout found, and could not guess
Unrecognised interrupt source:            ECCP3IE
Chip data file is suspect
18F86K22 (16) 778/1021
Added missing SOSCSEL default (set DIG)
18F86K90 (16) 779/1021
Added missing SOSCSEL default (set DIG)
18F8720 (16) 780/1021
Bad polarity: shared
18F8722 (16) 781/1021
Bad polarity: shared
18F8723 (16) 782/1021
18F87J10 (16) 783/1021
Bad polarity: shared
18F87J11 (16) 784/1021
18F87J50 (16) 785/1021
18F87J60 (16) 786/1021
18F87J72 (16) 787/1021
No DEBUG config bit!
18F87J90 (16) 788/1021
18F87J93 (16) 789/1021
No DEBUG config bit!
18F87J94 (16) 790/1021
No DEBUG config bit!
Unrecognised interrupt source:            ECCP3IE
18F87K22 (16) 791/1021
Added missing SOSCSEL default (set DIG)
18F87K90 (16) 792/1021
Added missing SOSCSEL default (set DIG)
18F95J94 (16) 793/1021
Odd config word number: -7
Unrecognised interrupt source:            ECCP3IE
Chip data file is suspect
18F96J60 (16) 794/1021
18F96J65 (16) 795/1021
18F96J72 (16) 796/1021
Ghost chip, never manufactured
Warning: W101: unusual int osc speed:0 (Has OSCCON, Has SPLLEN/PLLEN)
Chip data file is suspect
18F96J94 (16) 797/1021
Odd config word number: -7
Unrecognised interrupt source:            ECCP3IE
Chip data file is suspect
18F96J99 (16) 798/1021
Ghost chip, never manufactured
Warning: W101: unusual int osc speed:0 (Has OSCCON, Has SPLLEN/PLLEN)
Odd config word number: -7
No pinout found, and could not guess
Unrecognised interrupt source:            ECCP3IE
Chip data file is suspect
18F97J60 (16) 799/1021
18F97J72 (16) 800/1021
Ghost chip, never manufactured
Warning: W101: unusual int osc speed:0 (Has OSCCON, Has SPLLEN/PLLEN)
Chip data file is suspect
18F97J94 (16) 801/1021
No DEBUG config bit!
Unrecognised interrupt source:            ECCP3IE
18LF1220 (16) 802/1021
18LF1230 (16) 803/1021
Config word for T1OSCMX_LOW is unclear
Config word for T1OSCMX_HIGH is unclear
18LF1320 (16) 804/1021
18LF1330 (16) 805/1021
Config word for T1OSCMX_LOW is unclear
Config word for T1OSCMX_HIGH is unclear
18LF13K22 (16) 806/1021
Unrecognised interrupt source:            PIE
18LF13K50 (16) 807/1021
18LF14K22 (16) 808/1021
Unrecognised interrupt source:            PIE
18LF14K50 (16) 809/1021
18LF2220 (16) 810/1021
18LF2221 (16) 811/1021
18LF2320 (16) 812/1021
18LF2321 (16) 813/1021
18LF2331 (16) 814/1021
18LF23K22 (16) 815/1021
18LF2410 (16) 816/1021
18LF242 (16) 817/1021
Config word for BORV is unclear
18LF2420 (16) 818/1021
18LF2423 (16) 819/1021
18LF2420 (16) 818/1021
18LF2423 (16) 819/1021
18LF2431 (16) 820/1021
18LF2439 (16) 821/1021
18LF2450 (16) 822/1021
18LF2455 (16) 823/1021
18LF2458 (16) 824/1021
18LF248 (16) 825/1021
Config word for BORV is unclear
Unrecognised interrupt source:            RX0IE
Unrecognised interrupt source:            RX1IE
Unrecognised interrupt source:            TX0IE
Unrecognised interrupt source:            IVRE
18LF2480 (16) 826/1021
18LF2480 (16) 826/1021
18LF24J10 (16) 827/1021
18LF24J11 (16) 828/1021
18LF24J50 (16) 829/1021
No DEBUG config bit!
18LF24K22 (16) 830/1021
18LF24K40 (16) 831/1021
18LF24K42 (16) 832/1021
Adding CHS bits to ADCON0
18LF24K50 (16) 833/1021
Adding CHS bits to ADCON0
18LF2510 (16) 834/1021
18LF2515 (16) 835/1021
18LF252 (16) 836/1021
Config word for BORV is unclear
18LF2520 (16) 837/1021
18LF2523 (16) 838/1021
18LF2525 (16) 839/1021
18LF2520 (16) 837/1021
18LF2523 (16) 838/1021
18LF2525 (16) 839/1021
18LF2539 (16) 840/1021
18LF2550 (16) 841/1021
18LF2553 (16) 842/1021
18LF258 (16) 843/1021
Config word for BORV is unclear
Unrecognised interrupt source:            RX0IE
Unrecognised interrupt source:            RX1IE
Unrecognised interrupt source:            TX0IE
Unrecognised interrupt source:            IVRE
18LF2580 (16) 844/1021
18LF2585 (16) 845/1021
18LF2580 (16) 844/1021
18LF2585 (16) 845/1021
18LF25J10 (16) 846/1021
18LF25J11 (16) 847/1021
18LF25J50 (16) 848/1021
No DEBUG config bit!
18LF25K22 (16) 849/1021
18LF25K40 (16) 850/1021
18LF25K42 (16) 851/1021
Adding CHS bits to ADCON0
18LF25K50 (16) 852/1021
Adding CHS bits to ADCON0
18LF25K80 (16) 853/1021
No DEBUG config bit!
Added missing SOSCSEL default (set DIG)
18LF25K83 (16) 854/1021
Added missing XINST default (set OFF)
Adding CHS bits to ADCON0
Unrecognised interrupt source:            FIFOFIE
18LF2610 (16) 855/1021
18LF2620 (16) 856/1021
18LF2680 (16) 857/1021
18LF2682 (16) 858/1021
18LF2685 (16) 859/1021
18LF26J11 (16) 860/1021
18LF26J13 (16) 861/1021
No DEBUG config bit!
18LF26J50 (16) 862/1021
No DEBUG config bit!
18LF26J53 (16) 863/1021
No DEBUG config bit!
18LF26K22 (16) 864/1021
18LF26K40 (16) 865/1021
18LF26K42 (16) 866/1021
Adding CHS bits to ADCON0
18LF26K80 (16) 867/1021
No DEBUG config bit!
Added missing SOSCSEL default (set DIG)
18LF26K83 (16) 868/1021
Added missing XINST default (set OFF)
Adding CHS bits to ADCON0
Unrecognised interrupt source:            FIFOFIE
18LF27J13 (16) 869/1021
No DEBUG config bit!
18LF27J53 (16) 870/1021
No DEBUG config bit!
18LF27K40 (16) 871/1021
18LF27K42 (16) 872/1021
Adding CHS bits to ADCON0
18LF4220 (16) 873/1021
18LF4221 (16) 874/1021
18LF4320 (16) 875/1021
18LF4321 (16) 876/1021
18LF4331 (16) 877/1021
18LF43K22 (16) 878/1021
18LF4410 (16) 879/1021
18LF442 (16) 880/1021
Config word for BORV is unclear
18LF4420 (16) 881/1021
18LF4423 (16) 882/1021
18LF4420 (16) 881/1021
18LF4423 (16) 882/1021
18LF4431 (16) 883/1021
18LF4439 (16) 884/1021
18LF4450 (16) 885/1021
18LF4455 (16) 886/1021
18LF4458 (16) 887/1021
18LF448 (16) 888/1021
Config word for BORV is unclear
Unrecognised interrupt source:            RX0IE
Unrecognised interrupt source:            RX1IE
Unrecognised interrupt source:            TX0IE
Unrecognised interrupt source:            IVRE
18LF4480 (16) 889/1021
18LF4480 (16) 889/1021
18LF44J10 (16) 890/1021
18LF44J11 (16) 891/1021
18LF44J50 (16) 892/1021
No DEBUG config bit!
18LF44K22 (16) 893/1021
18LF4510 (16) 894/1021
18LF4515 (16) 895/1021
18LF452 (16) 896/1021
Config word for BORV is unclear
18LF4520 (16) 897/1021
18LF4523 (16) 898/1021
18LF4525 (16) 899/1021
18LF4520 (16) 897/1021
18LF4523 (16) 898/1021
18LF4525 (16) 899/1021
18LF4539 (16) 900/1021
18LF4550 (16) 901/1021
18LF4553 (16) 902/1021
18LF458 (16) 903/1021
Config word for BORV is unclear
Unrecognised interrupt source:            RX0IE
Unrecognised interrupt source:            RX1IE
Unrecognised interrupt source:            TX0IE
Unrecognised interrupt source:            IVRE
18LF4580 (16) 904/1021
18LF4585 (16) 905/1021
18LF4580 (16) 904/1021
18LF4585 (16) 905/1021
18LF45J10 (16) 906/1021
18LF45J11 (16) 907/1021
18LF45J50 (16) 908/1021
No DEBUG config bit!
18LF45K22 (16) 909/1021
18LF45K40 (16) 910/1021
18LF45K42 (16) 911/1021
Adding CHS bits to ADCON0
18LF45K50 (16) 912/1021
Adding CHS bits to ADCON0
18LF45K80 (16) 913/1021
No DEBUG config bit!
Added missing SOSCSEL default (set DIG)
18LF4610 (16) 914/1021
18LF4620 (16) 915/1021
18LF4680 (16) 916/1021
18LF4682 (16) 917/1021
18LF4685 (16) 918/1021
18LF46J11 (16) 919/1021
18LF46J13 (16) 920/1021
No DEBUG config bit!
18LF46J50 (16) 921/1021
No DEBUG config bit!
18LF46J53 (16) 922/1021
Warning: W101: unusual int osc speed:0 (Has OSCCON, Has SPLLEN/PLLEN)
No DEBUG config bit!
18LF46K22 (16) 923/1021
18LF46K40 (16) 924/1021
18LF46K42 (16) 925/1021
Adding CHS bits to ADCON0
18LF46K80 (16) 926/1021
No DEBUG config bit!
Added missing SOSCSEL default (set DIG)
18LF47J13 (16) 927/1021
No DEBUG config bit!
18LF47J53 (16) 928/1021
No DEBUG config bit!
18LF47K40 (16) 929/1021
18LF47K42 (16) 930/1021
Adding CHS bits to ADCON0
18LF55K42 (16) 931/1021
Adding CHS bits to ADCON0
18LF56K42 (16) 932/1021
Adding CHS bits to ADCON0
18LF57K42 (16) 933/1021
Adding CHS bits to ADCON0
18LF6310 (16) 934/1021
18LF6390 (16) 935/1021
18LF6393 (16) 936/1021
18LF6410 (16) 937/1021
18LF6490 (16) 938/1021
18LF6493 (16) 939/1021
18LF6520 (16) 940/1021
Config word for BORV is unclear
18LF6525 (16) 941/1021
18LF6527 (16) 942/1021
18LF6585 (16) 943/1021
Warning: W101: unusual int osc speed:0 (Has OSCCON, Has SPLLEN/PLLEN)
18LF65K40 (16) 944/1021
18LF65K80 (16) 945/1021
No DEBUG config bit!
Added missing SOSCSEL default (set DIG)
18LF6620 (16) 946/1021
Config word for BORV is unclear
18LF6621 (16) 947/1021
Warning: W101: unusual int osc speed:0 (Has OSCCON, Has SPLLEN/PLLEN)
18LF6622 (16) 948/1021
18LF6627 (16) 949/1021
18LF6628 (16) 950/1021
18LF6680 (16) 951/1021
18LF66K40 (16) 952/1021
18LF66K80 (16) 953/1021
No DEBUG config bit!
Added missing SOSCSEL default (set DIG)
18LF6720 (16) 954/1021
Config word for BORV is unclear
18LF6722 (16) 955/1021
18LF6723 (16) 956/1021
18LF67K40 (16) 957/1021
18LF8310 (16) 958/1021
18LF8390 (16) 959/1021
18LF8393 (16) 960/1021
18LF8410 (16) 961/1021
18LF8490 (16) 962/1021
18LF8493 (16) 963/1021
18LF8520 (16) 964/1021
Config word for BORV is unclear
18LF8525 (16) 965/1021
Warning: W101: unusual int osc speed:0 (Has OSCCON, Has SPLLEN/PLLEN)
18LF8527 (16) 966/1021
18LF8585 (16) 967/1021
Warning: W101: unusual int osc speed:0 (Has OSCCON, Has SPLLEN/PLLEN)
18LF8620 (16) 968/1021
Config word for BORV is unclear
18LF8621 (16) 969/1021
Warning: W101: unusual int osc speed:0 (Has OSCCON, Has SPLLEN/PLLEN)
18LF8622 (16) 970/1021
18LF8627 (16) 971/1021
18LF8628 (16) 972/1021
18LF8680 (16) 973/1021
18LF8720 (16) 974/1021
Config word for BORV is unclear
18LF8722 (16) 975/1021
18LF8723 (16) 976/1021
18MACRO (14) 977/1021
Missing data in chipdata.csv
Could not build memory map
No pinout found, and could not guess
Chip data file is suspect
